[0.056s] Invoking command in '/home/pi/CaveBot-ros/build/tracetools_image_pipeline': CMAKE_PREFIX_PATH=${CMAKE_PREFIX_PATH}:/opt/ros/jazzy DEBUGINFOD_URLS=https://debuginfod.ubuntu.com /usr/bin/cmake --build /home/pi/CaveBot-ros/build/tracetools_image_pipeline -- -j4 -l4
[0.912s] [ 66%] Built target tracetools_image_pipeline
[0.913s] [100%] Built target status
[0.930s] Invoked command in '/home/pi/CaveBot-ros/build/tracetools_image_pipeline' returned '0': CMAKE_PREFIX_PATH=${CMAKE_PREFIX_PATH}:/opt/ros/jazzy DEBUGINFOD_URLS=https://debuginfod.ubuntu.com /usr/bin/cmake --build /home/pi/CaveBot-ros/build/tracetools_image_pipeline -- -j4 -l4
[0.966s] Invoking command in '/home/pi/CaveBot-ros/build/tracetools_image_pipeline': CMAKE_PREFIX_PATH=${CMAKE_PREFIX_PATH}:/opt/ros/jazzy DEBUGINFOD_URLS=https://debuginfod.ubuntu.com /usr/bin/cmake --install /home/pi/CaveBot-ros/build/tracetools_image_pipeline
[1.034s] -- Install configuration: ""
[1.038s] -- Execute custom install script
[1.043s] -- Up-to-date symlink: /home/pi/CaveBot-ros/install/tracetools_image_pipeline/share/tracetools_image_pipeline/environment/library_path.sh
[1.043s] -- Up-to-date symlink: /home/pi/CaveBot-ros/install/tracetools_image_pipeline/share/tracetools_image_pipeline/environment/library_path.dsv
[1.045s] -- Up-to-date symlink: /home/pi/CaveBot-ros/install/tracetools_image_pipeline/lib/tracetools_image_pipeline/status
[1.052s] -- Up-to-date symlink: /home/pi/CaveBot-ros/install/tracetools_image_pipeline/include/tracetools_image_pipeline/config.h
[1.059s] -- Up-to-date symlink: /home/pi/CaveBot-ros/install/tracetools_image_pipeline/include/tracetools_image_pipeline/tp_call.h
[1.060s] -- Up-to-date symlink: /home/pi/CaveBot-ros/install/tracetools_image_pipeline/include/tracetools_image_pipeline/tracetools.h
[1.063s] -- Up-to-date symlink: /home/pi/CaveBot-ros/install/tracetools_image_pipeline/include/tracetools_image_pipeline/utils.hpp
[1.065s] -- Up-to-date symlink: /home/pi/CaveBot-ros/install/tracetools_image_pipeline/include/tracetools_image_pipeline/visibility_control.hpp
[1.081s] -- Up-to-date symlink: /home/pi/CaveBot-ros/install/tracetools_image_pipeline/share/ament_index/resource_index/package_run_dependencies/tracetools_image_pipeline
[1.081s] -- Up-to-date symlink: /home/pi/CaveBot-ros/install/tracetools_image_pipeline/share/ament_index/resource_index/parent_prefix_path/tracetools_image_pipeline
[1.082s] -- Up-to-date symlink: /home/pi/CaveBot-ros/install/tracetools_image_pipeline/share/tracetools_image_pipeline/environment/ament_prefix_path.sh
[1.088s] -- Up-to-date symlink: /home/pi/CaveBot-ros/install/tracetools_image_pipeline/share/tracetools_image_pipeline/environment/ament_prefix_path.dsv
[1.096s] -- Up-to-date symlink: /home/pi/CaveBot-ros/install/tracetools_image_pipeline/share/tracetools_image_pipeline/environment/path.sh
[1.104s] -- Up-to-date symlink: /home/pi/CaveBot-ros/install/tracetools_image_pipeline/share/tracetools_image_pipeline/environment/path.dsv
[1.112s] -- Up-to-date symlink: /home/pi/CaveBot-ros/install/tracetools_image_pipeline/share/tracetools_image_pipeline/local_setup.bash
[1.112s] -- Up-to-date symlink: /home/pi/CaveBot-ros/install/tracetools_image_pipeline/share/tracetools_image_pipeline/local_setup.sh
[1.113s] -- Up-to-date symlink: /home/pi/CaveBot-ros/install/tracetools_image_pipeline/share/tracetools_image_pipeline/local_setup.zsh
[1.113s] -- Up-to-date symlink: /home/pi/CaveBot-ros/install/tracetools_image_pipeline/share/tracetools_image_pipeline/local_setup.dsv
[1.114s] -- Symlinking: /home/pi/CaveBot-ros/install/tracetools_image_pipeline/share/tracetools_image_pipeline/package.dsv
[1.226s] -- Up-to-date symlink: /home/pi/CaveBot-ros/install/tracetools_image_pipeline/share/ament_index/resource_index/packages/tracetools_image_pipeline
[1.226s] -- Up-to-date symlink: /home/pi/CaveBot-ros/install/tracetools_image_pipeline/share/tracetools_image_pipeline/cmake/ament_cmake_export_targets-extras.cmake
[1.229s] -- Up-to-date symlink: /home/pi/CaveBot-ros/install/tracetools_image_pipeline/share/tracetools_image_pipeline/cmake/ament_cmake_export_include_directories-extras.cmake
[1.236s] -- Up-to-date symlink: /home/pi/CaveBot-ros/install/tracetools_image_pipeline/share/tracetools_image_pipeline/cmake/ament_cmake_export_libraries-extras.cmake
[1.236s] -- Up-to-date symlink: /home/pi/CaveBot-ros/install/tracetools_image_pipeline/share/tracetools_image_pipeline/cmake/ament_cmake_export_link_flags-extras.cmake
[1.236s] -- Up-to-date symlink: /home/pi/CaveBot-ros/install/tracetools_image_pipeline/share/tracetools_image_pipeline/cmake/tracetools_image_pipelineConfig.cmake
[1.236s] -- Up-to-date symlink: /home/pi/CaveBot-ros/install/tracetools_image_pipeline/share/tracetools_image_pipeline/cmake/tracetools_image_pipelineConfig-version.cmake
[1.238s] -- Up-to-date symlink: /home/pi/CaveBot-ros/install/tracetools_image_pipeline/share/tracetools_image_pipeline/package.xml
[1.261s] -- Up-to-date: /home/pi/CaveBot-ros/install/tracetools_image_pipeline/lib/libtracetools_image_pipeline.so
[1.261s] -- Up-to-date: /home/pi/CaveBot-ros/install/tracetools_image_pipeline/share/tracetools_image_pipeline/cmake/tracetools_image_pipeline_exportExport.cmake
[1.261s] -- Up-to-date: /home/pi/CaveBot-ros/install/tracetools_image_pipeline/share/tracetools_image_pipeline/cmake/tracetools_image_pipeline_exportExport-noconfig.cmake
[1.288s] Invoked command in '/home/pi/CaveBot-ros/build/tracetools_image_pipeline' returned '0': CMAKE_PREFIX_PATH=${CMAKE_PREFIX_PATH}:/opt/ros/jazzy DEBUGINFOD_URLS=https://debuginfod.ubuntu.com /usr/bin/cmake --install /home/pi/CaveBot-ros/build/tracetools_image_pipeline
