[1.730s] Invoking command in '/home/pi/CaveBot-ros/src/cave_depth': AMENT_PREFIX_PATH=/home/pi/CaveBot-ros/install/stereo_image_proc:/home/pi/CaveBot-ros/install/image_proc:/home/pi/CaveBot-ros/install/camera_ros:/home/pi/CaveBot-ros/install/tracetools_image_pipeline:/home/pi/CaveBot-ros/install/image_view:/home/pi/CaveBot-ros/install/depthimage_to_laserscan:${AMENT_PREFIX_PATH} CMAKE_PREFIX_PATH=/home/pi/CaveBot-ros/install/stereo_image_proc:/home/pi/CaveBot-ros/install/image_proc:/home/pi/CaveBot-ros/install/camera_ros:/home/pi/CaveBot-ros/install/tracetools_image_pipeline:/home/pi/CaveBot-ros/install/image_view:/home/pi/CaveBot-ros/install/depthimage_to_laserscan:${CMAKE_PREFIX_PATH} DEBUGINFOD_URLS=https://debuginfod.ubuntu.com LD_LIBRARY_PATH=/home/pi/CaveBot-ros/install/stereo_image_proc/lib:/home/pi/CaveBot-ros/install/image_proc/lib:/home/pi/CaveBot-ros/install/camera_ros/lib:/home/pi/CaveBot-ros/install/tracetools_image_pipeline/lib:/home/pi/CaveBot-ros/install/libcamera/lib:/home/pi/CaveBot-ros/install/image_view/lib:/home/pi/CaveBot-ros/install/depthimage_to_laserscan/lib:${LD_LIBRARY_PATH} PATH=/home/pi/CaveBot-ros/install/libcamera/bin:${PATH} PKG_CONFIG_PATH=/home/pi/CaveBot-ros/install/libcamera/lib/pkgconfig PYTHONPATH=/home/pi/CaveBot-ros/build/cave_depth/prefix_override:/usr/lib/python3/dist-packages/colcon_core/task/python/colcon_distutils_commands:/home/pi/CaveBot-ros/install/cave_depth/lib/python3.12/site-packages:${PYTHONPATH} /usr/bin/python3 -W ignore:setup.py install is deprecated -W ignore:easy_install command is deprecated setup.py egg_info --egg-base ../../build/cave_depth build --build-base /home/pi/CaveBot-ros/build/cave_depth/build install --record /home/pi/CaveBot-ros/build/cave_depth/install.log --single-version-externally-managed install_data
[2.092s] running egg_info
[2.118s] writing ../../build/cave_depth/cave_depth.egg-info/PKG-INFO
[2.118s] writing dependency_links to ../../build/cave_depth/cave_depth.egg-info/dependency_links.txt
[2.119s] writing entry points to ../../build/cave_depth/cave_depth.egg-info/entry_points.txt
[2.120s] writing requirements to ../../build/cave_depth/cave_depth.egg-info/requires.txt
[2.121s] writing top-level names to ../../build/cave_depth/cave_depth.egg-info/top_level.txt
[2.176s] reading manifest file '../../build/cave_depth/cave_depth.egg-info/SOURCES.txt'
[2.176s] writing manifest file '../../build/cave_depth/cave_depth.egg-info/SOURCES.txt'
[2.177s] running build
[2.177s] running build_py
[2.177s] copying cave_depth/hitnet_depth_node.py -> /home/pi/CaveBot-ros/build/cave_depth/build/lib/cave_depth
[2.177s] running install
[2.187s] running install_lib
[2.213s] copying /home/pi/CaveBot-ros/build/cave_depth/build/lib/cave_depth/hitnet_depth_node.py -> /home/pi/CaveBot-ros/install/cave_depth/lib/python3.12/site-packages/cave_depth
[2.214s] byte-compiling /home/pi/CaveBot-ros/install/cave_depth/lib/python3.12/site-packages/cave_depth/hitnet_depth_node.py to hitnet_depth_node.cpython-312.pyc
[2.215s] running install_data
[2.215s] running install_egg_info
[2.244s] removing '/home/pi/CaveBot-ros/install/cave_depth/lib/python3.12/site-packages/cave_depth-0.0.1-py3.12.egg-info' (and everything under it)
[2.245s] Copying ../../build/cave_depth/cave_depth.egg-info to /home/pi/CaveBot-ros/install/cave_depth/lib/python3.12/site-packages/cave_depth-0.0.1-py3.12.egg-info
[2.246s] running install_scripts
[2.438s] Installing hitnet_depth_node script to /home/pi/CaveBot-ros/install/cave_depth/lib/cave_depth
[2.438s] writing list of installed files to '/home/pi/CaveBot-ros/build/cave_depth/install.log'
[2.513s] Invoked command in '/home/pi/CaveBot-ros/src/cave_depth' returned '0': AMENT_PREFIX_PATH=/home/pi/CaveBot-ros/install/stereo_image_proc:/home/pi/CaveBot-ros/install/image_proc:/home/pi/CaveBot-ros/install/camera_ros:/home/pi/CaveBot-ros/install/tracetools_image_pipeline:/home/pi/CaveBot-ros/install/image_view:/home/pi/CaveBot-ros/install/depthimage_to_laserscan:${AMENT_PREFIX_PATH} CMAKE_PREFIX_PATH=/home/pi/CaveBot-ros/install/stereo_image_proc:/home/pi/CaveBot-ros/install/image_proc:/home/pi/CaveBot-ros/install/camera_ros:/home/pi/CaveBot-ros/install/tracetools_image_pipeline:/home/pi/CaveBot-ros/install/image_view:/home/pi/CaveBot-ros/install/depthimage_to_laserscan:${CMAKE_PREFIX_PATH} DEBUGINFOD_URLS=https://debuginfod.ubuntu.com LD_LIBRARY_PATH=/home/pi/CaveBot-ros/install/stereo_image_proc/lib:/home/pi/CaveBot-ros/install/image_proc/lib:/home/pi/CaveBot-ros/install/camera_ros/lib:/home/pi/CaveBot-ros/install/tracetools_image_pipeline/lib:/home/pi/CaveBot-ros/install/libcamera/lib:/home/pi/CaveBot-ros/install/image_view/lib:/home/pi/CaveBot-ros/install/depthimage_to_laserscan/lib:${LD_LIBRARY_PATH} PATH=/home/pi/CaveBot-ros/install/libcamera/bin:${PATH} PKG_CONFIG_PATH=/home/pi/CaveBot-ros/install/libcamera/lib/pkgconfig PYTHONPATH=/home/pi/CaveBot-ros/build/cave_depth/prefix_override:/usr/lib/python3/dist-packages/colcon_core/task/python/colcon_distutils_commands:/home/pi/CaveBot-ros/install/cave_depth/lib/python3.12/site-packages:${PYTHONPATH} /usr/bin/python3 -W ignore:setup.py install is deprecated -W ignore:easy_install command is deprecated setup.py egg_info --egg-base ../../build/cave_depth build --build-base /home/pi/CaveBot-ros/build/cave_depth/build install --record /home/pi/CaveBot-ros/build/cave_depth/install.log --single-version-externally-managed install_data
