[0.019s] Invoking command in '/home/pi/CaveBot-ros/build/camera_ros': CMAKE_PREFIX_PATH=${CMAKE_PREFIX_PATH}:/opt/ros/jazzy DEBUGINFOD_URLS=https://debuginfod.ubuntu.com LD_LIBRARY_PATH=/home/pi/CaveBot-ros/install/libcamera/lib:${LD_LIBRARY_PATH} PATH=/home/pi/CaveBot-ros/install/libcamera/bin:${PATH} PKG_CONFIG_PATH=/home/pi/CaveBot-ros/install/libcamera/lib/pkgconfig /usr/bin/cmake /home/pi/CaveBot-ros/src/camera_ros -DCMAKE_INSTALL_PREFIX=/home/pi/CaveBot-ros/install/camera_ros
[0.165s] -- The C compiler identification is GNU 13.3.0
[0.287s] -- The CXX compiler identification is GNU 13.3.0
[0.325s] -- Detecting C compiler ABI info
[0.515s] -- Detecting C compiler ABI info - done
[0.541s] -- Check for working C compiler: /usr/bin/cc - skipped
[0.542s] -- Detecting C compile features
[0.542s] -- Detecting C compile features - done
[0.577s] -- Detecting CXX compiler ABI info
[0.811s] -- Detecting CXX compiler ABI info - done
[0.835s] -- Check for working CXX compiler: /usr/bin/c++ - skipped
[0.835s] -- Detecting CXX compile features
[0.835s] -- Detecting CXX compile features - done
[0.854s] -- Found ament_cmake: 2.5.4 (/opt/ros/jazzy/share/ament_cmake/cmake)
[1.158s] -- Found Python3: /usr/bin/python3 (found version "3.12.3") found components: Interpreter 
[1.433s] -- Found PkgConfig: /usr/bin/pkg-config (found version "1.8.1") 
[1.440s] -- Found rclcpp: 28.1.12 (/opt/ros/jazzy/share/rclcpp/cmake)
[1.573s] -- Found rosidl_generator_c: 4.6.6 (/opt/ros/jazzy/share/rosidl_generator_c/cmake)
[1.621s] -- Found rosidl_generator_cpp: 4.6.6 (/opt/ros/jazzy/share/rosidl_generator_cpp/cmake)
[1.689s] -- Using all available rosidl_typesupport_c: rosidl_typesupport_fastrtps_c;rosidl_typesupport_introspection_c
[1.747s] -- Using all available rosidl_typesupport_cpp: rosidl_typesupport_fastrtps_cpp;rosidl_typesupport_introspection_cpp
[1.978s] -- Found rmw_implementation_cmake: 7.3.2 (/opt/ros/jazzy/share/rmw_implementation_cmake/cmake)
[1.989s] -- Found rmw_fastrtps_cpp: 8.4.3 (/opt/ros/jazzy/share/rmw_fastrtps_cpp/cmake)
[2.222s] -- Found OpenSSL: /usr/lib/aarch64-linux-gnu/libcrypto.so (found version "3.0.13")  
[2.275s] -- Found FastRTPS: /opt/ros/jazzy/include (Required is at least version "2.13") 
[2.334s] -- Using RMW implementation 'rmw_fastrtps_cpp' as default
[2.569s] -- Found rclcpp_components: 28.1.12 (/opt/ros/jazzy/share/rclcpp_components/cmake)
[2.667s] -- Found sensor_msgs: 5.3.6 (/opt/ros/jazzy/share/sensor_msgs/cmake)
[2.826s] -- Found camera_info_manager: 5.1.7 (/opt/ros/jazzy/share/camera_info_manager/cmake)
[2.851s] -- Setting yaml-cpp_DIR to: '/opt/ros/jazzy/share/yaml_cpp_vendor/cmake/../../../opt/yaml_cpp_vendor/share/cmake/yaml-cpp'
[2.963s] -- Found cv_bridge: 4.1.0 (/opt/ros/jazzy/share/cv_bridge/cmake)
[3.002s] -- Checking for module 'libcamera>=0.1'
[3.053s] --   Found libcamera, version 0.5.2
[3.177s] -- Found ament_lint_auto: 0.17.3 (/opt/ros/jazzy/share/ament_lint_auto/cmake)
[3.480s] -- Added test 'clang_format' to check C / C++ code style
[3.489s] -- Added test 'cppcheck' to perform static code analysis on C / C++ code
[3.489s] -- Configured cppcheck include dirs: 
[3.491s] -- Configured cppcheck exclude dirs and/or files: 
[3.492s] -- Added test 'flake8' to check Python code syntax and style conventions
[3.493s] -- Configured 'flake8' exclude dirs and/or files: 
[3.495s] -- Added test 'lint_cmake' to check CMake code style
[3.499s] -- Added test 'mypy' to statically type check Python code.
[3.500s] -- Added test 'pep257' to check Python code against some of the docstring style conventions in PEP 257
[3.502s] -- Added test 'pyflakes' to perform static code analysis on Python code
[3.503s] -- Added test 'xmllint' to check XML markup files
[3.509s] -- Configuring done (3.5s)
[3.561s] -- Generating done (0.0s)
[3.577s] -- Build files have been written to: /home/pi/CaveBot-ros/build/camera_ros
[3.599s] Invoked command in '/home/pi/CaveBot-ros/build/camera_ros' returned '0': CMAKE_PREFIX_PATH=${CMAKE_PREFIX_PATH}:/opt/ros/jazzy DEBUGINFOD_URLS=https://debuginfod.ubuntu.com LD_LIBRARY_PATH=/home/pi/CaveBot-ros/install/libcamera/lib:${LD_LIBRARY_PATH} PATH=/home/pi/CaveBot-ros/install/libcamera/bin:${PATH} PKG_CONFIG_PATH=/home/pi/CaveBot-ros/install/libcamera/lib/pkgconfig /usr/bin/cmake /home/pi/CaveBot-ros/src/camera_ros -DCMAKE_INSTALL_PREFIX=/home/pi/CaveBot-ros/install/camera_ros
[3.601s] Invoking command in '/home/pi/CaveBot-ros/build/camera_ros': CMAKE_PREFIX_PATH=${CMAKE_PREFIX_PATH}:/opt/ros/jazzy DEBUGINFOD_URLS=https://debuginfod.ubuntu.com LD_LIBRARY_PATH=/home/pi/CaveBot-ros/install/libcamera/lib:${LD_LIBRARY_PATH} PATH=/home/pi/CaveBot-ros/install/libcamera/bin:${PATH} PKG_CONFIG_PATH=/home/pi/CaveBot-ros/install/libcamera/lib/pkgconfig /usr/bin/cmake --build /home/pi/CaveBot-ros/build/camera_ros -- -j4 -l4
[3.715s] [  7%] [32mBuilding CXX object CMakeFiles/utils.dir/src/format_mapping.cpp.o[0m
[7.989s] [ 15%] [32mBuilding CXX object CMakeFiles/utils.dir/src/pretty_print.cpp.o[0m
[9.570s] [ 15%] Built target utils
[9.628s] [ 23%] [32mBuilding CXX object CMakeFiles/camera_node.dir/rclcpp_components/node_main_camera_node.cpp.o[0m
[17.771s] [ 30%] [32m[1mLinking CXX executable camera_node[0m
[18.384s] [ 30%] Built target camera_node
[18.439s] [ 38%] [32mBuilding CXX object CMakeFiles/param.dir/src/clamp.cpp.o[0m
[20.743s] [ 46%] [32mBuilding CXX object CMakeFiles/param.dir/src/types.cpp.o[0m
[22.009s] [ 53%] [32mBuilding CXX object CMakeFiles/param.dir/src/type_extent.cpp.o[0m
[23.485s] [ 61%] [32mBuilding CXX object CMakeFiles/param.dir/src/ParameterHandler.cpp.o[0m
[30.308s] [ 69%] [32mBuilding CXX object CMakeFiles/param.dir/src/ParameterConflictHandler.cpp.o[0m
[32.908s] [ 76%] [32mBuilding CXX object CMakeFiles/param.dir/src/pv_to_cv.cpp.o[0m
[34.855s] [ 84%] [32mBuilding CXX object CMakeFiles/param.dir/src/cv_to_pv.cpp.o[0m
[37.359s] [ 84%] Built target param
[37.408s] [ 92%] [32mBuilding CXX object CMakeFiles/camera_component.dir/src/CameraNode.cpp.o[0m
[55.830s] [100%] [32m[1mLinking CXX shared library libcamera_component.so[0m
[57.721s] [100%] Built target camera_component
[57.747s] Invoked command in '/home/pi/CaveBot-ros/build/camera_ros' returned '0': CMAKE_PREFIX_PATH=${CMAKE_PREFIX_PATH}:/opt/ros/jazzy DEBUGINFOD_URLS=https://debuginfod.ubuntu.com LD_LIBRARY_PATH=/home/pi/CaveBot-ros/install/libcamera/lib:${LD_LIBRARY_PATH} PATH=/home/pi/CaveBot-ros/install/libcamera/bin:${PATH} PKG_CONFIG_PATH=/home/pi/CaveBot-ros/install/libcamera/lib/pkgconfig /usr/bin/cmake --build /home/pi/CaveBot-ros/build/camera_ros -- -j4 -l4
[57.773s] Invoking command in '/home/pi/CaveBot-ros/build/camera_ros': CMAKE_PREFIX_PATH=${CMAKE_PREFIX_PATH}:/opt/ros/jazzy DEBUGINFOD_URLS=https://debuginfod.ubuntu.com LD_LIBRARY_PATH=/home/pi/CaveBot-ros/install/libcamera/lib:${LD_LIBRARY_PATH} PATH=/home/pi/CaveBot-ros/install/libcamera/bin:${PATH} PKG_CONFIG_PATH=/home/pi/CaveBot-ros/install/libcamera/lib/pkgconfig /usr/bin/cmake --install /home/pi/CaveBot-ros/build/camera_ros
[57.798s] -- Install configuration: ""
[57.800s] -- Installing: /home/pi/CaveBot-ros/install/camera_ros/lib/camera_ros/camera_node
[57.801s] -- Set non-toolchain portion of runtime path of "/home/pi/CaveBot-ros/install/camera_ros/lib/camera_ros/camera_node" to ""
[57.801s] -- Installing: /home/pi/CaveBot-ros/install/camera_ros/share/camera_ros/environment/library_path.sh
[57.801s] -- Installing: /home/pi/CaveBot-ros/install/camera_ros/share/camera_ros/environment/library_path.dsv
[57.801s] -- Installing: /home/pi/CaveBot-ros/install/camera_ros/lib/libcamera_component.so
[57.812s] -- Set non-toolchain portion of runtime path of "/home/pi/CaveBot-ros/install/camera_ros/lib/libcamera_component.so" to ""
[57.812s] -- Installing: /home/pi/CaveBot-ros/install/camera_ros/share/camera_ros//launch
[57.813s] -- Installing: /home/pi/CaveBot-ros/install/camera_ros/share/camera_ros//launch/camera.launch.py
[57.814s] -- Installing: /home/pi/CaveBot-ros/install/camera_ros/share/ament_index/resource_index/package_run_dependencies/camera_ros
[57.814s] -- Installing: /home/pi/CaveBot-ros/install/camera_ros/share/ament_index/resource_index/parent_prefix_path/camera_ros
[57.815s] -- Installing: /home/pi/CaveBot-ros/install/camera_ros/share/camera_ros/environment/ament_prefix_path.sh
[57.816s] -- Installing: /home/pi/CaveBot-ros/install/camera_ros/share/camera_ros/environment/ament_prefix_path.dsv
[57.816s] -- Installing: /home/pi/CaveBot-ros/install/camera_ros/share/camera_ros/environment/path.sh
[57.817s] -- Installing: /home/pi/CaveBot-ros/install/camera_ros/share/camera_ros/environment/path.dsv
[57.823s] -- Installing: /home/pi/CaveBot-ros/install/camera_ros/share/camera_ros/local_setup.bash
[57.824s] -- Installing: /home/pi/CaveBot-ros/install/camera_ros/share/camera_ros/local_setup.sh
[57.824s] -- Installing: /home/pi/CaveBot-ros/install/camera_ros/share/camera_ros/local_setup.zsh
[57.824s] -- Installing: /home/pi/CaveBot-ros/install/camera_ros/share/camera_ros/local_setup.dsv
[57.824s] -- Installing: /home/pi/CaveBot-ros/install/camera_ros/share/camera_ros/package.dsv
[57.830s] -- Installing: /home/pi/CaveBot-ros/install/camera_ros/share/ament_index/resource_index/packages/camera_ros
[57.831s] -- Installing: /home/pi/CaveBot-ros/install/camera_ros/share/ament_index/resource_index/rclcpp_components/camera_ros
[57.831s] -- Installing: /home/pi/CaveBot-ros/install/camera_ros/share/camera_ros/cmake/camera_componentTargetsExport.cmake
[57.831s] -- Installing: /home/pi/CaveBot-ros/install/camera_ros/share/camera_ros/cmake/camera_componentTargetsExport-noconfig.cmake
[57.831s] -- Installing: /home/pi/CaveBot-ros/install/camera_ros/share/camera_ros/cmake/ament_cmake_export_targets-extras.cmake
[57.831s] -- Installing: /home/pi/CaveBot-ros/install/camera_ros/share/camera_ros/cmake/ament_cmake_export_dependencies-extras.cmake
[57.831s] -- Installing: /home/pi/CaveBot-ros/install/camera_ros/share/camera_ros/cmake/camera_rosConfig.cmake
[57.831s] -- Installing: /home/pi/CaveBot-ros/install/camera_ros/share/camera_ros/cmake/camera_rosConfig-version.cmake
[57.831s] -- Installing: /home/pi/CaveBot-ros/install/camera_ros/share/camera_ros/package.xml
[57.834s] Invoked command in '/home/pi/CaveBot-ros/build/camera_ros' returned '0': CMAKE_PREFIX_PATH=${CMAKE_PREFIX_PATH}:/opt/ros/jazzy DEBUGINFOD_URLS=https://debuginfod.ubuntu.com LD_LIBRARY_PATH=/home/pi/CaveBot-ros/install/libcamera/lib:${LD_LIBRARY_PATH} PATH=/home/pi/CaveBot-ros/install/libcamera/bin:${PATH} PKG_CONFIG_PATH=/home/pi/CaveBot-ros/install/libcamera/lib/pkgconfig /usr/bin/cmake --install /home/pi/CaveBot-ros/build/camera_ros
