-- The C compiler identification is GNU 13.3.0
-- The CXX compiler identification is GNU 13.3.0
-- Detecting C compiler ABI info
-- Detecting C compiler ABI info - done
-- Check for working C compiler: /usr/bin/cc - skipped
-- Detecting C compile features
-- Detecting C compile features - done
-- Detecting CXX compiler ABI info
-- Detecting CXX compiler ABI info - done
-- Check for working CXX compiler: /usr/bin/c++ - skipped
-- Detecting CXX compile features
-- Detecting CXX compile features - done
-- Found ament_cmake_auto: 2.5.4 (/opt/ros/jazzy/share/ament_cmake_auto/cmake)
-- Found Python3: /usr/bin/python3 (found version "3.12.3") found components: Interpreter 
-- Override CMake install command with custom implementation using symlinks instead of copying resources
-- Found rosidl_generator_c: 4.6.6 (/opt/ros/jazzy/share/rosidl_generator_c/cmake)
-- Found rosidl_generator_cpp: 4.6.6 (/opt/ros/jazzy/share/rosidl_generator_cpp/cmake)
-- Using all available rosidl_typesupport_c: rosidl_typesupport_fastrtps_c;rosidl_typesupport_introspection_c
-- Using all available rosidl_typesupport_cpp: rosidl_typesupport_fastrtps_cpp;rosidl_typesupport_introspection_cpp
-- Found rmw_implementation_cmake: 7.3.2 (/opt/ros/jazzy/share/rmw_implementation_cmake/cmake)
-- Found rmw_fastrtps_cpp: 8.4.3 (/opt/ros/jazzy/share/rmw_fastrtps_cpp/cmake)
-- Found OpenSSL: /usr/lib/aarch64-linux-gnu/libcrypto.so (found version "3.0.13")  
-- Found FastRTPS: /opt/ros/jazzy/include (Required is at least version "2.13") 
-- Using RMW implementation 'rmw_fastrtps_cpp' as default
-- Setting yaml-cpp_DIR to: '/opt/ros/jazzy/share/yaml_cpp_vendor/cmake/../../../opt/yaml_cpp_vendor/share/cmake/yaml-cpp'
-- Found eigen3_cmake_module: 0.3.0 (/opt/ros/jazzy/share/eigen3_cmake_module/cmake)
-- Found Eigen3: TRUE (found version "3.4.0") 
-- Ensuring Eigen3 include directory is part of orocos-kdl CMake target
-- Found OpenCV: /usr (found version "4.6.0") 
-- Found ament_lint_auto: 0.17.3 (/opt/ros/jazzy/share/ament_lint_auto/cmake)
-- Added test 'copyright' to check source files copyright and LICENSE
-- Added test 'cppcheck' to perform static code analysis on C / C++ code
-- Configured cppcheck include dirs: /home/pi/CaveBot-ros/src/image_pipeline/depth_image_proc/include
-- Configured cppcheck exclude dirs and/or files: 
-- Added test 'cpplint' to check C / C++ code against the Google style
-- Configured cpplint exclude dirs and/or files: 
-- Added test 'flake8' to check Python code syntax and style conventions
-- Configured 'flake8' exclude dirs and/or files: 
-- Added test 'lint_cmake' to check CMake code style
-- Added test 'pep257' to check Python code against some of the docstring style conventions in PEP 257
-- Added test 'uncrustify' to check C / C++ code style
-- Configured uncrustify additional arguments: 
-- Added test 'xmllint' to check XML markup files
-- Configuring done (3.9s)
-- Generating done (0.3s)
-- Build files have been written to: /home/pi/CaveBot-ros/build/depth_image_proc
[  3%] Building CXX object CMakeFiles/depth_image_proc.dir/src/conversions.cpp.o
[  6%] Building CXX object CMakeFiles/depth_image_proc.dir/src/convert_metric.cpp.o
[  9%] Building CXX object CMakeFiles/depth_image_proc.dir/src/crop_foremost.cpp.o
[ 12%] Building CXX object CMakeFiles/depth_image_proc.dir/src/disparity.cpp.o
[ 15%] Building CXX object CMakeFiles/depth_image_proc.dir/src/point_cloud_xyz.cpp.o
[ 18%] Building CXX object CMakeFiles/depth_image_proc.dir/src/point_cloud_xyzrgb.cpp.o
[ 21%] Building CXX object CMakeFiles/depth_image_proc.dir/src/point_cloud_xyzi.cpp.o
[ 25%] Building CXX object CMakeFiles/depth_image_proc.dir/src/point_cloud_xyz_radial.cpp.o
[ 28%] Building CXX object CMakeFiles/depth_image_proc.dir/src/point_cloud_xyzi_radial.cpp.o
[ 31%] Building CXX object CMakeFiles/depth_image_proc.dir/src/point_cloud_xyzrgb_radial.cpp.o
[ 34%] Building CXX object CMakeFiles/depth_image_proc.dir/src/register.cpp.o
[ 37%] Building CXX object CMakeFiles/disparity_node.dir/rclcpp_components/node_main_disparity_node.cpp.o
[ 40%] Building CXX object CMakeFiles/crop_foremost_node.dir/rclcpp_components/node_main_crop_foremost_node.cpp.o
[ 43%] Building CXX object CMakeFiles/convert_metric_node.dir/rclcpp_components/node_main_convert_metric_node.cpp.o
[ 46%] Linking CXX executable disparity_node
[ 46%] Built target disparity_node
[ 50%] Linking CXX executable crop_foremost_node
[ 50%] Built target crop_foremost_node
[ 53%] Linking CXX executable convert_metric_node
[ 53%] Built target convert_metric_node
[ 56%] Linking CXX shared library libdepth_image_proc.so
[ 56%] Built target depth_image_proc
[ 59%] Building CXX object CMakeFiles/point_cloud_xyzi_node.dir/rclcpp_components/node_main_point_cloud_xyzi_node.cpp.o
[ 62%] Linking CXX executable point_cloud_xyzi_node
[ 62%] Built target point_cloud_xyzi_node
[ 65%] Building CXX object CMakeFiles/point_cloud_xyz_radial_node.dir/rclcpp_components/node_main_point_cloud_xyz_radial_node.cpp.o
[ 68%] Linking CXX executable point_cloud_xyz_radial_node
[ 68%] Built target point_cloud_xyz_radial_node
[ 71%] Building CXX object CMakeFiles/point_cloud_xyzi_radial_node.dir/rclcpp_components/node_main_point_cloud_xyzi_radial_node.cpp.o
[ 75%] Linking CXX executable point_cloud_xyzi_radial_node
[ 75%] Built target point_cloud_xyzi_radial_node
[ 78%] Building CXX object CMakeFiles/point_cloud_xyzrgb_radial_node.dir/rclcpp_components/node_main_point_cloud_xyzrgb_radial_node.cpp.o
[ 81%] Linking CXX executable point_cloud_xyzrgb_radial_node
[ 81%] Built target point_cloud_xyzrgb_radial_node
[ 84%] Building CXX object CMakeFiles/register_node.dir/rclcpp_components/node_main_register_node.cpp.o
[ 87%] Linking CXX executable register_node
[ 87%] Built target register_node
[ 90%] Building CXX object CMakeFiles/point_cloud_xyzrgb_node.dir/rclcpp_components/node_main_point_cloud_xyzrgb_node.cpp.o
[ 93%] Linking CXX executable point_cloud_xyzrgb_node
[ 93%] Built target point_cloud_xyzrgb_node
[ 96%] Building CXX object CMakeFiles/point_cloud_xyz_node.dir/rclcpp_components/node_main_point_cloud_xyz_node.cpp.o
[100%] Linking CXX executable point_cloud_xyz_node
[100%] Built target point_cloud_xyz_node
-- Install configuration: ""
-- Execute custom install script
-- Symlinking: /home/pi/CaveBot-ros/install/depth_image_proc/lib/depth_image_proc/convert_metric_node
-- Symlinking: /home/pi/CaveBot-ros/install/depth_image_proc/lib/depth_image_proc/crop_foremost_node
-- Symlinking: /home/pi/CaveBot-ros/install/depth_image_proc/lib/depth_image_proc/disparity_node
-- Symlinking: /home/pi/CaveBot-ros/install/depth_image_proc/lib/depth_image_proc/point_cloud_xyz_node
-- Symlinking: /home/pi/CaveBot-ros/install/depth_image_proc/lib/depth_image_proc/point_cloud_xyzrgb_node
-- Symlinking: /home/pi/CaveBot-ros/install/depth_image_proc/lib/depth_image_proc/point_cloud_xyzi_node
-- Symlinking: /home/pi/CaveBot-ros/install/depth_image_proc/lib/depth_image_proc/point_cloud_xyz_radial_node
-- Symlinking: /home/pi/CaveBot-ros/install/depth_image_proc/lib/depth_image_proc/point_cloud_xyzi_radial_node
-- Symlinking: /home/pi/CaveBot-ros/install/depth_image_proc/lib/depth_image_proc/point_cloud_xyzrgb_radial_node
-- Symlinking: /home/pi/CaveBot-ros/install/depth_image_proc/lib/depth_image_proc/register_node
-- Symlinking: /home/pi/CaveBot-ros/install/depth_image_proc/include/depth_image_proc/conversions.hpp
-- Symlinking: /home/pi/CaveBot-ros/install/depth_image_proc/include/depth_image_proc/depth_traits.hpp
-- Symlinking: /home/pi/CaveBot-ros/install/depth_image_proc/include/depth_image_proc/point_cloud_xyz.hpp
-- Symlinking: /home/pi/CaveBot-ros/install/depth_image_proc/include/depth_image_proc/point_cloud_xyz_radial.hpp
-- Symlinking: /home/pi/CaveBot-ros/install/depth_image_proc/include/depth_image_proc/point_cloud_xyzi.hpp
-- Symlinking: /home/pi/CaveBot-ros/install/depth_image_proc/include/depth_image_proc/point_cloud_xyzi_radial.hpp
-- Symlinking: /home/pi/CaveBot-ros/install/depth_image_proc/include/depth_image_proc/point_cloud_xyzrgb.hpp
-- Symlinking: /home/pi/CaveBot-ros/install/depth_image_proc/include/depth_image_proc/point_cloud_xyzrgb_radial.hpp
-- Symlinking: /home/pi/CaveBot-ros/install/depth_image_proc/include/depth_image_proc/visibility.h
-- Symlinking: /home/pi/CaveBot-ros/install/depth_image_proc/share/depth_image_proc/environment/library_path.sh
-- Symlinking: /home/pi/CaveBot-ros/install/depth_image_proc/share/depth_image_proc/environment/library_path.dsv
-- Symlinking: /home/pi/CaveBot-ros/install/depth_image_proc/lib/libdepth_image_proc.so
-- Symlinking: /home/pi/CaveBot-ros/install/depth_image_proc/share/depth_image_proc/launch/convert_metric.launch.py
-- Symlinking: /home/pi/CaveBot-ros/install/depth_image_proc/share/depth_image_proc/launch/crop_foremost.launch.py
-- Symlinking: /home/pi/CaveBot-ros/install/depth_image_proc/share/depth_image_proc/launch/disparity.launch.py
-- Symlinking: /home/pi/CaveBot-ros/install/depth_image_proc/share/depth_image_proc/launch/point_cloud_xyz.launch.py
-- Symlinking: /home/pi/CaveBot-ros/install/depth_image_proc/share/depth_image_proc/launch/point_cloud_xyz_radial.launch.py
-- Symlinking: /home/pi/CaveBot-ros/install/depth_image_proc/share/depth_image_proc/launch/point_cloud_xyzi.launch.py
-- Symlinking: /home/pi/CaveBot-ros/install/depth_image_proc/share/depth_image_proc/launch/point_cloud_xyzi_radial.launch.py
-- Symlinking: /home/pi/CaveBot-ros/install/depth_image_proc/share/depth_image_proc/launch/point_cloud_xyzrgb.launch.py
-- Symlinking: /home/pi/CaveBot-ros/install/depth_image_proc/share/depth_image_proc/launch/point_cloud_xyzrgb_radial.launch.py
-- Symlinking: /home/pi/CaveBot-ros/install/depth_image_proc/share/depth_image_proc/launch/register.launch.py
-- Symlinking: /home/pi/CaveBot-ros/install/depth_image_proc/share/depth_image_proc/launch/rviz/convert_metric.rviz
-- Symlinking: /home/pi/CaveBot-ros/install/depth_image_proc/share/depth_image_proc/launch/rviz/crop_formost.rviz
-- Symlinking: /home/pi/CaveBot-ros/install/depth_image_proc/share/depth_image_proc/launch/rviz/disparity.rviz
-- Symlinking: /home/pi/CaveBot-ros/install/depth_image_proc/share/depth_image_proc/launch/rviz/point_cloud_xyz.rviz
-- Symlinking: /home/pi/CaveBot-ros/install/depth_image_proc/share/depth_image_proc/launch/rviz/point_cloud_xyz_radial.rviz
-- Symlinking: /home/pi/CaveBot-ros/install/depth_image_proc/share/depth_image_proc/launch/rviz/point_cloud_xyzi.rviz
-- Symlinking: /home/pi/CaveBot-ros/install/depth_image_proc/share/depth_image_proc/launch/rviz/point_cloud_xyzrgb.rviz
-- Symlinking: /home/pi/CaveBot-ros/install/depth_image_proc/share/depth_image_proc/launch/rviz/register.rviz
-- Symlinking: /home/pi/CaveBot-ros/install/depth_image_proc/share/ament_index/resource_index/package_run_dependencies/depth_image_proc
-- Symlinking: /home/pi/CaveBot-ros/install/depth_image_proc/share/ament_index/resource_index/parent_prefix_path/depth_image_proc
-- Symlinking: /home/pi/CaveBot-ros/install/depth_image_proc/share/depth_image_proc/environment/ament_prefix_path.sh
-- Symlinking: /home/pi/CaveBot-ros/install/depth_image_proc/share/depth_image_proc/environment/ament_prefix_path.dsv
-- Symlinking: /home/pi/CaveBot-ros/install/depth_image_proc/share/depth_image_proc/environment/path.sh
-- Symlinking: /home/pi/CaveBot-ros/install/depth_image_proc/share/depth_image_proc/environment/path.dsv
-- Symlinking: /home/pi/CaveBot-ros/install/depth_image_proc/share/depth_image_proc/local_setup.bash
-- Symlinking: /home/pi/CaveBot-ros/install/depth_image_proc/share/depth_image_proc/local_setup.sh
-- Symlinking: /home/pi/CaveBot-ros/install/depth_image_proc/share/depth_image_proc/local_setup.zsh
-- Symlinking: /home/pi/CaveBot-ros/install/depth_image_proc/share/depth_image_proc/local_setup.dsv
-- Symlinking: /home/pi/CaveBot-ros/install/depth_image_proc/share/depth_image_proc/package.dsv
-- Symlinking: /home/pi/CaveBot-ros/install/depth_image_proc/share/ament_index/resource_index/packages/depth_image_proc
-- Symlinking: /home/pi/CaveBot-ros/install/depth_image_proc/share/ament_index/resource_index/rclcpp_components/depth_image_proc
-- Symlinking: /home/pi/CaveBot-ros/install/depth_image_proc/share/depth_image_proc/cmake/ament_cmake_export_dependencies-extras.cmake
-- Symlinking: /home/pi/CaveBot-ros/install/depth_image_proc/share/depth_image_proc/cmake/ament_cmake_export_include_directories-extras.cmake
-- Symlinking: /home/pi/CaveBot-ros/install/depth_image_proc/share/depth_image_proc/cmake/ament_cmake_export_libraries-extras.cmake
-- Symlinking: /home/pi/CaveBot-ros/install/depth_image_proc/share/depth_image_proc/cmake/depth_image_procConfig.cmake
-- Symlinking: /home/pi/CaveBot-ros/install/depth_image_proc/share/depth_image_proc/cmake/depth_image_procConfig-version.cmake
-- Symlinking: /home/pi/CaveBot-ros/install/depth_image_proc/share/depth_image_proc/package.xml
