[0.042s] Invoking command in '/home/pi/CaveBot-ros/build/depth_image_proc': AMENT_PREFIX_PATH=/home/pi/CaveBot-ros/install/image_proc:/home/pi/CaveBot-ros/install/tracetools_image_pipeline:${AMENT_PREFIX_PATH} CMAKE_PREFIX_PATH=/home/pi/CaveBot-ros/install/image_proc:/home/pi/CaveBot-ros/install/tracetools_image_pipeline:/opt/ros/jazzy/opt/gz_math_vendor:/opt/ros/jazzy/opt/gz_utils_vendor:/opt/ros/jazzy/opt/gz_cmake_vendor:/opt/ros/jazzy DEBUGINFOD_URLS=https://debuginfod.ubuntu.com LD_LIBRARY_PATH=/home/pi/CaveBot-ros/install/image_proc/lib:/home/pi/CaveBot-ros/install/tracetools_image_pipeline/lib:${LD_LIBRARY_PATH} /usr/bin/cmake /home/pi/CaveBot-ros/src/image_pipeline/depth_image_proc -DAMENT_CMAKE_SYMLINK_INSTALL=1 -DCMAKE_INSTALL_PREFIX=/home/pi/CaveBot-ros/install/depth_image_proc
[0.213s] -- The C compiler identification is GNU 13.3.0
[0.390s] -- The CXX compiler identification is GNU 13.3.0
[0.430s] -- Detecting C compiler ABI info
[0.706s] -- Detecting C compiler ABI info - done
[0.728s] -- Check for working C compiler: /usr/bin/cc - skipped
[0.730s] -- Detecting C compile features
[0.732s] -- Detecting C compile features - done
[0.761s] -- Detecting CXX compiler ABI info
[1.069s] -- Detecting CXX compiler ABI info - done
[1.097s] -- Check for working CXX compiler: /usr/bin/c++ - skipped
[1.100s] -- Detecting CXX compile features
[1.101s] -- Detecting CXX compile features - done
[1.107s] -- Found ament_cmake_auto: 2.5.4 (/opt/ros/jazzy/share/ament_cmake_auto/cmake)
[1.535s] -- Found Python3: /usr/bin/python3 (found version "3.12.3") found components: Interpreter 
[1.760s] -- Override CMake install command with custom implementation using symlinks instead of copying resources
[2.249s] -- Found rosidl_generator_c: 4.6.6 (/opt/ros/jazzy/share/rosidl_generator_c/cmake)
[2.290s] -- Found rosidl_generator_cpp: 4.6.6 (/opt/ros/jazzy/share/rosidl_generator_cpp/cmake)
[2.338s] -- Using all available rosidl_typesupport_c: rosidl_typesupport_fastrtps_c;rosidl_typesupport_introspection_c
[2.379s] -- Using all available rosidl_typesupport_cpp: rosidl_typesupport_fastrtps_cpp;rosidl_typesupport_introspection_cpp
[2.709s] -- Found rmw_implementation_cmake: 7.3.2 (/opt/ros/jazzy/share/rmw_implementation_cmake/cmake)
[2.718s] -- Found rmw_fastrtps_cpp: 8.4.3 (/opt/ros/jazzy/share/rmw_fastrtps_cpp/cmake)
[2.941s] -- Found OpenSSL: /usr/lib/aarch64-linux-gnu/libcrypto.so (found version "3.0.13")  
[2.995s] -- Found FastRTPS: /opt/ros/jazzy/include (Required is at least version "2.13") 
[3.051s] -- Using RMW implementation 'rmw_fastrtps_cpp' as default
[3.290s] -- Setting yaml-cpp_DIR to: '/opt/ros/jazzy/share/yaml_cpp_vendor/cmake/../../../opt/yaml_cpp_vendor/share/cmake/yaml-cpp'
[3.429s] -- Found eigen3_cmake_module: 0.3.0 (/opt/ros/jazzy/share/eigen3_cmake_module/cmake)
[3.437s] -- Found Eigen3: TRUE (found version "3.4.0") 
[3.437s] -- Ensuring Eigen3 include directory is part of orocos-kdl CMake target
[3.742s] -- Found OpenCV: /usr (found version "4.6.0") 
[3.815s] -- Found ament_lint_auto: 0.17.3 (/opt/ros/jazzy/share/ament_lint_auto/cmake)
[3.862s] In this package, headers install destination is set to `include` by ament_auto_package. It is recommended to install `include/depth_image_proc` instead and will be the default behavior of ament_auto_package from ROS 2 Kilted Kaiju. On distributions before Kilted, ament_auto_package behaves the same way when you use USE_SCOPED_HEADER_INSTALL_DIR option.
[3.888s] -- Added test 'copyright' to check source files copyright and LICENSE
[3.892s] -- Added test 'cppcheck' to perform static code analysis on C / C++ code
[3.894s] -- Configured cppcheck include dirs: /home/pi/CaveBot-ros/src/image_pipeline/depth_image_proc/include
[3.896s] -- Configured cppcheck exclude dirs and/or files: 
[3.903s] -- Added test 'cpplint' to check C / C++ code against the Google style
[3.904s] -- Configured cpplint exclude dirs and/or files: 
[3.907s] -- Added test 'flake8' to check Python code syntax and style conventions
[3.907s] -- Configured 'flake8' exclude dirs and/or files: 
[3.910s] -- Added test 'lint_cmake' to check CMake code style
[3.914s] -- Added test 'pep257' to check Python code against some of the docstring style conventions in PEP 257
[3.920s] -- Added test 'uncrustify' to check C / C++ code style
[3.923s] -- Configured uncrustify additional arguments: 
[3.924s] -- Added test 'xmllint' to check XML markup files
[3.945s] -- Configuring done (3.9s)
[4.288s] -- Generating done (0.3s)
[4.364s] -- Build files have been written to: /home/pi/CaveBot-ros/build/depth_image_proc
[4.404s] Invoked command in '/home/pi/CaveBot-ros/build/depth_image_proc' returned '0': AMENT_PREFIX_PATH=/home/pi/CaveBot-ros/install/image_proc:/home/pi/CaveBot-ros/install/tracetools_image_pipeline:${AMENT_PREFIX_PATH} CMAKE_PREFIX_PATH=/home/pi/CaveBot-ros/install/image_proc:/home/pi/CaveBot-ros/install/tracetools_image_pipeline:/opt/ros/jazzy/opt/gz_math_vendor:/opt/ros/jazzy/opt/gz_utils_vendor:/opt/ros/jazzy/opt/gz_cmake_vendor:/opt/ros/jazzy DEBUGINFOD_URLS=https://debuginfod.ubuntu.com LD_LIBRARY_PATH=/home/pi/CaveBot-ros/install/image_proc/lib:/home/pi/CaveBot-ros/install/tracetools_image_pipeline/lib:${LD_LIBRARY_PATH} /usr/bin/cmake /home/pi/CaveBot-ros/src/image_pipeline/depth_image_proc -DAMENT_CMAKE_SYMLINK_INSTALL=1 -DCMAKE_INSTALL_PREFIX=/home/pi/CaveBot-ros/install/depth_image_proc
[4.408s] Invoking command in '/home/pi/CaveBot-ros/build/depth_image_proc': AMENT_PREFIX_PATH=/home/pi/CaveBot-ros/install/image_proc:/home/pi/CaveBot-ros/install/tracetools_image_pipeline:${AMENT_PREFIX_PATH} CMAKE_PREFIX_PATH=/home/pi/CaveBot-ros/install/image_proc:/home/pi/CaveBot-ros/install/tracetools_image_pipeline:/opt/ros/jazzy/opt/gz_math_vendor:/opt/ros/jazzy/opt/gz_utils_vendor:/opt/ros/jazzy/opt/gz_cmake_vendor:/opt/ros/jazzy DEBUGINFOD_URLS=https://debuginfod.ubuntu.com LD_LIBRARY_PATH=/home/pi/CaveBot-ros/install/image_proc/lib:/home/pi/CaveBot-ros/install/tracetools_image_pipeline/lib:${LD_LIBRARY_PATH} /usr/bin/cmake --build /home/pi/CaveBot-ros/build/depth_image_proc -- -j4 -l4
[4.555s] [  3%] Building CXX object CMakeFiles/depth_image_proc.dir/src/conversions.cpp.o
[9.177s] [  6%] Building CXX object CMakeFiles/depth_image_proc.dir/src/convert_metric.cpp.o
[24.343s] [  9%] Building CXX object CMakeFiles/depth_image_proc.dir/src/crop_foremost.cpp.o
[41.979s] [ 12%] Building CXX object CMakeFiles/depth_image_proc.dir/src/disparity.cpp.o
[74.718s] [ 15%] Building CXX object CMakeFiles/depth_image_proc.dir/src/point_cloud_xyz.cpp.o
[93.966s] [ 18%] Building CXX object CMakeFiles/depth_image_proc.dir/src/point_cloud_xyzrgb.cpp.o
[133.430s] [ 21%] Building CXX object CMakeFiles/depth_image_proc.dir/src/point_cloud_xyzi.cpp.o
[173.533s] [ 25%] Building CXX object CMakeFiles/depth_image_proc.dir/src/point_cloud_xyz_radial.cpp.o
[192.612s] [ 28%] Building CXX object CMakeFiles/depth_image_proc.dir/src/point_cloud_xyzi_radial.cpp.o
[229.836s] [ 31%] Building CXX object CMakeFiles/depth_image_proc.dir/src/point_cloud_xyzrgb_radial.cpp.o
[262.174s] [ 34%] Building CXX object CMakeFiles/depth_image_proc.dir/src/register.cpp.o
[271.881s] [ 37%] Building CXX object CMakeFiles/disparity_node.dir/rclcpp_components/node_main_disparity_node.cpp.o
[272.975s] [ 40%] Building CXX object CMakeFiles/crop_foremost_node.dir/rclcpp_components/node_main_crop_foremost_node.cpp.o
[274.026s] [ 43%] Building CXX object CMakeFiles/convert_metric_node.dir/rclcpp_components/node_main_convert_metric_node.cpp.o
[284.038s] [ 46%] Linking CXX executable disparity_node
[284.961s] [ 46%] Built target disparity_node
[289.828s] [ 50%] Linking CXX executable crop_foremost_node
[290.399s] [ 50%] Built target crop_foremost_node
[290.433s] [ 53%] Linking CXX executable convert_metric_node
[290.909s] [ 53%] Built target convert_metric_node
[317.812s] [ 56%] Linking CXX shared library libdepth_image_proc.so
[325.661s] [ 56%] Built target depth_image_proc
[325.732s] [ 59%] Building CXX object CMakeFiles/point_cloud_xyzi_node.dir/rclcpp_components/node_main_point_cloud_xyzi_node.cpp.o
[335.193s] [ 62%] Linking CXX executable point_cloud_xyzi_node
[335.594s] [ 62%] Built target point_cloud_xyzi_node
[335.657s] [ 65%] Building CXX object CMakeFiles/point_cloud_xyz_radial_node.dir/rclcpp_components/node_main_point_cloud_xyz_radial_node.cpp.o
[345.534s] [ 68%] Linking CXX executable point_cloud_xyz_radial_node
[345.920s] [ 68%] Built target point_cloud_xyz_radial_node
[345.977s] [ 71%] Building CXX object CMakeFiles/point_cloud_xyzi_radial_node.dir/rclcpp_components/node_main_point_cloud_xyzi_radial_node.cpp.o
[355.234s] [ 75%] Linking CXX executable point_cloud_xyzi_radial_node
[355.661s] [ 75%] Built target point_cloud_xyzi_radial_node
[355.732s] [ 78%] Building CXX object CMakeFiles/point_cloud_xyzrgb_radial_node.dir/rclcpp_components/node_main_point_cloud_xyzrgb_radial_node.cpp.o
[364.615s] [ 81%] Linking CXX executable point_cloud_xyzrgb_radial_node
[365.026s] [ 81%] Built target point_cloud_xyzrgb_radial_node
[365.091s] [ 84%] Building CXX object CMakeFiles/register_node.dir/rclcpp_components/node_main_register_node.cpp.o
[374.465s] [ 87%] Linking CXX executable register_node
[374.879s] [ 87%] Built target register_node
[374.938s] [ 90%] Building CXX object CMakeFiles/point_cloud_xyzrgb_node.dir/rclcpp_components/node_main_point_cloud_xyzrgb_node.cpp.o
[384.043s] [ 93%] Linking CXX executable point_cloud_xyzrgb_node
[384.506s] [ 93%] Built target point_cloud_xyzrgb_node
[384.560s] [ 96%] Building CXX object CMakeFiles/point_cloud_xyz_node.dir/rclcpp_components/node_main_point_cloud_xyz_node.cpp.o
[395.309s] [100%] Linking CXX executable point_cloud_xyz_node
[395.845s] [100%] Built target point_cloud_xyz_node
[395.903s] Invoked command in '/home/pi/CaveBot-ros/build/depth_image_proc' returned '0': AMENT_PREFIX_PATH=/home/pi/CaveBot-ros/install/image_proc:/home/pi/CaveBot-ros/install/tracetools_image_pipeline:${AMENT_PREFIX_PATH} CMAKE_PREFIX_PATH=/home/pi/CaveBot-ros/install/image_proc:/home/pi/CaveBot-ros/install/tracetools_image_pipeline:/opt/ros/jazzy/opt/gz_math_vendor:/opt/ros/jazzy/opt/gz_utils_vendor:/opt/ros/jazzy/opt/gz_cmake_vendor:/opt/ros/jazzy DEBUGINFOD_URLS=https://debuginfod.ubuntu.com LD_LIBRARY_PATH=/home/pi/CaveBot-ros/install/image_proc/lib:/home/pi/CaveBot-ros/install/tracetools_image_pipeline/lib:${LD_LIBRARY_PATH} /usr/bin/cmake --build /home/pi/CaveBot-ros/build/depth_image_proc -- -j4 -l4
[395.905s] Invoking command in '/home/pi/CaveBot-ros/build/depth_image_proc': AMENT_PREFIX_PATH=/home/pi/CaveBot-ros/install/image_proc:/home/pi/CaveBot-ros/install/tracetools_image_pipeline:${AMENT_PREFIX_PATH} CMAKE_PREFIX_PATH=/home/pi/CaveBot-ros/install/image_proc:/home/pi/CaveBot-ros/install/tracetools_image_pipeline:/opt/ros/jazzy/opt/gz_math_vendor:/opt/ros/jazzy/opt/gz_utils_vendor:/opt/ros/jazzy/opt/gz_cmake_vendor:/opt/ros/jazzy DEBUGINFOD_URLS=https://debuginfod.ubuntu.com LD_LIBRARY_PATH=/home/pi/CaveBot-ros/install/image_proc/lib:/home/pi/CaveBot-ros/install/tracetools_image_pipeline/lib:${LD_LIBRARY_PATH} /usr/bin/cmake --install /home/pi/CaveBot-ros/build/depth_image_proc
[395.946s] -- Install configuration: ""
[395.951s] -- Execute custom install script
[395.951s] -- Symlinking: /home/pi/CaveBot-ros/install/depth_image_proc/lib/depth_image_proc/convert_metric_node
[396.007s] -- Symlinking: /home/pi/CaveBot-ros/install/depth_image_proc/lib/depth_image_proc/crop_foremost_node
[396.059s] -- Symlinking: /home/pi/CaveBot-ros/install/depth_image_proc/lib/depth_image_proc/disparity_node
[396.121s] -- Symlinking: /home/pi/CaveBot-ros/install/depth_image_proc/lib/depth_image_proc/point_cloud_xyz_node
[396.162s] -- Symlinking: /home/pi/CaveBot-ros/install/depth_image_proc/lib/depth_image_proc/point_cloud_xyzrgb_node
[396.193s] -- Symlinking: /home/pi/CaveBot-ros/install/depth_image_proc/lib/depth_image_proc/point_cloud_xyzi_node
[396.225s] -- Symlinking: /home/pi/CaveBot-ros/install/depth_image_proc/lib/depth_image_proc/point_cloud_xyz_radial_node
[396.253s] -- Symlinking: /home/pi/CaveBot-ros/install/depth_image_proc/lib/depth_image_proc/point_cloud_xyzi_radial_node
[396.280s] -- Symlinking: /home/pi/CaveBot-ros/install/depth_image_proc/lib/depth_image_proc/point_cloud_xyzrgb_radial_node
[396.305s] -- Symlinking: /home/pi/CaveBot-ros/install/depth_image_proc/lib/depth_image_proc/register_node
[396.331s] -- Symlinking: /home/pi/CaveBot-ros/install/depth_image_proc/include/depth_image_proc/conversions.hpp
[396.356s] -- Symlinking: /home/pi/CaveBot-ros/install/depth_image_proc/include/depth_image_proc/depth_traits.hpp
[396.381s] -- Symlinking: /home/pi/CaveBot-ros/install/depth_image_proc/include/depth_image_proc/point_cloud_xyz.hpp
[396.405s] -- Symlinking: /home/pi/CaveBot-ros/install/depth_image_proc/include/depth_image_proc/point_cloud_xyz_radial.hpp
[396.431s] -- Symlinking: /home/pi/CaveBot-ros/install/depth_image_proc/include/depth_image_proc/point_cloud_xyzi.hpp
[396.460s] -- Symlinking: /home/pi/CaveBot-ros/install/depth_image_proc/include/depth_image_proc/point_cloud_xyzi_radial.hpp
[396.492s] -- Symlinking: /home/pi/CaveBot-ros/install/depth_image_proc/include/depth_image_proc/point_cloud_xyzrgb.hpp
[396.521s] -- Symlinking: /home/pi/CaveBot-ros/install/depth_image_proc/include/depth_image_proc/point_cloud_xyzrgb_radial.hpp
[396.640s] -- Symlinking: /home/pi/CaveBot-ros/install/depth_image_proc/include/depth_image_proc/visibility.h
[396.706s] -- Symlinking: /home/pi/CaveBot-ros/install/depth_image_proc/share/depth_image_proc/environment/library_path.sh
[396.769s] -- Symlinking: /home/pi/CaveBot-ros/install/depth_image_proc/share/depth_image_proc/environment/library_path.dsv
[396.816s] -- Symlinking: /home/pi/CaveBot-ros/install/depth_image_proc/lib/libdepth_image_proc.so
[396.885s] -- Symlinking: /home/pi/CaveBot-ros/install/depth_image_proc/share/depth_image_proc/launch/convert_metric.launch.py
[396.949s] -- Symlinking: /home/pi/CaveBot-ros/install/depth_image_proc/share/depth_image_proc/launch/crop_foremost.launch.py
[396.985s] -- Symlinking: /home/pi/CaveBot-ros/install/depth_image_proc/share/depth_image_proc/launch/disparity.launch.py
[397.011s] -- Symlinking: /home/pi/CaveBot-ros/install/depth_image_proc/share/depth_image_proc/launch/point_cloud_xyz.launch.py
[397.039s] -- Symlinking: /home/pi/CaveBot-ros/install/depth_image_proc/share/depth_image_proc/launch/point_cloud_xyz_radial.launch.py
[397.064s] -- Symlinking: /home/pi/CaveBot-ros/install/depth_image_proc/share/depth_image_proc/launch/point_cloud_xyzi.launch.py
[397.097s] -- Symlinking: /home/pi/CaveBot-ros/install/depth_image_proc/share/depth_image_proc/launch/point_cloud_xyzi_radial.launch.py
[397.129s] -- Symlinking: /home/pi/CaveBot-ros/install/depth_image_proc/share/depth_image_proc/launch/point_cloud_xyzrgb.launch.py
[397.163s] -- Symlinking: /home/pi/CaveBot-ros/install/depth_image_proc/share/depth_image_proc/launch/point_cloud_xyzrgb_radial.launch.py
[397.191s] -- Symlinking: /home/pi/CaveBot-ros/install/depth_image_proc/share/depth_image_proc/launch/register.launch.py
[397.225s] -- Symlinking: /home/pi/CaveBot-ros/install/depth_image_proc/share/depth_image_proc/launch/rviz/convert_metric.rviz
[397.258s] -- Symlinking: /home/pi/CaveBot-ros/install/depth_image_proc/share/depth_image_proc/launch/rviz/crop_formost.rviz
[397.300s] -- Symlinking: /home/pi/CaveBot-ros/install/depth_image_proc/share/depth_image_proc/launch/rviz/disparity.rviz
[397.360s] -- Symlinking: /home/pi/CaveBot-ros/install/depth_image_proc/share/depth_image_proc/launch/rviz/point_cloud_xyz.rviz
[397.418s] -- Symlinking: /home/pi/CaveBot-ros/install/depth_image_proc/share/depth_image_proc/launch/rviz/point_cloud_xyz_radial.rviz
[397.469s] -- Symlinking: /home/pi/CaveBot-ros/install/depth_image_proc/share/depth_image_proc/launch/rviz/point_cloud_xyzi.rviz
[397.521s] -- Symlinking: /home/pi/CaveBot-ros/install/depth_image_proc/share/depth_image_proc/launch/rviz/point_cloud_xyzrgb.rviz
[397.579s] -- Symlinking: /home/pi/CaveBot-ros/install/depth_image_proc/share/depth_image_proc/launch/rviz/register.rviz
[397.603s] -- Symlinking: /home/pi/CaveBot-ros/install/depth_image_proc/share/ament_index/resource_index/package_run_dependencies/depth_image_proc
[397.625s] -- Symlinking: /home/pi/CaveBot-ros/install/depth_image_proc/share/ament_index/resource_index/parent_prefix_path/depth_image_proc
[397.651s] -- Symlinking: /home/pi/CaveBot-ros/install/depth_image_proc/share/depth_image_proc/environment/ament_prefix_path.sh
[397.682s] -- Symlinking: /home/pi/CaveBot-ros/install/depth_image_proc/share/depth_image_proc/environment/ament_prefix_path.dsv
[397.712s] -- Symlinking: /home/pi/CaveBot-ros/install/depth_image_proc/share/depth_image_proc/environment/path.sh
[397.743s] -- Symlinking: /home/pi/CaveBot-ros/install/depth_image_proc/share/depth_image_proc/environment/path.dsv
[397.775s] -- Symlinking: /home/pi/CaveBot-ros/install/depth_image_proc/share/depth_image_proc/local_setup.bash
[397.805s] -- Symlinking: /home/pi/CaveBot-ros/install/depth_image_proc/share/depth_image_proc/local_setup.sh
[397.839s] -- Symlinking: /home/pi/CaveBot-ros/install/depth_image_proc/share/depth_image_proc/local_setup.zsh
[397.871s] -- Symlinking: /home/pi/CaveBot-ros/install/depth_image_proc/share/depth_image_proc/local_setup.dsv
[397.902s] -- Symlinking: /home/pi/CaveBot-ros/install/depth_image_proc/share/depth_image_proc/package.dsv
[397.936s] -- Symlinking: /home/pi/CaveBot-ros/install/depth_image_proc/share/ament_index/resource_index/packages/depth_image_proc
[397.969s] -- Symlinking: /home/pi/CaveBot-ros/install/depth_image_proc/share/ament_index/resource_index/rclcpp_components/depth_image_proc
[398.001s] -- Symlinking: /home/pi/CaveBot-ros/install/depth_image_proc/share/depth_image_proc/cmake/ament_cmake_export_dependencies-extras.cmake
[398.040s] -- Symlinking: /home/pi/CaveBot-ros/install/depth_image_proc/share/depth_image_proc/cmake/ament_cmake_export_include_directories-extras.cmake
[398.096s] -- Symlinking: /home/pi/CaveBot-ros/install/depth_image_proc/share/depth_image_proc/cmake/ament_cmake_export_libraries-extras.cmake
[398.147s] -- Symlinking: /home/pi/CaveBot-ros/install/depth_image_proc/share/depth_image_proc/cmake/depth_image_procConfig.cmake
[398.178s] -- Symlinking: /home/pi/CaveBot-ros/install/depth_image_proc/share/depth_image_proc/cmake/depth_image_procConfig-version.cmake
[398.201s] -- Symlinking: /home/pi/CaveBot-ros/install/depth_image_proc/share/depth_image_proc/package.xml
[398.232s] Invoked command in '/home/pi/CaveBot-ros/build/depth_image_proc' returned '0': AMENT_PREFIX_PATH=/home/pi/CaveBot-ros/install/image_proc:/home/pi/CaveBot-ros/install/tracetools_image_pipeline:${AMENT_PREFIX_PATH} CMAKE_PREFIX_PATH=/home/pi/CaveBot-ros/install/image_proc:/home/pi/CaveBot-ros/install/tracetools_image_pipeline:/opt/ros/jazzy/opt/gz_math_vendor:/opt/ros/jazzy/opt/gz_utils_vendor:/opt/ros/jazzy/opt/gz_cmake_vendor:/opt/ros/jazzy DEBUGINFOD_URLS=https://debuginfod.ubuntu.com LD_LIBRARY_PATH=/home/pi/CaveBot-ros/install/image_proc/lib:/home/pi/CaveBot-ros/install/tracetools_image_pipeline/lib:${LD_LIBRARY_PATH} /usr/bin/cmake --install /home/pi/CaveBot-ros/build/depth_image_proc
