-- Found ament_cmake_auto: 2.5.4 (/opt/ros/jazzy/share/ament_cmake_auto/cmake)
-- Override CMake install command with custom implementation using symlinks instead of copying resources
-- Found rosidl_generator_c: 4.6.6 (/opt/ros/jazzy/share/rosidl_generator_c/cmake)
-- Found rosidl_generator_cpp: 4.6.6 (/opt/ros/jazzy/share/rosidl_generator_cpp/cmake)
-- Using all available rosidl_typesupport_c: rosidl_typesupport_fastrtps_c;rosidl_typesupport_introspection_c
-- Using all available rosidl_typesupport_cpp: rosidl_typesupport_fastrtps_cpp;rosidl_typesupport_introspection_cpp
-- Found rmw_implementation_cmake: 7.3.2 (/opt/ros/jazzy/share/rmw_implementation_cmake/cmake)
-- Found rmw_fastrtps_cpp: 8.4.3 (/opt/ros/jazzy/share/rmw_fastrtps_cpp/cmake)
-- Using RMW implementation 'rmw_fastrtps_cpp' as default
-- Setting yaml-cpp_DIR to: '/opt/ros/jazzy/share/yaml_cpp_vendor/cmake/../../../opt/yaml_cpp_vendor/share/cmake/yaml-cpp'
-- Found eigen3_cmake_module: 0.3.0 (/opt/ros/jazzy/share/eigen3_cmake_module/cmake)
-- Ensuring Eigen3 include directory is part of orocos-kdl CMake target
-- Found ament_lint_auto: 0.17.3 (/opt/ros/jazzy/share/ament_lint_auto/cmake)
-- Found ament_cmake_gtest: 2.5.4 (/opt/ros/jazzy/share/ament_cmake_gtest/cmake)
-- Found gtest sources under '/opt/ros/jazzy/src/gtest_vendor': C++ tests using 'Google Test' will be built
In this package, headers install destination is set to `include` by ament_auto_package. It is recommended to install `include/image_proc` instead and will be the default behavior of ament_auto_package from ROS 2 Kilted Kaiju. On distributions before Kilted, ament_auto_package behaves the same way when you use USE_SCOPED_HEADER_INSTALL_DIR option.
-- Added test 'copyright' to check source files copyright and LICENSE
-- Added test 'cppcheck' to perform static code analysis on C / C++ code
-- Configured cppcheck include dirs: /home/pi/CaveBot-ros/src/image_pipeline/image_proc/include
-- Configured cppcheck exclude dirs and/or files: 
-- Added test 'cpplint' to check C / C++ code against the Google style
-- Configured cpplint exclude dirs and/or files: 
-- Added test 'flake8' to check Python code syntax and style conventions
-- Configured 'flake8' exclude dirs and/or files: 
-- Added test 'lint_cmake' to check CMake code style
-- Added test 'pep257' to check Python code against some of the docstring style conventions in PEP 257
-- Added test 'uncrustify' to check C / C++ code style
-- Configured uncrustify additional arguments: 
-- Added test 'xmllint' to check XML markup files
-- Configuring done (2.5s)
-- Generating done (0.4s)
-- Build files have been written to: /home/pi/CaveBot-ros/build/image_proc
[  2%] Linking CXX shared library libimage_proc.so
[  5%] Built target image_proc
[ 11%] Built target resize_node
[ 17%] Built target crop_decimate_node
[ 22%] Built target crop_non_zero_node
[ 28%] Built target track_marker_node
[ 34%] Built target gtest_main
[ 40%] Built target gtest
[ 42%] Building CXX object CMakeFiles/rectify.dir/src/rectify.cpp.o
[ 45%] Linking CXX shared library librectify.so
[ 45%] Built target rectify
[ 51%] Built target debayer_node
[ 54%] Building CXX object CMakeFiles/debayer.dir/src/debayer.cpp.o
[ 57%] Building CXX object CMakeFiles/debayer.dir/src/edge_aware.cpp.o
[ 60%] Linking CXX shared library libdebayer.so
[ 60%] Built target debayer
[ 65%] Built target rectify_node
[ 68%] Building CXX object CMakeFiles/resize.dir/src/resize.cpp.o
[ 71%] Linking CXX shared library libresize.so
[ 71%] Built target resize
[ 74%] Building CXX object CMakeFiles/crop_decimate.dir/src/crop_decimate.cpp.o
[ 77%] Linking CXX shared library libcrop_decimate.so
[ 77%] Built target crop_decimate
[ 80%] Building CXX object CMakeFiles/crop_non_zero.dir/src/crop_non_zero.cpp.o
[ 82%] Linking CXX shared library libcrop_non_zero.so
[ 82%] Built target crop_non_zero
[ 85%] Building CXX object CMakeFiles/track_marker.dir/src/track_marker.cpp.o
[ 88%] Linking CXX shared library libtrack_marker.so
[ 88%] Built target track_marker
[ 91%] Building CXX object CMakeFiles/test_rectify.dir/test/test_rectify.cpp.o
[ 94%] Linking CXX executable test_rectify
[ 94%] Built target test_rectify
[ 97%] Building CXX object CMakeFiles/rostest.dir/test/rostest.cpp.o
[100%] Linking CXX executable rostest
[100%] Built target rostest
-- Install configuration: ""
-- Execute custom install script
-- Symlinking: /home/pi/CaveBot-ros/install/image_proc/lib/image_proc/rectify_node
-- Symlinking: /home/pi/CaveBot-ros/install/image_proc/lib/image_proc/debayer_node
-- Symlinking: /home/pi/CaveBot-ros/install/image_proc/lib/image_proc/resize_node
-- Symlinking: /home/pi/CaveBot-ros/install/image_proc/lib/image_proc/crop_decimate_node
-- Symlinking: /home/pi/CaveBot-ros/install/image_proc/lib/image_proc/crop_non_zero_node
-- Symlinking: /home/pi/CaveBot-ros/install/image_proc/lib/image_proc/track_marker_node
-- Symlinking: /home/pi/CaveBot-ros/install/image_proc/include/image_proc/crop_decimate.hpp
-- Symlinking: /home/pi/CaveBot-ros/install/image_proc/include/image_proc/crop_non_zero.hpp
-- Symlinking: /home/pi/CaveBot-ros/install/image_proc/include/image_proc/debayer.hpp
-- Symlinking: /home/pi/CaveBot-ros/install/image_proc/include/image_proc/edge_aware.hpp
-- Symlinking: /home/pi/CaveBot-ros/install/image_proc/include/image_proc/processor.hpp
-- Symlinking: /home/pi/CaveBot-ros/install/image_proc/include/image_proc/rectify.hpp
-- Symlinking: /home/pi/CaveBot-ros/install/image_proc/include/image_proc/resize.hpp
-- Symlinking: /home/pi/CaveBot-ros/install/image_proc/include/image_proc/track_marker.hpp
-- Symlinking: /home/pi/CaveBot-ros/install/image_proc/include/image_proc/utils.hpp
-- Symlinking: /home/pi/CaveBot-ros/install/image_proc/share/image_proc/environment/library_path.sh
-- Symlinking: /home/pi/CaveBot-ros/install/image_proc/share/image_proc/environment/library_path.dsv
-- Symlinking: /home/pi/CaveBot-ros/install/image_proc/lib/libimage_proc.so
-- Symlinking: /home/pi/CaveBot-ros/install/image_proc/lib/librectify.so
-- Symlinking: /home/pi/CaveBot-ros/install/image_proc/lib/libdebayer.so
-- Symlinking: /home/pi/CaveBot-ros/install/image_proc/lib/libresize.so
-- Symlinking: /home/pi/CaveBot-ros/install/image_proc/lib/libcrop_decimate.so
-- Symlinking: /home/pi/CaveBot-ros/install/image_proc/lib/libcrop_non_zero.so
-- Symlinking: /home/pi/CaveBot-ros/install/image_proc/lib/libtrack_marker.so
-- Symlinking: /home/pi/CaveBot-ros/install/image_proc/share/image_proc/launch/image_proc.launch.py
-- Symlinking: /home/pi/CaveBot-ros/install/image_proc/share/ament_index/resource_index/package_run_dependencies/image_proc
-- Symlinking: /home/pi/CaveBot-ros/install/image_proc/share/ament_index/resource_index/parent_prefix_path/image_proc
-- Symlinking: /home/pi/CaveBot-ros/install/image_proc/share/image_proc/environment/ament_prefix_path.sh
-- Symlinking: /home/pi/CaveBot-ros/install/image_proc/share/image_proc/environment/ament_prefix_path.dsv
-- Symlinking: /home/pi/CaveBot-ros/install/image_proc/share/image_proc/environment/path.sh
-- Symlinking: /home/pi/CaveBot-ros/install/image_proc/share/image_proc/environment/path.dsv
-- Symlinking: /home/pi/CaveBot-ros/install/image_proc/share/image_proc/local_setup.bash
-- Symlinking: /home/pi/CaveBot-ros/install/image_proc/share/image_proc/local_setup.sh
-- Symlinking: /home/pi/CaveBot-ros/install/image_proc/share/image_proc/local_setup.zsh
-- Symlinking: /home/pi/CaveBot-ros/install/image_proc/share/image_proc/local_setup.dsv
-- Symlinking: /home/pi/CaveBot-ros/install/image_proc/share/image_proc/package.dsv
-- Symlinking: /home/pi/CaveBot-ros/install/image_proc/share/ament_index/resource_index/packages/image_proc
-- Symlinking: /home/pi/CaveBot-ros/install/image_proc/share/ament_index/resource_index/rclcpp_components/image_proc
-- Symlinking: /home/pi/CaveBot-ros/install/image_proc/share/image_proc/cmake/ament_cmake_export_dependencies-extras.cmake
-- Symlinking: /home/pi/CaveBot-ros/install/image_proc/share/image_proc/cmake/ament_cmake_export_include_directories-extras.cmake
-- Symlinking: /home/pi/CaveBot-ros/install/image_proc/share/image_proc/cmake/ament_cmake_export_libraries-extras.cmake
-- Symlinking: /home/pi/CaveBot-ros/install/image_proc/share/image_proc/cmake/image_procConfig.cmake
-- Symlinking: /home/pi/CaveBot-ros/install/image_proc/share/image_proc/cmake/image_procConfig-version.cmake
-- Symlinking: /home/pi/CaveBot-ros/install/image_proc/share/image_proc/package.xml
