[0.036s] Invoking command in '/home/pi/CaveBot-ros/build/image_proc': AMENT_PREFIX_PATH=/home/pi/CaveBot-ros/install/tracetools_image_pipeline:${AMENT_PREFIX_PATH} CMAKE_PREFIX_PATH=/home/pi/CaveBot-ros/install/tracetools_image_pipeline:/home/pi/CaveBot-ros/install/camera_ros:/opt/ros/jazzy/opt/gz_math_vendor:/opt/ros/jazzy/opt/gz_utils_vendor:/opt/ros/jazzy/opt/gz_cmake_vendor:/opt/ros/jazzy DEBUGINFOD_URLS=https://debuginfod.ubuntu.com LD_LIBRARY_PATH=/home/pi/CaveBot-ros/install/tracetools_image_pipeline/lib:${LD_LIBRARY_PATH} /usr/bin/cmake --build /home/pi/CaveBot-ros/build/image_proc -- -j4 -l4
[0.272s] [  5%] Built target debayer_node
[0.341s] [ 11%] Built target resize_node
[0.370s] [ 17%] Built target rectify_node
[0.396s] [ 22%] Built target image_proc
[0.403s] [ 25%] [32mBuilding CXX object CMakeFiles/crop_decimate_node.dir/rclcpp_components/node_main_crop_decimate_node.cpp.o[0m
[0.491s] [ 28%] [32mBuilding CXX object CMakeFiles/crop_non_zero_node.dir/rclcpp_components/node_main_crop_non_zero_node.cpp.o[0m
[0.534s] [ 34%] Built target track_marker_node
[0.538s] [ 40%] Built target gtest_main
[0.688s] [ 42%] [32mBuilding CXX object CMakeFiles/rectify.dir/src/rectify.cpp.o[0m
[0.712s] [ 48%] Built target gtest
[16.818s] [01m[K/home/pi/CaveBot-ros/src/image_pipeline/image_proc/src/rectify.cpp:[m[K In lambda function:
[16.818s] [01m[K/home/pi/CaveBot-ros/src/image_pipeline/image_proc/src/rectify.cpp:79:52:[m[K [01;31m[Kerror: [m[Kno matching function for call to ‘[01m[Kimage_transport::TransportHints::TransportHints(image_proc::RectifyNode&)[m[K’
[16.818s]    79 |         image_transport::TransportHints hints(*this[01;31m[K)[m[K;
[16.818s]       |                                                    [01;31m[K^[m[K
[16.822s] In file included from [01m[K/opt/ros/jazzy/include/image_transport/image_transport/image_transport.hpp:43[m[K,
[16.829s]                  from [01m[K/home/pi/CaveBot-ros/src/image_pipeline/image_proc/include/image_proc/rectify.hpp:41[m[K,
[16.829s]                  from [01m[K/home/pi/CaveBot-ros/src/image_pipeline/image_proc/src/rectify.cpp:40[m[K:
[16.830s] [01m[K/opt/ros/jazzy/include/image_transport/image_transport/transport_hints.hpp:61:3:[m[K [01;36m[Knote: [m[Kcandidate: ‘[01m[Kimage_transport::TransportHints::[01;32m[KTransportHints[m[K(const rclcpp::Node*, const std::string&, const std::string&)[m[K’
[16.830s]    61 |   [01;36m[KTransportHints[m[K(
[16.830s]       |   [01;36m[K^~~~~~~~~~~~~~[m[K
[16.830s] [01m[K/opt/ros/jazzy/include/image_transport/image_transport/transport_hints.hpp:62:26:[m[K [01;36m[Knote: [m[K  no known conversion for argument 1 from ‘[01m[Kimage_proc::RectifyNode[m[K’ to ‘[01m[Kconst rclcpp::Node*[m[K’
[16.830s]    62 |     [01;36m[Kconst rclcpp::Node * node[m[K,
[16.830s]       |     [01;36m[K~~~~~~~~~~~~~~~~~~~~~^~~~[m[K
[16.830s] [01m[K/opt/ros/jazzy/include/image_transport/image_transport/transport_hints.hpp:45:7:[m[K [01;36m[Knote: [m[Kcandidate: ‘[01m[Kimage_transport::TransportHints::[01;32m[KTransportHints[m[K(const image_transport::TransportHints&)[m[K’
[16.830s]    45 | class [01;36m[KTransportHints[m[K
[16.830s]       |       [01;36m[K^~~~~~~~~~~~~~[m[K
[16.830s] [01m[K/opt/ros/jazzy/include/image_transport/image_transport/transport_hints.hpp:45:7:[m[K [01;36m[Knote: [m[K  no known conversion for argument 1 from ‘[01m[Kimage_proc::RectifyNode[m[K’ to ‘[01m[Kconst image_transport::TransportHints&[m[K’
[16.831s] [01m[K/opt/ros/jazzy/include/image_transport/image_transport/transport_hints.hpp:45:7:[m[K [01;36m[Knote: [m[Kcandidate: ‘[01m[Kimage_transport::TransportHints::[01;32m[KTransportHints[m[K(image_transport::TransportHints&&)[m[K’
[16.831s] [01m[K/opt/ros/jazzy/include/image_transport/image_transport/transport_hints.hpp:45:7:[m[K [01;36m[Knote: [m[K  no known conversion for argument 1 from ‘[01m[Kimage_proc::RectifyNode[m[K’ to ‘[01m[Kimage_transport::TransportHints&&[m[K’
[16.881s] [01m[K/home/pi/CaveBot-ros/src/image_pipeline/image_proc/src/rectify.cpp:81:11:[m[K [01;31m[Kerror: [m[Kcannot convert ‘[01m[Kimage_proc::RectifyNode[m[K’ to ‘[01m[Krclcpp::Node*[m[K’
[16.883s]    81 |           [01;31m[K*this[m[K, image_topic_, std::bind(
[16.886s]       |           [01;31m[K^~~~~[m[K
[16.887s]       |           [01;31m[K|[m[K
[16.893s]       |           [01;31m[Kimage_proc::RectifyNode[m[K
[16.894s] [01m[K/opt/ros/jazzy/include/image_transport/image_transport/image_transport.hpp:86:18:[m[K [01;36m[Knote: [m[K  initializing argument 1 of ‘[01m[Kimage_transport::CameraSubscriber image_transport::[01;32m[Kcreate_camera_subscription[m[K(rclcpp::Node*, const std::string&, const CameraSubscriber::Callback&, const std::string&, rmw_qos_profile_t)[m[K’
[16.894s]    86 |   [01;36m[Krclcpp::Node * node[m[K,
[16.894s]       |   [01;36m[K~~~~~~~~~~~~~~~^~~~[m[K
[16.904s] [01m[K/home/pi/CaveBot-ros/src/image_pipeline/image_proc/src/rectify.cpp:[m[K In constructor ‘[01m[Kimage_proc::RectifyNode::[01;32m[KRectifyNode[m[K(const rclcpp::NodeOptions&)[m[K’:
[16.905s] [01m[K/home/pi/CaveBot-ros/src/image_pipeline/image_proc/src/rectify.cpp:89:49:[m[K [01;31m[Kerror: [m[Kcannot convert ‘[01m[Kimage_proc::RectifyNode[m[K’ to ‘[01m[Krclcpp::Node*[m[K’
[16.905s]    89 |   pub_rect_ = image_transport::create_publisher([01;31m[K*this[m[K, rect_topic, rclcpp::SystemDefaultsQoS(),
[16.905s]       |                                                 [01;31m[K^~~~~[m[K
[16.905s]       |                                                 [01;31m[K|[m[K
[16.913s]       |                                                 [01;31m[Kimage_proc::RectifyNode[m[K
[16.913s] [01m[K/opt/ros/jazzy/include/image_transport/image_transport/image_transport.hpp:54:18:[m[K [01;36m[Knote: [m[K  initializing argument 1 of ‘[01m[Kimage_transport::Publisher image_transport::[01;32m[Kcreate_publisher[m[K(rclcpp::Node*, const std::string&, rmw_qos_profile_t, rclcpp::PublisherOptions)[m[K’
[16.914s]    54 |   [01;36m[Krclcpp::Node * node[m[K,
[16.914s]       |   [01;36m[K~~~~~~~~~~~~~~~^~~~[m[K
[23.812s] gmake[2]: *** [CMakeFiles/rectify.dir/build.make:76: CMakeFiles/rectify.dir/src/rectify.cpp.o] Error 1
[23.813s] gmake[1]: *** [CMakeFiles/Makefile2:209: CMakeFiles/rectify.dir/all] Error 2
[23.813s] gmake[1]: *** Waiting for unfinished jobs....
[24.191s] [ 51%] [32m[1mLinking CXX executable crop_decimate_node[0m
[25.619s] [ 51%] Built target crop_decimate_node
[26.571s] [ 54%] [32m[1mLinking CXX executable crop_non_zero_node[0m
[27.649s] [ 54%] Built target crop_non_zero_node
[27.660s] gmake: *** [Makefile:146: all] Error 2
