running develop
Removing /home/pi/CaveBot-ros/install/dualcam_launch/lib/python3.12/site-packages/dualcam-launch.egg-link (link to .)
running egg_info
writing ../../build/dualcam_launch/dualcam_launch.egg-info/PKG-INFO
writing dependency_links to ../../build/dualcam_launch/dualcam_launch.egg-info/dependency_links.txt
writing requirements to ../../build/dualcam_launch/dualcam_launch.egg-info/requires.txt
writing top-level names to ../../build/dualcam_launch/dualcam_launch.egg-info/top_level.txt
reading manifest file '../../build/dualcam_launch/dualcam_launch.egg-info/SOURCES.txt'
writing manifest file '../../build/dualcam_launch/dualcam_launch.egg-info/SOURCES.txt'
running build
running build_py
running install
running install_lib
creating /home/pi/CaveBot-ros/install/dualcam_launch/lib/python3.12/site-packages/dualcam_launch
copying /home/pi/CaveBot-ros/build/dualcam_launch/build/lib/dualcam_launch/__init__.py -> /home/pi/CaveBot-ros/install/dualcam_launch/lib/python3.12/site-packages/dualcam_launch
byte-compiling /home/pi/CaveBot-ros/install/dualcam_launch/lib/python3.12/site-packages/dualcam_launch/__init__.py to __init__.cpython-312.pyc
running install_data
copying resource/dualcam_launch -> /home/pi/CaveBot-ros/install/dualcam_launch/share/ament_index/resource_index/packages
copying package.xml -> /home/pi/CaveBot-ros/install/dualcam_launch/share/dualcam_launch
copying launch/stereo_pipeline_viz.launch.py -> /home/pi/CaveBot-ros/install/dualcam_launch/share/dualcam_launch/launch
copying launch/stereo_pipeline.launch.py -> /home/pi/CaveBot-ros/install/dualcam_launch/share/dualcam_launch/launch
copying launch/dualcam.launch.py -> /home/pi/CaveBot-ros/install/dualcam_launch/share/dualcam_launch/launch
running install_egg_info
Copying ../../build/dualcam_launch/dualcam_launch.egg-info to /home/pi/CaveBot-ros/install/dualcam_launch/lib/python3.12/site-packages/dualcam_launch-0.0.1-py3.12.egg-info
running install_scripts
writing list of installed files to '/home/pi/CaveBot-ros/build/dualcam_launch/install.log'
