[1.340s] Invoking command in '/home/pi/CaveBot-ros/dualcam_launch': AMENT_PREFIX_PATH=/home/pi/CaveBot-ros/install/camera_ros:${AMENT_PREFIX_PATH} CMAKE_PREFIX_PATH=/home/pi/CaveBot-ros/install/camera_ros:${CMAKE_PREFIX_PATH} DEBUGINFOD_URLS=https://debuginfod.ubuntu.com LD_LIBRARY_PATH=/home/pi/CaveBot-ros/install/camera_ros/lib:/home/pi/CaveBot-ros/install/libcamera/lib:${LD_LIBRARY_PATH} PATH=/home/pi/CaveBot-ros/install/libcamera/bin:${PATH} PKG_CONFIG_PATH=/home/pi/CaveBot-ros/install/libcamera/lib/pkgconfig PYTHONPATH=/home/pi/CaveBot-ros/build/dualcam_launch/prefix_override:/usr/lib/python3/dist-packages/colcon_core/task/python/colcon_distutils_commands:/home/pi/CaveBot-ros/install/dualcam_launch/lib/python3.12/site-packages:${PYTHONPATH} /usr/bin/python3 -W ignore:setup.py install is deprecated -W ignore:easy_install command is deprecated setup.py egg_info --egg-base ../build/dualcam_launch build --build-base /home/pi/CaveBot-ros/build/dualcam_launch/build install --record /home/pi/CaveBot-ros/build/dualcam_launch/install.log --single-version-externally-managed install_data
[1.681s] running egg_info
[1.682s] creating ../build/dualcam_launch/dualcam_launch.egg-info
[1.705s] writing ../build/dualcam_launch/dualcam_launch.egg-info/PKG-INFO
[1.705s] writing dependency_links to ../build/dualcam_launch/dualcam_launch.egg-info/dependency_links.txt
[1.705s] writing requirements to ../build/dualcam_launch/dualcam_launch.egg-info/requires.txt
[1.705s] writing top-level names to ../build/dualcam_launch/dualcam_launch.egg-info/top_level.txt
[1.706s] writing manifest file '../build/dualcam_launch/dualcam_launch.egg-info/SOURCES.txt'
[1.754s] reading manifest file '../build/dualcam_launch/dualcam_launch.egg-info/SOURCES.txt'
[1.755s] writing manifest file '../build/dualcam_launch/dualcam_launch.egg-info/SOURCES.txt'
[1.755s] running build
[1.755s] running build_py
[1.755s] creating /home/pi/CaveBot-ros/build/dualcam_launch/build
[1.755s] creating /home/pi/CaveBot-ros/build/dualcam_launch/build/lib
[1.755s] creating /home/pi/CaveBot-ros/build/dualcam_launch/build/lib/dualcam_launch
[1.755s] copying dualcam_launch/__init__.py -> /home/pi/CaveBot-ros/build/dualcam_launch/build/lib/dualcam_launch
[1.756s] running install
[1.765s] running install_lib
[1.789s] creating /home/pi/CaveBot-ros/install/dualcam_launch/lib/python3.12/site-packages/dualcam_launch
[1.789s] copying /home/pi/CaveBot-ros/build/dualcam_launch/build/lib/dualcam_launch/__init__.py -> /home/pi/CaveBot-ros/install/dualcam_launch/lib/python3.12/site-packages/dualcam_launch
[1.790s] byte-compiling /home/pi/CaveBot-ros/install/dualcam_launch/lib/python3.12/site-packages/dualcam_launch/__init__.py to __init__.cpython-312.pyc
[1.790s] running install_data
[1.790s] creating /home/pi/CaveBot-ros/install/dualcam_launch/share/ament_index
[1.791s] creating /home/pi/CaveBot-ros/install/dualcam_launch/share/ament_index/resource_index
[1.791s] creating /home/pi/CaveBot-ros/install/dualcam_launch/share/ament_index/resource_index/packages
[1.791s] copying resource/dualcam_launch -> /home/pi/CaveBot-ros/install/dualcam_launch/share/ament_index/resource_index/packages
[1.791s] copying package.xml -> /home/pi/CaveBot-ros/install/dualcam_launch/share/dualcam_launch
[1.791s] creating /home/pi/CaveBot-ros/install/dualcam_launch/share/dualcam_launch/launch
[1.791s] copying launch/dualcam.launch.py -> /home/pi/CaveBot-ros/install/dualcam_launch/share/dualcam_launch/launch
[1.791s] running install_egg_info
[1.817s] Copying ../build/dualcam_launch/dualcam_launch.egg-info to /home/pi/CaveBot-ros/install/dualcam_launch/lib/python3.12/site-packages/dualcam_launch-0.0.1-py3.12.egg-info
[1.818s] running install_scripts
[1.991s] writing list of installed files to '/home/pi/CaveBot-ros/build/dualcam_launch/install.log'
[2.064s] Invoked command in '/home/pi/CaveBot-ros/dualcam_launch' returned '0': AMENT_PREFIX_PATH=/home/pi/CaveBot-ros/install/camera_ros:${AMENT_PREFIX_PATH} CMAKE_PREFIX_PATH=/home/pi/CaveBot-ros/install/camera_ros:${CMAKE_PREFIX_PATH} DEBUGINFOD_URLS=https://debuginfod.ubuntu.com LD_LIBRARY_PATH=/home/pi/CaveBot-ros/install/camera_ros/lib:/home/pi/CaveBot-ros/install/libcamera/lib:${LD_LIBRARY_PATH} PATH=/home/pi/CaveBot-ros/install/libcamera/bin:${PATH} PKG_CONFIG_PATH=/home/pi/CaveBot-ros/install/libcamera/lib/pkgconfig PYTHONPATH=/home/pi/CaveBot-ros/build/dualcam_launch/prefix_override:/usr/lib/python3/dist-packages/colcon_core/task/python/colcon_distutils_commands:/home/pi/CaveBot-ros/install/dualcam_launch/lib/python3.12/site-packages:${PYTHONPATH} /usr/bin/python3 -W ignore:setup.py install is deprecated -W ignore:easy_install command is deprecated setup.py egg_info --egg-base ../build/dualcam_launch build --build-base /home/pi/CaveBot-ros/build/dualcam_launch/build install --record /home/pi/CaveBot-ros/build/dualcam_launch/install.log --single-version-externally-managed install_data
