-- The C compiler identification is GNU 13.3.0
-- The CXX compiler identification is GNU 13.3.0
-- Detecting C compiler ABI info
-- Detecting C compiler ABI info - done
-- Check for working C compiler: /usr/bin/cc - skipped
-- Detecting C compile features
-- Detecting C compile features - done
-- Detecting CXX compiler ABI info
-- Detecting CXX compiler ABI info - done
-- Check for working CXX compiler: /usr/bin/c++ - skipped
-- Detecting CXX compile features
-- Detecting CXX compile features - done
-- Found ament_cmake: 2.5.4 (/opt/ros/jazzy/share/ament_cmake/cmake)
-- Found Python3: /usr/bin/python3 (found version "3.12.3") found components: Interpreter 
-- Override CMake install command with custom implementation using symlinks instead of copying resources
-- Found nav2_common: 1.3.10 (/home/pi/CaveBot-ros/install/nav2_common/share/nav2_common/cmake)
-- Found rclcpp: 28.1.12 (/opt/ros/jazzy/share/rclcpp/cmake)
-- Found rosidl_generator_c: 4.6.6 (/opt/ros/jazzy/share/rosidl_generator_c/cmake)
-- Found rosidl_generator_cpp: 4.6.6 (/opt/ros/jazzy/share/rosidl_generator_cpp/cmake)
-- Using all available rosidl_typesupport_c: rosidl_typesupport_fastrtps_c;rosidl_typesupport_introspection_c
-- Using all available rosidl_typesupport_cpp: rosidl_typesupport_fastrtps_cpp;rosidl_typesupport_introspection_cpp
-- Found rmw_implementation_cmake: 7.3.2 (/opt/ros/jazzy/share/rmw_implementation_cmake/cmake)
-- Found rmw_fastrtps_cpp: 8.4.3 (/opt/ros/jazzy/share/rmw_fastrtps_cpp/cmake)
-- Found OpenSSL: /usr/lib/aarch64-linux-gnu/libcrypto.so (found version "3.0.13")  
-- Found FastRTPS: /opt/ros/jazzy/include (Required is at least version "2.13") 
-- Using RMW implementation 'rmw_fastrtps_cpp' as default
-- Found std_msgs: 5.3.6 (/opt/ros/jazzy/share/std_msgs/cmake)
-- Found geometry_msgs: 5.3.6 (/opt/ros/jazzy/share/geometry_msgs/cmake)
-- Found nav_2d_msgs: 1.3.10 (/home/pi/CaveBot-ros/install/nav_2d_msgs/share/nav_2d_msgs/cmake)
-- Found dwb_msgs: 1.3.10 (/home/pi/CaveBot-ros/install/dwb_msgs/share/dwb_msgs/cmake)
-- Found nav2_costmap_2d: 1.3.10 (/home/pi/CaveBot-ros/install/nav2_costmap_2d/share/nav2_costmap_2d/cmake)
-- Found eigen3_cmake_module: 0.3.0 (/opt/ros/jazzy/share/eigen3_cmake_module/cmake)
-- Found Eigen3: TRUE (found version "3.4.0") 
-- Ensuring Eigen3 include directory is part of orocos-kdl CMake target
-- Found nav_2d_utils: 1.3.10 (/home/pi/CaveBot-ros/install/nav_2d_utils/share/nav_2d_utils/cmake)
-- Found nav2_core: 1.3.10 (/home/pi/CaveBot-ros/install/nav2_core/share/nav2_core/cmake)
-- Setting build type to Release as none was specified.
-- Found ament_lint_auto: 0.17.3 (/opt/ros/jazzy/share/ament_lint_auto/cmake)
-- Found gtest sources under '/opt/ros/jazzy/src/gtest_vendor': C++ tests using 'Google Test' will be built
-- Performing Test CMAKE_HAVE_LIBC_PTHREAD
-- Performing Test CMAKE_HAVE_LIBC_PTHREAD - Success
-- Found Threads: TRUE  
-- Added test 'cppcheck' to perform static code analysis on C / C++ code
-- Configured cppcheck include dirs: /home/pi/CaveBot-ros/src/navigation2/nav2_dwb_controller/dwb_core/include
-- Configured cppcheck exclude dirs and/or files: 
-- Added test 'cpplint' to check C / C++ code against the Google style
-- Configured cpplint exclude dirs and/or files: 
-- Added test 'lint_cmake' to check CMake code style
-- Added test 'uncrustify' to check C / C++ code style
-- Configured uncrustify additional arguments: 
-- Added test 'xmllint' to check XML markup files
-- Configuring done (8.7s)
-- Generating done (0.4s)
-- Build files have been written to: /home/pi/CaveBot-ros/build/dwb_core
[  9%] Building CXX object CMakeFiles/dwb_core.dir/src/dwb_local_planner.cpp.o
[ 18%] Building CXX object CMakeFiles/dwb_core.dir/src/publisher.cpp.o
[ 27%] Building CXX object CMakeFiles/dwb_core.dir/src/illegal_trajectory_tracker.cpp.o
[ 36%] Building CXX object CMakeFiles/dwb_core.dir/src/trajectory_utils.cpp.o
[ 45%] Linking CXX shared library libdwb_core.so
[ 45%] Built target dwb_core
[ 54%] Building CXX object gtest/CMakeFiles/gtest.dir/src/gtest-all.cc.o
[ 63%] Linking CXX static library libgtest.a
[ 63%] Built target gtest
[ 72%] Building CXX object gtest/CMakeFiles/gtest_main.dir/src/gtest_main.cc.o
[ 81%] Linking CXX static library libgtest_main.a
[ 81%] Built target gtest_main
[ 90%] Building CXX object test/CMakeFiles/utils_test.dir/utils_test.cpp.o
[100%] Linking CXX executable utils_test
[100%] Built target utils_test
-- Install configuration: "Release"
-- Execute custom install script
-- Symlinking: /home/pi/CaveBot-ros/install/dwb_core/lib/libdwb_core.so
-- Symlinking: /home/pi/CaveBot-ros/install/dwb_core/include//dwb_core/dwb_local_planner.hpp
-- Symlinking: /home/pi/CaveBot-ros/install/dwb_core/include//dwb_core/exceptions.hpp
-- Symlinking: /home/pi/CaveBot-ros/install/dwb_core/include//dwb_core/illegal_trajectory_tracker.hpp
-- Symlinking: /home/pi/CaveBot-ros/install/dwb_core/include//dwb_core/publisher.hpp
-- Symlinking: /home/pi/CaveBot-ros/install/dwb_core/include//dwb_core/trajectory_critic.hpp
-- Symlinking: /home/pi/CaveBot-ros/install/dwb_core/include//dwb_core/trajectory_generator.hpp
-- Symlinking: /home/pi/CaveBot-ros/install/dwb_core/include//dwb_core/trajectory_utils.hpp
-- Symlinking: /home/pi/CaveBot-ros/install/dwb_core/share/dwb_core/environment/library_path.sh
-- Symlinking: /home/pi/CaveBot-ros/install/dwb_core/share/dwb_core/environment/library_path.dsv
-- Symlinking: /home/pi/CaveBot-ros/install/dwb_core/share/dwb_core//local_planner_plugin.xml
-- Symlinking: /home/pi/CaveBot-ros/install/dwb_core/share/ament_index/resource_index/package_run_dependencies/dwb_core
-- Symlinking: /home/pi/CaveBot-ros/install/dwb_core/share/ament_index/resource_index/parent_prefix_path/dwb_core
-- Symlinking: /home/pi/CaveBot-ros/install/dwb_core/share/dwb_core/environment/ament_prefix_path.sh
-- Symlinking: /home/pi/CaveBot-ros/install/dwb_core/share/dwb_core/environment/ament_prefix_path.dsv
-- Symlinking: /home/pi/CaveBot-ros/install/dwb_core/share/dwb_core/environment/path.sh
-- Symlinking: /home/pi/CaveBot-ros/install/dwb_core/share/dwb_core/environment/path.dsv
-- Symlinking: /home/pi/CaveBot-ros/install/dwb_core/share/dwb_core/local_setup.bash
-- Symlinking: /home/pi/CaveBot-ros/install/dwb_core/share/dwb_core/local_setup.sh
-- Symlinking: /home/pi/CaveBot-ros/install/dwb_core/share/dwb_core/local_setup.zsh
-- Symlinking: /home/pi/CaveBot-ros/install/dwb_core/share/dwb_core/local_setup.dsv
-- Symlinking: /home/pi/CaveBot-ros/install/dwb_core/share/dwb_core/package.dsv
-- Symlinking: /home/pi/CaveBot-ros/install/dwb_core/share/ament_index/resource_index/packages/dwb_core
-- Symlinking: /home/pi/CaveBot-ros/install/dwb_core/share/ament_index/resource_index/nav2_core__pluginlib__plugin/dwb_core
-- Symlinking: /home/pi/CaveBot-ros/install/dwb_core/share/dwb_core/cmake/ament_cmake_export_include_directories-extras.cmake
-- Symlinking: /home/pi/CaveBot-ros/install/dwb_core/share/dwb_core/cmake/ament_cmake_export_libraries-extras.cmake
-- Symlinking: /home/pi/CaveBot-ros/install/dwb_core/share/dwb_core/cmake/ament_cmake_export_dependencies-extras.cmake
-- Symlinking: /home/pi/CaveBot-ros/install/dwb_core/share/dwb_core/cmake/dwb_coreConfig.cmake
-- Symlinking: /home/pi/CaveBot-ros/install/dwb_core/share/dwb_core/cmake/dwb_coreConfig-version.cmake
-- Symlinking: /home/pi/CaveBot-ros/install/dwb_core/share/dwb_core/package.xml
