[0.179s] Invoking command in '/home/pi/CaveBot-ros/build/dwb_core': AMENT_PREFIX_PATH=/home/pi/CaveBot-ros/install/nav2_core:/home/pi/CaveBot-ros/install/nav2_costmap_2d:/home/pi/CaveBot-ros/install/nav_2d_utils:/home/pi/CaveBot-ros/install/nav2_map_server:/home/pi/CaveBot-ros/install/nav2_lifecycle_manager:/home/pi/CaveBot-ros/install/nav2_behavior_tree:/home/pi/CaveBot-ros/install/nav2_util:/home/pi/CaveBot-ros/install/nav2_voxel_grid:/home/pi/CaveBot-ros/install/nav2_msgs:/home/pi/CaveBot-ros/install/dwb_msgs:/home/pi/CaveBot-ros/install/nav_2d_msgs:/home/pi/CaveBot-ros/install/nav2_common:${AMENT_PREFIX_PATH} CMAKE_PREFIX_PATH=/home/pi/CaveBot-ros/install/nav2_core:/home/pi/CaveBot-ros/install/nav2_costmap_2d:/home/pi/CaveBot-ros/install/nav_2d_utils:/home/pi/CaveBot-ros/install/nav2_map_server:/home/pi/CaveBot-ros/install/nav2_lifecycle_manager:/home/pi/CaveBot-ros/install/nav2_behavior_tree:/home/pi/CaveBot-ros/install/nav2_util:/home/pi/CaveBot-ros/install/nav2_voxel_grid:/home/pi/CaveBot-ros/install/nav2_msgs:/home/pi/CaveBot-ros/install/dwb_msgs:/home/pi/CaveBot-ros/install/nav_2d_msgs:/home/pi/CaveBot-ros/install/nav2_common:/opt/ros/jazzy/opt/gz_math_vendor:/opt/ros/jazzy/opt/gz_utils_vendor:/opt/ros/jazzy/opt/gz_cmake_vendor:/opt/ros/jazzy DEBUGINFOD_URLS=https://debuginfod.ubuntu.com LD_LIBRARY_PATH=/home/pi/CaveBot-ros/install/nav2_costmap_2d/lib:/home/pi/CaveBot-ros/install/nav_2d_utils/lib:/home/pi/CaveBot-ros/install/nav2_map_server/lib:/home/pi/CaveBot-ros/install/nav2_lifecycle_manager/lib:/home/pi/CaveBot-ros/install/nav2_behavior_tree/lib:/home/pi/CaveBot-ros/install/nav2_util/lib:/home/pi/CaveBot-ros/install/nav2_voxel_grid/lib:/home/pi/CaveBot-ros/install/nav2_msgs/lib:/home/pi/CaveBot-ros/install/dwb_msgs/lib:/home/pi/CaveBot-ros/install/nav_2d_msgs/lib:${LD_LIBRARY_PATH} PYTHONPATH=/home/pi/CaveBot-ros/install/nav2_msgs/lib/python3.12/site-packages:/home/pi/CaveBot-ros/install/dwb_msgs/lib/python3.12/site-packages:/home/pi/CaveBot-ros/install/nav_2d_msgs/lib/python3.12/site-packages:/home/pi/CaveBot-ros/install/nav2_common/lib/python3.12/site-packages:${PYTHONPATH} /usr/bin/cmake /home/pi/CaveBot-ros/src/navigation2/nav2_dwb_controller/dwb_core -DAMENT_CMAKE_SYMLINK_INSTALL=1 -DCMAKE_INSTALL_PREFIX=/home/pi/CaveBot-ros/install/dwb_core
[0.484s] -- The C compiler identification is GNU 13.3.0
[0.799s] -- The CXX compiler identification is GNU 13.3.0
[0.853s] -- Detecting C compiler ABI info
[1.305s] -- Detecting C compiler ABI info - done
[1.337s] -- Check for working C compiler: /usr/bin/cc - skipped
[1.341s] -- Detecting C compile features
[1.341s] -- Detecting C compile features - done
[1.378s] -- Detecting CXX compiler ABI info
[1.871s] -- Detecting CXX compiler ABI info - done
[1.915s] -- Check for working CXX compiler: /usr/bin/c++ - skipped
[1.922s] -- Detecting CXX compile features
[1.923s] -- Detecting CXX compile features - done
[1.951s] -- Found ament_cmake: 2.5.4 (/opt/ros/jazzy/share/ament_cmake/cmake)
[2.788s] -- Found Python3: /usr/bin/python3 (found version "3.12.3") found components: Interpreter 
[3.226s] -- Override CMake install command with custom implementation using symlinks instead of copying resources
[3.337s] -- Found nav2_common: 1.3.10 (/home/pi/CaveBot-ros/install/nav2_common/share/nav2_common/cmake)
[3.346s] -- Found rclcpp: 28.1.12 (/opt/ros/jazzy/share/rclcpp/cmake)
[3.459s] -- Found rosidl_generator_c: 4.6.6 (/opt/ros/jazzy/share/rosidl_generator_c/cmake)
[3.531s] -- Found rosidl_generator_cpp: 4.6.6 (/opt/ros/jazzy/share/rosidl_generator_cpp/cmake)
[3.626s] -- Using all available rosidl_typesupport_c: rosidl_typesupport_fastrtps_c;rosidl_typesupport_introspection_c
[3.720s] -- Using all available rosidl_typesupport_cpp: rosidl_typesupport_fastrtps_cpp;rosidl_typesupport_introspection_cpp
[3.979s] -- Found rmw_implementation_cmake: 7.3.2 (/opt/ros/jazzy/share/rmw_implementation_cmake/cmake)
[3.989s] -- Found rmw_fastrtps_cpp: 8.4.3 (/opt/ros/jazzy/share/rmw_fastrtps_cpp/cmake)
[4.331s] -- Found OpenSSL: /usr/lib/aarch64-linux-gnu/libcrypto.so (found version "3.0.13")  
[4.444s] -- Found FastRTPS: /opt/ros/jazzy/include (Required is at least version "2.13") 
[4.584s] -- Using RMW implementation 'rmw_fastrtps_cpp' as default
[4.871s] -- Found std_msgs: 5.3.6 (/opt/ros/jazzy/share/std_msgs/cmake)
[4.956s] -- Found geometry_msgs: 5.3.6 (/opt/ros/jazzy/share/geometry_msgs/cmake)
[5.039s] -- Found nav_2d_msgs: 1.3.10 (/home/pi/CaveBot-ros/install/nav_2d_msgs/share/nav_2d_msgs/cmake)
[5.172s] -- Found dwb_msgs: 1.3.10 (/home/pi/CaveBot-ros/install/dwb_msgs/share/dwb_msgs/cmake)
[5.607s] -- Found nav2_costmap_2d: 1.3.10 (/home/pi/CaveBot-ros/install/nav2_costmap_2d/share/nav2_costmap_2d/cmake)
[6.516s] -- Found eigen3_cmake_module: 0.3.0 (/opt/ros/jazzy/share/eigen3_cmake_module/cmake)
[6.524s] -- Found Eigen3: TRUE (found version "3.4.0") 
[6.526s] -- Ensuring Eigen3 include directory is part of orocos-kdl CMake target
[7.037s] -- Found nav_2d_utils: 1.3.10 (/home/pi/CaveBot-ros/install/nav_2d_utils/share/nav_2d_utils/cmake)
[7.099s] -- Found nav2_core: 1.3.10 (/home/pi/CaveBot-ros/install/nav2_core/share/nav2_core/cmake)
[7.358s] -- Setting build type to Release as none was specified.
[7.687s] -- Found ament_lint_auto: 0.17.3 (/opt/ros/jazzy/share/ament_lint_auto/cmake)
[8.234s] -- Found gtest sources under '/opt/ros/jazzy/src/gtest_vendor': C++ tests using 'Google Test' will be built
[8.245s] -- Performing Test CMAKE_HAVE_LIBC_PTHREAD
[8.760s] -- Performing Test CMAKE_HAVE_LIBC_PTHREAD - Success
[8.768s] -- Found Threads: TRUE  
[8.816s] -- Added test 'cppcheck' to perform static code analysis on C / C++ code
[8.816s] -- Configured cppcheck include dirs: /home/pi/CaveBot-ros/src/navigation2/nav2_dwb_controller/dwb_core/include
[8.817s] -- Configured cppcheck exclude dirs and/or files: 
[8.829s] -- Added test 'cpplint' to check C / C++ code against the Google style
[8.829s] -- Configured cpplint exclude dirs and/or files: 
[8.836s] -- Added test 'lint_cmake' to check CMake code style
[8.842s] -- Added test 'uncrustify' to check C / C++ code style
[8.843s] -- Configured uncrustify additional arguments: 
[8.849s] -- Added test 'xmllint' to check XML markup files
[8.875s] -- Configuring done (8.7s)
[9.339s] -- Generating done (0.4s)
[9.368s] -- Build files have been written to: /home/pi/CaveBot-ros/build/dwb_core
[9.429s] Invoked command in '/home/pi/CaveBot-ros/build/dwb_core' returned '0': AMENT_PREFIX_PATH=/home/pi/CaveBot-ros/install/nav2_core:/home/pi/CaveBot-ros/install/nav2_costmap_2d:/home/pi/CaveBot-ros/install/nav_2d_utils:/home/pi/CaveBot-ros/install/nav2_map_server:/home/pi/CaveBot-ros/install/nav2_lifecycle_manager:/home/pi/CaveBot-ros/install/nav2_behavior_tree:/home/pi/CaveBot-ros/install/nav2_util:/home/pi/CaveBot-ros/install/nav2_voxel_grid:/home/pi/CaveBot-ros/install/nav2_msgs:/home/pi/CaveBot-ros/install/dwb_msgs:/home/pi/CaveBot-ros/install/nav_2d_msgs:/home/pi/CaveBot-ros/install/nav2_common:${AMENT_PREFIX_PATH} CMAKE_PREFIX_PATH=/home/pi/CaveBot-ros/install/nav2_core:/home/pi/CaveBot-ros/install/nav2_costmap_2d:/home/pi/CaveBot-ros/install/nav_2d_utils:/home/pi/CaveBot-ros/install/nav2_map_server:/home/pi/CaveBot-ros/install/nav2_lifecycle_manager:/home/pi/CaveBot-ros/install/nav2_behavior_tree:/home/pi/CaveBot-ros/install/nav2_util:/home/pi/CaveBot-ros/install/nav2_voxel_grid:/home/pi/CaveBot-ros/install/nav2_msgs:/home/pi/CaveBot-ros/install/dwb_msgs:/home/pi/CaveBot-ros/install/nav_2d_msgs:/home/pi/CaveBot-ros/install/nav2_common:/opt/ros/jazzy/opt/gz_math_vendor:/opt/ros/jazzy/opt/gz_utils_vendor:/opt/ros/jazzy/opt/gz_cmake_vendor:/opt/ros/jazzy DEBUGINFOD_URLS=https://debuginfod.ubuntu.com LD_LIBRARY_PATH=/home/pi/CaveBot-ros/install/nav2_costmap_2d/lib:/home/pi/CaveBot-ros/install/nav_2d_utils/lib:/home/pi/CaveBot-ros/install/nav2_map_server/lib:/home/pi/CaveBot-ros/install/nav2_lifecycle_manager/lib:/home/pi/CaveBot-ros/install/nav2_behavior_tree/lib:/home/pi/CaveBot-ros/install/nav2_util/lib:/home/pi/CaveBot-ros/install/nav2_voxel_grid/lib:/home/pi/CaveBot-ros/install/nav2_msgs/lib:/home/pi/CaveBot-ros/install/dwb_msgs/lib:/home/pi/CaveBot-ros/install/nav_2d_msgs/lib:${LD_LIBRARY_PATH} PYTHONPATH=/home/pi/CaveBot-ros/install/nav2_msgs/lib/python3.12/site-packages:/home/pi/CaveBot-ros/install/dwb_msgs/lib/python3.12/site-packages:/home/pi/CaveBot-ros/install/nav_2d_msgs/lib/python3.12/site-packages:/home/pi/CaveBot-ros/install/nav2_common/lib/python3.12/site-packages:${PYTHONPATH} /usr/bin/cmake /home/pi/CaveBot-ros/src/navigation2/nav2_dwb_controller/dwb_core -DAMENT_CMAKE_SYMLINK_INSTALL=1 -DCMAKE_INSTALL_PREFIX=/home/pi/CaveBot-ros/install/dwb_core
[9.430s] Invoking command in '/home/pi/CaveBot-ros/build/dwb_core': AMENT_PREFIX_PATH=/home/pi/CaveBot-ros/install/nav2_core:/home/pi/CaveBot-ros/install/nav2_costmap_2d:/home/pi/CaveBot-ros/install/nav_2d_utils:/home/pi/CaveBot-ros/install/nav2_map_server:/home/pi/CaveBot-ros/install/nav2_lifecycle_manager:/home/pi/CaveBot-ros/install/nav2_behavior_tree:/home/pi/CaveBot-ros/install/nav2_util:/home/pi/CaveBot-ros/install/nav2_voxel_grid:/home/pi/CaveBot-ros/install/nav2_msgs:/home/pi/CaveBot-ros/install/dwb_msgs:/home/pi/CaveBot-ros/install/nav_2d_msgs:/home/pi/CaveBot-ros/install/nav2_common:${AMENT_PREFIX_PATH} CMAKE_PREFIX_PATH=/home/pi/CaveBot-ros/install/nav2_core:/home/pi/CaveBot-ros/install/nav2_costmap_2d:/home/pi/CaveBot-ros/install/nav_2d_utils:/home/pi/CaveBot-ros/install/nav2_map_server:/home/pi/CaveBot-ros/install/nav2_lifecycle_manager:/home/pi/CaveBot-ros/install/nav2_behavior_tree:/home/pi/CaveBot-ros/install/nav2_util:/home/pi/CaveBot-ros/install/nav2_voxel_grid:/home/pi/CaveBot-ros/install/nav2_msgs:/home/pi/CaveBot-ros/install/dwb_msgs:/home/pi/CaveBot-ros/install/nav_2d_msgs:/home/pi/CaveBot-ros/install/nav2_common:/opt/ros/jazzy/opt/gz_math_vendor:/opt/ros/jazzy/opt/gz_utils_vendor:/opt/ros/jazzy/opt/gz_cmake_vendor:/opt/ros/jazzy DEBUGINFOD_URLS=https://debuginfod.ubuntu.com LD_LIBRARY_PATH=/home/pi/CaveBot-ros/install/nav2_costmap_2d/lib:/home/pi/CaveBot-ros/install/nav_2d_utils/lib:/home/pi/CaveBot-ros/install/nav2_map_server/lib:/home/pi/CaveBot-ros/install/nav2_lifecycle_manager/lib:/home/pi/CaveBot-ros/install/nav2_behavior_tree/lib:/home/pi/CaveBot-ros/install/nav2_util/lib:/home/pi/CaveBot-ros/install/nav2_voxel_grid/lib:/home/pi/CaveBot-ros/install/nav2_msgs/lib:/home/pi/CaveBot-ros/install/dwb_msgs/lib:/home/pi/CaveBot-ros/install/nav_2d_msgs/lib:${LD_LIBRARY_PATH} PYTHONPATH=/home/pi/CaveBot-ros/install/nav2_msgs/lib/python3.12/site-packages:/home/pi/CaveBot-ros/install/dwb_msgs/lib/python3.12/site-packages:/home/pi/CaveBot-ros/install/nav_2d_msgs/lib/python3.12/site-packages:/home/pi/CaveBot-ros/install/nav2_common/lib/python3.12/site-packages:${PYTHONPATH} /usr/bin/cmake --build /home/pi/CaveBot-ros/build/dwb_core -- -j4 -l4
[9.664s] [  9%] Building CXX object CMakeFiles/dwb_core.dir/src/dwb_local_planner.cpp.o
[52.776s] [ 18%] Building CXX object CMakeFiles/dwb_core.dir/src/publisher.cpp.o
[92.175s] [ 27%] Building CXX object CMakeFiles/dwb_core.dir/src/illegal_trajectory_tracker.cpp.o
[94.764s] [ 36%] Building CXX object CMakeFiles/dwb_core.dir/src/trajectory_utils.cpp.o
[103.788s] [ 45%] Linking CXX shared library libdwb_core.so
[107.170s] [ 45%] Built target dwb_core
[107.246s] [ 54%] Building CXX object gtest/CMakeFiles/gtest.dir/src/gtest-all.cc.o
[134.367s] [ 63%] Linking CXX static library libgtest.a
[134.628s] [ 63%] Built target gtest
[134.694s] [ 72%] Building CXX object gtest/CMakeFiles/gtest_main.dir/src/gtest_main.cc.o
[137.391s] [ 81%] Linking CXX static library libgtest_main.a
[137.501s] [ 81%] Built target gtest_main
[137.575s] [ 90%] Building CXX object test/CMakeFiles/utils_test.dir/utils_test.cpp.o
[149.322s] [100%] Linking CXX executable utils_test
[150.770s] [100%] Built target utils_test
[150.808s] Invoked command in '/home/pi/CaveBot-ros/build/dwb_core' returned '0': AMENT_PREFIX_PATH=/home/pi/CaveBot-ros/install/nav2_core:/home/pi/CaveBot-ros/install/nav2_costmap_2d:/home/pi/CaveBot-ros/install/nav_2d_utils:/home/pi/CaveBot-ros/install/nav2_map_server:/home/pi/CaveBot-ros/install/nav2_lifecycle_manager:/home/pi/CaveBot-ros/install/nav2_behavior_tree:/home/pi/CaveBot-ros/install/nav2_util:/home/pi/CaveBot-ros/install/nav2_voxel_grid:/home/pi/CaveBot-ros/install/nav2_msgs:/home/pi/CaveBot-ros/install/dwb_msgs:/home/pi/CaveBot-ros/install/nav_2d_msgs:/home/pi/CaveBot-ros/install/nav2_common:${AMENT_PREFIX_PATH} CMAKE_PREFIX_PATH=/home/pi/CaveBot-ros/install/nav2_core:/home/pi/CaveBot-ros/install/nav2_costmap_2d:/home/pi/CaveBot-ros/install/nav_2d_utils:/home/pi/CaveBot-ros/install/nav2_map_server:/home/pi/CaveBot-ros/install/nav2_lifecycle_manager:/home/pi/CaveBot-ros/install/nav2_behavior_tree:/home/pi/CaveBot-ros/install/nav2_util:/home/pi/CaveBot-ros/install/nav2_voxel_grid:/home/pi/CaveBot-ros/install/nav2_msgs:/home/pi/CaveBot-ros/install/dwb_msgs:/home/pi/CaveBot-ros/install/nav_2d_msgs:/home/pi/CaveBot-ros/install/nav2_common:/opt/ros/jazzy/opt/gz_math_vendor:/opt/ros/jazzy/opt/gz_utils_vendor:/opt/ros/jazzy/opt/gz_cmake_vendor:/opt/ros/jazzy DEBUGINFOD_URLS=https://debuginfod.ubuntu.com LD_LIBRARY_PATH=/home/pi/CaveBot-ros/install/nav2_costmap_2d/lib:/home/pi/CaveBot-ros/install/nav_2d_utils/lib:/home/pi/CaveBot-ros/install/nav2_map_server/lib:/home/pi/CaveBot-ros/install/nav2_lifecycle_manager/lib:/home/pi/CaveBot-ros/install/nav2_behavior_tree/lib:/home/pi/CaveBot-ros/install/nav2_util/lib:/home/pi/CaveBot-ros/install/nav2_voxel_grid/lib:/home/pi/CaveBot-ros/install/nav2_msgs/lib:/home/pi/CaveBot-ros/install/dwb_msgs/lib:/home/pi/CaveBot-ros/install/nav_2d_msgs/lib:${LD_LIBRARY_PATH} PYTHONPATH=/home/pi/CaveBot-ros/install/nav2_msgs/lib/python3.12/site-packages:/home/pi/CaveBot-ros/install/dwb_msgs/lib/python3.12/site-packages:/home/pi/CaveBot-ros/install/nav_2d_msgs/lib/python3.12/site-packages:/home/pi/CaveBot-ros/install/nav2_common/lib/python3.12/site-packages:${PYTHONPATH} /usr/bin/cmake --build /home/pi/CaveBot-ros/build/dwb_core -- -j4 -l4
[150.811s] Invoking command in '/home/pi/CaveBot-ros/build/dwb_core': AMENT_PREFIX_PATH=/home/pi/CaveBot-ros/install/nav2_core:/home/pi/CaveBot-ros/install/nav2_costmap_2d:/home/pi/CaveBot-ros/install/nav_2d_utils:/home/pi/CaveBot-ros/install/nav2_map_server:/home/pi/CaveBot-ros/install/nav2_lifecycle_manager:/home/pi/CaveBot-ros/install/nav2_behavior_tree:/home/pi/CaveBot-ros/install/nav2_util:/home/pi/CaveBot-ros/install/nav2_voxel_grid:/home/pi/CaveBot-ros/install/nav2_msgs:/home/pi/CaveBot-ros/install/dwb_msgs:/home/pi/CaveBot-ros/install/nav_2d_msgs:/home/pi/CaveBot-ros/install/nav2_common:${AMENT_PREFIX_PATH} CMAKE_PREFIX_PATH=/home/pi/CaveBot-ros/install/nav2_core:/home/pi/CaveBot-ros/install/nav2_costmap_2d:/home/pi/CaveBot-ros/install/nav_2d_utils:/home/pi/CaveBot-ros/install/nav2_map_server:/home/pi/CaveBot-ros/install/nav2_lifecycle_manager:/home/pi/CaveBot-ros/install/nav2_behavior_tree:/home/pi/CaveBot-ros/install/nav2_util:/home/pi/CaveBot-ros/install/nav2_voxel_grid:/home/pi/CaveBot-ros/install/nav2_msgs:/home/pi/CaveBot-ros/install/dwb_msgs:/home/pi/CaveBot-ros/install/nav_2d_msgs:/home/pi/CaveBot-ros/install/nav2_common:/opt/ros/jazzy/opt/gz_math_vendor:/opt/ros/jazzy/opt/gz_utils_vendor:/opt/ros/jazzy/opt/gz_cmake_vendor:/opt/ros/jazzy DEBUGINFOD_URLS=https://debuginfod.ubuntu.com LD_LIBRARY_PATH=/home/pi/CaveBot-ros/install/nav2_costmap_2d/lib:/home/pi/CaveBot-ros/install/nav_2d_utils/lib:/home/pi/CaveBot-ros/install/nav2_map_server/lib:/home/pi/CaveBot-ros/install/nav2_lifecycle_manager/lib:/home/pi/CaveBot-ros/install/nav2_behavior_tree/lib:/home/pi/CaveBot-ros/install/nav2_util/lib:/home/pi/CaveBot-ros/install/nav2_voxel_grid/lib:/home/pi/CaveBot-ros/install/nav2_msgs/lib:/home/pi/CaveBot-ros/install/dwb_msgs/lib:/home/pi/CaveBot-ros/install/nav_2d_msgs/lib:${LD_LIBRARY_PATH} PYTHONPATH=/home/pi/CaveBot-ros/install/nav2_msgs/lib/python3.12/site-packages:/home/pi/CaveBot-ros/install/dwb_msgs/lib/python3.12/site-packages:/home/pi/CaveBot-ros/install/nav_2d_msgs/lib/python3.12/site-packages:/home/pi/CaveBot-ros/install/nav2_common/lib/python3.12/site-packages:${PYTHONPATH} /usr/bin/cmake --install /home/pi/CaveBot-ros/build/dwb_core
[150.837s] -- Install configuration: "Release"
[150.838s] -- Execute custom install script
[150.842s] -- Symlinking: /home/pi/CaveBot-ros/install/dwb_core/lib/libdwb_core.so
[150.876s] -- Symlinking: /home/pi/CaveBot-ros/install/dwb_core/include//dwb_core/dwb_local_planner.hpp
[150.910s] -- Symlinking: /home/pi/CaveBot-ros/install/dwb_core/include//dwb_core/exceptions.hpp
[150.946s] -- Symlinking: /home/pi/CaveBot-ros/install/dwb_core/include//dwb_core/illegal_trajectory_tracker.hpp
[150.970s] -- Symlinking: /home/pi/CaveBot-ros/install/dwb_core/include//dwb_core/publisher.hpp
[150.996s] -- Symlinking: /home/pi/CaveBot-ros/install/dwb_core/include//dwb_core/trajectory_critic.hpp
[151.024s] -- Symlinking: /home/pi/CaveBot-ros/install/dwb_core/include//dwb_core/trajectory_generator.hpp
[151.053s] -- Symlinking: /home/pi/CaveBot-ros/install/dwb_core/include//dwb_core/trajectory_utils.hpp
[151.087s] -- Symlinking: /home/pi/CaveBot-ros/install/dwb_core/share/dwb_core/environment/library_path.sh
[151.121s] -- Symlinking: /home/pi/CaveBot-ros/install/dwb_core/share/dwb_core/environment/library_path.dsv
[151.155s] -- Symlinking: /home/pi/CaveBot-ros/install/dwb_core/share/dwb_core//local_planner_plugin.xml
[151.187s] -- Symlinking: /home/pi/CaveBot-ros/install/dwb_core/share/ament_index/resource_index/package_run_dependencies/dwb_core
[151.222s] -- Symlinking: /home/pi/CaveBot-ros/install/dwb_core/share/ament_index/resource_index/parent_prefix_path/dwb_core
[151.256s] -- Symlinking: /home/pi/CaveBot-ros/install/dwb_core/share/dwb_core/environment/ament_prefix_path.sh
[151.289s] -- Symlinking: /home/pi/CaveBot-ros/install/dwb_core/share/dwb_core/environment/ament_prefix_path.dsv
[151.323s] -- Symlinking: /home/pi/CaveBot-ros/install/dwb_core/share/dwb_core/environment/path.sh
[151.357s] -- Symlinking: /home/pi/CaveBot-ros/install/dwb_core/share/dwb_core/environment/path.dsv
[151.391s] -- Symlinking: /home/pi/CaveBot-ros/install/dwb_core/share/dwb_core/local_setup.bash
[151.424s] -- Symlinking: /home/pi/CaveBot-ros/install/dwb_core/share/dwb_core/local_setup.sh
[151.456s] -- Symlinking: /home/pi/CaveBot-ros/install/dwb_core/share/dwb_core/local_setup.zsh
[151.492s] -- Symlinking: /home/pi/CaveBot-ros/install/dwb_core/share/dwb_core/local_setup.dsv
[151.526s] -- Symlinking: /home/pi/CaveBot-ros/install/dwb_core/share/dwb_core/package.dsv
[151.557s] -- Symlinking: /home/pi/CaveBot-ros/install/dwb_core/share/ament_index/resource_index/packages/dwb_core
[151.586s] -- Symlinking: /home/pi/CaveBot-ros/install/dwb_core/share/ament_index/resource_index/nav2_core__pluginlib__plugin/dwb_core
[151.613s] -- Symlinking: /home/pi/CaveBot-ros/install/dwb_core/share/dwb_core/cmake/ament_cmake_export_include_directories-extras.cmake
[151.640s] -- Symlinking: /home/pi/CaveBot-ros/install/dwb_core/share/dwb_core/cmake/ament_cmake_export_libraries-extras.cmake
[151.669s] -- Symlinking: /home/pi/CaveBot-ros/install/dwb_core/share/dwb_core/cmake/ament_cmake_export_dependencies-extras.cmake
[151.703s] -- Symlinking: /home/pi/CaveBot-ros/install/dwb_core/share/dwb_core/cmake/dwb_coreConfig.cmake
[151.735s] -- Symlinking: /home/pi/CaveBot-ros/install/dwb_core/share/dwb_core/cmake/dwb_coreConfig-version.cmake
[151.768s] -- Symlinking: /home/pi/CaveBot-ros/install/dwb_core/share/dwb_core/package.xml
[151.812s] Invoked command in '/home/pi/CaveBot-ros/build/dwb_core' returned '0': AMENT_PREFIX_PATH=/home/pi/CaveBot-ros/install/nav2_core:/home/pi/CaveBot-ros/install/nav2_costmap_2d:/home/pi/CaveBot-ros/install/nav_2d_utils:/home/pi/CaveBot-ros/install/nav2_map_server:/home/pi/CaveBot-ros/install/nav2_lifecycle_manager:/home/pi/CaveBot-ros/install/nav2_behavior_tree:/home/pi/CaveBot-ros/install/nav2_util:/home/pi/CaveBot-ros/install/nav2_voxel_grid:/home/pi/CaveBot-ros/install/nav2_msgs:/home/pi/CaveBot-ros/install/dwb_msgs:/home/pi/CaveBot-ros/install/nav_2d_msgs:/home/pi/CaveBot-ros/install/nav2_common:${AMENT_PREFIX_PATH} CMAKE_PREFIX_PATH=/home/pi/CaveBot-ros/install/nav2_core:/home/pi/CaveBot-ros/install/nav2_costmap_2d:/home/pi/CaveBot-ros/install/nav_2d_utils:/home/pi/CaveBot-ros/install/nav2_map_server:/home/pi/CaveBot-ros/install/nav2_lifecycle_manager:/home/pi/CaveBot-ros/install/nav2_behavior_tree:/home/pi/CaveBot-ros/install/nav2_util:/home/pi/CaveBot-ros/install/nav2_voxel_grid:/home/pi/CaveBot-ros/install/nav2_msgs:/home/pi/CaveBot-ros/install/dwb_msgs:/home/pi/CaveBot-ros/install/nav_2d_msgs:/home/pi/CaveBot-ros/install/nav2_common:/opt/ros/jazzy/opt/gz_math_vendor:/opt/ros/jazzy/opt/gz_utils_vendor:/opt/ros/jazzy/opt/gz_cmake_vendor:/opt/ros/jazzy DEBUGINFOD_URLS=https://debuginfod.ubuntu.com LD_LIBRARY_PATH=/home/pi/CaveBot-ros/install/nav2_costmap_2d/lib:/home/pi/CaveBot-ros/install/nav_2d_utils/lib:/home/pi/CaveBot-ros/install/nav2_map_server/lib:/home/pi/CaveBot-ros/install/nav2_lifecycle_manager/lib:/home/pi/CaveBot-ros/install/nav2_behavior_tree/lib:/home/pi/CaveBot-ros/install/nav2_util/lib:/home/pi/CaveBot-ros/install/nav2_voxel_grid/lib:/home/pi/CaveBot-ros/install/nav2_msgs/lib:/home/pi/CaveBot-ros/install/dwb_msgs/lib:/home/pi/CaveBot-ros/install/nav_2d_msgs/lib:${LD_LIBRARY_PATH} PYTHONPATH=/home/pi/CaveBot-ros/install/nav2_msgs/lib/python3.12/site-packages:/home/pi/CaveBot-ros/install/dwb_msgs/lib/python3.12/site-packages:/home/pi/CaveBot-ros/install/nav_2d_msgs/lib/python3.12/site-packages:/home/pi/CaveBot-ros/install/nav2_common/lib/python3.12/site-packages:${PYTHONPATH} /usr/bin/cmake --install /home/pi/CaveBot-ros/build/dwb_core
