[0.000000] (-) TimerEvent: {}
[0.000146] (-) JobUnselected: {'identifier': 'camera_calibration'}
[0.000185] (-) JobUnselected: {'identifier': 'camera_ros'}
[0.000208] (-) JobUnselected: {'identifier': 'costmap_queue'}
[0.000228] (-) JobUnselected: {'identifier': 'depth_image_proc'}
[0.000373] (-) JobUnselected: {'identifier': 'depthimage_to_laserscan'}
[0.000392] (-) JobUnselected: {'identifier': 'dwb_core'}
[0.000410] (-) JobUnselected: {'identifier': 'dwb_critics'}
[0.000484] (-) JobUnselected: {'identifier': 'dwb_msgs'}
[0.000683] (-) JobUnselected: {'identifier': 'dwb_plugins'}
[0.000702] (-) JobUnselected: {'identifier': 'image_pipeline'}
[0.000853] (-) JobUnselected: {'identifier': 'image_proc'}
[0.000872] (-) JobUnselected: {'identifier': 'image_publisher'}
[0.000889] (-) JobUnselected: {'identifier': 'image_rotate'}
[0.000906] (-) JobUnselected: {'identifier': 'image_view'}
[0.000923] (-) JobUnselected: {'identifier': 'libcamera'}
[0.000940] (-) JobUnselected: {'identifier': 'nav2_amcl'}
[0.000956] (-) JobUnselected: {'identifier': 'nav2_behavior_tree'}
[0.000972] (-) JobUnselected: {'identifier': 'nav2_behaviors'}
[0.000989] (-) JobUnselected: {'identifier': 'nav2_bringup'}
[0.001012] (-) JobUnselected: {'identifier': 'nav2_bt_navigator'}
[0.001029] (-) JobUnselected: {'identifier': 'nav2_collision_monitor'}
[0.001046] (-) JobUnselected: {'identifier': 'nav2_common'}
[0.001063] (-) JobUnselected: {'identifier': 'nav2_constrained_smoother'}
[0.001080] (-) JobUnselected: {'identifier': 'nav2_controller'}
[0.001097] (-) JobUnselected: {'identifier': 'nav2_core'}
[0.001114] (-) JobUnselected: {'identifier': 'nav2_costmap_2d'}
[0.001132] (-) JobUnselected: {'identifier': 'nav2_dwb_controller'}
[0.001148] (-) JobUnselected: {'identifier': 'nav2_graceful_controller'}
[0.001165] (-) JobUnselected: {'identifier': 'nav2_lifecycle_manager'}
[0.001182] (-) JobUnselected: {'identifier': 'nav2_loopback_sim'}
[0.001198] (-) JobUnselected: {'identifier': 'nav2_map_server'}
[0.001215] (-) JobUnselected: {'identifier': 'nav2_mppi_controller'}
[0.001231] (-) JobUnselected: {'identifier': 'nav2_msgs'}
[0.001248] (-) JobUnselected: {'identifier': 'nav2_navfn_planner'}
[0.001264] (-) JobUnselected: {'identifier': 'nav2_planner'}
[0.001281] (-) JobUnselected: {'identifier': 'nav2_regulated_pure_pursuit_controller'}
[0.001297] (-) JobUnselected: {'identifier': 'nav2_rotation_shim_controller'}
[0.001313] (-) JobUnselected: {'identifier': 'nav2_route'}
[0.001330] (-) JobUnselected: {'identifier': 'nav2_rviz_plugins'}
[0.001347] (-) JobUnselected: {'identifier': 'nav2_simple_commander'}
[0.001364] (-) JobUnselected: {'identifier': 'nav2_smac_planner'}
[0.001381] (-) JobUnselected: {'identifier': 'nav2_smoother'}
[0.001397] (-) JobUnselected: {'identifier': 'nav2_system_tests'}
[0.001582] (-) JobUnselected: {'identifier': 'nav2_theta_star_planner'}
[0.001628] (-) JobUnselected: {'identifier': 'nav2_util'}
[0.001645] (-) JobUnselected: {'identifier': 'nav2_velocity_smoother'}
[0.001662] (-) JobUnselected: {'identifier': 'nav2_voxel_grid'}
[0.001679] (-) JobUnselected: {'identifier': 'nav2_waypoint_follower'}
[0.001695] (-) JobUnselected: {'identifier': 'nav_2d_msgs'}
[0.001713] (-) JobUnselected: {'identifier': 'nav_2d_utils'}
[0.001729] (-) JobUnselected: {'identifier': 'navigation2'}
[0.001745] (-) JobUnselected: {'identifier': 'opennav_docking'}
[0.001761] (-) JobUnselected: {'identifier': 'opennav_docking_bt'}
[0.001779] (-) JobUnselected: {'identifier': 'opennav_docking_core'}
[0.001795] (-) JobUnselected: {'identifier': 'slam_toolbox'}
[0.001812] (-) JobUnselected: {'identifier': 'stereo_image_proc'}
[0.001900] (-) JobUnselected: {'identifier': 'tracetools_image_pipeline'}
[0.001922] (cave_depth) JobQueued: {'identifier': 'cave_depth', 'dependencies': OrderedDict({'depthimage_to_laserscan': '/home/pi/CaveBot-ros/install/depthimage_to_laserscan', 'image_view': '/home/pi/CaveBot-ros/install/image_view', 'libcamera': '/home/pi/CaveBot-ros/install/libcamera', 'tracetools_image_pipeline': '/home/pi/CaveBot-ros/install/tracetools_image_pipeline', 'camera_ros': '/home/pi/CaveBot-ros/install/camera_ros', 'image_proc': '/home/pi/CaveBot-ros/install/image_proc', 'stereo_image_proc': '/home/pi/CaveBot-ros/install/stereo_image_proc'})}
[0.001991] (cave_depth) JobStarted: {'identifier': 'cave_depth'}
[0.099602] (-) TimerEvent: {}
[0.199802] (-) TimerEvent: {}
[0.299979] (-) TimerEvent: {}
[0.400187] (-) TimerEvent: {}
[0.500388] (-) TimerEvent: {}
[0.600591] (-) TimerEvent: {}
[0.700783] (-) TimerEvent: {}
[0.800970] (-) TimerEvent: {}
[0.901158] (-) TimerEvent: {}
[1.001342] (-) TimerEvent: {}
[1.101525] (-) TimerEvent: {}
[1.201731] (-) TimerEvent: {}
[1.273120] (cave_depth) Command: {'cmd': ['/usr/bin/python3', '-W', 'ignore:setup.py install is deprecated', '-W', 'ignore:easy_install command is deprecated', 'setup.py', 'egg_info', '--egg-base', '../../build/cave_depth', 'build', '--build-base', '/home/pi/CaveBot-ros/build/cave_depth/build', 'install', '--record', '/home/pi/CaveBot-ros/build/cave_depth/install.log', '--single-version-externally-managed', 'install_data'], 'cwd': '/home/pi/CaveBot-ros/src/cave_depth', 'env': {'LESSOPEN': '| /usr/bin/lesspipe %s', 'VSCODE_CWD': '/home/pi', 'VSCODE_ESM_ENTRYPOINT': 'vs/workbench/api/node/extensionHostProcess', 'USER': 'pi', 'SSH_CLIENT': '192.168.86.28 40366 22', 'VSCODE_NLS_CONFIG': '{"userLocale":"en","osLocale":"en","resolvedLanguage":"en","defaultMessagesFile":"/home/pi/.vscode-server/cli/servers/Stable-488a1f239235055e34e673291fb8d8c810886f81/server/out/nls.messages.json","locale":"en","availableLanguages":{}}', 'GZ_CONFIG_PATH': '/opt/ros/jazzy/opt/gz_sim_vendor/share/gz:/opt/ros/jazzy/opt/sdformat_vendor/share/gz:/opt/ros/jazzy/opt/gz_gui_vendor/share/gz:/opt/ros/jazzy/opt/gz_transport_vendor/share/gz:/opt/ros/jazzy/opt/gz_rendering_vendor/share/gz:/opt/ros/jazzy/opt/gz_plugin_vendor/share/gz:/opt/ros/jazzy/opt/gz_fuel_tools_vendor/share/gz:/opt/ros/jazzy/opt/gz_msgs_vendor/share/gz:/opt/ros/jazzy/opt/gz_common_vendor/share/gz', 'VSCODE_HANDLES_UNCAUGHT_ERRORS': 'true', 'XDG_SESSION_TYPE': 'tty', 'SHLVL': '1', 'LD_LIBRARY_PATH': '/home/pi/CaveBot-ros/install/stereo_image_proc/lib:/home/pi/CaveBot-ros/install/image_proc/lib:/home/pi/CaveBot-ros/install/camera_ros/lib:/home/pi/CaveBot-ros/install/tracetools_image_pipeline/lib:/home/pi/CaveBot-ros/install/libcamera/lib:/home/pi/CaveBot-ros/install/image_view/lib:/home/pi/CaveBot-ros/install/depthimage_to_laserscan/lib:/opt/ros/jazzy/opt/gz_sim_vendor/lib:/opt/ros/jazzy/opt/gz_sensors_vendor/lib:/opt/ros/jazzy/opt/gz_physics_vendor/lib:/opt/ros/jazzy/opt/sdformat_vendor/lib:/opt/ros/jazzy/opt/rviz_ogre_vendor/lib:/opt/ros/jazzy/lib/aarch64-linux-gnu:/opt/ros/jazzy/opt/gz_gui_vendor/lib:/opt/ros/jazzy/opt/gz_transport_vendor/lib:/opt/ros/jazzy/opt/gz_rendering_vendor/lib:/opt/ros/jazzy/opt/gz_plugin_vendor/lib:/opt/ros/jazzy/opt/gz_fuel_tools_vendor/lib:/opt/ros/jazzy/opt/gz_msgs_vendor/lib:/opt/ros/jazzy/opt/gz_common_vendor/lib:/opt/ros/jazzy/opt/gz_math_vendor/lib:/opt/ros/jazzy/opt/gz_utils_vendor/lib:/opt/ros/jazzy/opt/gz_tools_vendor/lib:/opt/ros/jazzy/opt/gz_ogre_next_vendor/lib:/opt/ros/jazzy/opt/gz_dartsim_vendor/lib:/opt/ros/jazzy/opt/gz_cmake_vendor/lib:/opt/ros/jazzy/lib', 'BROWSER': '/home/pi/.vscode-server/cli/servers/Stable-488a1f239235055e34e673291fb8d8c810886f81/server/bin/helpers/browser.sh', 'HOME': '/home/pi', 'NO_PROXY': '', 'VSCODE_IPC_HOOK_CLI': '/run/user/1000/vscode-ipc-a01cb777-84b6-47b2-98e0-b447237f26f1.sock', 'ROS_PYTHON_VERSION': '3', 'SSL_CERT_FILE': '/usr/lib/ssl/cert.pem', 'DBUS_SESSION_BUS_ADDRESS': 'unix:path=/run/user/1000/bus', 'DEBUGINFOD_URLS': 'https://debuginfod.ubuntu.com', 'APPLICATION_INSIGHTS_NO_STATSBEAT': 'true', 'ROS_DISTRO': 'jazzy', 'LOGNAME': 'pi', '_': '/usr/bin/colcon', 'VSCODE_HANDLES_SIGPIPE': 'true', 'ROS_VERSION': '2', 'XDG_SESSION_CLASS': 'user', 'PKG_CONFIG_PATH': '/home/pi/CaveBot-ros/install/libcamera/lib/pkgconfig', 'XDG_SESSION_ID': '7', 'VSCODE_CLI_REQUIRE_TOKEN': '8f186724-4acb-4055-9550-585b9b6d4e11', 'PATH': '/home/pi/CaveBot-ros/install/libcamera/bin:/home/pi/.vscode-server/cli/servers/Stable-488a1f239235055e34e673291fb8d8c810886f81/server/bin/remote-cli:/opt/ros/jazzy/opt/gz_msgs_vendor/bin:/opt/ros/jazzy/opt/gz_tools_vendor/bin:/opt/ros/jazzy/opt/gz_ogre_next_vendor/bin:/opt/ros/jazzy/bin:/usr/local/sbin:/usr/local/bin:/usr/sbin:/usr/bin:/sbin:/bin:/usr/games:/usr/local/games:/snap/bin', 'VSCODE_AGENT_FOLDER': '/home/pi/.vscode-server', 'EXPERIMENTAL_HTTP_PROXY_SUPPORT': 'true', 'XDG_RUNTIME_DIR': '/run/user/1000', 'SSL_CERT_DIR': '/usr/lib/ssl/certs', 'LANG': 'en_US.UTF-8', 'LS_COLORS': '', 'AMENT_PREFIX_PATH': '/home/pi/CaveBot-ros/install/stereo_image_proc:/home/pi/CaveBot-ros/install/image_proc:/home/pi/CaveBot-ros/install/camera_ros:/home/pi/CaveBot-ros/install/tracetools_image_pipeline:/home/pi/CaveBot-ros/install/image_view:/home/pi/CaveBot-ros/install/depthimage_to_laserscan:/opt/ros/jazzy', 'SHELL': '/bin/bash', '__TELEMETRY_CLIENT_ID': '9c6fb72c-6e0a-46a6-bd27-a9976886da31', 'ELECTRON_RUN_AS_NODE': '1', 'LESSCLOSE': '/usr/bin/lesspipe %s %s', 'ROS_AUTOMATIC_DISCOVERY_RANGE': 'SUBNET', 'PWD': '/home/pi/CaveBot-ros/build/cave_depth', 'LC_ALL': 'en_US.UTF-8', 'SSH_CONNECTION': '192.168.86.28 40366 192.168.86.214 22', 'XDG_DATA_DIRS': '/usr/share/gnome:/usr/local/share:/usr/share:/var/lib/snapd/desktop', 'PYTHONPATH': '/home/pi/CaveBot-ros/build/cave_depth/prefix_override:/usr/lib/python3/dist-packages/colcon_core/task/python/colcon_distutils_commands:/home/pi/CaveBot-ros/install/cave_depth/lib/python3.12/site-packages:/opt/ros/jazzy/lib/python3.12/site-packages', 'COLCON': '1', 'CMAKE_PREFIX_PATH': '/home/pi/CaveBot-ros/install/stereo_image_proc:/home/pi/CaveBot-ros/install/image_proc:/home/pi/CaveBot-ros/install/camera_ros:/home/pi/CaveBot-ros/install/tracetools_image_pipeline:/home/pi/CaveBot-ros/install/image_view:/home/pi/CaveBot-ros/install/depthimage_to_laserscan:/opt/ros/jazzy/opt/gz_sim_vendor:/opt/ros/jazzy/opt/gz_sensors_vendor:/opt/ros/jazzy/opt/gz_physics_vendor:/opt/ros/jazzy/opt/sdformat_vendor:/opt/ros/jazzy/opt/gz_gui_vendor:/opt/ros/jazzy/opt/gz_transport_vendor:/opt/ros/jazzy/opt/gz_rendering_vendor:/opt/ros/jazzy/opt/gz_plugin_vendor:/opt/ros/jazzy/opt/gz_fuel_tools_vendor:/opt/ros/jazzy/opt/gz_msgs_vendor:/opt/ros/jazzy/opt/gz_common_vendor:/opt/ros/jazzy/opt/gz_math_vendor:/opt/ros/jazzy/opt/gz_utils_vendor:/opt/ros/jazzy/opt/gz_tools_vendor:/opt/ros/jazzy/opt/gz_ogre_next_vendor:/opt/ros/jazzy/opt/gz_dartsim_vendor:/opt/ros/jazzy/opt/gz_cmake_vendor'}, 'shell': False}
[1.301821] (-) TimerEvent: {}
[1.401996] (-) TimerEvent: {}
[1.502176] (-) TimerEvent: {}
[1.602346] (-) TimerEvent: {}
[1.634683] (cave_depth) StdoutLine: {'line': b'running egg_info\n'}
[1.660637] (cave_depth) StdoutLine: {'line': b'writing ../../build/cave_depth/cave_depth.egg-info/PKG-INFO\n'}
[1.660999] (cave_depth) StdoutLine: {'line': b'writing dependency_links to ../../build/cave_depth/cave_depth.egg-info/dependency_links.txt\n'}
[1.663890] (cave_depth) StdoutLine: {'line': b'writing entry points to ../../build/cave_depth/cave_depth.egg-info/entry_points.txt\n'}
[1.666555] (cave_depth) StdoutLine: {'line': b'writing requirements to ../../build/cave_depth/cave_depth.egg-info/requires.txt\n'}
[1.669228] (cave_depth) StdoutLine: {'line': b'writing top-level names to ../../build/cave_depth/cave_depth.egg-info/top_level.txt\n'}
[1.702437] (-) TimerEvent: {}
[1.726883] (cave_depth) StdoutLine: {'line': b"reading manifest file '../../build/cave_depth/cave_depth.egg-info/SOURCES.txt'\n"}
[1.727866] (cave_depth) StdoutLine: {'line': b"writing manifest file '../../build/cave_depth/cave_depth.egg-info/SOURCES.txt'\n"}
[1.728071] (cave_depth) StdoutLine: {'line': b'running build\n'}
[1.728211] (cave_depth) StdoutLine: {'line': b'running build_py\n'}
[1.728516] (cave_depth) StdoutLine: {'line': b'running install\n'}
[1.737623] (cave_depth) StdoutLine: {'line': b'running install_lib\n'}
[1.764350] (cave_depth) StdoutLine: {'line': b'running install_data\n'}
[1.764529] (cave_depth) StdoutLine: {'line': b'running install_egg_info\n'}
[1.792845] (cave_depth) StdoutLine: {'line': b"removing '/home/pi/CaveBot-ros/install/cave_depth/lib/python3.12/site-packages/cave_depth-0.0.1-py3.12.egg-info' (and everything under it)\n"}
[1.793250] (cave_depth) StdoutLine: {'line': b'Copying ../../build/cave_depth/cave_depth.egg-info to /home/pi/CaveBot-ros/install/cave_depth/lib/python3.12/site-packages/cave_depth-0.0.1-py3.12.egg-info\n'}
[1.794413] (cave_depth) StdoutLine: {'line': b'running install_scripts\n'}
[1.802488] (-) TimerEvent: {}
[1.902609] (-) TimerEvent: {}
[1.976384] (cave_depth) StdoutLine: {'line': b'Installing hitnet_depth_node script to /home/pi/CaveBot-ros/install/cave_depth/lib/cave_depth\n'}
[1.976908] (cave_depth) StdoutLine: {'line': b"writing list of installed files to '/home/pi/CaveBot-ros/build/cave_depth/install.log'\n"}
[2.002708] (-) TimerEvent: {}
[2.065041] (cave_depth) CommandEnded: {'returncode': 0}
[2.094617] (cave_depth) JobEnded: {'identifier': 'cave_depth', 'rc': 0}
[2.097229] (-) EventReactorShutdown: {}
