[0.000000] (-) TimerEvent: {}
[0.000137] (-) JobUnselected: {'identifier': 'camera_calibration'}
[0.000300] (-) JobUnselected: {'identifier': 'camera_ros'}
[0.000324] (-) JobUnselected: {'identifier': 'costmap_queue'}
[0.000393] (-) JobUnselected: {'identifier': 'depth_image_proc'}
[0.000593] (-) JobUnselected: {'identifier': 'depthimage_to_laserscan'}
[0.000619] (-) JobUnselected: {'identifier': 'dwb_core'}
[0.000779] (-) JobUnselected: {'identifier': 'dwb_critics'}
[0.000797] (-) JobUnselected: {'identifier': 'dwb_msgs'}
[0.000814] (-) JobUnselected: {'identifier': 'dwb_plugins'}
[0.000832] (-) JobUnselected: {'identifier': 'image_pipeline'}
[0.000849] (-) JobUnselected: {'identifier': 'image_proc'}
[0.000867] (-) JobUnselected: {'identifier': 'image_publisher'}
[0.000884] (-) JobUnselected: {'identifier': 'image_rotate'}
[0.000901] (-) JobUnselected: {'identifier': 'image_view'}
[0.000918] (-) JobUnselected: {'identifier': 'libcamera'}
[0.000934] (-) JobUnselected: {'identifier': 'nav2_amcl'}
[0.000951] (-) JobUnselected: {'identifier': 'nav2_behavior_tree'}
[0.000968] (-) JobUnselected: {'identifier': 'nav2_behaviors'}
[0.000986] (-) JobUnselected: {'identifier': 'nav2_bringup'}
[0.001010] (-) JobUnselected: {'identifier': 'nav2_bt_navigator'}
[0.001197] (-) JobUnselected: {'identifier': 'nav2_collision_monitor'}
[0.001215] (-) JobUnselected: {'identifier': 'nav2_common'}
[0.001232] (-) JobUnselected: {'identifier': 'nav2_constrained_smoother'}
[0.001341] (-) JobUnselected: {'identifier': 'nav2_controller'}
[0.001359] (-) JobUnselected: {'identifier': 'nav2_core'}
[0.001377] (-) JobUnselected: {'identifier': 'nav2_costmap_2d'}
[0.001398] (-) JobUnselected: {'identifier': 'nav2_dwb_controller'}
[0.001416] (-) JobUnselected: {'identifier': 'nav2_graceful_controller'}
[0.001438] (-) JobUnselected: {'identifier': 'nav2_lifecycle_manager'}
[0.001475] (-) JobUnselected: {'identifier': 'nav2_loopback_sim'}
[0.001493] (-) JobUnselected: {'identifier': 'nav2_map_server'}
[0.001511] (-) JobUnselected: {'identifier': 'nav2_mppi_controller'}
[0.001529] (-) JobUnselected: {'identifier': 'nav2_msgs'}
[0.001547] (-) JobUnselected: {'identifier': 'nav2_navfn_planner'}
[0.001566] (-) JobUnselected: {'identifier': 'nav2_planner'}
[0.001583] (-) JobUnselected: {'identifier': 'nav2_regulated_pure_pursuit_controller'}
[0.001605] (-) JobUnselected: {'identifier': 'nav2_rotation_shim_controller'}
[0.001626] (-) JobUnselected: {'identifier': 'nav2_route'}
[0.001644] (-) JobUnselected: {'identifier': 'nav2_rviz_plugins'}
[0.001662] (-) JobUnselected: {'identifier': 'nav2_simple_commander'}
[0.001680] (-) JobUnselected: {'identifier': 'nav2_smac_planner'}
[0.001961] (-) JobUnselected: {'identifier': 'nav2_smoother'}
[0.001980] (-) JobUnselected: {'identifier': 'nav2_system_tests'}
[0.001997] (-) JobUnselected: {'identifier': 'nav2_theta_star_planner'}
[0.002079] (-) JobUnselected: {'identifier': 'nav2_util'}
[0.002098] (-) JobUnselected: {'identifier': 'nav2_velocity_smoother'}
[0.002115] (-) JobUnselected: {'identifier': 'nav2_voxel_grid'}
[0.002134] (-) JobUnselected: {'identifier': 'nav2_waypoint_follower'}
[0.002151] (-) JobUnselected: {'identifier': 'nav_2d_msgs'}
[0.002172] (-) JobUnselected: {'identifier': 'nav_2d_utils'}
[0.002190] (-) JobUnselected: {'identifier': 'navigation2'}
[0.002211] (-) JobUnselected: {'identifier': 'opennav_docking'}
[0.002229] (-) JobUnselected: {'identifier': 'opennav_docking_bt'}
[0.002246] (-) JobUnselected: {'identifier': 'opennav_docking_core'}
[0.002264] (-) JobUnselected: {'identifier': 'slam_toolbox'}
[0.002282] (-) JobUnselected: {'identifier': 'stereo_image_proc'}
[0.002309] (-) JobUnselected: {'identifier': 'tracetools_image_pipeline'}
[0.002331] (dualcam_launch) JobQueued: {'identifier': 'dualcam_launch', 'dependencies': OrderedDict({'depthimage_to_laserscan': '/home/pi/CaveBot-ros/install/depthimage_to_laserscan', 'image_view': '/home/pi/CaveBot-ros/install/image_view', 'libcamera': '/home/pi/CaveBot-ros/install/libcamera', 'tracetools_image_pipeline': '/home/pi/CaveBot-ros/install/tracetools_image_pipeline', 'camera_ros': '/home/pi/CaveBot-ros/install/camera_ros', 'image_proc': '/home/pi/CaveBot-ros/install/image_proc', 'stereo_image_proc': '/home/pi/CaveBot-ros/install/stereo_image_proc'})}
[0.002566] (dualcam_launch) JobStarted: {'identifier': 'dualcam_launch'}
[0.099028] (-) TimerEvent: {}
[0.199236] (-) TimerEvent: {}
[0.299449] (-) TimerEvent: {}
[0.399681] (-) TimerEvent: {}
[0.499871] (-) TimerEvent: {}
[0.600061] (-) TimerEvent: {}
[0.700254] (-) TimerEvent: {}
[0.800452] (-) TimerEvent: {}
[0.900643] (-) TimerEvent: {}
[1.000824] (-) TimerEvent: {}
[1.101027] (-) TimerEvent: {}
[1.182063] (dualcam_launch) Command: {'cmd': ['/usr/bin/python3', '-W', 'ignore:setup.py install is deprecated', '-W', 'ignore:easy_install command is deprecated', 'setup.py', 'egg_info', '--egg-base', '../../build/dualcam_launch', 'build', '--build-base', '/home/pi/CaveBot-ros/build/dualcam_launch/build', 'install', '--record', '/home/pi/CaveBot-ros/build/dualcam_launch/install.log', '--single-version-externally-managed', 'install_data'], 'cwd': '/home/pi/CaveBot-ros/src/dualcam_launch', 'env': {'LESSOPEN': '| /usr/bin/lesspipe %s', 'VSCODE_CWD': '/home/pi', 'VSCODE_ESM_ENTRYPOINT': 'vs/workbench/api/node/extensionHostProcess', 'USER': 'pi', 'SSH_CLIENT': '192.168.86.28 45058 22', 'VSCODE_NLS_CONFIG': '{"userLocale":"en","osLocale":"en","resolvedLanguage":"en","defaultMessagesFile":"/home/pi/.vscode-server/cli/servers/Stable-488a1f239235055e34e673291fb8d8c810886f81/server/out/nls.messages.json","locale":"en","availableLanguages":{}}', 'VSCODE_HANDLES_UNCAUGHT_ERRORS': 'true', 'XDG_SESSION_TYPE': 'tty', 'SHLVL': '1', 'LD_LIBRARY_PATH': '/home/pi/CaveBot-ros/install/stereo_image_proc/lib:/home/pi/CaveBot-ros/install/image_proc/lib:/home/pi/CaveBot-ros/install/camera_ros/lib:/home/pi/CaveBot-ros/install/tracetools_image_pipeline/lib:/home/pi/CaveBot-ros/install/libcamera/lib:/home/pi/CaveBot-ros/install/image_view/lib:/home/pi/CaveBot-ros/install/depthimage_to_laserscan/lib:/opt/ros/jazzy/opt/rviz_ogre_vendor/lib:/opt/ros/jazzy/lib/aarch64-linux-gnu:/opt/ros/jazzy/opt/gz_math_vendor/lib:/opt/ros/jazzy/opt/gz_utils_vendor/lib:/opt/ros/jazzy/opt/gz_cmake_vendor/lib:/opt/ros/jazzy/lib', 'BROWSER': '/home/pi/.vscode-server/cli/servers/Stable-488a1f239235055e34e673291fb8d8c810886f81/server/bin/helpers/browser.sh', 'HOME': '/home/pi', 'NO_PROXY': '', 'VSCODE_IPC_HOOK_CLI': '/run/user/1000/vscode-ipc-da2ee9b2-216e-4a64-9690-bbd06c8e3e77.sock', 'ROS_PYTHON_VERSION': '3', 'SSL_CERT_FILE': '/usr/lib/ssl/cert.pem', 'DBUS_SESSION_BUS_ADDRESS': 'unix:path=/run/user/1000/bus', 'DEBUGINFOD_URLS': 'https://debuginfod.ubuntu.com', 'APPLICATION_INSIGHTS_NO_STATSBEAT': 'true', 'ROS_DISTRO': 'jazzy', 'LOGNAME': 'pi', '_': '/usr/bin/colcon', 'VSCODE_HANDLES_SIGPIPE': 'true', 'ROS_VERSION': '2', 'XDG_SESSION_CLASS': 'user', 'PKG_CONFIG_PATH': '/home/pi/CaveBot-ros/install/libcamera/lib/pkgconfig', 'XDG_SESSION_ID': '39', 'VSCODE_CLI_REQUIRE_TOKEN': '10f9bf00-0713-437f-a05c-ddf85264545e', 'PATH': '/home/pi/CaveBot-ros/install/libcamera/bin:/home/pi/.vscode-server/cli/servers/Stable-488a1f239235055e34e673291fb8d8c810886f81/server/bin/remote-cli:/opt/ros/jazzy/bin:/usr/local/sbin:/usr/local/bin:/usr/sbin:/usr/bin:/sbin:/bin:/usr/games:/usr/local/games:/snap/bin', 'VSCODE_AGENT_FOLDER': '/home/pi/.vscode-server', 'EXPERIMENTAL_HTTP_PROXY_SUPPORT': 'true', 'XDG_RUNTIME_DIR': '/run/user/1000', 'SSL_CERT_DIR': '/usr/lib/ssl/certs', 'LANG': 'en_US.UTF-8', 'LS_COLORS': '', 'AMENT_PREFIX_PATH': '/home/pi/CaveBot-ros/install/stereo_image_proc:/home/pi/CaveBot-ros/install/image_proc:/home/pi/CaveBot-ros/install/camera_ros:/home/pi/CaveBot-ros/install/tracetools_image_pipeline:/home/pi/CaveBot-ros/install/image_view:/home/pi/CaveBot-ros/install/depthimage_to_laserscan:/opt/ros/jazzy', 'SHELL': '/bin/bash', '__TELEMETRY_CLIENT_ID': '9c6fb72c-6e0a-46a6-bd27-a9976886da31', 'ELECTRON_RUN_AS_NODE': '1', 'LESSCLOSE': '/usr/bin/lesspipe %s %s', 'ROS_AUTOMATIC_DISCOVERY_RANGE': 'SUBNET', 'PWD': '/home/pi/CaveBot-ros/build/dualcam_launch', 'LC_ALL': 'en_US.UTF-8', 'SSH_CONNECTION': '192.168.86.28 45058 192.168.86.214 22', 'XDG_DATA_DIRS': '/usr/share/gnome:/usr/local/share:/usr/share:/var/lib/snapd/desktop', 'PYTHONPATH': '/home/pi/CaveBot-ros/build/dualcam_launch/prefix_override:/usr/lib/python3/dist-packages/colcon_core/task/python/colcon_distutils_commands:/home/pi/CaveBot-ros/install/dualcam_launch/lib/python3.12/site-packages:/opt/ros/jazzy/lib/python3.12/site-packages', 'COLCON': '1', 'CMAKE_PREFIX_PATH': '/home/pi/CaveBot-ros/install/stereo_image_proc:/home/pi/CaveBot-ros/install/image_proc:/home/pi/CaveBot-ros/install/camera_ros:/home/pi/CaveBot-ros/install/tracetools_image_pipeline:/home/pi/CaveBot-ros/install/image_view:/home/pi/CaveBot-ros/install/depthimage_to_laserscan:/opt/ros/jazzy/opt/gz_math_vendor:/opt/ros/jazzy/opt/gz_utils_vendor:/opt/ros/jazzy/opt/gz_cmake_vendor'}, 'shell': False}
[1.201104] (-) TimerEvent: {}
[1.301277] (-) TimerEvent: {}
[1.401473] (-) TimerEvent: {}
[1.501662] (-) TimerEvent: {}
[1.539454] (dualcam_launch) StdoutLine: {'line': b'running egg_info\n'}
[1.564517] (dualcam_launch) StdoutLine: {'line': b'writing ../../build/dualcam_launch/dualcam_launch.egg-info/PKG-INFO\n'}
[1.564892] (dualcam_launch) StdoutLine: {'line': b'writing dependency_links to ../../build/dualcam_launch/dualcam_launch.egg-info/dependency_links.txt\n'}
[1.565792] (dualcam_launch) StdoutLine: {'line': b'writing entry points to ../../build/dualcam_launch/dualcam_launch.egg-info/entry_points.txt\n'}
[1.565980] (dualcam_launch) StdoutLine: {'line': b'writing requirements to ../../build/dualcam_launch/dualcam_launch.egg-info/requires.txt\n'}
[1.566365] (dualcam_launch) StdoutLine: {'line': b'writing top-level names to ../../build/dualcam_launch/dualcam_launch.egg-info/top_level.txt\n'}
[1.601727] (-) TimerEvent: {}
[1.617977] (dualcam_launch) StdoutLine: {'line': b"reading manifest file '../../build/dualcam_launch/dualcam_launch.egg-info/SOURCES.txt'\n"}
[1.618967] (dualcam_launch) StdoutLine: {'line': b"writing manifest file '../../build/dualcam_launch/dualcam_launch.egg-info/SOURCES.txt'\n"}
[1.619172] (dualcam_launch) StdoutLine: {'line': b'running build\n'}
[1.619312] (dualcam_launch) StdoutLine: {'line': b'running build_py\n'}
[1.619495] (dualcam_launch) StdoutLine: {'line': b'copying dualcam_launch/disparity_to_depth.py -> /home/pi/CaveBot-ros/build/dualcam_launch/build/lib/dualcam_launch\n'}
[1.619835] (dualcam_launch) StdoutLine: {'line': b'running install\n'}
[1.628983] (dualcam_launch) StdoutLine: {'line': b'running install_lib\n'}
[1.654361] (dualcam_launch) StdoutLine: {'line': b'copying /home/pi/CaveBot-ros/build/dualcam_launch/build/lib/dualcam_launch/disparity_to_depth.py -> /home/pi/CaveBot-ros/install/dualcam_launch/lib/python3.12/site-packages/dualcam_launch\n'}
[1.655149] (dualcam_launch) StdoutLine: {'line': b'byte-compiling /home/pi/CaveBot-ros/install/dualcam_launch/lib/python3.12/site-packages/dualcam_launch/disparity_to_depth.py to disparity_to_depth.cpython-312.pyc\n'}
[1.656009] (dualcam_launch) StdoutLine: {'line': b'running install_data\n'}
[1.656156] (dualcam_launch) StdoutLine: {'line': b'copying package.xml -> /home/pi/CaveBot-ros/install/dualcam_launch/share/dualcam_launch\n'}
[1.656429] (dualcam_launch) StdoutLine: {'line': b'copying launch/stereo_pipeline_viz.launch.py -> /home/pi/CaveBot-ros/install/dualcam_launch/share/dualcam_launch/launch\n'}
[1.656654] (dualcam_launch) StdoutLine: {'line': b'copying launch/stereo_pipeline.launch.py -> /home/pi/CaveBot-ros/install/dualcam_launch/share/dualcam_launch/launch\n'}
[1.656867] (dualcam_launch) StdoutLine: {'line': b'running install_egg_info\n'}
[1.684074] (dualcam_launch) StdoutLine: {'line': b"removing '/home/pi/CaveBot-ros/install/dualcam_launch/lib/python3.12/site-packages/dualcam_launch-0.0.1-py3.12.egg-info' (and everything under it)\n"}
[1.684469] (dualcam_launch) StdoutLine: {'line': b'Copying ../../build/dualcam_launch/dualcam_launch.egg-info to /home/pi/CaveBot-ros/install/dualcam_launch/lib/python3.12/site-packages/dualcam_launch-0.0.1-py3.12.egg-info\n'}
[1.685765] (dualcam_launch) StdoutLine: {'line': b'running install_scripts\n'}
[1.701803] (-) TimerEvent: {}
[1.801950] (-) TimerEvent: {}
[1.867212] (dualcam_launch) StdoutLine: {'line': b'Installing disparity_to_depth script to /home/pi/CaveBot-ros/install/dualcam_launch/lib/dualcam_launch\n'}
[1.867798] (dualcam_launch) StdoutLine: {'line': b"writing list of installed files to '/home/pi/CaveBot-ros/build/dualcam_launch/install.log'\n"}
[1.902062] (-) TimerEvent: {}
[1.940470] (dualcam_launch) CommandEnded: {'returncode': 0}
[1.954631] (dualcam_launch) JobEnded: {'identifier': 'dualcam_launch', 'rc': 0}
[1.955470] (-) EventReactorShutdown: {}
