[0.027s] Invoking command in '/home/pi/CaveBot-ros/build/nav2_common': CMAKE_PREFIX_PATH=${CMAKE_PREFIX_PATH}:/opt/ros/jazzy DEBUGINFOD_URLS=https://debuginfod.ubuntu.com /usr/bin/cmake --build /home/pi/CaveBot-ros/build/nav2_common -- -j4 -l4
[0.190s] Built target ament_cmake_python_symlink_nav2_common
[0.769s] running egg_info
[0.817s] writing nav2_common.egg-info/PKG-INFO
[0.818s] writing dependency_links to nav2_common.egg-info/dependency_links.txt
[0.822s] writing top-level names to nav2_common.egg-info/top_level.txt
[1.016s] reading manifest file 'nav2_common.egg-info/SOURCES.txt'
[1.017s] writing manifest file 'nav2_common.egg-info/SOURCES.txt'
[1.149s] Built target ament_cmake_python_build_nav2_common_egg
[1.177s] Invoked command in '/home/pi/CaveBot-ros/build/nav2_common' returned '0': CMAKE_PREFIX_PATH=${CMAKE_PREFIX_PATH}:/opt/ros/jazzy DEBUGINFOD_URLS=https://debuginfod.ubuntu.com /usr/bin/cmake --build /home/pi/CaveBot-ros/build/nav2_common -- -j4 -l4
[1.181s] Invoking command in '/home/pi/CaveBot-ros/build/nav2_common': CMAKE_PREFIX_PATH=${CMAKE_PREFIX_PATH}:/opt/ros/jazzy DEBUGINFOD_URLS=https://debuginfod.ubuntu.com /usr/bin/cmake --install /home/pi/CaveBot-ros/build/nav2_common
[1.198s] -- Install configuration: ""
[1.198s] -- Execute custom install script
[1.198s] -- Up-to-date symlink: /home/pi/CaveBot-ros/install/nav2_common/share/nav2_common/environment/pythonpath.sh
[1.198s] -- Up-to-date symlink: /home/pi/CaveBot-ros/install/nav2_common/share/nav2_common/environment/pythonpath.dsv
[1.200s] -- Up-to-date symlink: /home/pi/CaveBot-ros/install/nav2_common/lib/python3.12/site-packages/nav2_common-1.3.10-py3.12.egg-info/PKG-INFO
[1.200s] -- Up-to-date symlink: /home/pi/CaveBot-ros/install/nav2_common/lib/python3.12/site-packages/nav2_common-1.3.10-py3.12.egg-info/SOURCES.txt
[1.200s] -- Up-to-date symlink: /home/pi/CaveBot-ros/install/nav2_common/lib/python3.12/site-packages/nav2_common-1.3.10-py3.12.egg-info/dependency_links.txt
[1.200s] -- Up-to-date symlink: /home/pi/CaveBot-ros/install/nav2_common/lib/python3.12/site-packages/nav2_common-1.3.10-py3.12.egg-info/top_level.txt
[1.205s] -- Up-to-date symlink: /home/pi/CaveBot-ros/install/nav2_common/lib/python3.12/site-packages/nav2_common/__init__.py
[1.206s] -- Up-to-date symlink: /home/pi/CaveBot-ros/install/nav2_common/lib/python3.12/site-packages/nav2_common/launch/__init__.py
[1.206s] -- Up-to-date symlink: /home/pi/CaveBot-ros/install/nav2_common/lib/python3.12/site-packages/nav2_common/launch/has_node_params.py
[1.206s] -- Up-to-date symlink: /home/pi/CaveBot-ros/install/nav2_common/lib/python3.12/site-packages/nav2_common/launch/parse_multirobot_pose.py
[1.206s] -- Up-to-date symlink: /home/pi/CaveBot-ros/install/nav2_common/lib/python3.12/site-packages/nav2_common/launch/replace_string.py
[1.206s] -- Up-to-date symlink: /home/pi/CaveBot-ros/install/nav2_common/lib/python3.12/site-packages/nav2_common/launch/rewritten_yaml.py
[1.206s] -- Up-to-date symlink: /home/pi/CaveBot-ros/install/nav2_common/share/ament_index/resource_index/package_run_dependencies/nav2_common
[1.207s] -- Up-to-date symlink: /home/pi/CaveBot-ros/install/nav2_common/share/ament_index/resource_index/parent_prefix_path/nav2_common
[1.207s] -- Up-to-date symlink: /home/pi/CaveBot-ros/install/nav2_common/share/nav2_common/environment/ament_prefix_path.sh
[1.210s] -- Up-to-date symlink: /home/pi/CaveBot-ros/install/nav2_common/share/nav2_common/environment/ament_prefix_path.dsv
[1.210s] -- Up-to-date symlink: /home/pi/CaveBot-ros/install/nav2_common/share/nav2_common/environment/path.sh
[1.210s] -- Up-to-date symlink: /home/pi/CaveBot-ros/install/nav2_common/share/nav2_common/environment/path.dsv
[1.210s] -- Up-to-date symlink: /home/pi/CaveBot-ros/install/nav2_common/share/nav2_common/local_setup.bash
[1.210s] -- Up-to-date symlink: /home/pi/CaveBot-ros/install/nav2_common/share/nav2_common/local_setup.sh
[1.210s] -- Up-to-date symlink: /home/pi/CaveBot-ros/install/nav2_common/share/nav2_common/local_setup.zsh
[1.211s] -- Up-to-date symlink: /home/pi/CaveBot-ros/install/nav2_common/share/nav2_common/local_setup.dsv
[1.211s] -- Symlinking: /home/pi/CaveBot-ros/install/nav2_common/share/nav2_common/package.dsv
[1.231s] -- Up-to-date symlink: /home/pi/CaveBot-ros/install/nav2_common/share/ament_index/resource_index/packages/nav2_common
[1.232s] -- Up-to-date symlink: /home/pi/CaveBot-ros/install/nav2_common/share/nav2_common/cmake/nav2_common-extras.cmake
[1.232s] -- Up-to-date symlink: /home/pi/CaveBot-ros/install/nav2_common/share/nav2_common/cmake/nav2_commonConfig.cmake
[1.232s] -- Up-to-date symlink: /home/pi/CaveBot-ros/install/nav2_common/share/nav2_common/cmake/nav2_commonConfig-version.cmake
[1.234s] -- Up-to-date symlink: /home/pi/CaveBot-ros/install/nav2_common/share/nav2_common/package.xml
[1.235s] -- Up-to-date symlink: /home/pi/CaveBot-ros/install/nav2_common/share/nav2_common/cmake/nav2_package.cmake
[1.312s] Listing '/home/pi/CaveBot-ros/install/nav2_common/lib/python3.12/site-packages/nav2_common'...
[1.312s] Listing '/home/pi/CaveBot-ros/install/nav2_common/lib/python3.12/site-packages/nav2_common/launch'...
[1.340s] Invoked command in '/home/pi/CaveBot-ros/build/nav2_common' returned '0': CMAKE_PREFIX_PATH=${CMAKE_PREFIX_PATH}:/opt/ros/jazzy DEBUGINFOD_URLS=https://debuginfod.ubuntu.com /usr/bin/cmake --install /home/pi/CaveBot-ros/build/nav2_common
