-- The C compiler identification is GNU 13.3.0
-- The CXX compiler identification is GNU 13.3.0
-- Detecting C compiler ABI info
-- Detecting C compiler ABI info - done
-- Check for working C compiler: /usr/bin/cc - skipped
-- Detecting C compile features
-- Detecting C compile features - done
-- Detecting CXX compiler ABI info
-- Detecting CXX compiler ABI info - done
-- Check for working CXX compiler: /usr/bin/c++ - skipped
-- Detecting CXX compile features
-- Detecting CXX compile features - done
-- Found ament_cmake_auto: 2.5.4 (/opt/ros/jazzy/share/ament_cmake_auto/cmake)
-- Found Python3: /usr/bin/python3 (found version "3.12.3") found components: Interpreter 
-- Override CMake install command with custom implementation using symlinks instead of copying resources
-- Found rosidl_generator_c: 4.6.6 (/opt/ros/jazzy/share/rosidl_generator_c/cmake)
-- Found rosidl_generator_cpp: 4.6.6 (/opt/ros/jazzy/share/rosidl_generator_cpp/cmake)
-- Using all available rosidl_typesupport_c: rosidl_typesupport_fastrtps_c;rosidl_typesupport_introspection_c
-- Using all available rosidl_typesupport_cpp: rosidl_typesupport_fastrtps_cpp;rosidl_typesupport_introspection_cpp
-- Found rmw_implementation_cmake: 7.3.2 (/opt/ros/jazzy/share/rmw_implementation_cmake/cmake)
-- Found rmw_fastrtps_cpp: 8.4.3 (/opt/ros/jazzy/share/rmw_fastrtps_cpp/cmake)
-- Found OpenSSL: /usr/lib/aarch64-linux-gnu/libcrypto.so (found version "3.0.13")  
-- Found FastRTPS: /opt/ros/jazzy/include (Required is at least version "2.13") 
-- Using RMW implementation 'rmw_fastrtps_cpp' as default
-- Setting yaml-cpp_DIR to: '/opt/ros/jazzy/share/yaml_cpp_vendor/cmake/../../../opt/yaml_cpp_vendor/share/cmake/yaml-cpp'
-- Found eigen3_cmake_module: 0.3.0 (/opt/ros/jazzy/share/eigen3_cmake_module/cmake)
-- Found Eigen3: TRUE (found version "3.4.0") 
-- Ensuring Eigen3 include directory is part of orocos-kdl CMake target
-- Found OpenCV: /usr (found version "4.6.0") 
-- Found ament_lint_auto: 0.17.3 (/opt/ros/jazzy/share/ament_lint_auto/cmake)
-- Found python_cmake_module: 0.11.1 (/opt/ros/jazzy/share/python_cmake_module/cmake)
-- Found PythonExtra: /usr/bin/python3  
-- Added test 'copyright' to check source files copyright and LICENSE
-- Added test 'cppcheck' to perform static code analysis on C / C++ code
-- Configured cppcheck include dirs: /home/pi/CaveBot-ros/src/image_pipeline/stereo_image_proc/include
-- Configured cppcheck exclude dirs and/or files: 
-- Added test 'cpplint' to check C / C++ code against the Google style
-- Configured cpplint exclude dirs and/or files: 
-- Added test 'flake8' to check Python code syntax and style conventions
-- Configured 'flake8' exclude dirs and/or files: 
-- Added test 'lint_cmake' to check CMake code style
-- Added test 'pep257' to check Python code against some of the docstring style conventions in PEP 257
-- Added test 'uncrustify' to check C / C++ code style
-- Configured uncrustify additional arguments: 
-- Added test 'xmllint' to check XML markup files
-- Configuring done (6.9s)
-- Generating done (0.1s)
-- Build files have been written to: /home/pi/CaveBot-ros/build/stereo_image_proc
[ 12%] Building CXX object CMakeFiles/stereo_image_proc.dir/src/stereo_image_proc/stereo_processor.cpp.o
[ 25%] Building CXX object CMakeFiles/stereo_image_proc.dir/src/stereo_image_proc/disparity_node.cpp.o
[ 37%] Building CXX object CMakeFiles/stereo_image_proc.dir/src/stereo_image_proc/point_cloud_node.cpp.o
[ 50%] Linking CXX shared library libstereo_image_proc.so
[ 50%] Built target stereo_image_proc
[ 62%] Building CXX object CMakeFiles/point_cloud_node.dir/rclcpp_components/node_main_point_cloud_node.cpp.o
[ 75%] Linking CXX executable point_cloud_node
[ 75%] Built target point_cloud_node
[ 87%] Building CXX object CMakeFiles/disparity_node.dir/rclcpp_components/node_main_disparity_node.cpp.o
[100%] Linking CXX executable disparity_node
[100%] Built target disparity_node
-- Install configuration: ""
-- Execute custom install script
-- Symlinking: /home/pi/CaveBot-ros/install/stereo_image_proc/lib/stereo_image_proc/disparity_node
-- Symlinking: /home/pi/CaveBot-ros/install/stereo_image_proc/lib/stereo_image_proc/point_cloud_node
-- Symlinking: /home/pi/CaveBot-ros/install/stereo_image_proc/include/stereo_image_proc/stereo_processor.hpp
-- Symlinking: /home/pi/CaveBot-ros/install/stereo_image_proc/share/stereo_image_proc/environment/library_path.sh
-- Symlinking: /home/pi/CaveBot-ros/install/stereo_image_proc/share/stereo_image_proc/environment/library_path.dsv
-- Symlinking: /home/pi/CaveBot-ros/install/stereo_image_proc/lib/libstereo_image_proc.so
-- Symlinking: /home/pi/CaveBot-ros/install/stereo_image_proc/share/stereo_image_proc/launch/stereo_image_proc.launch.py
-- Symlinking: /home/pi/CaveBot-ros/install/stereo_image_proc/share/ament_index/resource_index/package_run_dependencies/stereo_image_proc
-- Symlinking: /home/pi/CaveBot-ros/install/stereo_image_proc/share/ament_index/resource_index/parent_prefix_path/stereo_image_proc
-- Symlinking: /home/pi/CaveBot-ros/install/stereo_image_proc/share/stereo_image_proc/environment/ament_prefix_path.sh
-- Symlinking: /home/pi/CaveBot-ros/install/stereo_image_proc/share/stereo_image_proc/environment/ament_prefix_path.dsv
-- Symlinking: /home/pi/CaveBot-ros/install/stereo_image_proc/share/stereo_image_proc/environment/path.sh
-- Symlinking: /home/pi/CaveBot-ros/install/stereo_image_proc/share/stereo_image_proc/environment/path.dsv
-- Symlinking: /home/pi/CaveBot-ros/install/stereo_image_proc/share/stereo_image_proc/local_setup.bash
-- Symlinking: /home/pi/CaveBot-ros/install/stereo_image_proc/share/stereo_image_proc/local_setup.sh
-- Symlinking: /home/pi/CaveBot-ros/install/stereo_image_proc/share/stereo_image_proc/local_setup.zsh
-- Symlinking: /home/pi/CaveBot-ros/install/stereo_image_proc/share/stereo_image_proc/local_setup.dsv
-- Symlinking: /home/pi/CaveBot-ros/install/stereo_image_proc/share/stereo_image_proc/package.dsv
-- Symlinking: /home/pi/CaveBot-ros/install/stereo_image_proc/share/ament_index/resource_index/packages/stereo_image_proc
-- Symlinking: /home/pi/CaveBot-ros/install/stereo_image_proc/share/ament_index/resource_index/rclcpp_components/stereo_image_proc
-- Symlinking: /home/pi/CaveBot-ros/install/stereo_image_proc/share/stereo_image_proc/cmake/ament_cmake_export_dependencies-extras.cmake
-- Symlinking: /home/pi/CaveBot-ros/install/stereo_image_proc/share/stereo_image_proc/cmake/ament_cmake_export_include_directories-extras.cmake
-- Symlinking: /home/pi/CaveBot-ros/install/stereo_image_proc/share/stereo_image_proc/cmake/ament_cmake_export_libraries-extras.cmake
-- Symlinking: /home/pi/CaveBot-ros/install/stereo_image_proc/share/stereo_image_proc/cmake/stereo_image_procConfig.cmake
-- Symlinking: /home/pi/CaveBot-ros/install/stereo_image_proc/share/stereo_image_proc/cmake/stereo_image_procConfig-version.cmake
-- Symlinking: /home/pi/CaveBot-ros/install/stereo_image_proc/share/stereo_image_proc/package.xml
