[0.108s] Invoking command in '/home/pi/CaveBot-ros/build/image_pipeline': AMENT_PREFIX_PATH=/home/pi/CaveBot-ros/install/stereo_image_proc:/home/pi/CaveBot-ros/install/depth_image_proc:/home/pi/CaveBot-ros/install/image_proc:/home/pi/CaveBot-ros/install/tracetools_image_pipeline:/home/pi/CaveBot-ros/install/image_view:/home/pi/CaveBot-ros/install/image_rotate:/home/pi/CaveBot-ros/install/image_publisher:/home/pi/CaveBot-ros/install/camera_calibration:${AMENT_PREFIX_PATH} CMAKE_PREFIX_PATH=/home/pi/CaveBot-ros/install/stereo_image_proc:/home/pi/CaveBot-ros/install/depth_image_proc:/home/pi/CaveBot-ros/install/image_proc:/home/pi/CaveBot-ros/install/tracetools_image_pipeline:/home/pi/CaveBot-ros/install/image_view:/home/pi/CaveBot-ros/install/image_rotate:/home/pi/CaveBot-ros/install/image_publisher:/opt/ros/jazzy/opt/gz_math_vendor:/opt/ros/jazzy/opt/gz_utils_vendor:/opt/ros/jazzy/opt/gz_cmake_vendor:/opt/ros/jazzy DEBUGINFOD_URLS=https://debuginfod.ubuntu.com LD_LIBRARY_PATH=/home/pi/CaveBot-ros/install/stereo_image_proc/lib:/home/pi/CaveBot-ros/install/depth_image_proc/lib:/home/pi/CaveBot-ros/install/image_proc/lib:/home/pi/CaveBot-ros/install/tracetools_image_pipeline/lib:/home/pi/CaveBot-ros/install/image_view/lib:/home/pi/CaveBot-ros/install/image_rotate/lib:/home/pi/CaveBot-ros/install/image_publisher/lib:${LD_LIBRARY_PATH} PYTHONPATH=/home/pi/CaveBot-ros/build/camera_calibration/src:/home/pi/CaveBot-ros/install/camera_calibration/lib/python3.12/site-packages:${PYTHONPATH} /usr/bin/cmake /home/pi/CaveBot-ros/src/image_pipeline/image_pipeline -DAMENT_CMAKE_SYMLINK_INSTALL=1 -DCMAKE_INSTALL_PREFIX=/home/pi/CaveBot-ros/install/image_pipeline
[0.291s] -- The C compiler identification is GNU 13.3.0
[0.462s] -- The CXX compiler identification is GNU 13.3.0
[0.522s] -- Detecting C compiler ABI info
[0.826s] -- Detecting C compiler ABI info - done
[0.858s] -- Check for working C compiler: /usr/bin/cc - skipped
[0.859s] -- Detecting C compile features
[0.863s] -- Detecting C compile features - done
[0.887s] -- Detecting CXX compiler ABI info
[1.222s] -- Detecting CXX compiler ABI info - done
[1.270s] -- Check for working CXX compiler: /usr/bin/c++ - skipped
[1.271s] -- Detecting CXX compile features
[1.271s] -- Detecting CXX compile features - done
[1.283s] -- Found ament_cmake: 2.5.4 (/opt/ros/jazzy/share/ament_cmake/cmake)
[1.729s] -- Found Python3: /usr/bin/python3 (found version "3.12.3") found components: Interpreter 
[1.984s] -- Override CMake install command with custom implementation using symlinks instead of copying resources
[2.075s] -- Found ament_lint_auto: 0.17.3 (/opt/ros/jazzy/share/ament_lint_auto/cmake)
[2.412s] -- Added test 'lint_cmake' to check CMake code style
[2.416s] -- Added test 'xmllint' to check XML markup files
[2.430s] -- Configuring done (2.3s)
[2.454s] -- Generating done (0.0s)
[2.462s] -- Build files have been written to: /home/pi/CaveBot-ros/build/image_pipeline
[2.487s] Invoked command in '/home/pi/CaveBot-ros/build/image_pipeline' returned '0': AMENT_PREFIX_PATH=/home/pi/CaveBot-ros/install/stereo_image_proc:/home/pi/CaveBot-ros/install/depth_image_proc:/home/pi/CaveBot-ros/install/image_proc:/home/pi/CaveBot-ros/install/tracetools_image_pipeline:/home/pi/CaveBot-ros/install/image_view:/home/pi/CaveBot-ros/install/image_rotate:/home/pi/CaveBot-ros/install/image_publisher:/home/pi/CaveBot-ros/install/camera_calibration:${AMENT_PREFIX_PATH} CMAKE_PREFIX_PATH=/home/pi/CaveBot-ros/install/stereo_image_proc:/home/pi/CaveBot-ros/install/depth_image_proc:/home/pi/CaveBot-ros/install/image_proc:/home/pi/CaveBot-ros/install/tracetools_image_pipeline:/home/pi/CaveBot-ros/install/image_view:/home/pi/CaveBot-ros/install/image_rotate:/home/pi/CaveBot-ros/install/image_publisher:/opt/ros/jazzy/opt/gz_math_vendor:/opt/ros/jazzy/opt/gz_utils_vendor:/opt/ros/jazzy/opt/gz_cmake_vendor:/opt/ros/jazzy DEBUGINFOD_URLS=https://debuginfod.ubuntu.com LD_LIBRARY_PATH=/home/pi/CaveBot-ros/install/stereo_image_proc/lib:/home/pi/CaveBot-ros/install/depth_image_proc/lib:/home/pi/CaveBot-ros/install/image_proc/lib:/home/pi/CaveBot-ros/install/tracetools_image_pipeline/lib:/home/pi/CaveBot-ros/install/image_view/lib:/home/pi/CaveBot-ros/install/image_rotate/lib:/home/pi/CaveBot-ros/install/image_publisher/lib:${LD_LIBRARY_PATH} PYTHONPATH=/home/pi/CaveBot-ros/build/camera_calibration/src:/home/pi/CaveBot-ros/install/camera_calibration/lib/python3.12/site-packages:${PYTHONPATH} /usr/bin/cmake /home/pi/CaveBot-ros/src/image_pipeline/image_pipeline -DAMENT_CMAKE_SYMLINK_INSTALL=1 -DCMAKE_INSTALL_PREFIX=/home/pi/CaveBot-ros/install/image_pipeline
[2.488s] Invoking command in '/home/pi/CaveBot-ros/build/image_pipeline': AMENT_PREFIX_PATH=/home/pi/CaveBot-ros/install/stereo_image_proc:/home/pi/CaveBot-ros/install/depth_image_proc:/home/pi/CaveBot-ros/install/image_proc:/home/pi/CaveBot-ros/install/tracetools_image_pipeline:/home/pi/CaveBot-ros/install/image_view:/home/pi/CaveBot-ros/install/image_rotate:/home/pi/CaveBot-ros/install/image_publisher:/home/pi/CaveBot-ros/install/camera_calibration:${AMENT_PREFIX_PATH} CMAKE_PREFIX_PATH=/home/pi/CaveBot-ros/install/stereo_image_proc:/home/pi/CaveBot-ros/install/depth_image_proc:/home/pi/CaveBot-ros/install/image_proc:/home/pi/CaveBot-ros/install/tracetools_image_pipeline:/home/pi/CaveBot-ros/install/image_view:/home/pi/CaveBot-ros/install/image_rotate:/home/pi/CaveBot-ros/install/image_publisher:/opt/ros/jazzy/opt/gz_math_vendor:/opt/ros/jazzy/opt/gz_utils_vendor:/opt/ros/jazzy/opt/gz_cmake_vendor:/opt/ros/jazzy DEBUGINFOD_URLS=https://debuginfod.ubuntu.com LD_LIBRARY_PATH=/home/pi/CaveBot-ros/install/stereo_image_proc/lib:/home/pi/CaveBot-ros/install/depth_image_proc/lib:/home/pi/CaveBot-ros/install/image_proc/lib:/home/pi/CaveBot-ros/install/tracetools_image_pipeline/lib:/home/pi/CaveBot-ros/install/image_view/lib:/home/pi/CaveBot-ros/install/image_rotate/lib:/home/pi/CaveBot-ros/install/image_publisher/lib:${LD_LIBRARY_PATH} PYTHONPATH=/home/pi/CaveBot-ros/build/camera_calibration/src:/home/pi/CaveBot-ros/install/camera_calibration/lib/python3.12/site-packages:${PYTHONPATH} /usr/bin/cmake --build /home/pi/CaveBot-ros/build/image_pipeline -- -j4 -l4
[2.586s] Invoked command in '/home/pi/CaveBot-ros/build/image_pipeline' returned '0': AMENT_PREFIX_PATH=/home/pi/CaveBot-ros/install/stereo_image_proc:/home/pi/CaveBot-ros/install/depth_image_proc:/home/pi/CaveBot-ros/install/image_proc:/home/pi/CaveBot-ros/install/tracetools_image_pipeline:/home/pi/CaveBot-ros/install/image_view:/home/pi/CaveBot-ros/install/image_rotate:/home/pi/CaveBot-ros/install/image_publisher:/home/pi/CaveBot-ros/install/camera_calibration:${AMENT_PREFIX_PATH} CMAKE_PREFIX_PATH=/home/pi/CaveBot-ros/install/stereo_image_proc:/home/pi/CaveBot-ros/install/depth_image_proc:/home/pi/CaveBot-ros/install/image_proc:/home/pi/CaveBot-ros/install/tracetools_image_pipeline:/home/pi/CaveBot-ros/install/image_view:/home/pi/CaveBot-ros/install/image_rotate:/home/pi/CaveBot-ros/install/image_publisher:/opt/ros/jazzy/opt/gz_math_vendor:/opt/ros/jazzy/opt/gz_utils_vendor:/opt/ros/jazzy/opt/gz_cmake_vendor:/opt/ros/jazzy DEBUGINFOD_URLS=https://debuginfod.ubuntu.com LD_LIBRARY_PATH=/home/pi/CaveBot-ros/install/stereo_image_proc/lib:/home/pi/CaveBot-ros/install/depth_image_proc/lib:/home/pi/CaveBot-ros/install/image_proc/lib:/home/pi/CaveBot-ros/install/tracetools_image_pipeline/lib:/home/pi/CaveBot-ros/install/image_view/lib:/home/pi/CaveBot-ros/install/image_rotate/lib:/home/pi/CaveBot-ros/install/image_publisher/lib:${LD_LIBRARY_PATH} PYTHONPATH=/home/pi/CaveBot-ros/build/camera_calibration/src:/home/pi/CaveBot-ros/install/camera_calibration/lib/python3.12/site-packages:${PYTHONPATH} /usr/bin/cmake --build /home/pi/CaveBot-ros/build/image_pipeline -- -j4 -l4
[2.591s] Invoking command in '/home/pi/CaveBot-ros/build/image_pipeline': AMENT_PREFIX_PATH=/home/pi/CaveBot-ros/install/stereo_image_proc:/home/pi/CaveBot-ros/install/depth_image_proc:/home/pi/CaveBot-ros/install/image_proc:/home/pi/CaveBot-ros/install/tracetools_image_pipeline:/home/pi/CaveBot-ros/install/image_view:/home/pi/CaveBot-ros/install/image_rotate:/home/pi/CaveBot-ros/install/image_publisher:/home/pi/CaveBot-ros/install/camera_calibration:${AMENT_PREFIX_PATH} CMAKE_PREFIX_PATH=/home/pi/CaveBot-ros/install/stereo_image_proc:/home/pi/CaveBot-ros/install/depth_image_proc:/home/pi/CaveBot-ros/install/image_proc:/home/pi/CaveBot-ros/install/tracetools_image_pipeline:/home/pi/CaveBot-ros/install/image_view:/home/pi/CaveBot-ros/install/image_rotate:/home/pi/CaveBot-ros/install/image_publisher:/opt/ros/jazzy/opt/gz_math_vendor:/opt/ros/jazzy/opt/gz_utils_vendor:/opt/ros/jazzy/opt/gz_cmake_vendor:/opt/ros/jazzy DEBUGINFOD_URLS=https://debuginfod.ubuntu.com LD_LIBRARY_PATH=/home/pi/CaveBot-ros/install/stereo_image_proc/lib:/home/pi/CaveBot-ros/install/depth_image_proc/lib:/home/pi/CaveBot-ros/install/image_proc/lib:/home/pi/CaveBot-ros/install/tracetools_image_pipeline/lib:/home/pi/CaveBot-ros/install/image_view/lib:/home/pi/CaveBot-ros/install/image_rotate/lib:/home/pi/CaveBot-ros/install/image_publisher/lib:${LD_LIBRARY_PATH} PYTHONPATH=/home/pi/CaveBot-ros/build/camera_calibration/src:/home/pi/CaveBot-ros/install/camera_calibration/lib/python3.12/site-packages:${PYTHONPATH} /usr/bin/cmake --install /home/pi/CaveBot-ros/build/image_pipeline
[2.611s] -- Install configuration: ""
[2.615s] -- Execute custom install script
[2.619s] -- Symlinking: /home/pi/CaveBot-ros/install/image_pipeline/share/ament_index/resource_index/package_run_dependencies/image_pipeline
[2.652s] -- Symlinking: /home/pi/CaveBot-ros/install/image_pipeline/share/ament_index/resource_index/parent_prefix_path/image_pipeline
[2.687s] -- Symlinking: /home/pi/CaveBot-ros/install/image_pipeline/share/image_pipeline/environment/ament_prefix_path.sh
[2.720s] -- Symlinking: /home/pi/CaveBot-ros/install/image_pipeline/share/image_pipeline/environment/ament_prefix_path.dsv
[2.754s] -- Symlinking: /home/pi/CaveBot-ros/install/image_pipeline/share/image_pipeline/environment/path.sh
[2.786s] -- Symlinking: /home/pi/CaveBot-ros/install/image_pipeline/share/image_pipeline/environment/path.dsv
[2.809s] -- Symlinking: /home/pi/CaveBot-ros/install/image_pipeline/share/image_pipeline/local_setup.bash
[2.841s] -- Symlinking: /home/pi/CaveBot-ros/install/image_pipeline/share/image_pipeline/local_setup.sh
[2.874s] -- Symlinking: /home/pi/CaveBot-ros/install/image_pipeline/share/image_pipeline/local_setup.zsh
[2.909s] -- Symlinking: /home/pi/CaveBot-ros/install/image_pipeline/share/image_pipeline/local_setup.dsv
[2.941s] -- Symlinking: /home/pi/CaveBot-ros/install/image_pipeline/share/image_pipeline/package.dsv
[2.977s] -- Symlinking: /home/pi/CaveBot-ros/install/image_pipeline/share/ament_index/resource_index/packages/image_pipeline
[3.010s] -- Symlinking: /home/pi/CaveBot-ros/install/image_pipeline/share/image_pipeline/cmake/image_pipelineConfig.cmake
[3.038s] -- Symlinking: /home/pi/CaveBot-ros/install/image_pipeline/share/image_pipeline/cmake/image_pipelineConfig-version.cmake
[3.068s] -- Symlinking: /home/pi/CaveBot-ros/install/image_pipeline/share/image_pipeline/package.xml
[3.101s] Invoked command in '/home/pi/CaveBot-ros/build/image_pipeline' returned '0': AMENT_PREFIX_PATH=/home/pi/CaveBot-ros/install/stereo_image_proc:/home/pi/CaveBot-ros/install/depth_image_proc:/home/pi/CaveBot-ros/install/image_proc:/home/pi/CaveBot-ros/install/tracetools_image_pipeline:/home/pi/CaveBot-ros/install/image_view:/home/pi/CaveBot-ros/install/image_rotate:/home/pi/CaveBot-ros/install/image_publisher:/home/pi/CaveBot-ros/install/camera_calibration:${AMENT_PREFIX_PATH} CMAKE_PREFIX_PATH=/home/pi/CaveBot-ros/install/stereo_image_proc:/home/pi/CaveBot-ros/install/depth_image_proc:/home/pi/CaveBot-ros/install/image_proc:/home/pi/CaveBot-ros/install/tracetools_image_pipeline:/home/pi/CaveBot-ros/install/image_view:/home/pi/CaveBot-ros/install/image_rotate:/home/pi/CaveBot-ros/install/image_publisher:/opt/ros/jazzy/opt/gz_math_vendor:/opt/ros/jazzy/opt/gz_utils_vendor:/opt/ros/jazzy/opt/gz_cmake_vendor:/opt/ros/jazzy DEBUGINFOD_URLS=https://debuginfod.ubuntu.com LD_LIBRARY_PATH=/home/pi/CaveBot-ros/install/stereo_image_proc/lib:/home/pi/CaveBot-ros/install/depth_image_proc/lib:/home/pi/CaveBot-ros/install/image_proc/lib:/home/pi/CaveBot-ros/install/tracetools_image_pipeline/lib:/home/pi/CaveBot-ros/install/image_view/lib:/home/pi/CaveBot-ros/install/image_rotate/lib:/home/pi/CaveBot-ros/install/image_publisher/lib:${LD_LIBRARY_PATH} PYTHONPATH=/home/pi/CaveBot-ros/build/camera_calibration/src:/home/pi/CaveBot-ros/install/camera_calibration/lib/python3.12/site-packages:${PYTHONPATH} /usr/bin/cmake --install /home/pi/CaveBot-ros/build/image_pipeline
