[0.022s] Invoking command in '/home/pi/CaveBot-ros/build/nav2_voxel_grid': AMENT_PREFIX_PATH=/home/pi/CaveBot-ros/install/nav2_common:${AMENT_PREFIX_PATH} CMAKE_PREFIX_PATH=/home/pi/CaveBot-ros/install/nav2_common:/opt/ros/jazzy/opt/gz_math_vendor:/opt/ros/jazzy/opt/gz_utils_vendor:/opt/ros/jazzy/opt/gz_cmake_vendor:/opt/ros/jazzy DEBUGINFOD_URLS=https://debuginfod.ubuntu.com PYTHONPATH=/home/pi/CaveBot-ros/install/nav2_common/lib/python3.12/site-packages:${PYTHONPATH} /usr/bin/cmake /home/pi/CaveBot-ros/src/navigation2/nav2_voxel_grid -DAMENT_CMAKE_SYMLINK_INSTALL=1 -DCMAKE_INSTALL_PREFIX=/home/pi/CaveBot-ros/install/nav2_voxel_grid
[0.150s] -- The C compiler identification is GNU 13.3.0
[0.303s] -- The CXX compiler identification is GNU 13.3.0
[0.338s] -- Detecting C compiler ABI info
[0.639s] -- Detecting C compiler ABI info - done
[0.691s] -- Check for working C compiler: /usr/bin/cc - skipped
[0.691s] -- Detecting C compile features
[0.691s] -- Detecting C compile features - done
[0.737s] -- Detecting CXX compiler ABI info
[1.247s] -- Detecting CXX compiler ABI info - done
[1.305s] -- Check for working CXX compiler: /usr/bin/c++ - skipped
[1.305s] -- Detecting CXX compile features
[1.305s] -- Detecting CXX compile features - done
[1.315s] -- Found ament_cmake: 2.5.4 (/opt/ros/jazzy/share/ament_cmake/cmake)
[2.150s] -- Found Python3: /usr/bin/python3 (found version "3.12.3") found components: Interpreter 
[2.566s] -- Override CMake install command with custom implementation using symlinks instead of copying resources
[2.725s] -- Found nav2_common: 1.3.10 (/home/pi/CaveBot-ros/install/nav2_common/share/nav2_common/cmake)
[2.731s] -- Found rclcpp: 28.1.12 (/opt/ros/jazzy/share/rclcpp/cmake)
[2.900s] -- Found rosidl_generator_c: 4.6.6 (/opt/ros/jazzy/share/rosidl_generator_c/cmake)
[2.958s] -- Found rosidl_generator_cpp: 4.6.6 (/opt/ros/jazzy/share/rosidl_generator_cpp/cmake)
[3.035s] -- Using all available rosidl_typesupport_c: rosidl_typesupport_fastrtps_c;rosidl_typesupport_introspection_c
[3.118s] -- Using all available rosidl_typesupport_cpp: rosidl_typesupport_fastrtps_cpp;rosidl_typesupport_introspection_cpp
[3.450s] -- Found rmw_implementation_cmake: 7.3.2 (/opt/ros/jazzy/share/rmw_implementation_cmake/cmake)
[3.459s] -- Found rmw_fastrtps_cpp: 8.4.3 (/opt/ros/jazzy/share/rmw_fastrtps_cpp/cmake)
[3.865s] -- Found OpenSSL: /usr/lib/aarch64-linux-gnu/libcrypto.so (found version "3.0.13")  
[3.943s] -- Found FastRTPS: /opt/ros/jazzy/include (Required is at least version "2.13") 
[4.128s] -- Using RMW implementation 'rmw_fastrtps_cpp' as default
[4.453s] -- Setting build type to Release as none was specified.
[4.466s] -- Found ament_lint_auto: 0.17.3 (/opt/ros/jazzy/share/ament_lint_auto/cmake)
[5.280s] -- Found gtest sources under '/opt/ros/jazzy/src/gtest_vendor': C++ tests using 'Google Test' will be built
[5.299s] -- Performing Test CMAKE_HAVE_LIBC_PTHREAD
[5.678s] -- Performing Test CMAKE_HAVE_LIBC_PTHREAD - Success
[5.681s] -- Found Threads: TRUE  
[5.731s] -- Added test 'cppcheck' to perform static code analysis on C / C++ code
[5.737s] -- Configured cppcheck include dirs: /home/pi/CaveBot-ros/src/navigation2/nav2_voxel_grid/include
[5.737s] -- Configured cppcheck exclude dirs and/or files: 
[5.738s] -- Added test 'cpplint' to check C / C++ code against the Google style
[5.738s] -- Configured cpplint exclude dirs and/or files: 
[5.741s] -- Added test 'lint_cmake' to check CMake code style
[5.749s] -- Added test 'uncrustify' to check C / C++ code style
[5.749s] -- Configured uncrustify additional arguments: 
[5.749s] -- Added test 'xmllint' to check XML markup files
[5.770s] -- Configuring done (5.7s)
[5.856s] -- Generating done (0.1s)
[5.872s] -- Build files have been written to: /home/pi/CaveBot-ros/build/nav2_voxel_grid
[5.920s] Invoked command in '/home/pi/CaveBot-ros/build/nav2_voxel_grid' returned '0': AMENT_PREFIX_PATH=/home/pi/CaveBot-ros/install/nav2_common:${AMENT_PREFIX_PATH} CMAKE_PREFIX_PATH=/home/pi/CaveBot-ros/install/nav2_common:/opt/ros/jazzy/opt/gz_math_vendor:/opt/ros/jazzy/opt/gz_utils_vendor:/opt/ros/jazzy/opt/gz_cmake_vendor:/opt/ros/jazzy DEBUGINFOD_URLS=https://debuginfod.ubuntu.com PYTHONPATH=/home/pi/CaveBot-ros/install/nav2_common/lib/python3.12/site-packages:${PYTHONPATH} /usr/bin/cmake /home/pi/CaveBot-ros/src/navigation2/nav2_voxel_grid -DAMENT_CMAKE_SYMLINK_INSTALL=1 -DCMAKE_INSTALL_PREFIX=/home/pi/CaveBot-ros/install/nav2_voxel_grid
[5.921s] Invoking command in '/home/pi/CaveBot-ros/build/nav2_voxel_grid': AMENT_PREFIX_PATH=/home/pi/CaveBot-ros/install/nav2_common:${AMENT_PREFIX_PATH} CMAKE_PREFIX_PATH=/home/pi/CaveBot-ros/install/nav2_common:/opt/ros/jazzy/opt/gz_math_vendor:/opt/ros/jazzy/opt/gz_utils_vendor:/opt/ros/jazzy/opt/gz_cmake_vendor:/opt/ros/jazzy DEBUGINFOD_URLS=https://debuginfod.ubuntu.com PYTHONPATH=/home/pi/CaveBot-ros/install/nav2_common/lib/python3.12/site-packages:${PYTHONPATH} /usr/bin/cmake --build /home/pi/CaveBot-ros/build/nav2_voxel_grid -- -j4 -l4
[6.147s] [ 10%] Building CXX object gtest/CMakeFiles/gtest.dir/src/gtest-all.cc.o
[6.181s] [ 20%] Building CXX object CMakeFiles/voxel_grid.dir/src/voxel_grid.cpp.o
[6.191s] [ 30%] Building CXX object gtest/CMakeFiles/gtest_main.dir/src/gtest_main.cc.o
[11.190s] [ 40%] Linking CXX static library libgtest_main.a
[11.376s] [ 40%] Built target gtest_main
[24.124s] [ 50%] Linking CXX shared library libvoxel_grid.so
[25.081s] [ 50%] Built target voxel_grid
[43.107s] [ 60%] Linking CXX static library libgtest.a
[43.254s] [ 60%] Built target gtest
[43.302s] [ 70%] Building CXX object test/CMakeFiles/voxel_grid_tests.dir/voxel_grid_tests.cpp.o
[51.682s] [ 80%] Linking CXX executable voxel_grid_tests
[52.004s] [ 80%] Built target voxel_grid_tests
[52.058s] [ 90%] Building CXX object test/CMakeFiles/voxel_grid_bresenham_3d.dir/voxel_grid_bresenham_3d.cpp.o
[60.980s] [100%] Linking CXX executable voxel_grid_bresenham_3d
[61.515s] [100%] Built target voxel_grid_bresenham_3d
[61.549s] Invoked command in '/home/pi/CaveBot-ros/build/nav2_voxel_grid' returned '0': AMENT_PREFIX_PATH=/home/pi/CaveBot-ros/install/nav2_common:${AMENT_PREFIX_PATH} CMAKE_PREFIX_PATH=/home/pi/CaveBot-ros/install/nav2_common:/opt/ros/jazzy/opt/gz_math_vendor:/opt/ros/jazzy/opt/gz_utils_vendor:/opt/ros/jazzy/opt/gz_cmake_vendor:/opt/ros/jazzy DEBUGINFOD_URLS=https://debuginfod.ubuntu.com PYTHONPATH=/home/pi/CaveBot-ros/install/nav2_common/lib/python3.12/site-packages:${PYTHONPATH} /usr/bin/cmake --build /home/pi/CaveBot-ros/build/nav2_voxel_grid -- -j4 -l4
[61.552s] Invoking command in '/home/pi/CaveBot-ros/build/nav2_voxel_grid': AMENT_PREFIX_PATH=/home/pi/CaveBot-ros/install/nav2_common:${AMENT_PREFIX_PATH} CMAKE_PREFIX_PATH=/home/pi/CaveBot-ros/install/nav2_common:/opt/ros/jazzy/opt/gz_math_vendor:/opt/ros/jazzy/opt/gz_utils_vendor:/opt/ros/jazzy/opt/gz_cmake_vendor:/opt/ros/jazzy DEBUGINFOD_URLS=https://debuginfod.ubuntu.com PYTHONPATH=/home/pi/CaveBot-ros/install/nav2_common/lib/python3.12/site-packages:${PYTHONPATH} /usr/bin/cmake --install /home/pi/CaveBot-ros/build/nav2_voxel_grid
[61.581s] -- Install configuration: "Release"
[61.584s] -- Execute custom install script
[61.588s] -- Symlinking: /home/pi/CaveBot-ros/install/nav2_voxel_grid/lib/libvoxel_grid.so
[61.616s] -- Symlinking: /home/pi/CaveBot-ros/install/nav2_voxel_grid/include/nav2_voxel_grid/voxel_grid.hpp
[61.641s] -- Symlinking: /home/pi/CaveBot-ros/install/nav2_voxel_grid/share/nav2_voxel_grid/environment/library_path.sh
[61.668s] -- Symlinking: /home/pi/CaveBot-ros/install/nav2_voxel_grid/share/nav2_voxel_grid/environment/library_path.dsv
[61.699s] -- Symlinking: /home/pi/CaveBot-ros/install/nav2_voxel_grid/share/ament_index/resource_index/package_run_dependencies/nav2_voxel_grid
[61.731s] -- Symlinking: /home/pi/CaveBot-ros/install/nav2_voxel_grid/share/ament_index/resource_index/parent_prefix_path/nav2_voxel_grid
[61.760s] -- Symlinking: /home/pi/CaveBot-ros/install/nav2_voxel_grid/share/nav2_voxel_grid/environment/ament_prefix_path.sh
[61.789s] -- Symlinking: /home/pi/CaveBot-ros/install/nav2_voxel_grid/share/nav2_voxel_grid/environment/ament_prefix_path.dsv
[61.821s] -- Symlinking: /home/pi/CaveBot-ros/install/nav2_voxel_grid/share/nav2_voxel_grid/environment/path.sh
[61.850s] -- Symlinking: /home/pi/CaveBot-ros/install/nav2_voxel_grid/share/nav2_voxel_grid/environment/path.dsv
[61.885s] -- Symlinking: /home/pi/CaveBot-ros/install/nav2_voxel_grid/share/nav2_voxel_grid/local_setup.bash
[61.918s] -- Symlinking: /home/pi/CaveBot-ros/install/nav2_voxel_grid/share/nav2_voxel_grid/local_setup.sh
[61.952s] -- Symlinking: /home/pi/CaveBot-ros/install/nav2_voxel_grid/share/nav2_voxel_grid/local_setup.zsh
[61.988s] -- Symlinking: /home/pi/CaveBot-ros/install/nav2_voxel_grid/share/nav2_voxel_grid/local_setup.dsv
[62.018s] -- Symlinking: /home/pi/CaveBot-ros/install/nav2_voxel_grid/share/nav2_voxel_grid/package.dsv
[62.046s] -- Symlinking: /home/pi/CaveBot-ros/install/nav2_voxel_grid/share/ament_index/resource_index/packages/nav2_voxel_grid
[62.081s] -- Symlinking: /home/pi/CaveBot-ros/install/nav2_voxel_grid/share/nav2_voxel_grid/cmake/ament_cmake_export_dependencies-extras.cmake
[62.109s] -- Symlinking: /home/pi/CaveBot-ros/install/nav2_voxel_grid/share/nav2_voxel_grid/cmake/ament_cmake_export_include_directories-extras.cmake
[62.139s] -- Symlinking: /home/pi/CaveBot-ros/install/nav2_voxel_grid/share/nav2_voxel_grid/cmake/ament_cmake_export_libraries-extras.cmake
[62.175s] -- Symlinking: /home/pi/CaveBot-ros/install/nav2_voxel_grid/share/nav2_voxel_grid/cmake/nav2_voxel_gridConfig.cmake
[62.219s] -- Symlinking: /home/pi/CaveBot-ros/install/nav2_voxel_grid/share/nav2_voxel_grid/cmake/nav2_voxel_gridConfig-version.cmake
[62.255s] -- Symlinking: /home/pi/CaveBot-ros/install/nav2_voxel_grid/share/nav2_voxel_grid/package.xml
[62.301s] Invoked command in '/home/pi/CaveBot-ros/build/nav2_voxel_grid' returned '0': AMENT_PREFIX_PATH=/home/pi/CaveBot-ros/install/nav2_common:${AMENT_PREFIX_PATH} CMAKE_PREFIX_PATH=/home/pi/CaveBot-ros/install/nav2_common:/opt/ros/jazzy/opt/gz_math_vendor:/opt/ros/jazzy/opt/gz_utils_vendor:/opt/ros/jazzy/opt/gz_cmake_vendor:/opt/ros/jazzy DEBUGINFOD_URLS=https://debuginfod.ubuntu.com PYTHONPATH=/home/pi/CaveBot-ros/install/nav2_common/lib/python3.12/site-packages:${PYTHONPATH} /usr/bin/cmake --install /home/pi/CaveBot-ros/build/nav2_voxel_grid
