[0.090s] Invoking command in '/home/pi/CaveBot-ros/build/nav2_lifecycle_manager': AMENT_PREFIX_PATH=/home/pi/CaveBot-ros/install/nav2_util:/home/pi/CaveBot-ros/install/nav2_msgs:/home/pi/CaveBot-ros/install/nav2_common:${AMENT_PREFIX_PATH} CMAKE_PREFIX_PATH=/home/pi/CaveBot-ros/install/nav2_util:/home/pi/CaveBot-ros/install/nav2_msgs:/home/pi/CaveBot-ros/install/nav2_common:/opt/ros/jazzy/opt/gz_math_vendor:/opt/ros/jazzy/opt/gz_utils_vendor:/opt/ros/jazzy/opt/gz_cmake_vendor:/opt/ros/jazzy DEBUGINFOD_URLS=https://debuginfod.ubuntu.com LD_LIBRARY_PATH=/home/pi/CaveBot-ros/install/nav2_util/lib:/home/pi/CaveBot-ros/install/nav2_msgs/lib:${LD_LIBRARY_PATH} PYTHONPATH=/home/pi/CaveBot-ros/install/nav2_msgs/lib/python3.12/site-packages:/home/pi/CaveBot-ros/install/nav2_common/lib/python3.12/site-packages:${PYTHONPATH} /usr/bin/cmake /home/pi/CaveBot-ros/src/navigation2/nav2_lifecycle_manager -DAMENT_CMAKE_SYMLINK_INSTALL=1 -DCMAKE_INSTALL_PREFIX=/home/pi/CaveBot-ros/install/nav2_lifecycle_manager
[0.797s] -- The C compiler identification is GNU 13.3.0
[1.186s] -- The CXX compiler identification is GNU 13.3.0
[1.320s] -- Detecting C compiler ABI info
[1.960s] -- Detecting C compiler ABI info - done
[2.013s] -- Check for working C compiler: /usr/bin/cc - skipped
[2.018s] -- Detecting C compile features
[2.018s] -- Detecting C compile features - done
[2.073s] -- Detecting CXX compiler ABI info
[2.702s] -- Detecting CXX compiler ABI info - done
[2.761s] -- Check for working CXX compiler: /usr/bin/c++ - skipped
[2.763s] -- Detecting CXX compile features
[2.770s] -- Detecting CXX compile features - done
[2.784s] -- Found ament_cmake: 2.5.4 (/opt/ros/jazzy/share/ament_cmake/cmake)
[3.744s] -- Found Python3: /usr/bin/python3 (found version "3.12.3") found components: Interpreter 
[4.230s] -- Override CMake install command with custom implementation using symlinks instead of copying resources
[4.528s] -- Found geometry_msgs: 5.3.6 (/opt/ros/jazzy/share/geometry_msgs/cmake)
[4.762s] -- Found rosidl_generator_c: 4.6.6 (/opt/ros/jazzy/share/rosidl_generator_c/cmake)
[4.866s] -- Found rosidl_generator_cpp: 4.6.6 (/opt/ros/jazzy/share/rosidl_generator_cpp/cmake)
[4.950s] -- Using all available rosidl_typesupport_c: rosidl_typesupport_fastrtps_c;rosidl_typesupport_introspection_c
[5.062s] -- Using all available rosidl_typesupport_cpp: rosidl_typesupport_fastrtps_cpp;rosidl_typesupport_introspection_cpp
[5.299s] -- Found lifecycle_msgs: 2.0.3 (/opt/ros/jazzy/share/lifecycle_msgs/cmake)
[5.490s] -- Found nav2_common: 1.3.10 (/home/pi/CaveBot-ros/install/nav2_common/share/nav2_common/cmake)
[5.494s] -- Found nav2_msgs: 1.3.10 (/home/pi/CaveBot-ros/install/nav2_msgs/share/nav2_msgs/cmake)
[6.097s] -- Found nav2_util: 1.3.10 (/home/pi/CaveBot-ros/install/nav2_util/share/nav2_util/cmake)
[6.265s] -- Found rmw_implementation_cmake: 7.3.2 (/opt/ros/jazzy/share/rmw_implementation_cmake/cmake)
[6.285s] -- Found rmw_fastrtps_cpp: 8.4.3 (/opt/ros/jazzy/share/rmw_fastrtps_cpp/cmake)
[6.648s] -- Found OpenSSL: /usr/lib/aarch64-linux-gnu/libcrypto.so (found version "3.0.13")  
[6.694s] -- Found FastRTPS: /opt/ros/jazzy/include (Required is at least version "2.13") 
[6.812s] -- Using RMW implementation 'rmw_fastrtps_cpp' as default
[7.287s] -- Found eigen3_cmake_module: 0.3.0 (/opt/ros/jazzy/share/eigen3_cmake_module/cmake)
[7.291s] -- Found Eigen3: TRUE (found version "3.4.0") 
[7.291s] -- Ensuring Eigen3 include directory is part of orocos-kdl CMake target
[7.646s] -- Found std_srvs: 5.3.6 (/opt/ros/jazzy/share/std_srvs/cmake)
[7.704s] -- Found diagnostic_updater: 4.2.6 (/opt/ros/jazzy/share/diagnostic_updater/cmake)
[7.887s] -- Setting build type to Release as none was specified.
[7.951s] -- Found ament_lint_auto: 0.17.3 (/opt/ros/jazzy/share/ament_lint_auto/cmake)
[8.479s] -- Found gtest sources under '/opt/ros/jazzy/src/gtest_vendor': C++ tests using 'Google Test' will be built
[8.490s] -- Performing Test CMAKE_HAVE_LIBC_PTHREAD
[8.855s] -- Performing Test CMAKE_HAVE_LIBC_PTHREAD - Success
[8.865s] -- Found Threads: TRUE  
[8.959s] -- Added test 'copyright' to check source files copyright and LICENSE
[8.972s] -- Added test 'cppcheck' to perform static code analysis on C / C++ code
[8.973s] -- Configured cppcheck include dirs: /home/pi/CaveBot-ros/src/navigation2/nav2_lifecycle_manager/include
[8.973s] -- Configured cppcheck exclude dirs and/or files: 
[8.977s] -- Added test 'cpplint' to check C / C++ code against the Google style
[8.980s] -- Configured cpplint exclude dirs and/or files: 
[8.980s] -- Added test 'flake8' to check Python code syntax and style conventions
[8.980s] -- Configured 'flake8' exclude dirs and/or files: 
[8.986s] -- Added test 'lint_cmake' to check CMake code style
[8.987s] -- Added test 'pep257' to check Python code against some of the docstring style conventions in PEP 257
[8.994s] -- Added test 'uncrustify' to check C / C++ code style
[8.994s] -- Configured uncrustify additional arguments: 
[8.998s] -- Added test 'xmllint' to check XML markup files
[9.016s] -- Configuring done (8.9s)
[9.234s] -- Generating done (0.2s)
[9.337s] -- Build files have been written to: /home/pi/CaveBot-ros/build/nav2_lifecycle_manager
[9.686s] Invoked command in '/home/pi/CaveBot-ros/build/nav2_lifecycle_manager' returned '0': AMENT_PREFIX_PATH=/home/pi/CaveBot-ros/install/nav2_util:/home/pi/CaveBot-ros/install/nav2_msgs:/home/pi/CaveBot-ros/install/nav2_common:${AMENT_PREFIX_PATH} CMAKE_PREFIX_PATH=/home/pi/CaveBot-ros/install/nav2_util:/home/pi/CaveBot-ros/install/nav2_msgs:/home/pi/CaveBot-ros/install/nav2_common:/opt/ros/jazzy/opt/gz_math_vendor:/opt/ros/jazzy/opt/gz_utils_vendor:/opt/ros/jazzy/opt/gz_cmake_vendor:/opt/ros/jazzy DEBUGINFOD_URLS=https://debuginfod.ubuntu.com LD_LIBRARY_PATH=/home/pi/CaveBot-ros/install/nav2_util/lib:/home/pi/CaveBot-ros/install/nav2_msgs/lib:${LD_LIBRARY_PATH} PYTHONPATH=/home/pi/CaveBot-ros/install/nav2_msgs/lib/python3.12/site-packages:/home/pi/CaveBot-ros/install/nav2_common/lib/python3.12/site-packages:${PYTHONPATH} /usr/bin/cmake /home/pi/CaveBot-ros/src/navigation2/nav2_lifecycle_manager -DAMENT_CMAKE_SYMLINK_INSTALL=1 -DCMAKE_INSTALL_PREFIX=/home/pi/CaveBot-ros/install/nav2_lifecycle_manager
[9.691s] Invoking command in '/home/pi/CaveBot-ros/build/nav2_lifecycle_manager': AMENT_PREFIX_PATH=/home/pi/CaveBot-ros/install/nav2_util:/home/pi/CaveBot-ros/install/nav2_msgs:/home/pi/CaveBot-ros/install/nav2_common:${AMENT_PREFIX_PATH} CMAKE_PREFIX_PATH=/home/pi/CaveBot-ros/install/nav2_util:/home/pi/CaveBot-ros/install/nav2_msgs:/home/pi/CaveBot-ros/install/nav2_common:/opt/ros/jazzy/opt/gz_math_vendor:/opt/ros/jazzy/opt/gz_utils_vendor:/opt/ros/jazzy/opt/gz_cmake_vendor:/opt/ros/jazzy DEBUGINFOD_URLS=https://debuginfod.ubuntu.com LD_LIBRARY_PATH=/home/pi/CaveBot-ros/install/nav2_util/lib:/home/pi/CaveBot-ros/install/nav2_msgs/lib:${LD_LIBRARY_PATH} PYTHONPATH=/home/pi/CaveBot-ros/install/nav2_msgs/lib/python3.12/site-packages:/home/pi/CaveBot-ros/install/nav2_common/lib/python3.12/site-packages:${PYTHONPATH} /usr/bin/cmake --build /home/pi/CaveBot-ros/build/nav2_lifecycle_manager -- -j4 -l4
[9.959s] [  7%] Building CXX object CMakeFiles/nav2_lifecycle_manager_core.dir/src/lifecycle_manager.cpp.o
[39.948s] [ 15%] Building CXX object CMakeFiles/nav2_lifecycle_manager_core.dir/src/lifecycle_manager_client.cpp.o
[58.153s] [ 23%] Linking CXX shared library libnav2_lifecycle_manager_core.so
[58.950s] [ 23%] Built target nav2_lifecycle_manager_core
[59.016s] [ 30%] Building CXX object gtest/CMakeFiles/gtest.dir/src/gtest-all.cc.o
[85.123s] [ 38%] Linking CXX static library libgtest.a
[85.287s] [ 38%] Built target gtest
[85.343s] [ 46%] Building CXX object CMakeFiles/lifecycle_manager.dir/src/main.cpp.o
[95.655s] [ 53%] Linking CXX executable lifecycle_manager
[96.216s] [ 53%] Built target lifecycle_manager
[96.271s] [ 61%] Building CXX object gtest/CMakeFiles/gtest_main.dir/src/gtest_main.cc.o
[98.870s] [ 69%] Linking CXX static library libgtest_main.a
[98.965s] [ 69%] Built target gtest_main
[99.024s] [ 76%] Building CXX object test/CMakeFiles/test_lifecycle_gtest.dir/test_lifecycle_manager.cpp.o
[114.427s] [ 84%] Linking CXX executable test_lifecycle_gtest
[115.227s] [ 84%] Built target test_lifecycle_gtest
[115.294s] [ 92%] Building CXX object test/CMakeFiles/test_bond_gtest.dir/test_bond.cpp.o
[129.722s] [100%] Linking CXX executable test_bond_gtest
[130.530s] [100%] Built target test_bond_gtest
[130.561s] Invoked command in '/home/pi/CaveBot-ros/build/nav2_lifecycle_manager' returned '0': AMENT_PREFIX_PATH=/home/pi/CaveBot-ros/install/nav2_util:/home/pi/CaveBot-ros/install/nav2_msgs:/home/pi/CaveBot-ros/install/nav2_common:${AMENT_PREFIX_PATH} CMAKE_PREFIX_PATH=/home/pi/CaveBot-ros/install/nav2_util:/home/pi/CaveBot-ros/install/nav2_msgs:/home/pi/CaveBot-ros/install/nav2_common:/opt/ros/jazzy/opt/gz_math_vendor:/opt/ros/jazzy/opt/gz_utils_vendor:/opt/ros/jazzy/opt/gz_cmake_vendor:/opt/ros/jazzy DEBUGINFOD_URLS=https://debuginfod.ubuntu.com LD_LIBRARY_PATH=/home/pi/CaveBot-ros/install/nav2_util/lib:/home/pi/CaveBot-ros/install/nav2_msgs/lib:${LD_LIBRARY_PATH} PYTHONPATH=/home/pi/CaveBot-ros/install/nav2_msgs/lib/python3.12/site-packages:/home/pi/CaveBot-ros/install/nav2_common/lib/python3.12/site-packages:${PYTHONPATH} /usr/bin/cmake --build /home/pi/CaveBot-ros/build/nav2_lifecycle_manager -- -j4 -l4
[130.561s] Invoking command in '/home/pi/CaveBot-ros/build/nav2_lifecycle_manager': AMENT_PREFIX_PATH=/home/pi/CaveBot-ros/install/nav2_util:/home/pi/CaveBot-ros/install/nav2_msgs:/home/pi/CaveBot-ros/install/nav2_common:${AMENT_PREFIX_PATH} CMAKE_PREFIX_PATH=/home/pi/CaveBot-ros/install/nav2_util:/home/pi/CaveBot-ros/install/nav2_msgs:/home/pi/CaveBot-ros/install/nav2_common:/opt/ros/jazzy/opt/gz_math_vendor:/opt/ros/jazzy/opt/gz_utils_vendor:/opt/ros/jazzy/opt/gz_cmake_vendor:/opt/ros/jazzy DEBUGINFOD_URLS=https://debuginfod.ubuntu.com LD_LIBRARY_PATH=/home/pi/CaveBot-ros/install/nav2_util/lib:/home/pi/CaveBot-ros/install/nav2_msgs/lib:${LD_LIBRARY_PATH} PYTHONPATH=/home/pi/CaveBot-ros/install/nav2_msgs/lib/python3.12/site-packages:/home/pi/CaveBot-ros/install/nav2_common/lib/python3.12/site-packages:${PYTHONPATH} /usr/bin/cmake --install /home/pi/CaveBot-ros/build/nav2_lifecycle_manager
[130.583s] -- Install configuration: "Release"
[130.585s] -- Execute custom install script
[130.588s] -- Symlinking: /home/pi/CaveBot-ros/install/nav2_lifecycle_manager/lib/libnav2_lifecycle_manager_core.so
[130.615s] -- Symlinking: /home/pi/CaveBot-ros/install/nav2_lifecycle_manager/lib/nav2_lifecycle_manager/lifecycle_manager
[130.643s] -- Symlinking: /home/pi/CaveBot-ros/install/nav2_lifecycle_manager/include//nav2_lifecycle_manager/lifecycle_manager.hpp
[130.672s] -- Symlinking: /home/pi/CaveBot-ros/install/nav2_lifecycle_manager/include//nav2_lifecycle_manager/lifecycle_manager_client.hpp
[130.705s] -- Symlinking: /home/pi/CaveBot-ros/install/nav2_lifecycle_manager/share/nav2_lifecycle_manager/environment/library_path.sh
[130.735s] -- Symlinking: /home/pi/CaveBot-ros/install/nav2_lifecycle_manager/share/nav2_lifecycle_manager/environment/library_path.dsv
[130.768s] -- Symlinking: /home/pi/CaveBot-ros/install/nav2_lifecycle_manager/share/ament_index/resource_index/package_run_dependencies/nav2_lifecycle_manager
[130.799s] -- Symlinking: /home/pi/CaveBot-ros/install/nav2_lifecycle_manager/share/ament_index/resource_index/parent_prefix_path/nav2_lifecycle_manager
[130.830s] -- Symlinking: /home/pi/CaveBot-ros/install/nav2_lifecycle_manager/share/nav2_lifecycle_manager/environment/ament_prefix_path.sh
[130.858s] -- Symlinking: /home/pi/CaveBot-ros/install/nav2_lifecycle_manager/share/nav2_lifecycle_manager/environment/ament_prefix_path.dsv
[130.888s] -- Symlinking: /home/pi/CaveBot-ros/install/nav2_lifecycle_manager/share/nav2_lifecycle_manager/environment/path.sh
[130.920s] -- Symlinking: /home/pi/CaveBot-ros/install/nav2_lifecycle_manager/share/nav2_lifecycle_manager/environment/path.dsv
[130.955s] -- Symlinking: /home/pi/CaveBot-ros/install/nav2_lifecycle_manager/share/nav2_lifecycle_manager/local_setup.bash
[130.982s] -- Symlinking: /home/pi/CaveBot-ros/install/nav2_lifecycle_manager/share/nav2_lifecycle_manager/local_setup.sh
[131.009s] -- Symlinking: /home/pi/CaveBot-ros/install/nav2_lifecycle_manager/share/nav2_lifecycle_manager/local_setup.zsh
[131.038s] -- Symlinking: /home/pi/CaveBot-ros/install/nav2_lifecycle_manager/share/nav2_lifecycle_manager/local_setup.dsv
[131.064s] -- Symlinking: /home/pi/CaveBot-ros/install/nav2_lifecycle_manager/share/nav2_lifecycle_manager/package.dsv
[131.096s] -- Symlinking: /home/pi/CaveBot-ros/install/nav2_lifecycle_manager/share/ament_index/resource_index/packages/nav2_lifecycle_manager
[131.125s] -- Symlinking: /home/pi/CaveBot-ros/install/nav2_lifecycle_manager/share/ament_index/resource_index/rclcpp_components/nav2_lifecycle_manager
[131.166s] -- Symlinking: /home/pi/CaveBot-ros/install/nav2_lifecycle_manager/share/nav2_lifecycle_manager/cmake/ament_cmake_export_include_directories-extras.cmake
[131.200s] -- Symlinking: /home/pi/CaveBot-ros/install/nav2_lifecycle_manager/share/nav2_lifecycle_manager/cmake/ament_cmake_export_libraries-extras.cmake
[131.229s] -- Symlinking: /home/pi/CaveBot-ros/install/nav2_lifecycle_manager/share/nav2_lifecycle_manager/cmake/ament_cmake_export_dependencies-extras.cmake
[131.263s] -- Symlinking: /home/pi/CaveBot-ros/install/nav2_lifecycle_manager/share/nav2_lifecycle_manager/cmake/nav2_lifecycle_managerConfig.cmake
[131.285s] -- Symlinking: /home/pi/CaveBot-ros/install/nav2_lifecycle_manager/share/nav2_lifecycle_manager/cmake/nav2_lifecycle_managerConfig-version.cmake
[131.311s] -- Symlinking: /home/pi/CaveBot-ros/install/nav2_lifecycle_manager/share/nav2_lifecycle_manager/package.xml
[131.341s] Invoked command in '/home/pi/CaveBot-ros/build/nav2_lifecycle_manager' returned '0': AMENT_PREFIX_PATH=/home/pi/CaveBot-ros/install/nav2_util:/home/pi/CaveBot-ros/install/nav2_msgs:/home/pi/CaveBot-ros/install/nav2_common:${AMENT_PREFIX_PATH} CMAKE_PREFIX_PATH=/home/pi/CaveBot-ros/install/nav2_util:/home/pi/CaveBot-ros/install/nav2_msgs:/home/pi/CaveBot-ros/install/nav2_common:/opt/ros/jazzy/opt/gz_math_vendor:/opt/ros/jazzy/opt/gz_utils_vendor:/opt/ros/jazzy/opt/gz_cmake_vendor:/opt/ros/jazzy DEBUGINFOD_URLS=https://debuginfod.ubuntu.com LD_LIBRARY_PATH=/home/pi/CaveBot-ros/install/nav2_util/lib:/home/pi/CaveBot-ros/install/nav2_msgs/lib:${LD_LIBRARY_PATH} PYTHONPATH=/home/pi/CaveBot-ros/install/nav2_msgs/lib/python3.12/site-packages:/home/pi/CaveBot-ros/install/nav2_common/lib/python3.12/site-packages:${PYTHONPATH} /usr/bin/cmake --install /home/pi/CaveBot-ros/build/nav2_lifecycle_manager
