-- The C compiler identification is GNU 13.3.0
-- The CXX compiler identification is GNU 13.3.0
-- Detecting C compiler ABI info
-- Detecting C compiler ABI info - done
-- Check for working C compiler: /usr/bin/cc - skipped
-- Detecting C compile features
-- Detecting C compile features - done
-- Detecting CXX compiler ABI info
-- Detecting CXX compiler ABI info - done
-- Check for working CXX compiler: /usr/bin/c++ - skipped
-- Detecting CXX compile features
-- Detecting CXX compile features - done
-- Found builtin_interfaces: 2.0.3 (/opt/ros/jazzy/share/builtin_interfaces/cmake)
-- Found Python3: /usr/bin/python3 (found version "3.12.3") found components: Interpreter 
-- Override CMake install command with custom implementation using symlinks instead of copying resources
-- Found rosidl_generator_c: 4.6.6 (/opt/ros/jazzy/share/rosidl_generator_c/cmake)
-- Found rosidl_generator_cpp: 4.6.6 (/opt/ros/jazzy/share/rosidl_generator_cpp/cmake)
-- Using all available rosidl_typesupport_c: rosidl_typesupport_fastrtps_c;rosidl_typesupport_introspection_c
-- Using all available rosidl_typesupport_cpp: rosidl_typesupport_fastrtps_cpp;rosidl_typesupport_introspection_cpp
-- Found geometry_msgs: 5.3.6 (/opt/ros/jazzy/share/geometry_msgs/cmake)
-- Found nav_2d_msgs: 1.3.10 (/home/pi/CaveBot-ros/install/nav_2d_msgs/share/nav_2d_msgs/cmake)
-- Found nav_msgs: 5.3.6 (/opt/ros/jazzy/share/nav_msgs/cmake)
-- Found rosidl_default_generators: 1.6.0 (/opt/ros/jazzy/share/rosidl_default_generators/cmake)
-- Found rosidl_adapter: 4.6.6 (/opt/ros/jazzy/share/rosidl_adapter/cmake)
-- Found ament_cmake_ros: 0.12.0 (/opt/ros/jazzy/share/ament_cmake_ros/cmake)
-- Using all available rosidl_typesupport_c: rosidl_typesupport_fastrtps_c;rosidl_typesupport_introspection_c
-- Using all available rosidl_typesupport_cpp: rosidl_typesupport_fastrtps_cpp;rosidl_typesupport_introspection_cpp
-- Found python_cmake_module: 0.11.1 (/opt/ros/jazzy/share/python_cmake_module/cmake)
-- Found PythonExtra: /usr/bin/python3  
-- Found Python3: /usr/bin/python3 (found version "3.12.3") found components: Interpreter Development NumPy Development.Module Development.Embed 
-- Configuring done (18.6s)
-- Generating done (0.3s)
-- Build files have been written to: /home/pi/CaveBot-ros/build/dwb_msgs
[  1%] Generating type hashes for ROS interfaces
[  1%] Built target ament_cmake_python_symlink_dwb_msgs
running egg_info
creating dwb_msgs.egg-info
writing dwb_msgs.egg-info/PKG-INFO
writing dependency_links to dwb_msgs.egg-info/dependency_links.txt
writing top-level names to dwb_msgs.egg-info/top_level.txt
writing manifest file 'dwb_msgs.egg-info/SOURCES.txt'
reading manifest file 'dwb_msgs.egg-info/SOURCES.txt'
writing manifest file 'dwb_msgs.egg-info/SOURCES.txt'
[  1%] Built target ament_cmake_python_build_dwb_msgs_egg
[  1%] Built target dwb_msgs__rosidl_generator_type_description
[  2%] Generating C code for ROS interfaces
[  2%] Generating C++ code for ROS interfaces
[  2%] Built target dwb_msgs__cpp
[  3%] Building C object CMakeFiles/dwb_msgs__rosidl_generator_c.dir/rosidl_generator_c/dwb_msgs/msg/detail/critic_score__description.c.o
[  4%] Building C object CMakeFiles/dwb_msgs__rosidl_generator_c.dir/rosidl_generator_c/dwb_msgs/msg/detail/local_plan_evaluation__description.c.o
[  5%] Building C object CMakeFiles/dwb_msgs__rosidl_generator_c.dir/rosidl_generator_c/dwb_msgs/msg/detail/local_plan_evaluation__functions.c.o
[  5%] Building C object CMakeFiles/dwb_msgs__rosidl_generator_c.dir/rosidl_generator_c/dwb_msgs/msg/detail/local_plan_evaluation__type_support.c.o
[  6%] Building C object CMakeFiles/dwb_msgs__rosidl_generator_c.dir/rosidl_generator_c/dwb_msgs/msg/detail/trajectory2_d__description.c.o
[  7%] Building C object CMakeFiles/dwb_msgs__rosidl_generator_c.dir/rosidl_generator_c/dwb_msgs/msg/detail/trajectory2_d__functions.c.o
[  8%] Building C object CMakeFiles/dwb_msgs__rosidl_generator_c.dir/rosidl_generator_c/dwb_msgs/msg/detail/trajectory2_d__type_support.c.o
[  9%] Building C object CMakeFiles/dwb_msgs__rosidl_generator_c.dir/rosidl_generator_c/dwb_msgs/msg/detail/trajectory_score__description.c.o
[ 10%] Building C object CMakeFiles/dwb_msgs__rosidl_generator_c.dir/rosidl_generator_c/dwb_msgs/msg/detail/trajectory_score__functions.c.o
[ 11%] Building C object CMakeFiles/dwb_msgs__rosidl_generator_c.dir/rosidl_generator_c/dwb_msgs/msg/detail/trajectory_score__type_support.c.o
[ 12%] Building C object CMakeFiles/dwb_msgs__rosidl_generator_c.dir/rosidl_generator_c/dwb_msgs/srv/detail/debug_local_plan__description.c.o
[ 12%] Building C object CMakeFiles/dwb_msgs__rosidl_generator_c.dir/rosidl_generator_c/dwb_msgs/srv/detail/debug_local_plan__functions.c.o
[ 13%] Building C object CMakeFiles/dwb_msgs__rosidl_generator_c.dir/rosidl_generator_c/dwb_msgs/srv/detail/debug_local_plan__type_support.c.o
[ 14%] Building C object CMakeFiles/dwb_msgs__rosidl_generator_c.dir/rosidl_generator_c/dwb_msgs/srv/detail/generate_trajectory__description.c.o
[ 15%] Building C object CMakeFiles/dwb_msgs__rosidl_generator_c.dir/rosidl_generator_c/dwb_msgs/srv/detail/generate_trajectory__functions.c.o
[ 16%] Building C object CMakeFiles/dwb_msgs__rosidl_generator_c.dir/rosidl_generator_c/dwb_msgs/srv/detail/generate_trajectory__type_support.c.o
[ 17%] Building C object CMakeFiles/dwb_msgs__rosidl_generator_c.dir/rosidl_generator_c/dwb_msgs/srv/detail/generate_twists__description.c.o
[ 18%] Building C object CMakeFiles/dwb_msgs__rosidl_generator_c.dir/rosidl_generator_c/dwb_msgs/srv/detail/generate_twists__functions.c.o
[ 19%] Building C object CMakeFiles/dwb_msgs__rosidl_generator_c.dir/rosidl_generator_c/dwb_msgs/srv/detail/generate_twists__type_support.c.o
[ 19%] Building C object CMakeFiles/dwb_msgs__rosidl_generator_c.dir/rosidl_generator_c/dwb_msgs/srv/detail/get_critic_score__description.c.o
[ 20%] Building C object CMakeFiles/dwb_msgs__rosidl_generator_c.dir/rosidl_generator_c/dwb_msgs/srv/detail/get_critic_score__functions.c.o
[ 21%] Building C object CMakeFiles/dwb_msgs__rosidl_generator_c.dir/rosidl_generator_c/dwb_msgs/srv/detail/get_critic_score__type_support.c.o
[ 22%] Building C object CMakeFiles/dwb_msgs__rosidl_generator_c.dir/rosidl_generator_c/dwb_msgs/srv/detail/score_trajectory__description.c.o
[ 23%] Building C object CMakeFiles/dwb_msgs__rosidl_generator_c.dir/rosidl_generator_c/dwb_msgs/srv/detail/score_trajectory__functions.c.o
[ 24%] Building C object CMakeFiles/dwb_msgs__rosidl_generator_c.dir/rosidl_generator_c/dwb_msgs/srv/detail/score_trajectory__type_support.c.o
[ 25%] Building C object CMakeFiles/dwb_msgs__rosidl_generator_c.dir/rosidl_generator_c/dwb_msgs/msg/detail/critic_score__type_support.c.o
[ 26%] Building C object CMakeFiles/dwb_msgs__rosidl_generator_c.dir/rosidl_generator_c/dwb_msgs/msg/detail/critic_score__functions.c.o
[ 27%] Linking C shared library libdwb_msgs__rosidl_generator_c.so
[ 27%] Built target dwb_msgs__rosidl_generator_c
[ 28%] Generating C++ type support for eProsima Fast-RTPS
[ 29%] Building CXX object CMakeFiles/dwb_msgs__rosidl_typesupport_fastrtps_cpp.dir/rosidl_typesupport_fastrtps_cpp/dwb_msgs/msg/detail/dds_fastrtps/critic_score__type_support.cpp.o
[ 30%] Building CXX object CMakeFiles/dwb_msgs__rosidl_typesupport_fastrtps_cpp.dir/rosidl_typesupport_fastrtps_cpp/dwb_msgs/msg/detail/dds_fastrtps/local_plan_evaluation__type_support.cpp.o
[ 31%] Building CXX object CMakeFiles/dwb_msgs__rosidl_typesupport_fastrtps_cpp.dir/rosidl_typesupport_fastrtps_cpp/dwb_msgs/msg/detail/dds_fastrtps/trajectory2_d__type_support.cpp.o
[ 32%] Building CXX object CMakeFiles/dwb_msgs__rosidl_typesupport_fastrtps_cpp.dir/rosidl_typesupport_fastrtps_cpp/dwb_msgs/msg/detail/dds_fastrtps/trajectory_score__type_support.cpp.o
[ 33%] Building CXX object CMakeFiles/dwb_msgs__rosidl_typesupport_fastrtps_cpp.dir/rosidl_typesupport_fastrtps_cpp/dwb_msgs/srv/detail/dds_fastrtps/debug_local_plan__type_support.cpp.o
[ 33%] Building CXX object CMakeFiles/dwb_msgs__rosidl_typesupport_fastrtps_cpp.dir/rosidl_typesupport_fastrtps_cpp/dwb_msgs/srv/detail/dds_fastrtps/generate_trajectory__type_support.cpp.o
[ 34%] Building CXX object CMakeFiles/dwb_msgs__rosidl_typesupport_fastrtps_cpp.dir/rosidl_typesupport_fastrtps_cpp/dwb_msgs/srv/detail/dds_fastrtps/generate_twists__type_support.cpp.o
[ 35%] Building CXX object CMakeFiles/dwb_msgs__rosidl_typesupport_fastrtps_cpp.dir/rosidl_typesupport_fastrtps_cpp/dwb_msgs/srv/detail/dds_fastrtps/get_critic_score__type_support.cpp.o
[ 36%] Building CXX object CMakeFiles/dwb_msgs__rosidl_typesupport_fastrtps_cpp.dir/rosidl_typesupport_fastrtps_cpp/dwb_msgs/srv/detail/dds_fastrtps/score_trajectory__type_support.cpp.o
[ 37%] Linking CXX shared library libdwb_msgs__rosidl_typesupport_fastrtps_cpp.so
[ 37%] Built target dwb_msgs__rosidl_typesupport_fastrtps_cpp
[ 37%] Generating C++ introspection for ROS interfaces
[ 38%] Building CXX object CMakeFiles/dwb_msgs__rosidl_typesupport_introspection_cpp.dir/rosidl_typesupport_introspection_cpp/dwb_msgs/msg/detail/critic_score__type_support.cpp.o
[ 39%] Building CXX object CMakeFiles/dwb_msgs__rosidl_typesupport_introspection_cpp.dir/rosidl_typesupport_introspection_cpp/dwb_msgs/msg/detail/local_plan_evaluation__type_support.cpp.o
[ 40%] Building CXX object CMakeFiles/dwb_msgs__rosidl_typesupport_introspection_cpp.dir/rosidl_typesupport_introspection_cpp/dwb_msgs/msg/detail/trajectory2_d__type_support.cpp.o
[ 41%] Building CXX object CMakeFiles/dwb_msgs__rosidl_typesupport_introspection_cpp.dir/rosidl_typesupport_introspection_cpp/dwb_msgs/msg/detail/trajectory_score__type_support.cpp.o
[ 42%] Building CXX object CMakeFiles/dwb_msgs__rosidl_typesupport_introspection_cpp.dir/rosidl_typesupport_introspection_cpp/dwb_msgs/srv/detail/debug_local_plan__type_support.cpp.o
[ 43%] Building CXX object CMakeFiles/dwb_msgs__rosidl_typesupport_introspection_cpp.dir/rosidl_typesupport_introspection_cpp/dwb_msgs/srv/detail/generate_trajectory__type_support.cpp.o
[ 44%] Building CXX object CMakeFiles/dwb_msgs__rosidl_typesupport_introspection_cpp.dir/rosidl_typesupport_introspection_cpp/dwb_msgs/srv/detail/generate_twists__type_support.cpp.o
[ 44%] Building CXX object CMakeFiles/dwb_msgs__rosidl_typesupport_introspection_cpp.dir/rosidl_typesupport_introspection_cpp/dwb_msgs/srv/detail/get_critic_score__type_support.cpp.o
[ 45%] Building CXX object CMakeFiles/dwb_msgs__rosidl_typesupport_introspection_cpp.dir/rosidl_typesupport_introspection_cpp/dwb_msgs/srv/detail/score_trajectory__type_support.cpp.o
[ 46%] Linking CXX shared library libdwb_msgs__rosidl_typesupport_introspection_cpp.so
[ 46%] Built target dwb_msgs__rosidl_typesupport_introspection_cpp
[ 47%] Generating C++ type support dispatch for ROS interfaces
[ 48%] Building CXX object CMakeFiles/dwb_msgs__rosidl_typesupport_cpp.dir/rosidl_typesupport_cpp/dwb_msgs/msg/critic_score__type_support.cpp.o
[ 49%] Building CXX object CMakeFiles/dwb_msgs__rosidl_typesupport_cpp.dir/rosidl_typesupport_cpp/dwb_msgs/msg/local_plan_evaluation__type_support.cpp.o
[ 50%] Building CXX object CMakeFiles/dwb_msgs__rosidl_typesupport_cpp.dir/rosidl_typesupport_cpp/dwb_msgs/msg/trajectory2_d__type_support.cpp.o
[ 50%] Building CXX object CMakeFiles/dwb_msgs__rosidl_typesupport_cpp.dir/rosidl_typesupport_cpp/dwb_msgs/msg/trajectory_score__type_support.cpp.o
[ 51%] Building CXX object CMakeFiles/dwb_msgs__rosidl_typesupport_cpp.dir/rosidl_typesupport_cpp/dwb_msgs/srv/debug_local_plan__type_support.cpp.o
[ 52%] Building CXX object CMakeFiles/dwb_msgs__rosidl_typesupport_cpp.dir/rosidl_typesupport_cpp/dwb_msgs/srv/generate_trajectory__type_support.cpp.o
[ 53%] Building CXX object CMakeFiles/dwb_msgs__rosidl_typesupport_cpp.dir/rosidl_typesupport_cpp/dwb_msgs/srv/generate_twists__type_support.cpp.o
[ 54%] Building CXX object CMakeFiles/dwb_msgs__rosidl_typesupport_cpp.dir/rosidl_typesupport_cpp/dwb_msgs/srv/get_critic_score__type_support.cpp.o
[ 55%] Building CXX object CMakeFiles/dwb_msgs__rosidl_typesupport_cpp.dir/rosidl_typesupport_cpp/dwb_msgs/srv/score_trajectory__type_support.cpp.o
[ 56%] Linking CXX shared library libdwb_msgs__rosidl_typesupport_cpp.so
[ 56%] Built target dwb_msgs__rosidl_typesupport_cpp
[ 57%] Generating C type support for eProsima Fast-RTPS
[ 57%] Building CXX object CMakeFiles/dwb_msgs__rosidl_typesupport_fastrtps_c.dir/rosidl_typesupport_fastrtps_c/dwb_msgs/msg/detail/critic_score__type_support_c.cpp.o
[ 58%] Building CXX object CMakeFiles/dwb_msgs__rosidl_typesupport_fastrtps_c.dir/rosidl_typesupport_fastrtps_c/dwb_msgs/msg/detail/local_plan_evaluation__type_support_c.cpp.o
[ 59%] Building CXX object CMakeFiles/dwb_msgs__rosidl_typesupport_fastrtps_c.dir/rosidl_typesupport_fastrtps_c/dwb_msgs/msg/detail/trajectory2_d__type_support_c.cpp.o
[ 60%] Building CXX object CMakeFiles/dwb_msgs__rosidl_typesupport_fastrtps_c.dir/rosidl_typesupport_fastrtps_c/dwb_msgs/msg/detail/trajectory_score__type_support_c.cpp.o
[ 61%] Building CXX object CMakeFiles/dwb_msgs__rosidl_typesupport_fastrtps_c.dir/rosidl_typesupport_fastrtps_c/dwb_msgs/srv/detail/debug_local_plan__type_support_c.cpp.o
[ 62%] Building CXX object CMakeFiles/dwb_msgs__rosidl_typesupport_fastrtps_c.dir/rosidl_typesupport_fastrtps_c/dwb_msgs/srv/detail/generate_trajectory__type_support_c.cpp.o
[ 63%] Building CXX object CMakeFiles/dwb_msgs__rosidl_typesupport_fastrtps_c.dir/rosidl_typesupport_fastrtps_c/dwb_msgs/srv/detail/generate_twists__type_support_c.cpp.o
[ 64%] Building CXX object CMakeFiles/dwb_msgs__rosidl_typesupport_fastrtps_c.dir/rosidl_typesupport_fastrtps_c/dwb_msgs/srv/detail/get_critic_score__type_support_c.cpp.o
[ 64%] Building CXX object CMakeFiles/dwb_msgs__rosidl_typesupport_fastrtps_c.dir/rosidl_typesupport_fastrtps_c/dwb_msgs/srv/detail/score_trajectory__type_support_c.cpp.o
[ 65%] Linking CXX shared library libdwb_msgs__rosidl_typesupport_fastrtps_c.so
[ 65%] Built target dwb_msgs__rosidl_typesupport_fastrtps_c
[ 66%] Generating C type support dispatch for ROS interfaces
[ 67%] Building CXX object CMakeFiles/dwb_msgs__rosidl_typesupport_c.dir/rosidl_typesupport_c/dwb_msgs/msg/critic_score__type_support.cpp.o
[ 68%] Building CXX object CMakeFiles/dwb_msgs__rosidl_typesupport_c.dir/rosidl_typesupport_c/dwb_msgs/msg/trajectory2_d__type_support.cpp.o
[ 69%] Building CXX object CMakeFiles/dwb_msgs__rosidl_typesupport_c.dir/rosidl_typesupport_c/dwb_msgs/msg/trajectory_score__type_support.cpp.o
[ 70%] Building CXX object CMakeFiles/dwb_msgs__rosidl_typesupport_c.dir/rosidl_typesupport_c/dwb_msgs/srv/debug_local_plan__type_support.cpp.o
[ 70%] Building CXX object CMakeFiles/dwb_msgs__rosidl_typesupport_c.dir/rosidl_typesupport_c/dwb_msgs/srv/generate_trajectory__type_support.cpp.o
[ 71%] Building CXX object CMakeFiles/dwb_msgs__rosidl_typesupport_c.dir/rosidl_typesupport_c/dwb_msgs/srv/generate_twists__type_support.cpp.o
[ 72%] Building CXX object CMakeFiles/dwb_msgs__rosidl_typesupport_c.dir/rosidl_typesupport_c/dwb_msgs/srv/get_critic_score__type_support.cpp.o
[ 73%] Building CXX object CMakeFiles/dwb_msgs__rosidl_typesupport_c.dir/rosidl_typesupport_c/dwb_msgs/srv/score_trajectory__type_support.cpp.o
[ 74%] Building CXX object CMakeFiles/dwb_msgs__rosidl_typesupport_c.dir/rosidl_typesupport_c/dwb_msgs/msg/local_plan_evaluation__type_support.cpp.o
[ 75%] Linking CXX shared library libdwb_msgs__rosidl_typesupport_c.so
[ 75%] Built target dwb_msgs__rosidl_typesupport_c
[ 76%] Generating C introspection for ROS interfaces
[ 77%] Building C object CMakeFiles/dwb_msgs__rosidl_typesupport_introspection_c.dir/rosidl_typesupport_introspection_c/dwb_msgs/msg/detail/critic_score__type_support.c.o
[ 78%] Building C object CMakeFiles/dwb_msgs__rosidl_typesupport_introspection_c.dir/rosidl_typesupport_introspection_c/dwb_msgs/msg/detail/trajectory_score__type_support.c.o
[ 79%] Building C object CMakeFiles/dwb_msgs__rosidl_typesupport_introspection_c.dir/rosidl_typesupport_introspection_c/dwb_msgs/srv/detail/debug_local_plan__type_support.c.o
[ 80%] Building C object CMakeFiles/dwb_msgs__rosidl_typesupport_introspection_c.dir/rosidl_typesupport_introspection_c/dwb_msgs/srv/detail/generate_trajectory__type_support.c.o
[ 81%] Building C object CMakeFiles/dwb_msgs__rosidl_typesupport_introspection_c.dir/rosidl_typesupport_introspection_c/dwb_msgs/srv/detail/generate_twists__type_support.c.o
[ 82%] Building C object CMakeFiles/dwb_msgs__rosidl_typesupport_introspection_c.dir/rosidl_typesupport_introspection_c/dwb_msgs/srv/detail/get_critic_score__type_support.c.o
[ 83%] Building C object CMakeFiles/dwb_msgs__rosidl_typesupport_introspection_c.dir/rosidl_typesupport_introspection_c/dwb_msgs/srv/detail/score_trajectory__type_support.c.o
[ 83%] Building C object CMakeFiles/dwb_msgs__rosidl_typesupport_introspection_c.dir/rosidl_typesupport_introspection_c/dwb_msgs/msg/detail/trajectory2_d__type_support.c.o
[ 84%] Building C object CMakeFiles/dwb_msgs__rosidl_typesupport_introspection_c.dir/rosidl_typesupport_introspection_c/dwb_msgs/msg/detail/local_plan_evaluation__type_support.c.o
[ 85%] Linking C shared library libdwb_msgs__rosidl_typesupport_introspection_c.so
[ 85%] Built target dwb_msgs__rosidl_typesupport_introspection_c
[ 85%] Built target dwb_msgs
[ 86%] Generating Python code for ROS interfaces
[ 86%] Built target dwb_msgs__py
[ 87%] Building C object CMakeFiles/dwb_msgs__rosidl_generator_py.dir/rosidl_generator_py/dwb_msgs/msg/_critic_score_s.c.o
[ 88%] Building C object CMakeFiles/dwb_msgs__rosidl_generator_py.dir/rosidl_generator_py/dwb_msgs/msg/_trajectory_score_s.c.o
[ 89%] Building C object CMakeFiles/dwb_msgs__rosidl_generator_py.dir/rosidl_generator_py/dwb_msgs/srv/_debug_local_plan_s.c.o
[ 90%] Building C object CMakeFiles/dwb_msgs__rosidl_generator_py.dir/rosidl_generator_py/dwb_msgs/srv/_generate_trajectory_s.c.o
[ 91%] Building C object CMakeFiles/dwb_msgs__rosidl_generator_py.dir/rosidl_generator_py/dwb_msgs/srv/_generate_twists_s.c.o
[ 92%] Building C object CMakeFiles/dwb_msgs__rosidl_generator_py.dir/rosidl_generator_py/dwb_msgs/srv/_get_critic_score_s.c.o
[ 93%] Building C object CMakeFiles/dwb_msgs__rosidl_generator_py.dir/rosidl_generator_py/dwb_msgs/srv/_score_trajectory_s.c.o
[ 94%] Building C object CMakeFiles/dwb_msgs__rosidl_generator_py.dir/rosidl_generator_py/dwb_msgs/msg/_trajectory2_d_s.c.o
[ 94%] Building C object CMakeFiles/dwb_msgs__rosidl_generator_py.dir/rosidl_generator_py/dwb_msgs/msg/_local_plan_evaluation_s.c.o
[ 94%] Linking C shared library libdwb_msgs__rosidl_generator_py.so
[ 94%] Built target dwb_msgs__rosidl_generator_py
[ 95%] Building C object CMakeFiles/dwb_msgs_s__rosidl_typesupport_fastrtps_c.dir/rosidl_generator_py/dwb_msgs/_dwb_msgs_s.ep.rosidl_typesupport_fastrtps_c.c.o
[ 96%] Linking C shared module rosidl_generator_py/dwb_msgs/dwb_msgs_s__rosidl_typesupport_fastrtps_c.so
[ 96%] Built target dwb_msgs_s__rosidl_typesupport_fastrtps_c
[ 97%] Building C object CMakeFiles/dwb_msgs_s__rosidl_typesupport_c.dir/rosidl_generator_py/dwb_msgs/_dwb_msgs_s.ep.rosidl_typesupport_c.c.o
[ 98%] Linking C shared module rosidl_generator_py/dwb_msgs/dwb_msgs_s__rosidl_typesupport_c.so
[ 98%] Built target dwb_msgs_s__rosidl_typesupport_c
[ 99%] Building C object CMakeFiles/dwb_msgs_s__rosidl_typesupport_introspection_c.dir/rosidl_generator_py/dwb_msgs/_dwb_msgs_s.ep.rosidl_typesupport_introspection_c.c.o
[100%] Linking C shared module rosidl_generator_py/dwb_msgs/dwb_msgs_s__rosidl_typesupport_introspection_c.so
[100%] Built target dwb_msgs_s__rosidl_typesupport_introspection_c
-- Install configuration: ""
-- Execute custom install script
-- Symlinking: /home/pi/CaveBot-ros/install/dwb_msgs/share/ament_index/resource_index/rosidl_interfaces/dwb_msgs
-- Symlinking: /home/pi/CaveBot-ros/install/dwb_msgs/share/dwb_msgs/msg/CriticScore.json
-- Symlinking: /home/pi/CaveBot-ros/install/dwb_msgs/share/dwb_msgs/msg/LocalPlanEvaluation.json
-- Symlinking: /home/pi/CaveBot-ros/install/dwb_msgs/share/dwb_msgs/msg/Trajectory2D.json
-- Symlinking: /home/pi/CaveBot-ros/install/dwb_msgs/share/dwb_msgs/msg/TrajectoryScore.json
-- Symlinking: /home/pi/CaveBot-ros/install/dwb_msgs/share/dwb_msgs/srv/DebugLocalPlan.json
-- Symlinking: /home/pi/CaveBot-ros/install/dwb_msgs/share/dwb_msgs/srv/GenerateTrajectory.json
-- Symlinking: /home/pi/CaveBot-ros/install/dwb_msgs/share/dwb_msgs/srv/GenerateTwists.json
-- Symlinking: /home/pi/CaveBot-ros/install/dwb_msgs/share/dwb_msgs/srv/GetCriticScore.json
-- Symlinking: /home/pi/CaveBot-ros/install/dwb_msgs/share/dwb_msgs/srv/ScoreTrajectory.json
-- Symlinking: /home/pi/CaveBot-ros/install/dwb_msgs/include/dwb_msgs/dwb_msgs/msg/critic_score.h
-- Symlinking: /home/pi/CaveBot-ros/install/dwb_msgs/include/dwb_msgs/dwb_msgs/msg/detail/critic_score__functions.h
-- Symlinking: /home/pi/CaveBot-ros/install/dwb_msgs/include/dwb_msgs/dwb_msgs/msg/detail/critic_score__struct.h
-- Symlinking: /home/pi/CaveBot-ros/install/dwb_msgs/include/dwb_msgs/dwb_msgs/msg/detail/critic_score__type_support.h
-- Symlinking: /home/pi/CaveBot-ros/install/dwb_msgs/include/dwb_msgs/dwb_msgs/msg/detail/local_plan_evaluation__functions.h
-- Symlinking: /home/pi/CaveBot-ros/install/dwb_msgs/include/dwb_msgs/dwb_msgs/msg/detail/local_plan_evaluation__struct.h
-- Symlinking: /home/pi/CaveBot-ros/install/dwb_msgs/include/dwb_msgs/dwb_msgs/msg/detail/local_plan_evaluation__type_support.h
-- Symlinking: /home/pi/CaveBot-ros/install/dwb_msgs/include/dwb_msgs/dwb_msgs/msg/detail/trajectory2_d__functions.h
-- Symlinking: /home/pi/CaveBot-ros/install/dwb_msgs/include/dwb_msgs/dwb_msgs/msg/detail/trajectory2_d__struct.h
-- Symlinking: /home/pi/CaveBot-ros/install/dwb_msgs/include/dwb_msgs/dwb_msgs/msg/detail/trajectory2_d__type_support.h
-- Symlinking: /home/pi/CaveBot-ros/install/dwb_msgs/include/dwb_msgs/dwb_msgs/msg/detail/trajectory_score__functions.h
-- Symlinking: /home/pi/CaveBot-ros/install/dwb_msgs/include/dwb_msgs/dwb_msgs/msg/detail/trajectory_score__struct.h
-- Symlinking: /home/pi/CaveBot-ros/install/dwb_msgs/include/dwb_msgs/dwb_msgs/msg/detail/trajectory_score__type_support.h
-- Symlinking: /home/pi/CaveBot-ros/install/dwb_msgs/include/dwb_msgs/dwb_msgs/msg/local_plan_evaluation.h
-- Symlinking: /home/pi/CaveBot-ros/install/dwb_msgs/include/dwb_msgs/dwb_msgs/msg/rosidl_generator_c__visibility_control.h
-- Symlinking: /home/pi/CaveBot-ros/install/dwb_msgs/include/dwb_msgs/dwb_msgs/msg/trajectory2_d.h
-- Symlinking: /home/pi/CaveBot-ros/install/dwb_msgs/include/dwb_msgs/dwb_msgs/msg/trajectory_score.h
-- Symlinking: /home/pi/CaveBot-ros/install/dwb_msgs/include/dwb_msgs/dwb_msgs/srv/debug_local_plan.h
-- Symlinking: /home/pi/CaveBot-ros/install/dwb_msgs/include/dwb_msgs/dwb_msgs/srv/detail/debug_local_plan__functions.h
-- Symlinking: /home/pi/CaveBot-ros/install/dwb_msgs/include/dwb_msgs/dwb_msgs/srv/detail/debug_local_plan__struct.h
-- Symlinking: /home/pi/CaveBot-ros/install/dwb_msgs/include/dwb_msgs/dwb_msgs/srv/detail/debug_local_plan__type_support.h
-- Symlinking: /home/pi/CaveBot-ros/install/dwb_msgs/include/dwb_msgs/dwb_msgs/srv/detail/generate_trajectory__functions.h
-- Symlinking: /home/pi/CaveBot-ros/install/dwb_msgs/include/dwb_msgs/dwb_msgs/srv/detail/generate_trajectory__struct.h
-- Symlinking: /home/pi/CaveBot-ros/install/dwb_msgs/include/dwb_msgs/dwb_msgs/srv/detail/generate_trajectory__type_support.h
-- Symlinking: /home/pi/CaveBot-ros/install/dwb_msgs/include/dwb_msgs/dwb_msgs/srv/detail/generate_twists__functions.h
-- Symlinking: /home/pi/CaveBot-ros/install/dwb_msgs/include/dwb_msgs/dwb_msgs/srv/detail/generate_twists__struct.h
-- Symlinking: /home/pi/CaveBot-ros/install/dwb_msgs/include/dwb_msgs/dwb_msgs/srv/detail/generate_twists__type_support.h
-- Symlinking: /home/pi/CaveBot-ros/install/dwb_msgs/include/dwb_msgs/dwb_msgs/srv/detail/get_critic_score__functions.h
-- Symlinking: /home/pi/CaveBot-ros/install/dwb_msgs/include/dwb_msgs/dwb_msgs/srv/detail/get_critic_score__struct.h
-- Symlinking: /home/pi/CaveBot-ros/install/dwb_msgs/include/dwb_msgs/dwb_msgs/srv/detail/get_critic_score__type_support.h
-- Symlinking: /home/pi/CaveBot-ros/install/dwb_msgs/include/dwb_msgs/dwb_msgs/srv/detail/score_trajectory__functions.h
-- Symlinking: /home/pi/CaveBot-ros/install/dwb_msgs/include/dwb_msgs/dwb_msgs/srv/detail/score_trajectory__struct.h
-- Symlinking: /home/pi/CaveBot-ros/install/dwb_msgs/include/dwb_msgs/dwb_msgs/srv/detail/score_trajectory__type_support.h
-- Symlinking: /home/pi/CaveBot-ros/install/dwb_msgs/include/dwb_msgs/dwb_msgs/srv/generate_trajectory.h
-- Symlinking: /home/pi/CaveBot-ros/install/dwb_msgs/include/dwb_msgs/dwb_msgs/srv/generate_twists.h
-- Symlinking: /home/pi/CaveBot-ros/install/dwb_msgs/include/dwb_msgs/dwb_msgs/srv/get_critic_score.h
-- Symlinking: /home/pi/CaveBot-ros/install/dwb_msgs/include/dwb_msgs/dwb_msgs/srv/score_trajectory.h
-- Symlinking: /home/pi/CaveBot-ros/install/dwb_msgs/share/dwb_msgs/environment/library_path.sh
-- Symlinking: /home/pi/CaveBot-ros/install/dwb_msgs/share/dwb_msgs/environment/library_path.dsv
-- Symlinking: /home/pi/CaveBot-ros/install/dwb_msgs/include/dwb_msgs/dwb_msgs/msg/detail/critic_score__rosidl_typesupport_fastrtps_c.h
-- Symlinking: /home/pi/CaveBot-ros/install/dwb_msgs/include/dwb_msgs/dwb_msgs/msg/detail/local_plan_evaluation__rosidl_typesupport_fastrtps_c.h
-- Symlinking: /home/pi/CaveBot-ros/install/dwb_msgs/include/dwb_msgs/dwb_msgs/msg/detail/trajectory2_d__rosidl_typesupport_fastrtps_c.h
-- Symlinking: /home/pi/CaveBot-ros/install/dwb_msgs/include/dwb_msgs/dwb_msgs/msg/detail/trajectory_score__rosidl_typesupport_fastrtps_c.h
-- Symlinking: /home/pi/CaveBot-ros/install/dwb_msgs/include/dwb_msgs/dwb_msgs/msg/rosidl_typesupport_fastrtps_c__visibility_control.h
-- Symlinking: /home/pi/CaveBot-ros/install/dwb_msgs/include/dwb_msgs/dwb_msgs/srv/detail/debug_local_plan__rosidl_typesupport_fastrtps_c.h
-- Symlinking: /home/pi/CaveBot-ros/install/dwb_msgs/include/dwb_msgs/dwb_msgs/srv/detail/generate_trajectory__rosidl_typesupport_fastrtps_c.h
-- Symlinking: /home/pi/CaveBot-ros/install/dwb_msgs/include/dwb_msgs/dwb_msgs/srv/detail/generate_twists__rosidl_typesupport_fastrtps_c.h
-- Symlinking: /home/pi/CaveBot-ros/install/dwb_msgs/include/dwb_msgs/dwb_msgs/srv/detail/get_critic_score__rosidl_typesupport_fastrtps_c.h
-- Symlinking: /home/pi/CaveBot-ros/install/dwb_msgs/include/dwb_msgs/dwb_msgs/srv/detail/score_trajectory__rosidl_typesupport_fastrtps_c.h
-- Symlinking: /home/pi/CaveBot-ros/install/dwb_msgs/include/dwb_msgs/dwb_msgs/msg/critic_score.hpp
-- Symlinking: /home/pi/CaveBot-ros/install/dwb_msgs/include/dwb_msgs/dwb_msgs/msg/detail/critic_score__builder.hpp
-- Symlinking: /home/pi/CaveBot-ros/install/dwb_msgs/include/dwb_msgs/dwb_msgs/msg/detail/critic_score__struct.hpp
-- Symlinking: /home/pi/CaveBot-ros/install/dwb_msgs/include/dwb_msgs/dwb_msgs/msg/detail/critic_score__traits.hpp
-- Symlinking: /home/pi/CaveBot-ros/install/dwb_msgs/include/dwb_msgs/dwb_msgs/msg/detail/critic_score__type_support.hpp
-- Symlinking: /home/pi/CaveBot-ros/install/dwb_msgs/include/dwb_msgs/dwb_msgs/msg/detail/local_plan_evaluation__builder.hpp
-- Symlinking: /home/pi/CaveBot-ros/install/dwb_msgs/include/dwb_msgs/dwb_msgs/msg/detail/local_plan_evaluation__struct.hpp
-- Symlinking: /home/pi/CaveBot-ros/install/dwb_msgs/include/dwb_msgs/dwb_msgs/msg/detail/local_plan_evaluation__traits.hpp
-- Symlinking: /home/pi/CaveBot-ros/install/dwb_msgs/include/dwb_msgs/dwb_msgs/msg/detail/local_plan_evaluation__type_support.hpp
-- Symlinking: /home/pi/CaveBot-ros/install/dwb_msgs/include/dwb_msgs/dwb_msgs/msg/detail/trajectory2_d__builder.hpp
-- Symlinking: /home/pi/CaveBot-ros/install/dwb_msgs/include/dwb_msgs/dwb_msgs/msg/detail/trajectory2_d__struct.hpp
-- Symlinking: /home/pi/CaveBot-ros/install/dwb_msgs/include/dwb_msgs/dwb_msgs/msg/detail/trajectory2_d__traits.hpp
-- Symlinking: /home/pi/CaveBot-ros/install/dwb_msgs/include/dwb_msgs/dwb_msgs/msg/detail/trajectory2_d__type_support.hpp
-- Symlinking: /home/pi/CaveBot-ros/install/dwb_msgs/include/dwb_msgs/dwb_msgs/msg/detail/trajectory_score__builder.hpp
-- Symlinking: /home/pi/CaveBot-ros/install/dwb_msgs/include/dwb_msgs/dwb_msgs/msg/detail/trajectory_score__struct.hpp
-- Symlinking: /home/pi/CaveBot-ros/install/dwb_msgs/include/dwb_msgs/dwb_msgs/msg/detail/trajectory_score__traits.hpp
-- Symlinking: /home/pi/CaveBot-ros/install/dwb_msgs/include/dwb_msgs/dwb_msgs/msg/detail/trajectory_score__type_support.hpp
-- Symlinking: /home/pi/CaveBot-ros/install/dwb_msgs/include/dwb_msgs/dwb_msgs/msg/local_plan_evaluation.hpp
-- Symlinking: /home/pi/CaveBot-ros/install/dwb_msgs/include/dwb_msgs/dwb_msgs/msg/rosidl_generator_cpp__visibility_control.hpp
-- Symlinking: /home/pi/CaveBot-ros/install/dwb_msgs/include/dwb_msgs/dwb_msgs/msg/trajectory2_d.hpp
-- Symlinking: /home/pi/CaveBot-ros/install/dwb_msgs/include/dwb_msgs/dwb_msgs/msg/trajectory_score.hpp
-- Symlinking: /home/pi/CaveBot-ros/install/dwb_msgs/include/dwb_msgs/dwb_msgs/srv/debug_local_plan.hpp
-- Symlinking: /home/pi/CaveBot-ros/install/dwb_msgs/include/dwb_msgs/dwb_msgs/srv/detail/debug_local_plan__builder.hpp
-- Symlinking: /home/pi/CaveBot-ros/install/dwb_msgs/include/dwb_msgs/dwb_msgs/srv/detail/debug_local_plan__struct.hpp
-- Symlinking: /home/pi/CaveBot-ros/install/dwb_msgs/include/dwb_msgs/dwb_msgs/srv/detail/debug_local_plan__traits.hpp
-- Symlinking: /home/pi/CaveBot-ros/install/dwb_msgs/include/dwb_msgs/dwb_msgs/srv/detail/debug_local_plan__type_support.hpp
-- Symlinking: /home/pi/CaveBot-ros/install/dwb_msgs/include/dwb_msgs/dwb_msgs/srv/detail/generate_trajectory__builder.hpp
-- Symlinking: /home/pi/CaveBot-ros/install/dwb_msgs/include/dwb_msgs/dwb_msgs/srv/detail/generate_trajectory__struct.hpp
-- Symlinking: /home/pi/CaveBot-ros/install/dwb_msgs/include/dwb_msgs/dwb_msgs/srv/detail/generate_trajectory__traits.hpp
-- Symlinking: /home/pi/CaveBot-ros/install/dwb_msgs/include/dwb_msgs/dwb_msgs/srv/detail/generate_trajectory__type_support.hpp
-- Symlinking: /home/pi/CaveBot-ros/install/dwb_msgs/include/dwb_msgs/dwb_msgs/srv/detail/generate_twists__builder.hpp
-- Symlinking: /home/pi/CaveBot-ros/install/dwb_msgs/include/dwb_msgs/dwb_msgs/srv/detail/generate_twists__struct.hpp
-- Symlinking: /home/pi/CaveBot-ros/install/dwb_msgs/include/dwb_msgs/dwb_msgs/srv/detail/generate_twists__traits.hpp
-- Symlinking: /home/pi/CaveBot-ros/install/dwb_msgs/include/dwb_msgs/dwb_msgs/srv/detail/generate_twists__type_support.hpp
-- Symlinking: /home/pi/CaveBot-ros/install/dwb_msgs/include/dwb_msgs/dwb_msgs/srv/detail/get_critic_score__builder.hpp
-- Symlinking: /home/pi/CaveBot-ros/install/dwb_msgs/include/dwb_msgs/dwb_msgs/srv/detail/get_critic_score__struct.hpp
-- Symlinking: /home/pi/CaveBot-ros/install/dwb_msgs/include/dwb_msgs/dwb_msgs/srv/detail/get_critic_score__traits.hpp
-- Symlinking: /home/pi/CaveBot-ros/install/dwb_msgs/include/dwb_msgs/dwb_msgs/srv/detail/get_critic_score__type_support.hpp
-- Symlinking: /home/pi/CaveBot-ros/install/dwb_msgs/include/dwb_msgs/dwb_msgs/srv/detail/score_trajectory__builder.hpp
-- Symlinking: /home/pi/CaveBot-ros/install/dwb_msgs/include/dwb_msgs/dwb_msgs/srv/detail/score_trajectory__struct.hpp
-- Symlinking: /home/pi/CaveBot-ros/install/dwb_msgs/include/dwb_msgs/dwb_msgs/srv/detail/score_trajectory__traits.hpp
-- Symlinking: /home/pi/CaveBot-ros/install/dwb_msgs/include/dwb_msgs/dwb_msgs/srv/detail/score_trajectory__type_support.hpp
-- Symlinking: /home/pi/CaveBot-ros/install/dwb_msgs/include/dwb_msgs/dwb_msgs/srv/generate_trajectory.hpp
-- Symlinking: /home/pi/CaveBot-ros/install/dwb_msgs/include/dwb_msgs/dwb_msgs/srv/generate_twists.hpp
-- Symlinking: /home/pi/CaveBot-ros/install/dwb_msgs/include/dwb_msgs/dwb_msgs/srv/get_critic_score.hpp
-- Symlinking: /home/pi/CaveBot-ros/install/dwb_msgs/include/dwb_msgs/dwb_msgs/srv/score_trajectory.hpp
-- Symlinking: /home/pi/CaveBot-ros/install/dwb_msgs/include/dwb_msgs/dwb_msgs/msg/detail/critic_score__rosidl_typesupport_fastrtps_cpp.hpp
-- Symlinking: /home/pi/CaveBot-ros/install/dwb_msgs/include/dwb_msgs/dwb_msgs/msg/detail/local_plan_evaluation__rosidl_typesupport_fastrtps_cpp.hpp
-- Symlinking: /home/pi/CaveBot-ros/install/dwb_msgs/include/dwb_msgs/dwb_msgs/msg/detail/trajectory2_d__rosidl_typesupport_fastrtps_cpp.hpp
-- Symlinking: /home/pi/CaveBot-ros/install/dwb_msgs/include/dwb_msgs/dwb_msgs/msg/detail/trajectory_score__rosidl_typesupport_fastrtps_cpp.hpp
-- Symlinking: /home/pi/CaveBot-ros/install/dwb_msgs/include/dwb_msgs/dwb_msgs/msg/rosidl_typesupport_fastrtps_cpp__visibility_control.h
-- Symlinking: /home/pi/CaveBot-ros/install/dwb_msgs/include/dwb_msgs/dwb_msgs/srv/detail/debug_local_plan__rosidl_typesupport_fastrtps_cpp.hpp
-- Symlinking: /home/pi/CaveBot-ros/install/dwb_msgs/include/dwb_msgs/dwb_msgs/srv/detail/generate_trajectory__rosidl_typesupport_fastrtps_cpp.hpp
-- Symlinking: /home/pi/CaveBot-ros/install/dwb_msgs/include/dwb_msgs/dwb_msgs/srv/detail/generate_twists__rosidl_typesupport_fastrtps_cpp.hpp
-- Symlinking: /home/pi/CaveBot-ros/install/dwb_msgs/include/dwb_msgs/dwb_msgs/srv/detail/get_critic_score__rosidl_typesupport_fastrtps_cpp.hpp
-- Symlinking: /home/pi/CaveBot-ros/install/dwb_msgs/include/dwb_msgs/dwb_msgs/srv/detail/score_trajectory__rosidl_typesupport_fastrtps_cpp.hpp
-- Symlinking: /home/pi/CaveBot-ros/install/dwb_msgs/include/dwb_msgs/dwb_msgs/msg/detail/critic_score__rosidl_typesupport_introspection_c.h
-- Symlinking: /home/pi/CaveBot-ros/install/dwb_msgs/include/dwb_msgs/dwb_msgs/msg/detail/local_plan_evaluation__rosidl_typesupport_introspection_c.h
-- Symlinking: /home/pi/CaveBot-ros/install/dwb_msgs/include/dwb_msgs/dwb_msgs/msg/detail/trajectory2_d__rosidl_typesupport_introspection_c.h
-- Symlinking: /home/pi/CaveBot-ros/install/dwb_msgs/include/dwb_msgs/dwb_msgs/msg/detail/trajectory_score__rosidl_typesupport_introspection_c.h
-- Symlinking: /home/pi/CaveBot-ros/install/dwb_msgs/include/dwb_msgs/dwb_msgs/msg/rosidl_typesupport_introspection_c__visibility_control.h
-- Symlinking: /home/pi/CaveBot-ros/install/dwb_msgs/include/dwb_msgs/dwb_msgs/srv/detail/debug_local_plan__rosidl_typesupport_introspection_c.h
-- Symlinking: /home/pi/CaveBot-ros/install/dwb_msgs/include/dwb_msgs/dwb_msgs/srv/detail/generate_trajectory__rosidl_typesupport_introspection_c.h
-- Symlinking: /home/pi/CaveBot-ros/install/dwb_msgs/include/dwb_msgs/dwb_msgs/srv/detail/generate_twists__rosidl_typesupport_introspection_c.h
-- Symlinking: /home/pi/CaveBot-ros/install/dwb_msgs/include/dwb_msgs/dwb_msgs/srv/detail/get_critic_score__rosidl_typesupport_introspection_c.h
-- Symlinking: /home/pi/CaveBot-ros/install/dwb_msgs/include/dwb_msgs/dwb_msgs/srv/detail/score_trajectory__rosidl_typesupport_introspection_c.h
-- Symlinking: /home/pi/CaveBot-ros/install/dwb_msgs/include/dwb_msgs/dwb_msgs/msg/detail/critic_score__rosidl_typesupport_introspection_cpp.hpp
-- Symlinking: /home/pi/CaveBot-ros/install/dwb_msgs/include/dwb_msgs/dwb_msgs/msg/detail/local_plan_evaluation__rosidl_typesupport_introspection_cpp.hpp
-- Symlinking: /home/pi/CaveBot-ros/install/dwb_msgs/include/dwb_msgs/dwb_msgs/msg/detail/trajectory2_d__rosidl_typesupport_introspection_cpp.hpp
-- Symlinking: /home/pi/CaveBot-ros/install/dwb_msgs/include/dwb_msgs/dwb_msgs/msg/detail/trajectory_score__rosidl_typesupport_introspection_cpp.hpp
-- Symlinking: /home/pi/CaveBot-ros/install/dwb_msgs/include/dwb_msgs/dwb_msgs/srv/detail/debug_local_plan__rosidl_typesupport_introspection_cpp.hpp
-- Symlinking: /home/pi/CaveBot-ros/install/dwb_msgs/include/dwb_msgs/dwb_msgs/srv/detail/generate_trajectory__rosidl_typesupport_introspection_cpp.hpp
-- Symlinking: /home/pi/CaveBot-ros/install/dwb_msgs/include/dwb_msgs/dwb_msgs/srv/detail/generate_twists__rosidl_typesupport_introspection_cpp.hpp
-- Symlinking: /home/pi/CaveBot-ros/install/dwb_msgs/include/dwb_msgs/dwb_msgs/srv/detail/get_critic_score__rosidl_typesupport_introspection_cpp.hpp
-- Symlinking: /home/pi/CaveBot-ros/install/dwb_msgs/include/dwb_msgs/dwb_msgs/srv/detail/score_trajectory__rosidl_typesupport_introspection_cpp.hpp
-- Symlinking: /home/pi/CaveBot-ros/install/dwb_msgs/share/dwb_msgs/environment/pythonpath.sh
-- Symlinking: /home/pi/CaveBot-ros/install/dwb_msgs/share/dwb_msgs/environment/pythonpath.dsv
-- Symlinking: /home/pi/CaveBot-ros/install/dwb_msgs/lib/python3.12/site-packages/dwb_msgs-1.3.10-py3.12.egg-info/PKG-INFO
-- Symlinking: /home/pi/CaveBot-ros/install/dwb_msgs/lib/python3.12/site-packages/dwb_msgs-1.3.10-py3.12.egg-info/SOURCES.txt
-- Symlinking: /home/pi/CaveBot-ros/install/dwb_msgs/lib/python3.12/site-packages/dwb_msgs-1.3.10-py3.12.egg-info/dependency_links.txt
-- Symlinking: /home/pi/CaveBot-ros/install/dwb_msgs/lib/python3.12/site-packages/dwb_msgs-1.3.10-py3.12.egg-info/top_level.txt
-- Symlinking: /home/pi/CaveBot-ros/install/dwb_msgs/lib/python3.12/site-packages/dwb_msgs/__init__.py
-- Symlinking: /home/pi/CaveBot-ros/install/dwb_msgs/lib/python3.12/site-packages/dwb_msgs/_dwb_msgs_s.ep.rosidl_typesupport_c.c
-- Symlinking: /home/pi/CaveBot-ros/install/dwb_msgs/lib/python3.12/site-packages/dwb_msgs/_dwb_msgs_s.ep.rosidl_typesupport_fastrtps_c.c
-- Symlinking: /home/pi/CaveBot-ros/install/dwb_msgs/lib/python3.12/site-packages/dwb_msgs/_dwb_msgs_s.ep.rosidl_typesupport_introspection_c.c
-- Symlinking: /home/pi/CaveBot-ros/install/dwb_msgs/lib/python3.12/site-packages/dwb_msgs/dwb_msgs_s__rosidl_typesupport_c.so
-- Symlinking: /home/pi/CaveBot-ros/install/dwb_msgs/lib/python3.12/site-packages/dwb_msgs/dwb_msgs_s__rosidl_typesupport_fastrtps_c.so
-- Symlinking: /home/pi/CaveBot-ros/install/dwb_msgs/lib/python3.12/site-packages/dwb_msgs/dwb_msgs_s__rosidl_typesupport_introspection_c.so
-- Symlinking: /home/pi/CaveBot-ros/install/dwb_msgs/lib/python3.12/site-packages/dwb_msgs/msg/__init__.py
-- Symlinking: /home/pi/CaveBot-ros/install/dwb_msgs/lib/python3.12/site-packages/dwb_msgs/msg/_critic_score.py
-- Symlinking: /home/pi/CaveBot-ros/install/dwb_msgs/lib/python3.12/site-packages/dwb_msgs/msg/_critic_score_s.c
-- Symlinking: /home/pi/CaveBot-ros/install/dwb_msgs/lib/python3.12/site-packages/dwb_msgs/msg/_local_plan_evaluation.py
-- Symlinking: /home/pi/CaveBot-ros/install/dwb_msgs/lib/python3.12/site-packages/dwb_msgs/msg/_local_plan_evaluation_s.c
-- Symlinking: /home/pi/CaveBot-ros/install/dwb_msgs/lib/python3.12/site-packages/dwb_msgs/msg/_trajectory2_d.py
-- Symlinking: /home/pi/CaveBot-ros/install/dwb_msgs/lib/python3.12/site-packages/dwb_msgs/msg/_trajectory2_d_s.c
-- Symlinking: /home/pi/CaveBot-ros/install/dwb_msgs/lib/python3.12/site-packages/dwb_msgs/msg/_trajectory_score.py
-- Symlinking: /home/pi/CaveBot-ros/install/dwb_msgs/lib/python3.12/site-packages/dwb_msgs/msg/_trajectory_score_s.c
-- Symlinking: /home/pi/CaveBot-ros/install/dwb_msgs/lib/python3.12/site-packages/dwb_msgs/srv/__init__.py
-- Symlinking: /home/pi/CaveBot-ros/install/dwb_msgs/lib/python3.12/site-packages/dwb_msgs/srv/_debug_local_plan.py
-- Symlinking: /home/pi/CaveBot-ros/install/dwb_msgs/lib/python3.12/site-packages/dwb_msgs/srv/_debug_local_plan_s.c
-- Symlinking: /home/pi/CaveBot-ros/install/dwb_msgs/lib/python3.12/site-packages/dwb_msgs/srv/_generate_trajectory.py
-- Symlinking: /home/pi/CaveBot-ros/install/dwb_msgs/lib/python3.12/site-packages/dwb_msgs/srv/_generate_trajectory_s.c
-- Symlinking: /home/pi/CaveBot-ros/install/dwb_msgs/lib/python3.12/site-packages/dwb_msgs/srv/_generate_twists.py
-- Symlinking: /home/pi/CaveBot-ros/install/dwb_msgs/lib/python3.12/site-packages/dwb_msgs/srv/_generate_twists_s.c
-- Symlinking: /home/pi/CaveBot-ros/install/dwb_msgs/lib/python3.12/site-packages/dwb_msgs/srv/_get_critic_score.py
-- Symlinking: /home/pi/CaveBot-ros/install/dwb_msgs/lib/python3.12/site-packages/dwb_msgs/srv/_get_critic_score_s.c
-- Symlinking: /home/pi/CaveBot-ros/install/dwb_msgs/lib/python3.12/site-packages/dwb_msgs/srv/_score_trajectory.py
-- Symlinking: /home/pi/CaveBot-ros/install/dwb_msgs/lib/python3.12/site-packages/dwb_msgs/srv/_score_trajectory_s.c
-- Up-to-date symlink: /home/pi/CaveBot-ros/install/dwb_msgs/lib/python3.12/site-packages/dwb_msgs/dwb_msgs_s__rosidl_typesupport_fastrtps_c.so
-- Up-to-date symlink: /home/pi/CaveBot-ros/install/dwb_msgs/lib/python3.12/site-packages/dwb_msgs/dwb_msgs_s__rosidl_typesupport_introspection_c.so
-- Up-to-date symlink: /home/pi/CaveBot-ros/install/dwb_msgs/lib/python3.12/site-packages/dwb_msgs/dwb_msgs_s__rosidl_typesupport_c.so
-- Symlinking: /home/pi/CaveBot-ros/install/dwb_msgs/share/dwb_msgs/msg/CriticScore.idl
-- Symlinking: /home/pi/CaveBot-ros/install/dwb_msgs/share/dwb_msgs/msg/LocalPlanEvaluation.idl
-- Symlinking: /home/pi/CaveBot-ros/install/dwb_msgs/share/dwb_msgs/msg/Trajectory2D.idl
-- Symlinking: /home/pi/CaveBot-ros/install/dwb_msgs/share/dwb_msgs/msg/TrajectoryScore.idl
-- Symlinking: /home/pi/CaveBot-ros/install/dwb_msgs/share/dwb_msgs/srv/DebugLocalPlan.idl
-- Symlinking: /home/pi/CaveBot-ros/install/dwb_msgs/share/dwb_msgs/srv/GenerateTrajectory.idl
-- Symlinking: /home/pi/CaveBot-ros/install/dwb_msgs/share/dwb_msgs/srv/GenerateTwists.idl
-- Symlinking: /home/pi/CaveBot-ros/install/dwb_msgs/share/dwb_msgs/srv/GetCriticScore.idl
-- Symlinking: /home/pi/CaveBot-ros/install/dwb_msgs/share/dwb_msgs/srv/ScoreTrajectory.idl
-- Symlinking: /home/pi/CaveBot-ros/install/dwb_msgs/share/dwb_msgs/msg/CriticScore.msg
-- Symlinking: /home/pi/CaveBot-ros/install/dwb_msgs/share/dwb_msgs/msg/LocalPlanEvaluation.msg
-- Symlinking: /home/pi/CaveBot-ros/install/dwb_msgs/share/dwb_msgs/msg/Trajectory2D.msg
-- Symlinking: /home/pi/CaveBot-ros/install/dwb_msgs/share/dwb_msgs/msg/TrajectoryScore.msg
-- Symlinking: /home/pi/CaveBot-ros/install/dwb_msgs/share/dwb_msgs/srv/DebugLocalPlan.srv
-- Symlinking: /home/pi/CaveBot-ros/install/dwb_msgs/share/dwb_msgs/srv/GenerateTrajectory.srv
-- Symlinking: /home/pi/CaveBot-ros/install/dwb_msgs/share/dwb_msgs/srv/GenerateTwists.srv
-- Symlinking: /home/pi/CaveBot-ros/install/dwb_msgs/share/dwb_msgs/srv/GetCriticScore.srv
-- Symlinking: /home/pi/CaveBot-ros/install/dwb_msgs/share/dwb_msgs/srv/ScoreTrajectory.srv
-- Symlinking: /home/pi/CaveBot-ros/install/dwb_msgs/share/ament_index/resource_index/package_run_dependencies/dwb_msgs
-- Symlinking: /home/pi/CaveBot-ros/install/dwb_msgs/share/ament_index/resource_index/parent_prefix_path/dwb_msgs
-- Symlinking: /home/pi/CaveBot-ros/install/dwb_msgs/share/dwb_msgs/environment/ament_prefix_path.sh
-- Symlinking: /home/pi/CaveBot-ros/install/dwb_msgs/share/dwb_msgs/environment/ament_prefix_path.dsv
-- Symlinking: /home/pi/CaveBot-ros/install/dwb_msgs/share/dwb_msgs/environment/path.sh
-- Symlinking: /home/pi/CaveBot-ros/install/dwb_msgs/share/dwb_msgs/environment/path.dsv
-- Symlinking: /home/pi/CaveBot-ros/install/dwb_msgs/share/dwb_msgs/local_setup.bash
-- Symlinking: /home/pi/CaveBot-ros/install/dwb_msgs/share/dwb_msgs/local_setup.sh
-- Symlinking: /home/pi/CaveBot-ros/install/dwb_msgs/share/dwb_msgs/local_setup.zsh
-- Symlinking: /home/pi/CaveBot-ros/install/dwb_msgs/share/dwb_msgs/local_setup.dsv
-- Symlinking: /home/pi/CaveBot-ros/install/dwb_msgs/share/dwb_msgs/package.dsv
-- Symlinking: /home/pi/CaveBot-ros/install/dwb_msgs/share/ament_index/resource_index/packages/dwb_msgs
-- Symlinking: /home/pi/CaveBot-ros/install/dwb_msgs/share/dwb_msgs/cmake/rosidl_cmake-extras.cmake
-- Symlinking: /home/pi/CaveBot-ros/install/dwb_msgs/share/dwb_msgs/cmake/ament_cmake_export_dependencies-extras.cmake
-- Symlinking: /home/pi/CaveBot-ros/install/dwb_msgs/share/dwb_msgs/cmake/ament_cmake_export_include_directories-extras.cmake
-- Symlinking: /home/pi/CaveBot-ros/install/dwb_msgs/share/dwb_msgs/cmake/ament_cmake_export_libraries-extras.cmake
-- Symlinking: /home/pi/CaveBot-ros/install/dwb_msgs/share/dwb_msgs/cmake/ament_cmake_export_targets-extras.cmake
-- Symlinking: /home/pi/CaveBot-ros/install/dwb_msgs/share/dwb_msgs/cmake/rosidl_cmake_export_typesupport_targets-extras.cmake
-- Symlinking: /home/pi/CaveBot-ros/install/dwb_msgs/share/dwb_msgs/cmake/rosidl_cmake_export_typesupport_libraries-extras.cmake
-- Symlinking: /home/pi/CaveBot-ros/install/dwb_msgs/share/dwb_msgs/cmake/dwb_msgsConfig.cmake
-- Symlinking: /home/pi/CaveBot-ros/install/dwb_msgs/share/dwb_msgs/cmake/dwb_msgsConfig-version.cmake
-- Symlinking: /home/pi/CaveBot-ros/install/dwb_msgs/share/dwb_msgs/package.xml
-- Installing: /home/pi/CaveBot-ros/install/dwb_msgs/lib/libdwb_msgs__rosidl_generator_c.so
-- Set non-toolchain portion of runtime path of "/home/pi/CaveBot-ros/install/dwb_msgs/lib/libdwb_msgs__rosidl_generator_c.so" to ""
-- Installing: /home/pi/CaveBot-ros/install/dwb_msgs/lib/libdwb_msgs__rosidl_typesupport_fastrtps_c.so
-- Set non-toolchain portion of runtime path of "/home/pi/CaveBot-ros/install/dwb_msgs/lib/libdwb_msgs__rosidl_typesupport_fastrtps_c.so" to ""
-- Installing: /home/pi/CaveBot-ros/install/dwb_msgs/lib/libdwb_msgs__rosidl_typesupport_fastrtps_cpp.so
-- Set non-toolchain portion of runtime path of "/home/pi/CaveBot-ros/install/dwb_msgs/lib/libdwb_msgs__rosidl_typesupport_fastrtps_cpp.so" to ""
-- Installing: /home/pi/CaveBot-ros/install/dwb_msgs/lib/libdwb_msgs__rosidl_typesupport_introspection_c.so
-- Set non-toolchain portion of runtime path of "/home/pi/CaveBot-ros/install/dwb_msgs/lib/libdwb_msgs__rosidl_typesupport_introspection_c.so" to ""
-- Installing: /home/pi/CaveBot-ros/install/dwb_msgs/lib/libdwb_msgs__rosidl_typesupport_c.so
-- Set non-toolchain portion of runtime path of "/home/pi/CaveBot-ros/install/dwb_msgs/lib/libdwb_msgs__rosidl_typesupport_c.so" to ""
-- Installing: /home/pi/CaveBot-ros/install/dwb_msgs/lib/libdwb_msgs__rosidl_typesupport_introspection_cpp.so
-- Set non-toolchain portion of runtime path of "/home/pi/CaveBot-ros/install/dwb_msgs/lib/libdwb_msgs__rosidl_typesupport_introspection_cpp.so" to ""
-- Installing: /home/pi/CaveBot-ros/install/dwb_msgs/lib/libdwb_msgs__rosidl_typesupport_cpp.so
-- Set non-toolchain portion of runtime path of "/home/pi/CaveBot-ros/install/dwb_msgs/lib/libdwb_msgs__rosidl_typesupport_cpp.so" to ""
Listing '/home/pi/CaveBot-ros/install/dwb_msgs/lib/python3.12/site-packages/dwb_msgs'...
Compiling '/home/pi/CaveBot-ros/install/dwb_msgs/lib/python3.12/site-packages/dwb_msgs/__init__.py'...
Listing '/home/pi/CaveBot-ros/install/dwb_msgs/lib/python3.12/site-packages/dwb_msgs/msg'...
Compiling '/home/pi/CaveBot-ros/install/dwb_msgs/lib/python3.12/site-packages/dwb_msgs/msg/__init__.py'...
Compiling '/home/pi/CaveBot-ros/install/dwb_msgs/lib/python3.12/site-packages/dwb_msgs/msg/_critic_score.py'...
Compiling '/home/pi/CaveBot-ros/install/dwb_msgs/lib/python3.12/site-packages/dwb_msgs/msg/_local_plan_evaluation.py'...
Compiling '/home/pi/CaveBot-ros/install/dwb_msgs/lib/python3.12/site-packages/dwb_msgs/msg/_trajectory2_d.py'...
Compiling '/home/pi/CaveBot-ros/install/dwb_msgs/lib/python3.12/site-packages/dwb_msgs/msg/_trajectory_score.py'...
Listing '/home/pi/CaveBot-ros/install/dwb_msgs/lib/python3.12/site-packages/dwb_msgs/srv'...
Compiling '/home/pi/CaveBot-ros/install/dwb_msgs/lib/python3.12/site-packages/dwb_msgs/srv/__init__.py'...
Compiling '/home/pi/CaveBot-ros/install/dwb_msgs/lib/python3.12/site-packages/dwb_msgs/srv/_debug_local_plan.py'...
Compiling '/home/pi/CaveBot-ros/install/dwb_msgs/lib/python3.12/site-packages/dwb_msgs/srv/_generate_trajectory.py'...
Compiling '/home/pi/CaveBot-ros/install/dwb_msgs/lib/python3.12/site-packages/dwb_msgs/srv/_generate_twists.py'...
Compiling '/home/pi/CaveBot-ros/install/dwb_msgs/lib/python3.12/site-packages/dwb_msgs/srv/_get_critic_score.py'...
Compiling '/home/pi/CaveBot-ros/install/dwb_msgs/lib/python3.12/site-packages/dwb_msgs/srv/_score_trajectory.py'...
-- Installing: /home/pi/CaveBot-ros/install/dwb_msgs/lib/libdwb_msgs__rosidl_generator_py.so
-- Set non-toolchain portion of runtime path of "/home/pi/CaveBot-ros/install/dwb_msgs/lib/libdwb_msgs__rosidl_generator_py.so" to ""
-- Installing: /home/pi/CaveBot-ros/install/dwb_msgs/share/dwb_msgs/cmake/export_dwb_msgs__rosidl_generator_cExport.cmake
-- Installing: /home/pi/CaveBot-ros/install/dwb_msgs/share/dwb_msgs/cmake/export_dwb_msgs__rosidl_generator_cExport-noconfig.cmake
-- Installing: /home/pi/CaveBot-ros/install/dwb_msgs/share/dwb_msgs/cmake/export_dwb_msgs__rosidl_typesupport_fastrtps_cExport.cmake
-- Installing: /home/pi/CaveBot-ros/install/dwb_msgs/share/dwb_msgs/cmake/export_dwb_msgs__rosidl_typesupport_fastrtps_cExport-noconfig.cmake
-- Installing: /home/pi/CaveBot-ros/install/dwb_msgs/share/dwb_msgs/cmake/export_dwb_msgs__rosidl_generator_cppExport.cmake
-- Installing: /home/pi/CaveBot-ros/install/dwb_msgs/share/dwb_msgs/cmake/export_dwb_msgs__rosidl_typesupport_fastrtps_cppExport.cmake
-- Installing: /home/pi/CaveBot-ros/install/dwb_msgs/share/dwb_msgs/cmake/export_dwb_msgs__rosidl_typesupport_fastrtps_cppExport-noconfig.cmake
-- Installing: /home/pi/CaveBot-ros/install/dwb_msgs/share/dwb_msgs/cmake/dwb_msgs__rosidl_typesupport_introspection_cExport.cmake
-- Installing: /home/pi/CaveBot-ros/install/dwb_msgs/share/dwb_msgs/cmake/dwb_msgs__rosidl_typesupport_introspection_cExport-noconfig.cmake
-- Installing: /home/pi/CaveBot-ros/install/dwb_msgs/share/dwb_msgs/cmake/dwb_msgs__rosidl_typesupport_cExport.cmake
-- Installing: /home/pi/CaveBot-ros/install/dwb_msgs/share/dwb_msgs/cmake/dwb_msgs__rosidl_typesupport_cExport-noconfig.cmake
-- Installing: /home/pi/CaveBot-ros/install/dwb_msgs/share/dwb_msgs/cmake/dwb_msgs__rosidl_typesupport_introspection_cppExport.cmake
-- Installing: /home/pi/CaveBot-ros/install/dwb_msgs/share/dwb_msgs/cmake/dwb_msgs__rosidl_typesupport_introspection_cppExport-noconfig.cmake
-- Installing: /home/pi/CaveBot-ros/install/dwb_msgs/share/dwb_msgs/cmake/dwb_msgs__rosidl_typesupport_cppExport.cmake
-- Installing: /home/pi/CaveBot-ros/install/dwb_msgs/share/dwb_msgs/cmake/dwb_msgs__rosidl_typesupport_cppExport-noconfig.cmake
-- Installing: /home/pi/CaveBot-ros/install/dwb_msgs/share/dwb_msgs/cmake/export_dwb_msgs__rosidl_generator_pyExport.cmake
-- Installing: /home/pi/CaveBot-ros/install/dwb_msgs/share/dwb_msgs/cmake/export_dwb_msgs__rosidl_generator_pyExport-noconfig.cmake
