[1.171s] Invoking command in '/home/pi/CaveBot-ros/src/dualcam_launch': AMENT_PREFIX_PATH=/home/pi/CaveBot-ros/install/stereo_image_proc:/home/pi/CaveBot-ros/install/image_proc:/home/pi/CaveBot-ros/install/camera_ros:/home/pi/CaveBot-ros/install/tracetools_image_pipeline:/home/pi/CaveBot-ros/install/image_view:/home/pi/CaveBot-ros/install/depthimage_to_laserscan:${AMENT_PREFIX_PATH} CMAKE_PREFIX_PATH=/home/pi/CaveBot-ros/install/stereo_image_proc:/home/pi/CaveBot-ros/install/image_proc:/home/pi/CaveBot-ros/install/camera_ros:/home/pi/CaveBot-ros/install/tracetools_image_pipeline:/home/pi/CaveBot-ros/install/image_view:/home/pi/CaveBot-ros/install/depthimage_to_laserscan:${CMAKE_PREFIX_PATH} DEBUGINFOD_URLS=https://debuginfod.ubuntu.com LD_LIBRARY_PATH=/home/pi/CaveBot-ros/install/stereo_image_proc/lib:/home/pi/CaveBot-ros/install/image_proc/lib:/home/pi/CaveBot-ros/install/camera_ros/lib:/home/pi/CaveBot-ros/install/tracetools_image_pipeline/lib:/home/pi/CaveBot-ros/install/libcamera/lib:/home/pi/CaveBot-ros/install/image_view/lib:/home/pi/CaveBot-ros/install/depthimage_to_laserscan/lib:${LD_LIBRARY_PATH} PATH=/home/pi/CaveBot-ros/install/libcamera/bin:${PATH} PKG_CONFIG_PATH=/home/pi/CaveBot-ros/install/libcamera/lib/pkgconfig PYTHONPATH=/home/pi/CaveBot-ros/build/dualcam_launch/prefix_override:/usr/lib/python3/dist-packages/colcon_core/task/python/colcon_distutils_commands:/home/pi/CaveBot-ros/install/dualcam_launch/lib/python3.12/site-packages:${PYTHONPATH} /usr/bin/python3 -W ignore:setup.py install is deprecated -W ignore:easy_install command is deprecated setup.py egg_info --egg-base ../../build/dualcam_launch build --build-base /home/pi/CaveBot-ros/build/dualcam_launch/build install --record /home/pi/CaveBot-ros/build/dualcam_launch/install.log --single-version-externally-managed install_data
[1.520s] running egg_info
[1.545s] writing ../../build/dualcam_launch/dualcam_launch.egg-info/PKG-INFO
[1.546s] writing dependency_links to ../../build/dualcam_launch/dualcam_launch.egg-info/dependency_links.txt
[1.547s] writing entry points to ../../build/dualcam_launch/dualcam_launch.egg-info/entry_points.txt
[1.547s] writing requirements to ../../build/dualcam_launch/dualcam_launch.egg-info/requires.txt
[1.548s] writing top-level names to ../../build/dualcam_launch/dualcam_launch.egg-info/top_level.txt
[1.600s] reading manifest file '../../build/dualcam_launch/dualcam_launch.egg-info/SOURCES.txt'
[1.601s] writing manifest file '../../build/dualcam_launch/dualcam_launch.egg-info/SOURCES.txt'
[1.602s] running build
[1.602s] running build_py
[1.602s] running install
[1.611s] running install_lib
[1.637s] running install_data
[1.637s] copying launch/stereo_pipeline_viz.launch.py -> /home/pi/CaveBot-ros/install/dualcam_launch/share/dualcam_launch/launch
[1.638s] running install_egg_info
[1.665s] removing '/home/pi/CaveBot-ros/install/dualcam_launch/lib/python3.12/site-packages/dualcam_launch-0.0.1-py3.12.egg-info' (and everything under it)
[1.665s] Copying ../../build/dualcam_launch/dualcam_launch.egg-info to /home/pi/CaveBot-ros/install/dualcam_launch/lib/python3.12/site-packages/dualcam_launch-0.0.1-py3.12.egg-info
[1.666s] running install_scripts
[1.852s] Installing disparity_to_depth script to /home/pi/CaveBot-ros/install/dualcam_launch/lib/dualcam_launch
[1.853s] writing list of installed files to '/home/pi/CaveBot-ros/build/dualcam_launch/install.log'
[1.925s] Invoked command in '/home/pi/CaveBot-ros/src/dualcam_launch' returned '0': AMENT_PREFIX_PATH=/home/pi/CaveBot-ros/install/stereo_image_proc:/home/pi/CaveBot-ros/install/image_proc:/home/pi/CaveBot-ros/install/camera_ros:/home/pi/CaveBot-ros/install/tracetools_image_pipeline:/home/pi/CaveBot-ros/install/image_view:/home/pi/CaveBot-ros/install/depthimage_to_laserscan:${AMENT_PREFIX_PATH} CMAKE_PREFIX_PATH=/home/pi/CaveBot-ros/install/stereo_image_proc:/home/pi/CaveBot-ros/install/image_proc:/home/pi/CaveBot-ros/install/camera_ros:/home/pi/CaveBot-ros/install/tracetools_image_pipeline:/home/pi/CaveBot-ros/install/image_view:/home/pi/CaveBot-ros/install/depthimage_to_laserscan:${CMAKE_PREFIX_PATH} DEBUGINFOD_URLS=https://debuginfod.ubuntu.com LD_LIBRARY_PATH=/home/pi/CaveBot-ros/install/stereo_image_proc/lib:/home/pi/CaveBot-ros/install/image_proc/lib:/home/pi/CaveBot-ros/install/camera_ros/lib:/home/pi/CaveBot-ros/install/tracetools_image_pipeline/lib:/home/pi/CaveBot-ros/install/libcamera/lib:/home/pi/CaveBot-ros/install/image_view/lib:/home/pi/CaveBot-ros/install/depthimage_to_laserscan/lib:${LD_LIBRARY_PATH} PATH=/home/pi/CaveBot-ros/install/libcamera/bin:${PATH} PKG_CONFIG_PATH=/home/pi/CaveBot-ros/install/libcamera/lib/pkgconfig PYTHONPATH=/home/pi/CaveBot-ros/build/dualcam_launch/prefix_override:/usr/lib/python3/dist-packages/colcon_core/task/python/colcon_distutils_commands:/home/pi/CaveBot-ros/install/dualcam_launch/lib/python3.12/site-packages:${PYTHONPATH} /usr/bin/python3 -W ignore:setup.py install is deprecated -W ignore:easy_install command is deprecated setup.py egg_info --egg-base ../../build/dualcam_launch build --build-base /home/pi/CaveBot-ros/build/dualcam_launch/build install --record /home/pi/CaveBot-ros/build/dualcam_launch/install.log --single-version-externally-managed install_data
