[  1%] Built target nav_2d_msgs__rosidl_generator_type_description
[  1%] Built target ament_cmake_python_symlink_nav_2d_msgs
[  2%] Built target nav_2d_msgs__cpp
[ 26%] Built target nav_2d_msgs__rosidl_generator_c
[ 35%] Built target nav_2d_msgs__rosidl_typesupport_c
[ 45%] Built target nav_2d_msgs__rosidl_typesupport_introspection_c
[ 54%] Built target nav_2d_msgs__rosidl_typesupport_introspection_cpp
[ 64%] Built target nav_2d_msgs__rosidl_typesupport_fastrtps_cpp
[ 73%] Built target nav_2d_msgs__rosidl_typesupport_cpp
[ 83%] Built target nav_2d_msgs__rosidl_typesupport_fastrtps_c
[ 83%] Built target nav_2d_msgs
running egg_info
writing nav_2d_msgs.egg-info/PKG-INFO
writing dependency_links to nav_2d_msgs.egg-info/dependency_links.txt
writing top-level names to nav_2d_msgs.egg-info/top_level.txt
[ 84%] Built target nav_2d_msgs__py
reading manifest file 'nav_2d_msgs.egg-info/SOURCES.txt'
writing manifest file 'nav_2d_msgs.egg-info/SOURCES.txt'
[ 92%] Built target nav_2d_msgs__rosidl_generator_py
[ 95%] Built target nav_2d_msgs_s__rosidl_typesupport_fastrtps_c
[ 95%] Built target ament_cmake_python_build_nav_2d_msgs_egg
[ 97%] Built target nav_2d_msgs_s__rosidl_typesupport_introspection_c
[100%] Built target nav_2d_msgs_s__rosidl_typesupport_c
-- Install configuration: ""
-- Execute custom install script
-- Symlinking: /home/pi/CaveBot-ros/install/nav_2d_msgs/share/ament_index/resource_index/rosidl_interfaces/nav_2d_msgs
-- Symlinking: /home/pi/CaveBot-ros/install/nav_2d_msgs/share/nav_2d_msgs/msg/Path2D.json
-- Symlinking: /home/pi/CaveBot-ros/install/nav_2d_msgs/share/nav_2d_msgs/msg/Pose2D32.json
-- Symlinking: /home/pi/CaveBot-ros/install/nav_2d_msgs/share/nav_2d_msgs/msg/Pose2DStamped.json
-- Symlinking: /home/pi/CaveBot-ros/install/nav_2d_msgs/share/nav_2d_msgs/msg/Twist2D.json
-- Symlinking: /home/pi/CaveBot-ros/install/nav_2d_msgs/share/nav_2d_msgs/msg/Twist2D32.json
-- Symlinking: /home/pi/CaveBot-ros/install/nav_2d_msgs/share/nav_2d_msgs/msg/Twist2DStamped.json
-- Symlinking: /home/pi/CaveBot-ros/install/nav_2d_msgs/include/nav_2d_msgs/nav_2d_msgs/msg/detail/path2_d__functions.h
-- Symlinking: /home/pi/CaveBot-ros/install/nav_2d_msgs/include/nav_2d_msgs/nav_2d_msgs/msg/detail/path2_d__struct.h
-- Symlinking: /home/pi/CaveBot-ros/install/nav_2d_msgs/include/nav_2d_msgs/nav_2d_msgs/msg/detail/path2_d__type_support.h
-- Symlinking: /home/pi/CaveBot-ros/install/nav_2d_msgs/include/nav_2d_msgs/nav_2d_msgs/msg/detail/pose2_d32__functions.h
-- Symlinking: /home/pi/CaveBot-ros/install/nav_2d_msgs/include/nav_2d_msgs/nav_2d_msgs/msg/detail/pose2_d32__struct.h
-- Symlinking: /home/pi/CaveBot-ros/install/nav_2d_msgs/include/nav_2d_msgs/nav_2d_msgs/msg/detail/pose2_d32__type_support.h
-- Symlinking: /home/pi/CaveBot-ros/install/nav_2d_msgs/include/nav_2d_msgs/nav_2d_msgs/msg/detail/pose2_d_stamped__functions.h
-- Symlinking: /home/pi/CaveBot-ros/install/nav_2d_msgs/include/nav_2d_msgs/nav_2d_msgs/msg/detail/pose2_d_stamped__struct.h
-- Symlinking: /home/pi/CaveBot-ros/install/nav_2d_msgs/include/nav_2d_msgs/nav_2d_msgs/msg/detail/pose2_d_stamped__type_support.h
-- Symlinking: /home/pi/CaveBot-ros/install/nav_2d_msgs/include/nav_2d_msgs/nav_2d_msgs/msg/detail/twist2_d32__functions.h
-- Symlinking: /home/pi/CaveBot-ros/install/nav_2d_msgs/include/nav_2d_msgs/nav_2d_msgs/msg/detail/twist2_d32__struct.h
-- Symlinking: /home/pi/CaveBot-ros/install/nav_2d_msgs/include/nav_2d_msgs/nav_2d_msgs/msg/detail/twist2_d32__type_support.h
-- Symlinking: /home/pi/CaveBot-ros/install/nav_2d_msgs/include/nav_2d_msgs/nav_2d_msgs/msg/detail/twist2_d__functions.h
-- Symlinking: /home/pi/CaveBot-ros/install/nav_2d_msgs/include/nav_2d_msgs/nav_2d_msgs/msg/detail/twist2_d__struct.h
-- Symlinking: /home/pi/CaveBot-ros/install/nav_2d_msgs/include/nav_2d_msgs/nav_2d_msgs/msg/detail/twist2_d__type_support.h
-- Symlinking: /home/pi/CaveBot-ros/install/nav_2d_msgs/include/nav_2d_msgs/nav_2d_msgs/msg/detail/twist2_d_stamped__functions.h
-- Symlinking: /home/pi/CaveBot-ros/install/nav_2d_msgs/include/nav_2d_msgs/nav_2d_msgs/msg/detail/twist2_d_stamped__struct.h
-- Symlinking: /home/pi/CaveBot-ros/install/nav_2d_msgs/include/nav_2d_msgs/nav_2d_msgs/msg/detail/twist2_d_stamped__type_support.h
-- Symlinking: /home/pi/CaveBot-ros/install/nav_2d_msgs/include/nav_2d_msgs/nav_2d_msgs/msg/path2_d.h
-- Symlinking: /home/pi/CaveBot-ros/install/nav_2d_msgs/include/nav_2d_msgs/nav_2d_msgs/msg/pose2_d32.h
-- Symlinking: /home/pi/CaveBot-ros/install/nav_2d_msgs/include/nav_2d_msgs/nav_2d_msgs/msg/pose2_d_stamped.h
-- Symlinking: /home/pi/CaveBot-ros/install/nav_2d_msgs/include/nav_2d_msgs/nav_2d_msgs/msg/rosidl_generator_c__visibility_control.h
-- Symlinking: /home/pi/CaveBot-ros/install/nav_2d_msgs/include/nav_2d_msgs/nav_2d_msgs/msg/twist2_d.h
-- Symlinking: /home/pi/CaveBot-ros/install/nav_2d_msgs/include/nav_2d_msgs/nav_2d_msgs/msg/twist2_d32.h
-- Symlinking: /home/pi/CaveBot-ros/install/nav_2d_msgs/include/nav_2d_msgs/nav_2d_msgs/msg/twist2_d_stamped.h
-- Symlinking: /home/pi/CaveBot-ros/install/nav_2d_msgs/share/nav_2d_msgs/environment/library_path.sh
-- Symlinking: /home/pi/CaveBot-ros/install/nav_2d_msgs/share/nav_2d_msgs/environment/library_path.dsv
-- Symlinking: /home/pi/CaveBot-ros/install/nav_2d_msgs/include/nav_2d_msgs/nav_2d_msgs/msg/detail/path2_d__rosidl_typesupport_fastrtps_c.h
-- Symlinking: /home/pi/CaveBot-ros/install/nav_2d_msgs/include/nav_2d_msgs/nav_2d_msgs/msg/detail/pose2_d32__rosidl_typesupport_fastrtps_c.h
-- Symlinking: /home/pi/CaveBot-ros/install/nav_2d_msgs/include/nav_2d_msgs/nav_2d_msgs/msg/detail/pose2_d_stamped__rosidl_typesupport_fastrtps_c.h
-- Symlinking: /home/pi/CaveBot-ros/install/nav_2d_msgs/include/nav_2d_msgs/nav_2d_msgs/msg/detail/twist2_d32__rosidl_typesupport_fastrtps_c.h
-- Symlinking: /home/pi/CaveBot-ros/install/nav_2d_msgs/include/nav_2d_msgs/nav_2d_msgs/msg/detail/twist2_d__rosidl_typesupport_fastrtps_c.h
-- Symlinking: /home/pi/CaveBot-ros/install/nav_2d_msgs/include/nav_2d_msgs/nav_2d_msgs/msg/detail/twist2_d_stamped__rosidl_typesupport_fastrtps_c.h
-- Symlinking: /home/pi/CaveBot-ros/install/nav_2d_msgs/include/nav_2d_msgs/nav_2d_msgs/msg/rosidl_typesupport_fastrtps_c__visibility_control.h
-- Symlinking: /home/pi/CaveBot-ros/install/nav_2d_msgs/include/nav_2d_msgs/nav_2d_msgs/msg/detail/path2_d__builder.hpp
-- Symlinking: /home/pi/CaveBot-ros/install/nav_2d_msgs/include/nav_2d_msgs/nav_2d_msgs/msg/detail/path2_d__struct.hpp
-- Symlinking: /home/pi/CaveBot-ros/install/nav_2d_msgs/include/nav_2d_msgs/nav_2d_msgs/msg/detail/path2_d__traits.hpp
-- Symlinking: /home/pi/CaveBot-ros/install/nav_2d_msgs/include/nav_2d_msgs/nav_2d_msgs/msg/detail/path2_d__type_support.hpp
-- Symlinking: /home/pi/CaveBot-ros/install/nav_2d_msgs/include/nav_2d_msgs/nav_2d_msgs/msg/detail/pose2_d32__builder.hpp
-- Symlinking: /home/pi/CaveBot-ros/install/nav_2d_msgs/include/nav_2d_msgs/nav_2d_msgs/msg/detail/pose2_d32__struct.hpp
-- Symlinking: /home/pi/CaveBot-ros/install/nav_2d_msgs/include/nav_2d_msgs/nav_2d_msgs/msg/detail/pose2_d32__traits.hpp
-- Symlinking: /home/pi/CaveBot-ros/install/nav_2d_msgs/include/nav_2d_msgs/nav_2d_msgs/msg/detail/pose2_d32__type_support.hpp
-- Symlinking: /home/pi/CaveBot-ros/install/nav_2d_msgs/include/nav_2d_msgs/nav_2d_msgs/msg/detail/pose2_d_stamped__builder.hpp
-- Symlinking: /home/pi/CaveBot-ros/install/nav_2d_msgs/include/nav_2d_msgs/nav_2d_msgs/msg/detail/pose2_d_stamped__struct.hpp
-- Symlinking: /home/pi/CaveBot-ros/install/nav_2d_msgs/include/nav_2d_msgs/nav_2d_msgs/msg/detail/pose2_d_stamped__traits.hpp
-- Symlinking: /home/pi/CaveBot-ros/install/nav_2d_msgs/include/nav_2d_msgs/nav_2d_msgs/msg/detail/pose2_d_stamped__type_support.hpp
-- Symlinking: /home/pi/CaveBot-ros/install/nav_2d_msgs/include/nav_2d_msgs/nav_2d_msgs/msg/detail/twist2_d32__builder.hpp
-- Symlinking: /home/pi/CaveBot-ros/install/nav_2d_msgs/include/nav_2d_msgs/nav_2d_msgs/msg/detail/twist2_d32__struct.hpp
-- Symlinking: /home/pi/CaveBot-ros/install/nav_2d_msgs/include/nav_2d_msgs/nav_2d_msgs/msg/detail/twist2_d32__traits.hpp
-- Symlinking: /home/pi/CaveBot-ros/install/nav_2d_msgs/include/nav_2d_msgs/nav_2d_msgs/msg/detail/twist2_d32__type_support.hpp
-- Symlinking: /home/pi/CaveBot-ros/install/nav_2d_msgs/include/nav_2d_msgs/nav_2d_msgs/msg/detail/twist2_d__builder.hpp
-- Symlinking: /home/pi/CaveBot-ros/install/nav_2d_msgs/include/nav_2d_msgs/nav_2d_msgs/msg/detail/twist2_d__struct.hpp
-- Symlinking: /home/pi/CaveBot-ros/install/nav_2d_msgs/include/nav_2d_msgs/nav_2d_msgs/msg/detail/twist2_d__traits.hpp
-- Symlinking: /home/pi/CaveBot-ros/install/nav_2d_msgs/include/nav_2d_msgs/nav_2d_msgs/msg/detail/twist2_d__type_support.hpp
-- Symlinking: /home/pi/CaveBot-ros/install/nav_2d_msgs/include/nav_2d_msgs/nav_2d_msgs/msg/detail/twist2_d_stamped__builder.hpp
-- Symlinking: /home/pi/CaveBot-ros/install/nav_2d_msgs/include/nav_2d_msgs/nav_2d_msgs/msg/detail/twist2_d_stamped__struct.hpp
-- Symlinking: /home/pi/CaveBot-ros/install/nav_2d_msgs/include/nav_2d_msgs/nav_2d_msgs/msg/detail/twist2_d_stamped__traits.hpp
-- Symlinking: /home/pi/CaveBot-ros/install/nav_2d_msgs/include/nav_2d_msgs/nav_2d_msgs/msg/detail/twist2_d_stamped__type_support.hpp
-- Symlinking: /home/pi/CaveBot-ros/install/nav_2d_msgs/include/nav_2d_msgs/nav_2d_msgs/msg/path2_d.hpp
-- Symlinking: /home/pi/CaveBot-ros/install/nav_2d_msgs/include/nav_2d_msgs/nav_2d_msgs/msg/pose2_d32.hpp
-- Symlinking: /home/pi/CaveBot-ros/install/nav_2d_msgs/include/nav_2d_msgs/nav_2d_msgs/msg/pose2_d_stamped.hpp
-- Symlinking: /home/pi/CaveBot-ros/install/nav_2d_msgs/include/nav_2d_msgs/nav_2d_msgs/msg/rosidl_generator_cpp__visibility_control.hpp
-- Symlinking: /home/pi/CaveBot-ros/install/nav_2d_msgs/include/nav_2d_msgs/nav_2d_msgs/msg/twist2_d.hpp
-- Symlinking: /home/pi/CaveBot-ros/install/nav_2d_msgs/include/nav_2d_msgs/nav_2d_msgs/msg/twist2_d32.hpp
-- Symlinking: /home/pi/CaveBot-ros/install/nav_2d_msgs/include/nav_2d_msgs/nav_2d_msgs/msg/twist2_d_stamped.hpp
-- Symlinking: /home/pi/CaveBot-ros/install/nav_2d_msgs/include/nav_2d_msgs/nav_2d_msgs/msg/detail/path2_d__rosidl_typesupport_fastrtps_cpp.hpp
-- Symlinking: /home/pi/CaveBot-ros/install/nav_2d_msgs/include/nav_2d_msgs/nav_2d_msgs/msg/detail/pose2_d32__rosidl_typesupport_fastrtps_cpp.hpp
-- Symlinking: /home/pi/CaveBot-ros/install/nav_2d_msgs/include/nav_2d_msgs/nav_2d_msgs/msg/detail/pose2_d_stamped__rosidl_typesupport_fastrtps_cpp.hpp
-- Symlinking: /home/pi/CaveBot-ros/install/nav_2d_msgs/include/nav_2d_msgs/nav_2d_msgs/msg/detail/twist2_d32__rosidl_typesupport_fastrtps_cpp.hpp
-- Symlinking: /home/pi/CaveBot-ros/install/nav_2d_msgs/include/nav_2d_msgs/nav_2d_msgs/msg/detail/twist2_d__rosidl_typesupport_fastrtps_cpp.hpp
-- Symlinking: /home/pi/CaveBot-ros/install/nav_2d_msgs/include/nav_2d_msgs/nav_2d_msgs/msg/detail/twist2_d_stamped__rosidl_typesupport_fastrtps_cpp.hpp
-- Symlinking: /home/pi/CaveBot-ros/install/nav_2d_msgs/include/nav_2d_msgs/nav_2d_msgs/msg/rosidl_typesupport_fastrtps_cpp__visibility_control.h
-- Symlinking: /home/pi/CaveBot-ros/install/nav_2d_msgs/include/nav_2d_msgs/nav_2d_msgs/msg/detail/path2_d__rosidl_typesupport_introspection_c.h
-- Symlinking: /home/pi/CaveBot-ros/install/nav_2d_msgs/include/nav_2d_msgs/nav_2d_msgs/msg/detail/pose2_d32__rosidl_typesupport_introspection_c.h
-- Symlinking: /home/pi/CaveBot-ros/install/nav_2d_msgs/include/nav_2d_msgs/nav_2d_msgs/msg/detail/pose2_d_stamped__rosidl_typesupport_introspection_c.h
-- Symlinking: /home/pi/CaveBot-ros/install/nav_2d_msgs/include/nav_2d_msgs/nav_2d_msgs/msg/detail/twist2_d32__rosidl_typesupport_introspection_c.h
-- Symlinking: /home/pi/CaveBot-ros/install/nav_2d_msgs/include/nav_2d_msgs/nav_2d_msgs/msg/detail/twist2_d__rosidl_typesupport_introspection_c.h
-- Symlinking: /home/pi/CaveBot-ros/install/nav_2d_msgs/include/nav_2d_msgs/nav_2d_msgs/msg/detail/twist2_d_stamped__rosidl_typesupport_introspection_c.h
-- Symlinking: /home/pi/CaveBot-ros/install/nav_2d_msgs/include/nav_2d_msgs/nav_2d_msgs/msg/rosidl_typesupport_introspection_c__visibility_control.h
-- Symlinking: /home/pi/CaveBot-ros/install/nav_2d_msgs/include/nav_2d_msgs/nav_2d_msgs/msg/detail/path2_d__rosidl_typesupport_introspection_cpp.hpp
-- Symlinking: /home/pi/CaveBot-ros/install/nav_2d_msgs/include/nav_2d_msgs/nav_2d_msgs/msg/detail/pose2_d32__rosidl_typesupport_introspection_cpp.hpp
-- Symlinking: /home/pi/CaveBot-ros/install/nav_2d_msgs/include/nav_2d_msgs/nav_2d_msgs/msg/detail/pose2_d_stamped__rosidl_typesupport_introspection_cpp.hpp
-- Symlinking: /home/pi/CaveBot-ros/install/nav_2d_msgs/include/nav_2d_msgs/nav_2d_msgs/msg/detail/twist2_d32__rosidl_typesupport_introspection_cpp.hpp
-- Symlinking: /home/pi/CaveBot-ros/install/nav_2d_msgs/include/nav_2d_msgs/nav_2d_msgs/msg/detail/twist2_d__rosidl_typesupport_introspection_cpp.hpp
-- Symlinking: /home/pi/CaveBot-ros/install/nav_2d_msgs/include/nav_2d_msgs/nav_2d_msgs/msg/detail/twist2_d_stamped__rosidl_typesupport_introspection_cpp.hpp
-- Symlinking: /home/pi/CaveBot-ros/install/nav_2d_msgs/share/nav_2d_msgs/environment/pythonpath.sh
-- Symlinking: /home/pi/CaveBot-ros/install/nav_2d_msgs/share/nav_2d_msgs/environment/pythonpath.dsv
-- Symlinking: /home/pi/CaveBot-ros/install/nav_2d_msgs/lib/python3.12/site-packages/nav_2d_msgs-1.3.10-py3.12.egg-info/PKG-INFO
-- Symlinking: /home/pi/CaveBot-ros/install/nav_2d_msgs/lib/python3.12/site-packages/nav_2d_msgs-1.3.10-py3.12.egg-info/SOURCES.txt
-- Symlinking: /home/pi/CaveBot-ros/install/nav_2d_msgs/lib/python3.12/site-packages/nav_2d_msgs-1.3.10-py3.12.egg-info/dependency_links.txt
-- Symlinking: /home/pi/CaveBot-ros/install/nav_2d_msgs/lib/python3.12/site-packages/nav_2d_msgs-1.3.10-py3.12.egg-info/top_level.txt
-- Symlinking: /home/pi/CaveBot-ros/install/nav_2d_msgs/lib/python3.12/site-packages/nav_2d_msgs/__init__.py
-- Symlinking: /home/pi/CaveBot-ros/install/nav_2d_msgs/lib/python3.12/site-packages/nav_2d_msgs/_nav_2d_msgs_s.ep.rosidl_typesupport_c.c
-- Symlinking: /home/pi/CaveBot-ros/install/nav_2d_msgs/lib/python3.12/site-packages/nav_2d_msgs/_nav_2d_msgs_s.ep.rosidl_typesupport_fastrtps_c.c
-- Symlinking: /home/pi/CaveBot-ros/install/nav_2d_msgs/lib/python3.12/site-packages/nav_2d_msgs/_nav_2d_msgs_s.ep.rosidl_typesupport_introspection_c.c
-- Symlinking: /home/pi/CaveBot-ros/install/nav_2d_msgs/lib/python3.12/site-packages/nav_2d_msgs/msg/__init__.py
-- Symlinking: /home/pi/CaveBot-ros/install/nav_2d_msgs/lib/python3.12/site-packages/nav_2d_msgs/msg/_path2_d.py
-- Symlinking: /home/pi/CaveBot-ros/install/nav_2d_msgs/lib/python3.12/site-packages/nav_2d_msgs/msg/_path2_d_s.c
-- Symlinking: /home/pi/CaveBot-ros/install/nav_2d_msgs/lib/python3.12/site-packages/nav_2d_msgs/msg/_pose2_d32.py
-- Symlinking: /home/pi/CaveBot-ros/install/nav_2d_msgs/lib/python3.12/site-packages/nav_2d_msgs/msg/_pose2_d32_s.c
-- Symlinking: /home/pi/CaveBot-ros/install/nav_2d_msgs/lib/python3.12/site-packages/nav_2d_msgs/msg/_pose2_d_stamped.py
-- Symlinking: /home/pi/CaveBot-ros/install/nav_2d_msgs/lib/python3.12/site-packages/nav_2d_msgs/msg/_pose2_d_stamped_s.c
-- Symlinking: /home/pi/CaveBot-ros/install/nav_2d_msgs/lib/python3.12/site-packages/nav_2d_msgs/msg/_twist2_d.py
-- Symlinking: /home/pi/CaveBot-ros/install/nav_2d_msgs/lib/python3.12/site-packages/nav_2d_msgs/msg/_twist2_d32.py
-- Symlinking: /home/pi/CaveBot-ros/install/nav_2d_msgs/lib/python3.12/site-packages/nav_2d_msgs/msg/_twist2_d32_s.c
-- Symlinking: /home/pi/CaveBot-ros/install/nav_2d_msgs/lib/python3.12/site-packages/nav_2d_msgs/msg/_twist2_d_s.c
-- Symlinking: /home/pi/CaveBot-ros/install/nav_2d_msgs/lib/python3.12/site-packages/nav_2d_msgs/msg/_twist2_d_stamped.py
-- Symlinking: /home/pi/CaveBot-ros/install/nav_2d_msgs/lib/python3.12/site-packages/nav_2d_msgs/msg/_twist2_d_stamped_s.c
-- Symlinking: /home/pi/CaveBot-ros/install/nav_2d_msgs/lib/python3.12/site-packages/nav_2d_msgs/nav_2d_msgs_s__rosidl_typesupport_c.so
-- Symlinking: /home/pi/CaveBot-ros/install/nav_2d_msgs/lib/python3.12/site-packages/nav_2d_msgs/nav_2d_msgs_s__rosidl_typesupport_fastrtps_c.so
-- Symlinking: /home/pi/CaveBot-ros/install/nav_2d_msgs/lib/python3.12/site-packages/nav_2d_msgs/nav_2d_msgs_s__rosidl_typesupport_introspection_c.so
-- Up-to-date symlink: /home/pi/CaveBot-ros/install/nav_2d_msgs/lib/python3.12/site-packages/nav_2d_msgs/nav_2d_msgs_s__rosidl_typesupport_fastrtps_c.so
-- Up-to-date symlink: /home/pi/CaveBot-ros/install/nav_2d_msgs/lib/python3.12/site-packages/nav_2d_msgs/nav_2d_msgs_s__rosidl_typesupport_introspection_c.so
-- Up-to-date symlink: /home/pi/CaveBot-ros/install/nav_2d_msgs/lib/python3.12/site-packages/nav_2d_msgs/nav_2d_msgs_s__rosidl_typesupport_c.so
-- Symlinking: /home/pi/CaveBot-ros/install/nav_2d_msgs/share/nav_2d_msgs/msg/Path2D.idl
-- Symlinking: /home/pi/CaveBot-ros/install/nav_2d_msgs/share/nav_2d_msgs/msg/Pose2D32.idl
-- Symlinking: /home/pi/CaveBot-ros/install/nav_2d_msgs/share/nav_2d_msgs/msg/Pose2DStamped.idl
-- Symlinking: /home/pi/CaveBot-ros/install/nav_2d_msgs/share/nav_2d_msgs/msg/Twist2D.idl
-- Symlinking: /home/pi/CaveBot-ros/install/nav_2d_msgs/share/nav_2d_msgs/msg/Twist2D32.idl
-- Symlinking: /home/pi/CaveBot-ros/install/nav_2d_msgs/share/nav_2d_msgs/msg/Twist2DStamped.idl
-- Symlinking: /home/pi/CaveBot-ros/install/nav_2d_msgs/share/nav_2d_msgs/msg/Path2D.msg
-- Symlinking: /home/pi/CaveBot-ros/install/nav_2d_msgs/share/nav_2d_msgs/msg/Pose2D32.msg
-- Symlinking: /home/pi/CaveBot-ros/install/nav_2d_msgs/share/nav_2d_msgs/msg/Pose2DStamped.msg
-- Symlinking: /home/pi/CaveBot-ros/install/nav_2d_msgs/share/nav_2d_msgs/msg/Twist2D.msg
-- Symlinking: /home/pi/CaveBot-ros/install/nav_2d_msgs/share/nav_2d_msgs/msg/Twist2D32.msg
-- Symlinking: /home/pi/CaveBot-ros/install/nav_2d_msgs/share/nav_2d_msgs/msg/Twist2DStamped.msg
-- Symlinking: /home/pi/CaveBot-ros/install/nav_2d_msgs/share/ament_index/resource_index/package_run_dependencies/nav_2d_msgs
-- Symlinking: /home/pi/CaveBot-ros/install/nav_2d_msgs/share/ament_index/resource_index/parent_prefix_path/nav_2d_msgs
-- Symlinking: /home/pi/CaveBot-ros/install/nav_2d_msgs/share/nav_2d_msgs/environment/ament_prefix_path.sh
-- Symlinking: /home/pi/CaveBot-ros/install/nav_2d_msgs/share/nav_2d_msgs/environment/ament_prefix_path.dsv
-- Symlinking: /home/pi/CaveBot-ros/install/nav_2d_msgs/share/nav_2d_msgs/environment/path.sh
-- Symlinking: /home/pi/CaveBot-ros/install/nav_2d_msgs/share/nav_2d_msgs/environment/path.dsv
-- Symlinking: /home/pi/CaveBot-ros/install/nav_2d_msgs/share/nav_2d_msgs/local_setup.bash
-- Symlinking: /home/pi/CaveBot-ros/install/nav_2d_msgs/share/nav_2d_msgs/local_setup.sh
-- Symlinking: /home/pi/CaveBot-ros/install/nav_2d_msgs/share/nav_2d_msgs/local_setup.zsh
-- Symlinking: /home/pi/CaveBot-ros/install/nav_2d_msgs/share/nav_2d_msgs/local_setup.dsv
-- Symlinking: /home/pi/CaveBot-ros/install/nav_2d_msgs/share/nav_2d_msgs/package.dsv
-- Symlinking: /home/pi/CaveBot-ros/install/nav_2d_msgs/share/ament_index/resource_index/packages/nav_2d_msgs
-- Symlinking: /home/pi/CaveBot-ros/install/nav_2d_msgs/share/nav_2d_msgs/cmake/rosidl_cmake-extras.cmake
-- Symlinking: /home/pi/CaveBot-ros/install/nav_2d_msgs/share/nav_2d_msgs/cmake/ament_cmake_export_dependencies-extras.cmake
-- Symlinking: /home/pi/CaveBot-ros/install/nav_2d_msgs/share/nav_2d_msgs/cmake/ament_cmake_export_include_directories-extras.cmake
-- Symlinking: /home/pi/CaveBot-ros/install/nav_2d_msgs/share/nav_2d_msgs/cmake/ament_cmake_export_libraries-extras.cmake
-- Symlinking: /home/pi/CaveBot-ros/install/nav_2d_msgs/share/nav_2d_msgs/cmake/ament_cmake_export_targets-extras.cmake
-- Symlinking: /home/pi/CaveBot-ros/install/nav_2d_msgs/share/nav_2d_msgs/cmake/rosidl_cmake_export_typesupport_targets-extras.cmake
-- Symlinking: /home/pi/CaveBot-ros/install/nav_2d_msgs/share/nav_2d_msgs/cmake/rosidl_cmake_export_typesupport_libraries-extras.cmake
-- Symlinking: /home/pi/CaveBot-ros/install/nav_2d_msgs/share/nav_2d_msgs/cmake/nav_2d_msgsConfig.cmake
-- Symlinking: /home/pi/CaveBot-ros/install/nav_2d_msgs/share/nav_2d_msgs/cmake/nav_2d_msgsConfig-version.cmake
-- Symlinking: /home/pi/CaveBot-ros/install/nav_2d_msgs/share/nav_2d_msgs/package.xml
-- Installing: /home/pi/CaveBot-ros/install/nav_2d_msgs/lib/libnav_2d_msgs__rosidl_generator_c.so
-- Set non-toolchain portion of runtime path of "/home/pi/CaveBot-ros/install/nav_2d_msgs/lib/libnav_2d_msgs__rosidl_generator_c.so" to ""
-- Installing: /home/pi/CaveBot-ros/install/nav_2d_msgs/lib/libnav_2d_msgs__rosidl_typesupport_fastrtps_c.so
-- Set non-toolchain portion of runtime path of "/home/pi/CaveBot-ros/install/nav_2d_msgs/lib/libnav_2d_msgs__rosidl_typesupport_fastrtps_c.so" to ""
-- Installing: /home/pi/CaveBot-ros/install/nav_2d_msgs/lib/libnav_2d_msgs__rosidl_typesupport_fastrtps_cpp.so
-- Set non-toolchain portion of runtime path of "/home/pi/CaveBot-ros/install/nav_2d_msgs/lib/libnav_2d_msgs__rosidl_typesupport_fastrtps_cpp.so" to ""
-- Installing: /home/pi/CaveBot-ros/install/nav_2d_msgs/lib/libnav_2d_msgs__rosidl_typesupport_introspection_c.so
-- Set non-toolchain portion of runtime path of "/home/pi/CaveBot-ros/install/nav_2d_msgs/lib/libnav_2d_msgs__rosidl_typesupport_introspection_c.so" to ""
-- Installing: /home/pi/CaveBot-ros/install/nav_2d_msgs/lib/libnav_2d_msgs__rosidl_typesupport_c.so
-- Set non-toolchain portion of runtime path of "/home/pi/CaveBot-ros/install/nav_2d_msgs/lib/libnav_2d_msgs__rosidl_typesupport_c.so" to ""
-- Installing: /home/pi/CaveBot-ros/install/nav_2d_msgs/lib/libnav_2d_msgs__rosidl_typesupport_introspection_cpp.so
-- Set non-toolchain portion of runtime path of "/home/pi/CaveBot-ros/install/nav_2d_msgs/lib/libnav_2d_msgs__rosidl_typesupport_introspection_cpp.so" to ""
-- Installing: /home/pi/CaveBot-ros/install/nav_2d_msgs/lib/libnav_2d_msgs__rosidl_typesupport_cpp.so
-- Set non-toolchain portion of runtime path of "/home/pi/CaveBot-ros/install/nav_2d_msgs/lib/libnav_2d_msgs__rosidl_typesupport_cpp.so" to ""
Listing '/home/pi/CaveBot-ros/install/nav_2d_msgs/lib/python3.12/site-packages/nav_2d_msgs'...
Compiling '/home/pi/CaveBot-ros/install/nav_2d_msgs/lib/python3.12/site-packages/nav_2d_msgs/__init__.py'...
Listing '/home/pi/CaveBot-ros/install/nav_2d_msgs/lib/python3.12/site-packages/nav_2d_msgs/msg'...
Compiling '/home/pi/CaveBot-ros/install/nav_2d_msgs/lib/python3.12/site-packages/nav_2d_msgs/msg/__init__.py'...
Compiling '/home/pi/CaveBot-ros/install/nav_2d_msgs/lib/python3.12/site-packages/nav_2d_msgs/msg/_path2_d.py'...
Compiling '/home/pi/CaveBot-ros/install/nav_2d_msgs/lib/python3.12/site-packages/nav_2d_msgs/msg/_pose2_d32.py'...
Compiling '/home/pi/CaveBot-ros/install/nav_2d_msgs/lib/python3.12/site-packages/nav_2d_msgs/msg/_pose2_d_stamped.py'...
Compiling '/home/pi/CaveBot-ros/install/nav_2d_msgs/lib/python3.12/site-packages/nav_2d_msgs/msg/_twist2_d.py'...
Compiling '/home/pi/CaveBot-ros/install/nav_2d_msgs/lib/python3.12/site-packages/nav_2d_msgs/msg/_twist2_d32.py'...
Compiling '/home/pi/CaveBot-ros/install/nav_2d_msgs/lib/python3.12/site-packages/nav_2d_msgs/msg/_twist2_d_stamped.py'...
-- Installing: /home/pi/CaveBot-ros/install/nav_2d_msgs/lib/libnav_2d_msgs__rosidl_generator_py.so
-- Set non-toolchain portion of runtime path of "/home/pi/CaveBot-ros/install/nav_2d_msgs/lib/libnav_2d_msgs__rosidl_generator_py.so" to ""
-- Installing: /home/pi/CaveBot-ros/install/nav_2d_msgs/share/nav_2d_msgs/cmake/export_nav_2d_msgs__rosidl_generator_cExport.cmake
-- Installing: /home/pi/CaveBot-ros/install/nav_2d_msgs/share/nav_2d_msgs/cmake/export_nav_2d_msgs__rosidl_generator_cExport-noconfig.cmake
-- Installing: /home/pi/CaveBot-ros/install/nav_2d_msgs/share/nav_2d_msgs/cmake/export_nav_2d_msgs__rosidl_typesupport_fastrtps_cExport.cmake
-- Installing: /home/pi/CaveBot-ros/install/nav_2d_msgs/share/nav_2d_msgs/cmake/export_nav_2d_msgs__rosidl_typesupport_fastrtps_cExport-noconfig.cmake
-- Installing: /home/pi/CaveBot-ros/install/nav_2d_msgs/share/nav_2d_msgs/cmake/export_nav_2d_msgs__rosidl_generator_cppExport.cmake
-- Installing: /home/pi/CaveBot-ros/install/nav_2d_msgs/share/nav_2d_msgs/cmake/export_nav_2d_msgs__rosidl_typesupport_fastrtps_cppExport.cmake
-- Installing: /home/pi/CaveBot-ros/install/nav_2d_msgs/share/nav_2d_msgs/cmake/export_nav_2d_msgs__rosidl_typesupport_fastrtps_cppExport-noconfig.cmake
-- Installing: /home/pi/CaveBot-ros/install/nav_2d_msgs/share/nav_2d_msgs/cmake/nav_2d_msgs__rosidl_typesupport_introspection_cExport.cmake
-- Installing: /home/pi/CaveBot-ros/install/nav_2d_msgs/share/nav_2d_msgs/cmake/nav_2d_msgs__rosidl_typesupport_introspection_cExport-noconfig.cmake
-- Installing: /home/pi/CaveBot-ros/install/nav_2d_msgs/share/nav_2d_msgs/cmake/nav_2d_msgs__rosidl_typesupport_cExport.cmake
-- Installing: /home/pi/CaveBot-ros/install/nav_2d_msgs/share/nav_2d_msgs/cmake/nav_2d_msgs__rosidl_typesupport_cExport-noconfig.cmake
-- Installing: /home/pi/CaveBot-ros/install/nav_2d_msgs/share/nav_2d_msgs/cmake/nav_2d_msgs__rosidl_typesupport_introspection_cppExport.cmake
-- Installing: /home/pi/CaveBot-ros/install/nav_2d_msgs/share/nav_2d_msgs/cmake/nav_2d_msgs__rosidl_typesupport_introspection_cppExport-noconfig.cmake
-- Installing: /home/pi/CaveBot-ros/install/nav_2d_msgs/share/nav_2d_msgs/cmake/nav_2d_msgs__rosidl_typesupport_cppExport.cmake
-- Installing: /home/pi/CaveBot-ros/install/nav_2d_msgs/share/nav_2d_msgs/cmake/nav_2d_msgs__rosidl_typesupport_cppExport-noconfig.cmake
-- Installing: /home/pi/CaveBot-ros/install/nav_2d_msgs/share/nav_2d_msgs/cmake/export_nav_2d_msgs__rosidl_generator_pyExport.cmake
-- Installing: /home/pi/CaveBot-ros/install/nav_2d_msgs/share/nav_2d_msgs/cmake/export_nav_2d_msgs__rosidl_generator_pyExport-noconfig.cmake
