-- The C compiler identification is GNU 13.3.0
-- The CXX compiler identification is GNU 13.3.0
-- Detecting C compiler ABI info
-- Detecting C compiler ABI info - done
-- Check for working C compiler: /usr/bin/cc - skipped
-- Detecting C compile features
-- Detecting C compile features - done
-- Detecting CXX compiler ABI info
-- Detecting CXX compiler ABI info - done
-- Check for working CXX compiler: /usr/bin/c++ - skipped
-- Detecting CXX compile features
-- Detecting CXX compile features - done
-- Found ament_cmake: 2.5.4 (/opt/ros/jazzy/share/ament_cmake/cmake)
-- Found Python3: /usr/bin/python3 (found version "3.12.3") found components: Interpreter 
-- Override CMake install command with custom implementation using symlinks instead of copying resources
-- Found nav2_common: 1.3.10 (/home/pi/CaveBot-ros/install/nav2_common/share/nav2_common/cmake)
-- Found nav2_core: 1.3.10 (/home/pi/CaveBot-ros/install/nav2_core/share/nav2_core/cmake)
-- Found rosidl_generator_c: 4.6.6 (/opt/ros/jazzy/share/rosidl_generator_c/cmake)
-- Found rosidl_generator_cpp: 4.6.6 (/opt/ros/jazzy/share/rosidl_generator_cpp/cmake)
-- Using all available rosidl_typesupport_c: rosidl_typesupport_fastrtps_c;rosidl_typesupport_introspection_c
-- Using all available rosidl_typesupport_cpp: rosidl_typesupport_fastrtps_cpp;rosidl_typesupport_introspection_cpp
-- Found rmw_implementation_cmake: 7.3.2 (/opt/ros/jazzy/share/rmw_implementation_cmake/cmake)
-- Found rmw_fastrtps_cpp: 8.4.3 (/opt/ros/jazzy/share/rmw_fastrtps_cpp/cmake)
-- Found OpenSSL: /usr/lib/aarch64-linux-gnu/libcrypto.so (found version "3.0.13")  
-- Found FastRTPS: /opt/ros/jazzy/include (Required is at least version "2.13") 
-- Using RMW implementation 'rmw_fastrtps_cpp' as default
-- Found eigen3_cmake_module: 0.3.0 (/opt/ros/jazzy/share/eigen3_cmake_module/cmake)
-- Found Eigen3: TRUE (found version "3.4.0") 
-- Ensuring Eigen3 include directory is part of orocos-kdl CMake target
-- Found nav_2d_utils: 1.3.10 (/home/pi/CaveBot-ros/install/nav_2d_utils/share/nav_2d_utils/cmake)
-- Setting build type to Release as none was specified.
-- Found ament_lint_auto: 0.17.3 (/opt/ros/jazzy/share/ament_lint_auto/cmake)
-- Found gtest sources under '/opt/ros/jazzy/src/gtest_vendor': C++ tests using 'Google Test' will be built
-- Performing Test CMAKE_HAVE_LIBC_PTHREAD
-- Performing Test CMAKE_HAVE_LIBC_PTHREAD - Success
-- Found Threads: TRUE  
-- Added test 'cppcheck' to perform static code analysis on C / C++ code
-- Configured cppcheck include dirs: /home/pi/CaveBot-ros/src/navigation2/nav2_graceful_controller/include
-- Configured cppcheck exclude dirs and/or files: 
-- Added test 'cpplint' to check C / C++ code against the Google style
-- Configured cpplint exclude dirs and/or files: 
-- Added test 'lint_cmake' to check CMake code style
-- Added test 'uncrustify' to check C / C++ code style
-- Configured uncrustify additional arguments: 
-- Added test 'xmllint' to check XML markup files
-- Configuring done (6.9s)
-- Generating done (0.6s)
-- Build files have been written to: /home/pi/CaveBot-ros/build/nav2_graceful_controller
[  6%] Building CXX object CMakeFiles/smooth_control_law.dir/src/smooth_control_law.cpp.o
[ 13%] Linking CXX shared library libsmooth_control_law.so
[ 13%] Built target smooth_control_law
[ 20%] Building CXX object gtest/CMakeFiles/gtest.dir/src/gtest-all.cc.o
[ 26%] Linking CXX static library libgtest.a
[ 26%] Built target gtest
[ 33%] Building CXX object CMakeFiles/nav2_graceful_controller.dir/src/graceful_controller.cpp.o
[ 40%] Building CXX object CMakeFiles/nav2_graceful_controller.dir/src/path_handler.cpp.o
[ 46%] Building CXX object CMakeFiles/nav2_graceful_controller.dir/src/utils.cpp.o
[ 53%] Building CXX object CMakeFiles/nav2_graceful_controller.dir/src/parameter_handler.cpp.o
[ 60%] Linking CXX shared library libnav2_graceful_controller.so
[ 60%] Built target nav2_graceful_controller
[ 66%] Building CXX object gtest/CMakeFiles/gtest_main.dir/src/gtest_main.cc.o
[ 73%] Linking CXX static library libgtest_main.a
[ 73%] Built target gtest_main
[ 80%] Building CXX object test/CMakeFiles/test_graceful_controller.dir/test_graceful_controller.cpp.o
[ 86%] Linking CXX executable test_graceful_controller
[ 86%] Built target test_graceful_controller
[ 93%] Building CXX object test/CMakeFiles/test_egopolar.dir/test_egopolar.cpp.o
[100%] Linking CXX executable test_egopolar
[100%] Built target test_egopolar
-- Install configuration: "Release"
-- Execute custom install script
-- Symlinking: /home/pi/CaveBot-ros/install/nav2_graceful_controller/lib/libsmooth_control_law.so
-- Symlinking: /home/pi/CaveBot-ros/install/nav2_graceful_controller/lib/libnav2_graceful_controller.so
-- Symlinking: /home/pi/CaveBot-ros/install/nav2_graceful_controller/include//nav2_graceful_controller/ego_polar_coords.hpp
-- Symlinking: /home/pi/CaveBot-ros/install/nav2_graceful_controller/include//nav2_graceful_controller/graceful_controller.hpp
-- Symlinking: /home/pi/CaveBot-ros/install/nav2_graceful_controller/include//nav2_graceful_controller/parameter_handler.hpp
-- Symlinking: /home/pi/CaveBot-ros/install/nav2_graceful_controller/include//nav2_graceful_controller/path_handler.hpp
-- Symlinking: /home/pi/CaveBot-ros/install/nav2_graceful_controller/include//nav2_graceful_controller/smooth_control_law.hpp
-- Symlinking: /home/pi/CaveBot-ros/install/nav2_graceful_controller/include//nav2_graceful_controller/utils.hpp
-- Symlinking: /home/pi/CaveBot-ros/install/nav2_graceful_controller/share/nav2_graceful_controller/environment/library_path.sh
-- Symlinking: /home/pi/CaveBot-ros/install/nav2_graceful_controller/share/nav2_graceful_controller/environment/library_path.dsv
-- Symlinking: /home/pi/CaveBot-ros/install/nav2_graceful_controller/share/nav2_graceful_controller//graceful_controller_plugin.xml
-- Symlinking: /home/pi/CaveBot-ros/install/nav2_graceful_controller/share/ament_index/resource_index/package_run_dependencies/nav2_graceful_controller
-- Symlinking: /home/pi/CaveBot-ros/install/nav2_graceful_controller/share/ament_index/resource_index/parent_prefix_path/nav2_graceful_controller
-- Symlinking: /home/pi/CaveBot-ros/install/nav2_graceful_controller/share/nav2_graceful_controller/environment/ament_prefix_path.sh
-- Symlinking: /home/pi/CaveBot-ros/install/nav2_graceful_controller/share/nav2_graceful_controller/environment/ament_prefix_path.dsv
-- Symlinking: /home/pi/CaveBot-ros/install/nav2_graceful_controller/share/nav2_graceful_controller/environment/path.sh
-- Symlinking: /home/pi/CaveBot-ros/install/nav2_graceful_controller/share/nav2_graceful_controller/environment/path.dsv
-- Symlinking: /home/pi/CaveBot-ros/install/nav2_graceful_controller/share/nav2_graceful_controller/local_setup.bash
-- Symlinking: /home/pi/CaveBot-ros/install/nav2_graceful_controller/share/nav2_graceful_controller/local_setup.sh
-- Symlinking: /home/pi/CaveBot-ros/install/nav2_graceful_controller/share/nav2_graceful_controller/local_setup.zsh
-- Symlinking: /home/pi/CaveBot-ros/install/nav2_graceful_controller/share/nav2_graceful_controller/local_setup.dsv
-- Symlinking: /home/pi/CaveBot-ros/install/nav2_graceful_controller/share/nav2_graceful_controller/package.dsv
-- Symlinking: /home/pi/CaveBot-ros/install/nav2_graceful_controller/share/ament_index/resource_index/packages/nav2_graceful_controller
-- Symlinking: /home/pi/CaveBot-ros/install/nav2_graceful_controller/share/ament_index/resource_index/nav2_core__pluginlib__plugin/nav2_graceful_controller
-- Symlinking: /home/pi/CaveBot-ros/install/nav2_graceful_controller/share/nav2_graceful_controller/cmake/ament_cmake_export_include_directories-extras.cmake
-- Symlinking: /home/pi/CaveBot-ros/install/nav2_graceful_controller/share/nav2_graceful_controller/cmake/ament_cmake_export_libraries-extras.cmake
-- Symlinking: /home/pi/CaveBot-ros/install/nav2_graceful_controller/share/nav2_graceful_controller/cmake/ament_cmake_export_dependencies-extras.cmake
-- Symlinking: /home/pi/CaveBot-ros/install/nav2_graceful_controller/share/nav2_graceful_controller/cmake/nav2_graceful_controllerConfig.cmake
-- Symlinking: /home/pi/CaveBot-ros/install/nav2_graceful_controller/share/nav2_graceful_controller/cmake/nav2_graceful_controllerConfig-version.cmake
-- Symlinking: /home/pi/CaveBot-ros/install/nav2_graceful_controller/share/nav2_graceful_controller/package.xml
