[0.088s] Invoking command in '/home/pi/CaveBot-ros/build/nav2_graceful_controller': AMENT_PREFIX_PATH=/home/pi/CaveBot-ros/install/nav2_controller:/home/pi/CaveBot-ros/install/nav2_core:/home/pi/CaveBot-ros/install/nav2_costmap_2d:/home/pi/CaveBot-ros/install/nav_2d_utils:/home/pi/CaveBot-ros/install/nav2_map_server:/home/pi/CaveBot-ros/install/nav2_lifecycle_manager:/home/pi/CaveBot-ros/install/nav2_behavior_tree:/home/pi/CaveBot-ros/install/nav2_util:/home/pi/CaveBot-ros/install/nav2_voxel_grid:/home/pi/CaveBot-ros/install/nav2_msgs:/home/pi/CaveBot-ros/install/nav_2d_msgs:/home/pi/CaveBot-ros/install/nav2_common:${AMENT_PREFIX_PATH} CMAKE_PREFIX_PATH=/home/pi/CaveBot-ros/install/nav2_controller:/home/pi/CaveBot-ros/install/nav2_core:/home/pi/CaveBot-ros/install/nav2_costmap_2d:/home/pi/CaveBot-ros/install/nav_2d_utils:/home/pi/CaveBot-ros/install/nav2_map_server:/home/pi/CaveBot-ros/install/nav2_lifecycle_manager:/home/pi/CaveBot-ros/install/nav2_behavior_tree:/home/pi/CaveBot-ros/install/nav2_util:/home/pi/CaveBot-ros/install/nav2_voxel_grid:/home/pi/CaveBot-ros/install/nav2_msgs:/home/pi/CaveBot-ros/install/nav_2d_msgs:/home/pi/CaveBot-ros/install/nav2_common:/opt/ros/jazzy/opt/gz_math_vendor:/opt/ros/jazzy/opt/gz_utils_vendor:/opt/ros/jazzy/opt/gz_cmake_vendor:/opt/ros/jazzy DEBUGINFOD_URLS=https://debuginfod.ubuntu.com LD_LIBRARY_PATH=/home/pi/CaveBot-ros/install/nav2_controller/lib:/home/pi/CaveBot-ros/install/nav2_costmap_2d/lib:/home/pi/CaveBot-ros/install/nav_2d_utils/lib:/home/pi/CaveBot-ros/install/nav2_map_server/lib:/home/pi/CaveBot-ros/install/nav2_lifecycle_manager/lib:/home/pi/CaveBot-ros/install/nav2_behavior_tree/lib:/home/pi/CaveBot-ros/install/nav2_util/lib:/home/pi/CaveBot-ros/install/nav2_voxel_grid/lib:/home/pi/CaveBot-ros/install/nav2_msgs/lib:/home/pi/CaveBot-ros/install/nav_2d_msgs/lib:${LD_LIBRARY_PATH} PYTHONPATH=/home/pi/CaveBot-ros/install/nav2_msgs/lib/python3.12/site-packages:/home/pi/CaveBot-ros/install/nav_2d_msgs/lib/python3.12/site-packages:/home/pi/CaveBot-ros/install/nav2_common/lib/python3.12/site-packages:${PYTHONPATH} /usr/bin/cmake /home/pi/CaveBot-ros/src/navigation2/nav2_graceful_controller -DAMENT_CMAKE_SYMLINK_INSTALL=1 -DCMAKE_INSTALL_PREFIX=/home/pi/CaveBot-ros/install/nav2_graceful_controller
[0.299s] -- The C compiler identification is GNU 13.3.0
[0.463s] -- The CXX compiler identification is GNU 13.3.0
[0.518s] -- Detecting C compiler ABI info
[0.833s] -- Detecting C compiler ABI info - done
[0.871s] -- Check for working C compiler: /usr/bin/cc - skipped
[0.873s] -- Detecting C compile features
[0.873s] -- Detecting C compile features - done
[0.899s] -- Detecting CXX compiler ABI info
[1.267s] -- Detecting CXX compiler ABI info - done
[1.304s] -- Check for working CXX compiler: /usr/bin/c++ - skipped
[1.310s] -- Detecting CXX compile features
[1.310s] -- Detecting CXX compile features - done
[1.323s] -- Found ament_cmake: 2.5.4 (/opt/ros/jazzy/share/ament_cmake/cmake)
[1.788s] -- Found Python3: /usr/bin/python3 (found version "3.12.3") found components: Interpreter 
[2.055s] -- Override CMake install command with custom implementation using symlinks instead of copying resources
[2.184s] -- Found nav2_common: 1.3.10 (/home/pi/CaveBot-ros/install/nav2_common/share/nav2_common/cmake)
[2.185s] -- Found nav2_core: 1.3.10 (/home/pi/CaveBot-ros/install/nav2_core/share/nav2_core/cmake)
[2.322s] -- Found rosidl_generator_c: 4.6.6 (/opt/ros/jazzy/share/rosidl_generator_c/cmake)
[2.376s] -- Found rosidl_generator_cpp: 4.6.6 (/opt/ros/jazzy/share/rosidl_generator_cpp/cmake)
[2.438s] -- Using all available rosidl_typesupport_c: rosidl_typesupport_fastrtps_c;rosidl_typesupport_introspection_c
[2.506s] -- Using all available rosidl_typesupport_cpp: rosidl_typesupport_fastrtps_cpp;rosidl_typesupport_introspection_cpp
[2.781s] -- Found rmw_implementation_cmake: 7.3.2 (/opt/ros/jazzy/share/rmw_implementation_cmake/cmake)
[2.798s] -- Found rmw_fastrtps_cpp: 8.4.3 (/opt/ros/jazzy/share/rmw_fastrtps_cpp/cmake)
[3.053s] -- Found OpenSSL: /usr/lib/aarch64-linux-gnu/libcrypto.so (found version "3.0.13")  
[3.105s] -- Found FastRTPS: /opt/ros/jazzy/include (Required is at least version "2.13") 
[3.179s] -- Using RMW implementation 'rmw_fastrtps_cpp' as default
[4.519s] -- Found eigen3_cmake_module: 0.3.0 (/opt/ros/jazzy/share/eigen3_cmake_module/cmake)
[4.528s] -- Found Eigen3: TRUE (found version "3.4.0") 
[4.528s] -- Ensuring Eigen3 include directory is part of orocos-kdl CMake target
[5.030s] -- Found nav_2d_utils: 1.3.10 (/home/pi/CaveBot-ros/install/nav_2d_utils/share/nav_2d_utils/cmake)
[5.114s] -- Setting build type to Release as none was specified.
[5.503s] -- Found ament_lint_auto: 0.17.3 (/opt/ros/jazzy/share/ament_lint_auto/cmake)
[6.055s] -- Found gtest sources under '/opt/ros/jazzy/src/gtest_vendor': C++ tests using 'Google Test' will be built
[6.055s] -- Performing Test CMAKE_HAVE_LIBC_PTHREAD
[6.295s] -- Performing Test CMAKE_HAVE_LIBC_PTHREAD - Success
[6.301s] -- Found Threads: TRUE  
[7.036s] -- Added test 'cppcheck' to perform static code analysis on C / C++ code
[7.039s] -- Configured cppcheck include dirs: /home/pi/CaveBot-ros/src/navigation2/nav2_graceful_controller/include
[7.043s] -- Configured cppcheck exclude dirs and/or files: 
[7.044s] -- Added test 'cpplint' to check C / C++ code against the Google style
[7.044s] -- Configured cpplint exclude dirs and/or files: 
[7.045s] -- Added test 'lint_cmake' to check CMake code style
[7.048s] -- Added test 'uncrustify' to check C / C++ code style
[7.048s] -- Configured uncrustify additional arguments: 
[7.054s] -- Added test 'xmllint' to check XML markup files
[7.066s] -- Configuring done (6.9s)
[7.749s] -- Generating done (0.6s)
[7.810s] -- Build files have been written to: /home/pi/CaveBot-ros/build/nav2_graceful_controller
[7.877s] Invoked command in '/home/pi/CaveBot-ros/build/nav2_graceful_controller' returned '0': AMENT_PREFIX_PATH=/home/pi/CaveBot-ros/install/nav2_controller:/home/pi/CaveBot-ros/install/nav2_core:/home/pi/CaveBot-ros/install/nav2_costmap_2d:/home/pi/CaveBot-ros/install/nav_2d_utils:/home/pi/CaveBot-ros/install/nav2_map_server:/home/pi/CaveBot-ros/install/nav2_lifecycle_manager:/home/pi/CaveBot-ros/install/nav2_behavior_tree:/home/pi/CaveBot-ros/install/nav2_util:/home/pi/CaveBot-ros/install/nav2_voxel_grid:/home/pi/CaveBot-ros/install/nav2_msgs:/home/pi/CaveBot-ros/install/nav_2d_msgs:/home/pi/CaveBot-ros/install/nav2_common:${AMENT_PREFIX_PATH} CMAKE_PREFIX_PATH=/home/pi/CaveBot-ros/install/nav2_controller:/home/pi/CaveBot-ros/install/nav2_core:/home/pi/CaveBot-ros/install/nav2_costmap_2d:/home/pi/CaveBot-ros/install/nav_2d_utils:/home/pi/CaveBot-ros/install/nav2_map_server:/home/pi/CaveBot-ros/install/nav2_lifecycle_manager:/home/pi/CaveBot-ros/install/nav2_behavior_tree:/home/pi/CaveBot-ros/install/nav2_util:/home/pi/CaveBot-ros/install/nav2_voxel_grid:/home/pi/CaveBot-ros/install/nav2_msgs:/home/pi/CaveBot-ros/install/nav_2d_msgs:/home/pi/CaveBot-ros/install/nav2_common:/opt/ros/jazzy/opt/gz_math_vendor:/opt/ros/jazzy/opt/gz_utils_vendor:/opt/ros/jazzy/opt/gz_cmake_vendor:/opt/ros/jazzy DEBUGINFOD_URLS=https://debuginfod.ubuntu.com LD_LIBRARY_PATH=/home/pi/CaveBot-ros/install/nav2_controller/lib:/home/pi/CaveBot-ros/install/nav2_costmap_2d/lib:/home/pi/CaveBot-ros/install/nav_2d_utils/lib:/home/pi/CaveBot-ros/install/nav2_map_server/lib:/home/pi/CaveBot-ros/install/nav2_lifecycle_manager/lib:/home/pi/CaveBot-ros/install/nav2_behavior_tree/lib:/home/pi/CaveBot-ros/install/nav2_util/lib:/home/pi/CaveBot-ros/install/nav2_voxel_grid/lib:/home/pi/CaveBot-ros/install/nav2_msgs/lib:/home/pi/CaveBot-ros/install/nav_2d_msgs/lib:${LD_LIBRARY_PATH} PYTHONPATH=/home/pi/CaveBot-ros/install/nav2_msgs/lib/python3.12/site-packages:/home/pi/CaveBot-ros/install/nav_2d_msgs/lib/python3.12/site-packages:/home/pi/CaveBot-ros/install/nav2_common/lib/python3.12/site-packages:${PYTHONPATH} /usr/bin/cmake /home/pi/CaveBot-ros/src/navigation2/nav2_graceful_controller -DAMENT_CMAKE_SYMLINK_INSTALL=1 -DCMAKE_INSTALL_PREFIX=/home/pi/CaveBot-ros/install/nav2_graceful_controller
[7.878s] Invoking command in '/home/pi/CaveBot-ros/build/nav2_graceful_controller': AMENT_PREFIX_PATH=/home/pi/CaveBot-ros/install/nav2_controller:/home/pi/CaveBot-ros/install/nav2_core:/home/pi/CaveBot-ros/install/nav2_costmap_2d:/home/pi/CaveBot-ros/install/nav_2d_utils:/home/pi/CaveBot-ros/install/nav2_map_server:/home/pi/CaveBot-ros/install/nav2_lifecycle_manager:/home/pi/CaveBot-ros/install/nav2_behavior_tree:/home/pi/CaveBot-ros/install/nav2_util:/home/pi/CaveBot-ros/install/nav2_voxel_grid:/home/pi/CaveBot-ros/install/nav2_msgs:/home/pi/CaveBot-ros/install/nav_2d_msgs:/home/pi/CaveBot-ros/install/nav2_common:${AMENT_PREFIX_PATH} CMAKE_PREFIX_PATH=/home/pi/CaveBot-ros/install/nav2_controller:/home/pi/CaveBot-ros/install/nav2_core:/home/pi/CaveBot-ros/install/nav2_costmap_2d:/home/pi/CaveBot-ros/install/nav_2d_utils:/home/pi/CaveBot-ros/install/nav2_map_server:/home/pi/CaveBot-ros/install/nav2_lifecycle_manager:/home/pi/CaveBot-ros/install/nav2_behavior_tree:/home/pi/CaveBot-ros/install/nav2_util:/home/pi/CaveBot-ros/install/nav2_voxel_grid:/home/pi/CaveBot-ros/install/nav2_msgs:/home/pi/CaveBot-ros/install/nav_2d_msgs:/home/pi/CaveBot-ros/install/nav2_common:/opt/ros/jazzy/opt/gz_math_vendor:/opt/ros/jazzy/opt/gz_utils_vendor:/opt/ros/jazzy/opt/gz_cmake_vendor:/opt/ros/jazzy DEBUGINFOD_URLS=https://debuginfod.ubuntu.com LD_LIBRARY_PATH=/home/pi/CaveBot-ros/install/nav2_controller/lib:/home/pi/CaveBot-ros/install/nav2_costmap_2d/lib:/home/pi/CaveBot-ros/install/nav_2d_utils/lib:/home/pi/CaveBot-ros/install/nav2_map_server/lib:/home/pi/CaveBot-ros/install/nav2_lifecycle_manager/lib:/home/pi/CaveBot-ros/install/nav2_behavior_tree/lib:/home/pi/CaveBot-ros/install/nav2_util/lib:/home/pi/CaveBot-ros/install/nav2_voxel_grid/lib:/home/pi/CaveBot-ros/install/nav2_msgs/lib:/home/pi/CaveBot-ros/install/nav_2d_msgs/lib:${LD_LIBRARY_PATH} PYTHONPATH=/home/pi/CaveBot-ros/install/nav2_msgs/lib/python3.12/site-packages:/home/pi/CaveBot-ros/install/nav_2d_msgs/lib/python3.12/site-packages:/home/pi/CaveBot-ros/install/nav2_common/lib/python3.12/site-packages:${PYTHONPATH} /usr/bin/cmake --build /home/pi/CaveBot-ros/build/nav2_graceful_controller -- -j4 -l4
[8.051s] [  6%] Building CXX object CMakeFiles/smooth_control_law.dir/src/smooth_control_law.cpp.o
[18.291s] [ 13%] Linking CXX shared library libsmooth_control_law.so
[67.153s] [ 13%] Built target smooth_control_law
[67.213s] [ 20%] Building CXX object gtest/CMakeFiles/gtest.dir/src/gtest-all.cc.o
[93.959s] [ 26%] Linking CXX static library libgtest.a
[94.134s] [ 26%] Built target gtest
[94.224s] [ 33%] Building CXX object CMakeFiles/nav2_graceful_controller.dir/src/graceful_controller.cpp.o
[128.784s] [ 40%] Building CXX object CMakeFiles/nav2_graceful_controller.dir/src/path_handler.cpp.o
[145.125s] [ 46%] Building CXX object CMakeFiles/nav2_graceful_controller.dir/src/utils.cpp.o
[147.418s] [ 53%] Building CXX object CMakeFiles/nav2_graceful_controller.dir/src/parameter_handler.cpp.o
[161.731s] [ 60%] Linking CXX shared library libnav2_graceful_controller.so
[163.698s] [ 60%] Built target nav2_graceful_controller
[163.768s] [ 66%] Building CXX object gtest/CMakeFiles/gtest_main.dir/src/gtest_main.cc.o
[166.337s] [ 73%] Linking CXX static library libgtest_main.a
[166.452s] [ 73%] Built target gtest_main
[166.527s] [ 80%] Building CXX object test/CMakeFiles/test_graceful_controller.dir/test_graceful_controller.cpp.o
[197.649s] [ 86%] Linking CXX executable test_graceful_controller
[201.052s] [ 86%] Built target test_graceful_controller
[201.124s] [ 93%] Building CXX object test/CMakeFiles/test_egopolar.dir/test_egopolar.cpp.o
[211.662s] [100%] Linking CXX executable test_egopolar
[212.115s] [100%] Built target test_egopolar
[212.146s] Invoked command in '/home/pi/CaveBot-ros/build/nav2_graceful_controller' returned '0': AMENT_PREFIX_PATH=/home/pi/CaveBot-ros/install/nav2_controller:/home/pi/CaveBot-ros/install/nav2_core:/home/pi/CaveBot-ros/install/nav2_costmap_2d:/home/pi/CaveBot-ros/install/nav_2d_utils:/home/pi/CaveBot-ros/install/nav2_map_server:/home/pi/CaveBot-ros/install/nav2_lifecycle_manager:/home/pi/CaveBot-ros/install/nav2_behavior_tree:/home/pi/CaveBot-ros/install/nav2_util:/home/pi/CaveBot-ros/install/nav2_voxel_grid:/home/pi/CaveBot-ros/install/nav2_msgs:/home/pi/CaveBot-ros/install/nav_2d_msgs:/home/pi/CaveBot-ros/install/nav2_common:${AMENT_PREFIX_PATH} CMAKE_PREFIX_PATH=/home/pi/CaveBot-ros/install/nav2_controller:/home/pi/CaveBot-ros/install/nav2_core:/home/pi/CaveBot-ros/install/nav2_costmap_2d:/home/pi/CaveBot-ros/install/nav_2d_utils:/home/pi/CaveBot-ros/install/nav2_map_server:/home/pi/CaveBot-ros/install/nav2_lifecycle_manager:/home/pi/CaveBot-ros/install/nav2_behavior_tree:/home/pi/CaveBot-ros/install/nav2_util:/home/pi/CaveBot-ros/install/nav2_voxel_grid:/home/pi/CaveBot-ros/install/nav2_msgs:/home/pi/CaveBot-ros/install/nav_2d_msgs:/home/pi/CaveBot-ros/install/nav2_common:/opt/ros/jazzy/opt/gz_math_vendor:/opt/ros/jazzy/opt/gz_utils_vendor:/opt/ros/jazzy/opt/gz_cmake_vendor:/opt/ros/jazzy DEBUGINFOD_URLS=https://debuginfod.ubuntu.com LD_LIBRARY_PATH=/home/pi/CaveBot-ros/install/nav2_controller/lib:/home/pi/CaveBot-ros/install/nav2_costmap_2d/lib:/home/pi/CaveBot-ros/install/nav_2d_utils/lib:/home/pi/CaveBot-ros/install/nav2_map_server/lib:/home/pi/CaveBot-ros/install/nav2_lifecycle_manager/lib:/home/pi/CaveBot-ros/install/nav2_behavior_tree/lib:/home/pi/CaveBot-ros/install/nav2_util/lib:/home/pi/CaveBot-ros/install/nav2_voxel_grid/lib:/home/pi/CaveBot-ros/install/nav2_msgs/lib:/home/pi/CaveBot-ros/install/nav_2d_msgs/lib:${LD_LIBRARY_PATH} PYTHONPATH=/home/pi/CaveBot-ros/install/nav2_msgs/lib/python3.12/site-packages:/home/pi/CaveBot-ros/install/nav_2d_msgs/lib/python3.12/site-packages:/home/pi/CaveBot-ros/install/nav2_common/lib/python3.12/site-packages:${PYTHONPATH} /usr/bin/cmake --build /home/pi/CaveBot-ros/build/nav2_graceful_controller -- -j4 -l4
[212.149s] Invoking command in '/home/pi/CaveBot-ros/build/nav2_graceful_controller': AMENT_PREFIX_PATH=/home/pi/CaveBot-ros/install/nav2_controller:/home/pi/CaveBot-ros/install/nav2_core:/home/pi/CaveBot-ros/install/nav2_costmap_2d:/home/pi/CaveBot-ros/install/nav_2d_utils:/home/pi/CaveBot-ros/install/nav2_map_server:/home/pi/CaveBot-ros/install/nav2_lifecycle_manager:/home/pi/CaveBot-ros/install/nav2_behavior_tree:/home/pi/CaveBot-ros/install/nav2_util:/home/pi/CaveBot-ros/install/nav2_voxel_grid:/home/pi/CaveBot-ros/install/nav2_msgs:/home/pi/CaveBot-ros/install/nav_2d_msgs:/home/pi/CaveBot-ros/install/nav2_common:${AMENT_PREFIX_PATH} CMAKE_PREFIX_PATH=/home/pi/CaveBot-ros/install/nav2_controller:/home/pi/CaveBot-ros/install/nav2_core:/home/pi/CaveBot-ros/install/nav2_costmap_2d:/home/pi/CaveBot-ros/install/nav_2d_utils:/home/pi/CaveBot-ros/install/nav2_map_server:/home/pi/CaveBot-ros/install/nav2_lifecycle_manager:/home/pi/CaveBot-ros/install/nav2_behavior_tree:/home/pi/CaveBot-ros/install/nav2_util:/home/pi/CaveBot-ros/install/nav2_voxel_grid:/home/pi/CaveBot-ros/install/nav2_msgs:/home/pi/CaveBot-ros/install/nav_2d_msgs:/home/pi/CaveBot-ros/install/nav2_common:/opt/ros/jazzy/opt/gz_math_vendor:/opt/ros/jazzy/opt/gz_utils_vendor:/opt/ros/jazzy/opt/gz_cmake_vendor:/opt/ros/jazzy DEBUGINFOD_URLS=https://debuginfod.ubuntu.com LD_LIBRARY_PATH=/home/pi/CaveBot-ros/install/nav2_controller/lib:/home/pi/CaveBot-ros/install/nav2_costmap_2d/lib:/home/pi/CaveBot-ros/install/nav_2d_utils/lib:/home/pi/CaveBot-ros/install/nav2_map_server/lib:/home/pi/CaveBot-ros/install/nav2_lifecycle_manager/lib:/home/pi/CaveBot-ros/install/nav2_behavior_tree/lib:/home/pi/CaveBot-ros/install/nav2_util/lib:/home/pi/CaveBot-ros/install/nav2_voxel_grid/lib:/home/pi/CaveBot-ros/install/nav2_msgs/lib:/home/pi/CaveBot-ros/install/nav_2d_msgs/lib:${LD_LIBRARY_PATH} PYTHONPATH=/home/pi/CaveBot-ros/install/nav2_msgs/lib/python3.12/site-packages:/home/pi/CaveBot-ros/install/nav_2d_msgs/lib/python3.12/site-packages:/home/pi/CaveBot-ros/install/nav2_common/lib/python3.12/site-packages:${PYTHONPATH} /usr/bin/cmake --install /home/pi/CaveBot-ros/build/nav2_graceful_controller
[212.175s] -- Install configuration: "Release"
[212.177s] -- Execute custom install script
[212.180s] -- Symlinking: /home/pi/CaveBot-ros/install/nav2_graceful_controller/lib/libsmooth_control_law.so
[212.215s] -- Symlinking: /home/pi/CaveBot-ros/install/nav2_graceful_controller/lib/libnav2_graceful_controller.so
[212.248s] -- Symlinking: /home/pi/CaveBot-ros/install/nav2_graceful_controller/include//nav2_graceful_controller/ego_polar_coords.hpp
[212.281s] -- Symlinking: /home/pi/CaveBot-ros/install/nav2_graceful_controller/include//nav2_graceful_controller/graceful_controller.hpp
[212.315s] -- Symlinking: /home/pi/CaveBot-ros/install/nav2_graceful_controller/include//nav2_graceful_controller/parameter_handler.hpp
[212.347s] -- Symlinking: /home/pi/CaveBot-ros/install/nav2_graceful_controller/include//nav2_graceful_controller/path_handler.hpp
[212.384s] -- Symlinking: /home/pi/CaveBot-ros/install/nav2_graceful_controller/include//nav2_graceful_controller/smooth_control_law.hpp
[212.414s] -- Symlinking: /home/pi/CaveBot-ros/install/nav2_graceful_controller/include//nav2_graceful_controller/utils.hpp
[212.451s] -- Symlinking: /home/pi/CaveBot-ros/install/nav2_graceful_controller/share/nav2_graceful_controller/environment/library_path.sh
[212.481s] -- Symlinking: /home/pi/CaveBot-ros/install/nav2_graceful_controller/share/nav2_graceful_controller/environment/library_path.dsv
[212.509s] -- Symlinking: /home/pi/CaveBot-ros/install/nav2_graceful_controller/share/nav2_graceful_controller//graceful_controller_plugin.xml
[212.535s] -- Symlinking: /home/pi/CaveBot-ros/install/nav2_graceful_controller/share/ament_index/resource_index/package_run_dependencies/nav2_graceful_controller
[212.564s] -- Symlinking: /home/pi/CaveBot-ros/install/nav2_graceful_controller/share/ament_index/resource_index/parent_prefix_path/nav2_graceful_controller
[212.594s] -- Symlinking: /home/pi/CaveBot-ros/install/nav2_graceful_controller/share/nav2_graceful_controller/environment/ament_prefix_path.sh
[212.629s] -- Symlinking: /home/pi/CaveBot-ros/install/nav2_graceful_controller/share/nav2_graceful_controller/environment/ament_prefix_path.dsv
[212.664s] -- Symlinking: /home/pi/CaveBot-ros/install/nav2_graceful_controller/share/nav2_graceful_controller/environment/path.sh
[212.695s] -- Symlinking: /home/pi/CaveBot-ros/install/nav2_graceful_controller/share/nav2_graceful_controller/environment/path.dsv
[212.723s] -- Symlinking: /home/pi/CaveBot-ros/install/nav2_graceful_controller/share/nav2_graceful_controller/local_setup.bash
[212.750s] -- Symlinking: /home/pi/CaveBot-ros/install/nav2_graceful_controller/share/nav2_graceful_controller/local_setup.sh
[212.779s] -- Symlinking: /home/pi/CaveBot-ros/install/nav2_graceful_controller/share/nav2_graceful_controller/local_setup.zsh
[212.810s] -- Symlinking: /home/pi/CaveBot-ros/install/nav2_graceful_controller/share/nav2_graceful_controller/local_setup.dsv
[212.843s] -- Symlinking: /home/pi/CaveBot-ros/install/nav2_graceful_controller/share/nav2_graceful_controller/package.dsv
[212.877s] -- Symlinking: /home/pi/CaveBot-ros/install/nav2_graceful_controller/share/ament_index/resource_index/packages/nav2_graceful_controller
[212.912s] -- Symlinking: /home/pi/CaveBot-ros/install/nav2_graceful_controller/share/ament_index/resource_index/nav2_core__pluginlib__plugin/nav2_graceful_controller
[212.947s] -- Symlinking: /home/pi/CaveBot-ros/install/nav2_graceful_controller/share/nav2_graceful_controller/cmake/ament_cmake_export_include_directories-extras.cmake
[212.988s] -- Symlinking: /home/pi/CaveBot-ros/install/nav2_graceful_controller/share/nav2_graceful_controller/cmake/ament_cmake_export_libraries-extras.cmake
[213.018s] -- Symlinking: /home/pi/CaveBot-ros/install/nav2_graceful_controller/share/nav2_graceful_controller/cmake/ament_cmake_export_dependencies-extras.cmake
[213.053s] -- Symlinking: /home/pi/CaveBot-ros/install/nav2_graceful_controller/share/nav2_graceful_controller/cmake/nav2_graceful_controllerConfig.cmake
[213.093s] -- Symlinking: /home/pi/CaveBot-ros/install/nav2_graceful_controller/share/nav2_graceful_controller/cmake/nav2_graceful_controllerConfig-version.cmake
[213.125s] -- Symlinking: /home/pi/CaveBot-ros/install/nav2_graceful_controller/share/nav2_graceful_controller/package.xml
[213.165s] Invoked command in '/home/pi/CaveBot-ros/build/nav2_graceful_controller' returned '0': AMENT_PREFIX_PATH=/home/pi/CaveBot-ros/install/nav2_controller:/home/pi/CaveBot-ros/install/nav2_core:/home/pi/CaveBot-ros/install/nav2_costmap_2d:/home/pi/CaveBot-ros/install/nav_2d_utils:/home/pi/CaveBot-ros/install/nav2_map_server:/home/pi/CaveBot-ros/install/nav2_lifecycle_manager:/home/pi/CaveBot-ros/install/nav2_behavior_tree:/home/pi/CaveBot-ros/install/nav2_util:/home/pi/CaveBot-ros/install/nav2_voxel_grid:/home/pi/CaveBot-ros/install/nav2_msgs:/home/pi/CaveBot-ros/install/nav_2d_msgs:/home/pi/CaveBot-ros/install/nav2_common:${AMENT_PREFIX_PATH} CMAKE_PREFIX_PATH=/home/pi/CaveBot-ros/install/nav2_controller:/home/pi/CaveBot-ros/install/nav2_core:/home/pi/CaveBot-ros/install/nav2_costmap_2d:/home/pi/CaveBot-ros/install/nav_2d_utils:/home/pi/CaveBot-ros/install/nav2_map_server:/home/pi/CaveBot-ros/install/nav2_lifecycle_manager:/home/pi/CaveBot-ros/install/nav2_behavior_tree:/home/pi/CaveBot-ros/install/nav2_util:/home/pi/CaveBot-ros/install/nav2_voxel_grid:/home/pi/CaveBot-ros/install/nav2_msgs:/home/pi/CaveBot-ros/install/nav_2d_msgs:/home/pi/CaveBot-ros/install/nav2_common:/opt/ros/jazzy/opt/gz_math_vendor:/opt/ros/jazzy/opt/gz_utils_vendor:/opt/ros/jazzy/opt/gz_cmake_vendor:/opt/ros/jazzy DEBUGINFOD_URLS=https://debuginfod.ubuntu.com LD_LIBRARY_PATH=/home/pi/CaveBot-ros/install/nav2_controller/lib:/home/pi/CaveBot-ros/install/nav2_costmap_2d/lib:/home/pi/CaveBot-ros/install/nav_2d_utils/lib:/home/pi/CaveBot-ros/install/nav2_map_server/lib:/home/pi/CaveBot-ros/install/nav2_lifecycle_manager/lib:/home/pi/CaveBot-ros/install/nav2_behavior_tree/lib:/home/pi/CaveBot-ros/install/nav2_util/lib:/home/pi/CaveBot-ros/install/nav2_voxel_grid/lib:/home/pi/CaveBot-ros/install/nav2_msgs/lib:/home/pi/CaveBot-ros/install/nav_2d_msgs/lib:${LD_LIBRARY_PATH} PYTHONPATH=/home/pi/CaveBot-ros/install/nav2_msgs/lib/python3.12/site-packages:/home/pi/CaveBot-ros/install/nav_2d_msgs/lib/python3.12/site-packages:/home/pi/CaveBot-ros/install/nav2_common/lib/python3.12/site-packages:${PYTHONPATH} /usr/bin/cmake --install /home/pi/CaveBot-ros/build/nav2_graceful_controller
