-- The C compiler identification is GNU 13.3.0
-- The CXX compiler identification is GNU 13.3.0
-- Detecting C compiler ABI info
-- Detecting C compiler ABI info - done
-- Check for working C compiler: /usr/bin/cc - skipped
-- Detecting C compile features
-- Detecting C compile features - done
-- Detecting CXX compiler ABI info
-- Detecting CXX compiler ABI info - done
-- Check for working CXX compiler: /usr/bin/c++ - skipped
-- Detecting CXX compile features
-- Detecting CXX compile features - done
-- Found ament_cmake: 2.5.4 (/opt/ros/jazzy/share/ament_cmake/cmake)
-- Found Python3: /usr/bin/python3 (found version "3.12.3") found components: Interpreter 
-- Override CMake install command with custom implementation using symlinks instead of copying resources
-- Found nav2_core: 1.3.10 (/home/pi/CaveBot-ros/install/nav2_core/share/nav2_core/cmake)
-- Found rosidl_generator_c: 4.6.6 (/opt/ros/jazzy/share/rosidl_generator_c/cmake)
-- Found rosidl_generator_cpp: 4.6.6 (/opt/ros/jazzy/share/rosidl_generator_cpp/cmake)
-- Using all available rosidl_typesupport_c: rosidl_typesupport_fastrtps_c;rosidl_typesupport_introspection_c
-- Using all available rosidl_typesupport_cpp: rosidl_typesupport_fastrtps_cpp;rosidl_typesupport_introspection_cpp
-- Found rmw_implementation_cmake: 7.3.2 (/opt/ros/jazzy/share/rmw_implementation_cmake/cmake)
-- Found rmw_fastrtps_cpp: 8.4.3 (/opt/ros/jazzy/share/rmw_fastrtps_cpp/cmake)
-- Found OpenSSL: /usr/lib/aarch64-linux-gnu/libcrypto.so (found version "3.0.13")  
-- Found FastRTPS: /opt/ros/jazzy/include (Required is at least version "2.13") 
-- Using RMW implementation 'rmw_fastrtps_cpp' as default
-- Found eigen3_cmake_module: 0.3.0 (/opt/ros/jazzy/share/eigen3_cmake_module/cmake)
-- Found Eigen3: TRUE (found version "3.4.0") 
-- Ensuring Eigen3 include directory is part of orocos-kdl CMake target
-- Found nav2_common: 1.3.10 (/home/pi/CaveBot-ros/install/nav2_common/share/nav2_common/cmake)
-- Found nav_2d_utils: 1.3.10 (/home/pi/CaveBot-ros/install/nav_2d_utils/share/nav_2d_utils/cmake)
-- Setting build type to Release as none was specified.
-- Found ament_lint_auto: 0.17.3 (/opt/ros/jazzy/share/ament_lint_auto/cmake)
-- Found gtest sources under '/opt/ros/jazzy/src/gtest_vendor': C++ tests using 'Google Test' will be built
-- Performing Test CMAKE_HAVE_LIBC_PTHREAD
-- Performing Test CMAKE_HAVE_LIBC_PTHREAD - Success
-- Found Threads: TRUE  
-- Added test 'cppcheck' to perform static code analysis on C / C++ code
-- Configured cppcheck include dirs: /home/pi/CaveBot-ros/src/navigation2/nav2_smoother/include
-- Configured cppcheck exclude dirs and/or files: 
-- Added test 'cpplint' to check C / C++ code against the Google style
-- Configured cpplint exclude dirs and/or files: 
-- Added test 'lint_cmake' to check CMake code style
-- Added test 'uncrustify' to check C / C++ code style
-- Configured uncrustify additional arguments: 
-- Added test 'xmllint' to check XML markup files
-- Configuring done (6.9s)
-- Generating done (1.1s)
-- Build files have been written to: /home/pi/CaveBot-ros/build/nav2_smoother
[  5%] Building CXX object CMakeFiles/smoother_server_core.dir/src/nav2_smoother.cpp.o
[ 11%] Linking CXX shared library libsmoother_server_core.so
[ 11%] Built target smoother_server_core
[ 16%] Building CXX object gtest/CMakeFiles/gtest_main.dir/src/gtest_main.cc.o
[ 22%] Linking CXX static library libgtest_main.a
[ 22%] Built target gtest_main
[ 27%] Building CXX object gtest/CMakeFiles/gtest.dir/src/gtest-all.cc.o
[ 33%] Linking CXX static library libgtest.a
[ 33%] Built target gtest
[ 38%] Building CXX object CMakeFiles/smoother_server.dir/src/main.cpp.o
[ 44%] Linking CXX executable smoother_server
[ 44%] Built target smoother_server
[ 50%] Building CXX object test/CMakeFiles/test_smoother_server.dir/test_smoother_server.cpp.o
[ 55%] Linking CXX executable test_smoother_server
[ 55%] Built target test_smoother_server
[ 61%] Building CXX object CMakeFiles/savitzky_golay_smoother.dir/src/savitzky_golay_smoother.cpp.o
[ 66%] Linking CXX shared library libsavitzky_golay_smoother.so
[ 66%] Built target savitzky_golay_smoother
[ 72%] Building CXX object CMakeFiles/simple_smoother.dir/src/simple_smoother.cpp.o
[ 77%] Linking CXX shared library libsimple_smoother.so
[ 77%] Built target simple_smoother
[ 83%] Building CXX object test/CMakeFiles/test_savitzky_golay_smoother.dir/test_savitzky_golay_smoother.cpp.o
[ 88%] Linking CXX executable test_savitzky_golay_smoother
[ 88%] Built target test_savitzky_golay_smoother
[ 94%] Building CXX object test/CMakeFiles/test_simple_smoother.dir/test_simple_smoother.cpp.o
[100%] Linking CXX executable test_simple_smoother
[100%] Built target test_simple_smoother
-- Install configuration: "Release"
-- Execute custom install script
-- Symlinking: /home/pi/CaveBot-ros/install/nav2_smoother/share/nav2_smoother//plugins.xml
-- Symlinking: /home/pi/CaveBot-ros/install/nav2_smoother/lib/libsmoother_server_core.so
-- Symlinking: /home/pi/CaveBot-ros/install/nav2_smoother/lib/libsimple_smoother.so
-- Symlinking: /home/pi/CaveBot-ros/install/nav2_smoother/lib/libsavitzky_golay_smoother.so
-- Symlinking: /home/pi/CaveBot-ros/install/nav2_smoother/lib/nav2_smoother/smoother_server
-- Symlinking: /home/pi/CaveBot-ros/install/nav2_smoother/include//nav2_smoother/nav2_smoother.hpp
-- Symlinking: /home/pi/CaveBot-ros/install/nav2_smoother/include//nav2_smoother/savitzky_golay_smoother.hpp
-- Symlinking: /home/pi/CaveBot-ros/install/nav2_smoother/include//nav2_smoother/simple_smoother.hpp
-- Symlinking: /home/pi/CaveBot-ros/install/nav2_smoother/include//nav2_smoother/smoother_utils.hpp
-- Symlinking: /home/pi/CaveBot-ros/install/nav2_smoother/share/nav2_smoother/environment/library_path.sh
-- Symlinking: /home/pi/CaveBot-ros/install/nav2_smoother/share/nav2_smoother/environment/library_path.dsv
-- Symlinking: /home/pi/CaveBot-ros/install/nav2_smoother/share/ament_index/resource_index/package_run_dependencies/nav2_smoother
-- Symlinking: /home/pi/CaveBot-ros/install/nav2_smoother/share/ament_index/resource_index/parent_prefix_path/nav2_smoother
-- Symlinking: /home/pi/CaveBot-ros/install/nav2_smoother/share/nav2_smoother/environment/ament_prefix_path.sh
-- Symlinking: /home/pi/CaveBot-ros/install/nav2_smoother/share/nav2_smoother/environment/ament_prefix_path.dsv
-- Symlinking: /home/pi/CaveBot-ros/install/nav2_smoother/share/nav2_smoother/environment/path.sh
-- Symlinking: /home/pi/CaveBot-ros/install/nav2_smoother/share/nav2_smoother/environment/path.dsv
-- Symlinking: /home/pi/CaveBot-ros/install/nav2_smoother/share/nav2_smoother/local_setup.bash
-- Symlinking: /home/pi/CaveBot-ros/install/nav2_smoother/share/nav2_smoother/local_setup.sh
-- Symlinking: /home/pi/CaveBot-ros/install/nav2_smoother/share/nav2_smoother/local_setup.zsh
-- Symlinking: /home/pi/CaveBot-ros/install/nav2_smoother/share/nav2_smoother/local_setup.dsv
-- Symlinking: /home/pi/CaveBot-ros/install/nav2_smoother/share/nav2_smoother/package.dsv
-- Symlinking: /home/pi/CaveBot-ros/install/nav2_smoother/share/ament_index/resource_index/packages/nav2_smoother
-- Symlinking: /home/pi/CaveBot-ros/install/nav2_smoother/share/ament_index/resource_index/nav2_core__pluginlib__plugin/nav2_smoother
-- Symlinking: /home/pi/CaveBot-ros/install/nav2_smoother/share/ament_index/resource_index/rclcpp_components/nav2_smoother
-- Symlinking: /home/pi/CaveBot-ros/install/nav2_smoother/share/nav2_smoother/cmake/ament_cmake_export_include_directories-extras.cmake
-- Symlinking: /home/pi/CaveBot-ros/install/nav2_smoother/share/nav2_smoother/cmake/ament_cmake_export_libraries-extras.cmake
-- Symlinking: /home/pi/CaveBot-ros/install/nav2_smoother/share/nav2_smoother/cmake/ament_cmake_export_dependencies-extras.cmake
-- Symlinking: /home/pi/CaveBot-ros/install/nav2_smoother/share/nav2_smoother/cmake/nav2_smootherConfig.cmake
-- Symlinking: /home/pi/CaveBot-ros/install/nav2_smoother/share/nav2_smoother/cmake/nav2_smootherConfig-version.cmake
-- Symlinking: /home/pi/CaveBot-ros/install/nav2_smoother/share/nav2_smoother/package.xml
