[0.067s] Invoking command in '/home/pi/CaveBot-ros/build/tracetools_image_pipeline': CMAKE_PREFIX_PATH=${CMAKE_PREFIX_PATH}:/opt/ros/jazzy DEBUGINFOD_URLS=https://debuginfod.ubuntu.com /usr/bin/cmake /home/pi/CaveBot-ros/src/image_pipeline/tracetools_image_pipeline -DAMENT_CMAKE_SYMLINK_INSTALL=1 -DCMAKE_INSTALL_PREFIX=/home/pi/CaveBot-ros/install/tracetools_image_pipeline
[0.884s] -- The C compiler identification is GNU 13.3.0
[1.450s] -- The CXX compiler identification is GNU 13.3.0
[1.511s] -- Detecting C compiler ABI info
[1.925s] -- Detecting C compiler ABI info - done
[1.961s] -- Check for working C compiler: /usr/bin/cc - skipped
[1.965s] -- Detecting C compile features
[1.969s] -- Detecting C compile features - done
[2.003s] -- Detecting CXX compiler ABI info
[2.388s] -- Detecting CXX compiler ABI info - done
[2.415s] -- Check for working CXX compiler: /usr/bin/c++ - skipped
[2.419s] -- Detecting CXX compile features
[2.422s] -- Detecting CXX compile features - done
[2.447s] -- Found ament_cmake_ros: 0.12.0 (/opt/ros/jazzy/share/ament_cmake_ros/cmake)
[3.140s] -- Found Python3: /usr/bin/python3 (found version "3.12.3") found components: Interpreter 
[3.444s] -- Override CMake install command with custom implementation using symlinks instead of copying resources
[3.692s] -- Found PkgConfig: /usr/bin/pkg-config (found version "1.8.1") 
[3.695s] -- Checking for module 'lttng-ust'
[3.730s] --   Found lttng-ust, version 2.13.7
[3.827s] -- LTTng found: tracing enabled
[3.845s] -- Found ament_lint_auto: 0.17.3 (/opt/ros/jazzy/share/ament_lint_auto/cmake)
[4.234s] -- Added test 'copyright' to check source files copyright and LICENSE
[4.236s] -- Added test 'cppcheck' to perform static code analysis on C / C++ code
[4.236s] -- Configured cppcheck include dirs: /usr/include/aarch64-linux-gnu
[4.236s] -- Configured cppcheck exclude dirs and/or files: 
[4.240s] -- Added test 'cpplint' to check C / C++ code against the Google style
[4.240s] -- Configured cpplint exclude dirs and/or files: 
[4.242s] -- Added test 'lint_cmake' to check CMake code style
[4.246s] -- Added test 'uncrustify' to check C / C++ code style
[4.249s] -- Configured uncrustify additional arguments: 
[4.249s] -- Added test 'xmllint' to check XML markup files
[4.259s] -- Configuring done (4.0s)
[4.277s] -- Generating done (0.0s)
[4.283s] -- Build files have been written to: /home/pi/CaveBot-ros/build/tracetools_image_pipeline
[4.304s] Invoked command in '/home/pi/CaveBot-ros/build/tracetools_image_pipeline' returned '0': CMAKE_PREFIX_PATH=${CMAKE_PREFIX_PATH}:/opt/ros/jazzy DEBUGINFOD_URLS=https://debuginfod.ubuntu.com /usr/bin/cmake /home/pi/CaveBot-ros/src/image_pipeline/tracetools_image_pipeline -DAMENT_CMAKE_SYMLINK_INSTALL=1 -DCMAKE_INSTALL_PREFIX=/home/pi/CaveBot-ros/install/tracetools_image_pipeline
[4.304s] Invoking command in '/home/pi/CaveBot-ros/build/tracetools_image_pipeline': CMAKE_PREFIX_PATH=${CMAKE_PREFIX_PATH}:/opt/ros/jazzy DEBUGINFOD_URLS=https://debuginfod.ubuntu.com /usr/bin/cmake --build /home/pi/CaveBot-ros/build/tracetools_image_pipeline -- -j4 -l4
[4.444s] [ 16%] [32mBuilding CXX object CMakeFiles/tracetools_image_pipeline.dir/src/utils.cpp.o[0m
[4.455s] [ 33%] [32mBuilding C object CMakeFiles/tracetools_image_pipeline.dir/src/tp_call.c.o[0m
[4.482s] [ 50%] [32mBuilding C object CMakeFiles/tracetools_image_pipeline.dir/src/tracetools.c.o[0m
[5.237s] [ 66%] [32m[1mLinking CXX shared library libtracetools_image_pipeline.so[0m
[5.588s] [ 66%] Built target tracetools_image_pipeline
[5.661s] [ 83%] [32mBuilding C object CMakeFiles/status.dir/src/status.c.o[0m
[5.798s] [100%] [32m[1mLinking C executable status[0m
[6.119s] [100%] Built target status
[6.165s] Invoked command in '/home/pi/CaveBot-ros/build/tracetools_image_pipeline' returned '0': CMAKE_PREFIX_PATH=${CMAKE_PREFIX_PATH}:/opt/ros/jazzy DEBUGINFOD_URLS=https://debuginfod.ubuntu.com /usr/bin/cmake --build /home/pi/CaveBot-ros/build/tracetools_image_pipeline -- -j4 -l4
[6.189s] Invoking command in '/home/pi/CaveBot-ros/build/tracetools_image_pipeline': CMAKE_PREFIX_PATH=${CMAKE_PREFIX_PATH}:/opt/ros/jazzy DEBUGINFOD_URLS=https://debuginfod.ubuntu.com /usr/bin/cmake --install /home/pi/CaveBot-ros/build/tracetools_image_pipeline
[6.215s] -- Install configuration: ""
[6.216s] -- Execute custom install script
[6.216s] -- Symlinking: /home/pi/CaveBot-ros/install/tracetools_image_pipeline/share/tracetools_image_pipeline/environment/library_path.sh
[6.246s] -- Symlinking: /home/pi/CaveBot-ros/install/tracetools_image_pipeline/share/tracetools_image_pipeline/environment/library_path.dsv
[6.278s] -- Symlinking: /home/pi/CaveBot-ros/install/tracetools_image_pipeline/lib/tracetools_image_pipeline/status
[6.302s] -- Symlinking: /home/pi/CaveBot-ros/install/tracetools_image_pipeline/include/tracetools_image_pipeline/config.h
[6.332s] -- Symlinking: /home/pi/CaveBot-ros/install/tracetools_image_pipeline/include/tracetools_image_pipeline/tp_call.h
[6.357s] -- Symlinking: /home/pi/CaveBot-ros/install/tracetools_image_pipeline/include/tracetools_image_pipeline/tracetools.h
[6.394s] -- Symlinking: /home/pi/CaveBot-ros/install/tracetools_image_pipeline/include/tracetools_image_pipeline/utils.hpp
[6.414s] -- Symlinking: /home/pi/CaveBot-ros/install/tracetools_image_pipeline/include/tracetools_image_pipeline/visibility_control.hpp
[6.455s] -- Symlinking: /home/pi/CaveBot-ros/install/tracetools_image_pipeline/share/ament_index/resource_index/package_run_dependencies/tracetools_image_pipeline
[6.504s] -- Symlinking: /home/pi/CaveBot-ros/install/tracetools_image_pipeline/share/ament_index/resource_index/parent_prefix_path/tracetools_image_pipeline
[6.576s] -- Symlinking: /home/pi/CaveBot-ros/install/tracetools_image_pipeline/share/tracetools_image_pipeline/environment/ament_prefix_path.sh
[6.619s] -- Symlinking: /home/pi/CaveBot-ros/install/tracetools_image_pipeline/share/tracetools_image_pipeline/environment/ament_prefix_path.dsv
[6.660s] -- Symlinking: /home/pi/CaveBot-ros/install/tracetools_image_pipeline/share/tracetools_image_pipeline/environment/path.sh
[6.710s] -- Symlinking: /home/pi/CaveBot-ros/install/tracetools_image_pipeline/share/tracetools_image_pipeline/environment/path.dsv
[6.749s] -- Symlinking: /home/pi/CaveBot-ros/install/tracetools_image_pipeline/share/tracetools_image_pipeline/local_setup.bash
[6.782s] -- Symlinking: /home/pi/CaveBot-ros/install/tracetools_image_pipeline/share/tracetools_image_pipeline/local_setup.sh
[6.782s] -- Symlinking: /home/pi/CaveBot-ros/install/tracetools_image_pipeline/share/tracetools_image_pipeline/local_setup.zsh
[6.809s] -- Symlinking: /home/pi/CaveBot-ros/install/tracetools_image_pipeline/share/tracetools_image_pipeline/local_setup.dsv
[6.843s] -- Symlinking: /home/pi/CaveBot-ros/install/tracetools_image_pipeline/share/tracetools_image_pipeline/package.dsv
[6.855s] -- Symlinking: /home/pi/CaveBot-ros/install/tracetools_image_pipeline/share/ament_index/resource_index/packages/tracetools_image_pipeline
[6.874s] -- Symlinking: /home/pi/CaveBot-ros/install/tracetools_image_pipeline/share/tracetools_image_pipeline/cmake/ament_cmake_export_targets-extras.cmake
[6.904s] -- Symlinking: /home/pi/CaveBot-ros/install/tracetools_image_pipeline/share/tracetools_image_pipeline/cmake/ament_cmake_export_include_directories-extras.cmake
[6.945s] -- Symlinking: /home/pi/CaveBot-ros/install/tracetools_image_pipeline/share/tracetools_image_pipeline/cmake/ament_cmake_export_libraries-extras.cmake
[6.980s] -- Symlinking: /home/pi/CaveBot-ros/install/tracetools_image_pipeline/share/tracetools_image_pipeline/cmake/ament_cmake_export_link_flags-extras.cmake
[7.026s] -- Symlinking: /home/pi/CaveBot-ros/install/tracetools_image_pipeline/share/tracetools_image_pipeline/cmake/tracetools_image_pipelineConfig.cmake
[7.070s] -- Symlinking: /home/pi/CaveBot-ros/install/tracetools_image_pipeline/share/tracetools_image_pipeline/cmake/tracetools_image_pipelineConfig-version.cmake
[7.155s] -- Symlinking: /home/pi/CaveBot-ros/install/tracetools_image_pipeline/share/tracetools_image_pipeline/package.xml
[7.191s] -- Installing: /home/pi/CaveBot-ros/install/tracetools_image_pipeline/lib/libtracetools_image_pipeline.so
[7.191s] -- Installing: /home/pi/CaveBot-ros/install/tracetools_image_pipeline/share/tracetools_image_pipeline/cmake/tracetools_image_pipeline_exportExport.cmake
[7.194s] -- Installing: /home/pi/CaveBot-ros/install/tracetools_image_pipeline/share/tracetools_image_pipeline/cmake/tracetools_image_pipeline_exportExport-noconfig.cmake
[7.203s] Invoked command in '/home/pi/CaveBot-ros/build/tracetools_image_pipeline' returned '0': CMAKE_PREFIX_PATH=${CMAKE_PREFIX_PATH}:/opt/ros/jazzy DEBUGINFOD_URLS=https://debuginfod.ubuntu.com /usr/bin/cmake --install /home/pi/CaveBot-ros/build/tracetools_image_pipeline
