[1.272s] Invoking command in '/home/pi/CaveBot-ros/src/cave_depth': AMENT_PREFIX_PATH=/home/pi/CaveBot-ros/install/stereo_image_proc:/home/pi/CaveBot-ros/install/image_proc:/home/pi/CaveBot-ros/install/camera_ros:/home/pi/CaveBot-ros/install/tracetools_image_pipeline:/home/pi/CaveBot-ros/install/image_view:/home/pi/CaveBot-ros/install/depthimage_to_laserscan:${AMENT_PREFIX_PATH} CMAKE_PREFIX_PATH=/home/pi/CaveBot-ros/install/stereo_image_proc:/home/pi/CaveBot-ros/install/image_proc:/home/pi/CaveBot-ros/install/camera_ros:/home/pi/CaveBot-ros/install/tracetools_image_pipeline:/home/pi/CaveBot-ros/install/image_view:/home/pi/CaveBot-ros/install/depthimage_to_laserscan:${CMAKE_PREFIX_PATH} DEBUGINFOD_URLS=https://debuginfod.ubuntu.com LD_LIBRARY_PATH=/home/pi/CaveBot-ros/install/stereo_image_proc/lib:/home/pi/CaveBot-ros/install/image_proc/lib:/home/pi/CaveBot-ros/install/camera_ros/lib:/home/pi/CaveBot-ros/install/tracetools_image_pipeline/lib:/home/pi/CaveBot-ros/install/libcamera/lib:/home/pi/CaveBot-ros/install/image_view/lib:/home/pi/CaveBot-ros/install/depthimage_to_laserscan/lib:${LD_LIBRARY_PATH} PATH=/home/pi/CaveBot-ros/install/libcamera/bin:${PATH} PKG_CONFIG_PATH=/home/pi/CaveBot-ros/install/libcamera/lib/pkgconfig PYTHONPATH=/home/pi/CaveBot-ros/build/cave_depth/prefix_override:/usr/lib/python3/dist-packages/colcon_core/task/python/colcon_distutils_commands:/home/pi/CaveBot-ros/install/cave_depth/lib/python3.12/site-packages:${PYTHONPATH} /usr/bin/python3 -W ignore:setup.py install is deprecated -W ignore:easy_install command is deprecated setup.py egg_info --egg-base ../../build/cave_depth build --build-base /home/pi/CaveBot-ros/build/cave_depth/build install --record /home/pi/CaveBot-ros/build/cave_depth/install.log --single-version-externally-managed install_data
[1.633s] running egg_info
[1.659s] writing ../../build/cave_depth/cave_depth.egg-info/PKG-INFO
[1.659s] writing dependency_links to ../../build/cave_depth/cave_depth.egg-info/dependency_links.txt
[1.662s] writing entry points to ../../build/cave_depth/cave_depth.egg-info/entry_points.txt
[1.665s] writing requirements to ../../build/cave_depth/cave_depth.egg-info/requires.txt
[1.667s] writing top-level names to ../../build/cave_depth/cave_depth.egg-info/top_level.txt
[1.725s] reading manifest file '../../build/cave_depth/cave_depth.egg-info/SOURCES.txt'
[1.726s] writing manifest file '../../build/cave_depth/cave_depth.egg-info/SOURCES.txt'
[1.726s] running build
[1.726s] running build_py
[1.727s] running install
[1.736s] running install_lib
[1.762s] running install_data
[1.763s] running install_egg_info
[1.791s] removing '/home/pi/CaveBot-ros/install/cave_depth/lib/python3.12/site-packages/cave_depth-0.0.1-py3.12.egg-info' (and everything under it)
[1.791s] Copying ../../build/cave_depth/cave_depth.egg-info to /home/pi/CaveBot-ros/install/cave_depth/lib/python3.12/site-packages/cave_depth-0.0.1-py3.12.egg-info
[1.793s] running install_scripts
[1.975s] Installing hitnet_depth_node script to /home/pi/CaveBot-ros/install/cave_depth/lib/cave_depth
[1.975s] writing list of installed files to '/home/pi/CaveBot-ros/build/cave_depth/install.log'
[2.063s] Invoked command in '/home/pi/CaveBot-ros/src/cave_depth' returned '0': AMENT_PREFIX_PATH=/home/pi/CaveBot-ros/install/stereo_image_proc:/home/pi/CaveBot-ros/install/image_proc:/home/pi/CaveBot-ros/install/camera_ros:/home/pi/CaveBot-ros/install/tracetools_image_pipeline:/home/pi/CaveBot-ros/install/image_view:/home/pi/CaveBot-ros/install/depthimage_to_laserscan:${AMENT_PREFIX_PATH} CMAKE_PREFIX_PATH=/home/pi/CaveBot-ros/install/stereo_image_proc:/home/pi/CaveBot-ros/install/image_proc:/home/pi/CaveBot-ros/install/camera_ros:/home/pi/CaveBot-ros/install/tracetools_image_pipeline:/home/pi/CaveBot-ros/install/image_view:/home/pi/CaveBot-ros/install/depthimage_to_laserscan:${CMAKE_PREFIX_PATH} DEBUGINFOD_URLS=https://debuginfod.ubuntu.com LD_LIBRARY_PATH=/home/pi/CaveBot-ros/install/stereo_image_proc/lib:/home/pi/CaveBot-ros/install/image_proc/lib:/home/pi/CaveBot-ros/install/camera_ros/lib:/home/pi/CaveBot-ros/install/tracetools_image_pipeline/lib:/home/pi/CaveBot-ros/install/libcamera/lib:/home/pi/CaveBot-ros/install/image_view/lib:/home/pi/CaveBot-ros/install/depthimage_to_laserscan/lib:${LD_LIBRARY_PATH} PATH=/home/pi/CaveBot-ros/install/libcamera/bin:${PATH} PKG_CONFIG_PATH=/home/pi/CaveBot-ros/install/libcamera/lib/pkgconfig PYTHONPATH=/home/pi/CaveBot-ros/build/cave_depth/prefix_override:/usr/lib/python3/dist-packages/colcon_core/task/python/colcon_distutils_commands:/home/pi/CaveBot-ros/install/cave_depth/lib/python3.12/site-packages:${PYTHONPATH} /usr/bin/python3 -W ignore:setup.py install is deprecated -W ignore:easy_install command is deprecated setup.py egg_info --egg-base ../../build/cave_depth build --build-base /home/pi/CaveBot-ros/build/cave_depth/build install --record /home/pi/CaveBot-ros/build/cave_depth/install.log --single-version-externally-managed install_data
