-- The C compiler identification is GNU 13.3.0
-- The CXX compiler identification is GNU 13.3.0
-- Detecting C compiler ABI info
-- Detecting C compiler ABI info - done
-- Check for working C compiler: /usr/bin/cc - skipped
-- Detecting C compile features
-- Detecting C compile features - done
-- Detecting CXX compiler ABI info
-- Detecting CXX compiler ABI info - done
-- Check for working CXX compiler: /usr/bin/c++ - skipped
-- Detecting CXX compile features
-- Detecting CXX compile features - done
-- Found ament_cmake: 2.5.4 (/opt/ros/jazzy/share/ament_cmake/cmake)
-- Found Python3: /usr/bin/python3 (found version "3.12.3") found components: Interpreter 
-- Override CMake install command with custom implementation using symlinks instead of copying resources
-- Found nav2_common: 1.3.10 (/home/pi/CaveBot-ros/install/nav2_common/share/nav2_common/cmake)
-- Found geometry_msgs: 5.3.6 (/opt/ros/jazzy/share/geometry_msgs/cmake)
-- Found rosidl_generator_c: 4.6.6 (/opt/ros/jazzy/share/rosidl_generator_c/cmake)
-- Found rosidl_generator_cpp: 4.6.6 (/opt/ros/jazzy/share/rosidl_generator_cpp/cmake)
-- Using all available rosidl_typesupport_c: rosidl_typesupport_fastrtps_c;rosidl_typesupport_introspection_c
-- Using all available rosidl_typesupport_cpp: rosidl_typesupport_fastrtps_cpp;rosidl_typesupport_introspection_cpp
-- Found nav_2d_msgs: 1.3.10 (/home/pi/CaveBot-ros/install/nav_2d_msgs/share/nav_2d_msgs/cmake)
-- Found nav_msgs: 5.3.6 (/opt/ros/jazzy/share/nav_msgs/cmake)
-- Found rclcpp: 28.1.12 (/opt/ros/jazzy/share/rclcpp/cmake)
-- Found rmw_implementation_cmake: 7.3.2 (/opt/ros/jazzy/share/rmw_implementation_cmake/cmake)
-- Found rmw_fastrtps_cpp: 8.4.3 (/opt/ros/jazzy/share/rmw_fastrtps_cpp/cmake)
-- Found OpenSSL: /usr/lib/aarch64-linux-gnu/libcrypto.so (found version "3.0.13")  
-- Found FastRTPS: /opt/ros/jazzy/include (Required is at least version "2.13") 
-- Using RMW implementation 'rmw_fastrtps_cpp' as default
-- Found tf2: 0.36.14 (/opt/ros/jazzy/share/tf2/cmake)
-- Found tf2_geometry_msgs: 0.36.14 (/opt/ros/jazzy/share/tf2_geometry_msgs/cmake)
-- Found eigen3_cmake_module: 0.3.0 (/opt/ros/jazzy/share/eigen3_cmake_module/cmake)
-- Found Eigen3: TRUE (found version "3.4.0") 
-- Ensuring Eigen3 include directory is part of orocos-kdl CMake target
-- Found nav2_msgs: 1.3.10 (/home/pi/CaveBot-ros/install/nav2_msgs/share/nav2_msgs/cmake)
-- Found nav2_util: 1.3.10 (/home/pi/CaveBot-ros/install/nav2_util/share/nav2_util/cmake)
-- Setting build type to Release as none was specified.
-- Found ament_lint_auto: 0.17.3 (/opt/ros/jazzy/share/ament_lint_auto/cmake)
-- Found gtest sources under '/opt/ros/jazzy/src/gtest_vendor': C++ tests using 'Google Test' will be built
-- Performing Test CMAKE_HAVE_LIBC_PTHREAD
-- Performing Test CMAKE_HAVE_LIBC_PTHREAD - Success
-- Found Threads: TRUE  
-- Added test 'cppcheck' to perform static code analysis on C / C++ code
-- Configured cppcheck include dirs: /home/pi/CaveBot-ros/src/navigation2/nav2_dwb_controller/nav_2d_utils/include
-- Configured cppcheck exclude dirs and/or files: 
-- Added test 'cpplint' to check C / C++ code against the Google style
-- Configured cpplint exclude dirs and/or files: 
-- Added test 'lint_cmake' to check CMake code style
-- Added test 'uncrustify' to check C / C++ code style
-- Configured uncrustify additional arguments: 
-- Added test 'xmllint' to check XML markup files
-- Configuring done (4.6s)
-- Generating done (0.2s)
-- Build files have been written to: /home/pi/CaveBot-ros/build/nav_2d_utils
[  6%] Building CXX object CMakeFiles/conversions.dir/src/conversions.cpp.o
[ 12%] Linking CXX shared library libconversions.so
[ 12%] Built target conversions
[ 18%] Building CXX object gtest/CMakeFiles/gtest.dir/src/gtest-all.cc.o
[ 25%] Linking CXX static library libgtest.a
[ 25%] Built target gtest
[ 31%] Building CXX object CMakeFiles/tf_help.dir/src/tf_help.cpp.o
[ 37%] Linking CXX shared library libtf_help.so
[ 37%] Built target tf_help
[ 43%] Building CXX object gtest/CMakeFiles/gtest_main.dir/src/gtest_main.cc.o
[ 50%] Linking CXX static library libgtest_main.a
[ 50%] Built target gtest_main
[ 56%] Building CXX object CMakeFiles/path_ops.dir/src/path_ops.cpp.o
[ 62%] Linking CXX shared library libpath_ops.so
[ 62%] Built target path_ops
[ 68%] Building CXX object test/CMakeFiles/tf_help_tests.dir/tf_help_test.cpp.o
[ 75%] Linking CXX executable tf_help_tests
[ 75%] Built target tf_help_tests
[ 81%] Building CXX object test/CMakeFiles/path_ops_tests.dir/path_ops_test.cpp.o
[ 87%] Linking CXX executable path_ops_tests
[ 87%] Built target path_ops_tests
[ 93%] Building CXX object test/CMakeFiles/2d_utils_tests.dir/2d_utils_test.cpp.o
[100%] Linking CXX executable 2d_utils_tests
[100%] Built target 2d_utils_tests
-- Install configuration: "Release"
-- Execute custom install script
-- Symlinking: /home/pi/CaveBot-ros/install/nav_2d_utils/lib/libconversions.so
-- Symlinking: /home/pi/CaveBot-ros/install/nav_2d_utils/lib/libpath_ops.so
-- Symlinking: /home/pi/CaveBot-ros/install/nav_2d_utils/lib/libtf_help.so
-- Symlinking: /home/pi/CaveBot-ros/install/nav_2d_utils/include//nav_2d_utils/conversions.hpp
-- Symlinking: /home/pi/CaveBot-ros/install/nav_2d_utils/include//nav_2d_utils/odom_subscriber.hpp
-- Symlinking: /home/pi/CaveBot-ros/install/nav_2d_utils/include//nav_2d_utils/parameters.hpp
-- Symlinking: /home/pi/CaveBot-ros/install/nav_2d_utils/include//nav_2d_utils/path_ops.hpp
-- Symlinking: /home/pi/CaveBot-ros/install/nav_2d_utils/include//nav_2d_utils/tf_help.hpp
-- Symlinking: /home/pi/CaveBot-ros/install/nav_2d_utils/share/nav_2d_utils/environment/library_path.sh
-- Symlinking: /home/pi/CaveBot-ros/install/nav_2d_utils/share/nav_2d_utils/environment/library_path.dsv
-- Symlinking: /home/pi/CaveBot-ros/install/nav_2d_utils/share/ament_index/resource_index/package_run_dependencies/nav_2d_utils
-- Symlinking: /home/pi/CaveBot-ros/install/nav_2d_utils/share/ament_index/resource_index/parent_prefix_path/nav_2d_utils
-- Symlinking: /home/pi/CaveBot-ros/install/nav_2d_utils/share/nav_2d_utils/environment/ament_prefix_path.sh
-- Symlinking: /home/pi/CaveBot-ros/install/nav_2d_utils/share/nav_2d_utils/environment/ament_prefix_path.dsv
-- Symlinking: /home/pi/CaveBot-ros/install/nav_2d_utils/share/nav_2d_utils/environment/path.sh
-- Symlinking: /home/pi/CaveBot-ros/install/nav_2d_utils/share/nav_2d_utils/environment/path.dsv
-- Symlinking: /home/pi/CaveBot-ros/install/nav_2d_utils/share/nav_2d_utils/local_setup.bash
-- Symlinking: /home/pi/CaveBot-ros/install/nav_2d_utils/share/nav_2d_utils/local_setup.sh
-- Symlinking: /home/pi/CaveBot-ros/install/nav_2d_utils/share/nav_2d_utils/local_setup.zsh
-- Symlinking: /home/pi/CaveBot-ros/install/nav_2d_utils/share/nav_2d_utils/local_setup.dsv
-- Symlinking: /home/pi/CaveBot-ros/install/nav_2d_utils/share/nav_2d_utils/package.dsv
-- Symlinking: /home/pi/CaveBot-ros/install/nav_2d_utils/share/ament_index/resource_index/packages/nav_2d_utils
-- Symlinking: /home/pi/CaveBot-ros/install/nav_2d_utils/share/nav_2d_utils/cmake/ament_cmake_export_include_directories-extras.cmake
-- Symlinking: /home/pi/CaveBot-ros/install/nav_2d_utils/share/nav_2d_utils/cmake/ament_cmake_export_libraries-extras.cmake
-- Symlinking: /home/pi/CaveBot-ros/install/nav_2d_utils/share/nav_2d_utils/cmake/ament_cmake_export_dependencies-extras.cmake
-- Symlinking: /home/pi/CaveBot-ros/install/nav_2d_utils/share/nav_2d_utils/cmake/nav_2d_utilsConfig.cmake
-- Symlinking: /home/pi/CaveBot-ros/install/nav_2d_utils/share/nav_2d_utils/cmake/nav_2d_utilsConfig-version.cmake
-- Symlinking: /home/pi/CaveBot-ros/install/nav_2d_utils/share/nav_2d_utils/package.xml
