-- The C compiler identification is GNU 13.3.0
-- The CXX compiler identification is GNU 13.3.0
-- Detecting C compiler ABI info
-- Detecting C compiler ABI info - done
-- Check for working C compiler: /usr/bin/cc - skipped
-- Detecting C compile features
-- Detecting C compile features - done
-- Detecting CXX compiler ABI info
-- Detecting CXX compiler ABI info - done
-- Check for working CXX compiler: /usr/bin/c++ - skipped
-- Detecting CXX compile features
-- Detecting CXX compile features - done
-- Found ament_cmake: 2.5.4 (/opt/ros/jazzy/share/ament_cmake/cmake)
-- Found Python3: /usr/bin/python3 (found version "3.12.3") found components: Interpreter 
-- Override CMake install command with custom implementation using symlinks instead of copying resources
-- Found nav2_core: 1.3.10 (/home/pi/CaveBot-ros/install/nav2_core/share/nav2_core/cmake)
-- Found rosidl_generator_c: 4.6.6 (/opt/ros/jazzy/share/rosidl_generator_c/cmake)
-- Found rosidl_generator_cpp: 4.6.6 (/opt/ros/jazzy/share/rosidl_generator_cpp/cmake)
-- Using all available rosidl_typesupport_c: rosidl_typesupport_fastrtps_c;rosidl_typesupport_introspection_c
-- Using all available rosidl_typesupport_cpp: rosidl_typesupport_fastrtps_cpp;rosidl_typesupport_introspection_cpp
-- Found rmw_implementation_cmake: 7.3.2 (/opt/ros/jazzy/share/rmw_implementation_cmake/cmake)
-- Found rmw_fastrtps_cpp: 8.4.3 (/opt/ros/jazzy/share/rmw_fastrtps_cpp/cmake)
-- Found OpenSSL: /usr/lib/aarch64-linux-gnu/libcrypto.so (found version "3.0.13")  
-- Found FastRTPS: /opt/ros/jazzy/include (Required is at least version "2.13") 
-- Using RMW implementation 'rmw_fastrtps_cpp' as default
-- Found eigen3_cmake_module: 0.3.0 (/opt/ros/jazzy/share/eigen3_cmake_module/cmake)
-- Found Eigen3: TRUE (found version "3.4.0") 
-- Ensuring Eigen3 include directory is part of orocos-kdl CMake target
-- Found nav2_common: 1.3.10 (/home/pi/CaveBot-ros/install/nav2_common/share/nav2_common/cmake)
-- Found nav_2d_utils: 1.3.10 (/home/pi/CaveBot-ros/install/nav_2d_utils/share/nav_2d_utils/cmake)
-- Setting build type to Release as none was specified.
-- Found ament_lint_auto: 0.17.3 (/opt/ros/jazzy/share/ament_lint_auto/cmake)
-- Found gtest sources under '/opt/ros/jazzy/src/gtest_vendor': C++ tests using 'Google Test' will be built
-- Performing Test CMAKE_HAVE_LIBC_PTHREAD
-- Performing Test CMAKE_HAVE_LIBC_PTHREAD - Success
-- Found Threads: TRUE  
-- Found gtest sources under '/opt/ros/jazzy/src/gtest_vendor': C++ tests using 'Google Test' will be built
-- Added test 'cppcheck' to perform static code analysis on C / C++ code
-- Configured cppcheck include dirs: /home/pi/CaveBot-ros/src/navigation2/nav2_controller/include
-- Configured cppcheck exclude dirs and/or files: 
-- Added test 'cpplint' to check C / C++ code against the Google style
-- Configured cpplint exclude dirs and/or files: 
-- Added test 'lint_cmake' to check CMake code style
-- Added test 'uncrustify' to check C / C++ code style
-- Configured uncrustify additional arguments: 
-- Added test 'xmllint' to check XML markup files
-- Configuring done (9.9s)
-- Generating done (1.9s)
-- Build files have been written to: /home/pi/CaveBot-ros/build/nav2_controller
[  4%] Building CXX object CMakeFiles/controller_server_core.dir/src/controller_server.cpp.o
[  8%] Linking CXX shared library libcontroller_server_core.so
[  8%] Built target controller_server_core
[ 12%] Building CXX object gtest/CMakeFiles/gtest_main.dir/src/gtest_main.cc.o
[ 16%] Linking CXX static library libgtest_main.a
[ 16%] Built target gtest_main
[ 20%] Building CXX object gtest/CMakeFiles/gtest.dir/src/gtest-all.cc.o
[ 25%] Linking CXX static library libgtest.a
[ 25%] Built target gtest
[ 29%] Building CXX object CMakeFiles/controller_server.dir/src/main.cpp.o
[ 33%] Linking CXX executable controller_server
[ 33%] Built target controller_server
[ 37%] Building CXX object test/CMakeFiles/test_dynamic_parameters.dir/test_dynamic_parameters.cpp.o
[ 41%] Linking CXX executable test_dynamic_parameters
[ 41%] Built target test_dynamic_parameters
[ 45%] Building CXX object CMakeFiles/simple_goal_checker.dir/plugins/simple_goal_checker.cpp.o
[ 50%] Linking CXX shared library libsimple_goal_checker.so
[ 50%] Built target simple_goal_checker
[ 54%] Building CXX object CMakeFiles/simple_progress_checker.dir/plugins/simple_progress_checker.cpp.o
[ 58%] Linking CXX shared library libsimple_progress_checker.so
[ 58%] Built target simple_progress_checker
[ 62%] Building CXX object CMakeFiles/position_goal_checker.dir/plugins/position_goal_checker.cpp.o
[ 66%] Linking CXX shared library libposition_goal_checker.so
[ 66%] Built target position_goal_checker
[ 70%] Building CXX object CMakeFiles/pose_progress_checker.dir/plugins/pose_progress_checker.cpp.o
[ 75%] Linking CXX shared library libpose_progress_checker.so
[ 75%] Built target pose_progress_checker
[ 79%] Building CXX object CMakeFiles/stopped_goal_checker.dir/plugins/stopped_goal_checker.cpp.o
[ 83%] Linking CXX shared library libstopped_goal_checker.so
[ 83%] Built target stopped_goal_checker
[ 87%] Building CXX object plugins/test/CMakeFiles/pctest.dir/progress_checker.cpp.o
[ 91%] Linking CXX executable pctest
[ 91%] Built target pctest
[ 95%] Building CXX object plugins/test/CMakeFiles/gctest.dir/goal_checker.cpp.o
[100%] Linking CXX executable gctest
[100%] Built target gctest
-- Install configuration: "Release"
-- Execute custom install script
-- Symlinking: /home/pi/CaveBot-ros/install/nav2_controller/lib/libsimple_progress_checker.so
-- Symlinking: /home/pi/CaveBot-ros/install/nav2_controller/lib/libposition_goal_checker.so
-- Symlinking: /home/pi/CaveBot-ros/install/nav2_controller/lib/libpose_progress_checker.so
-- Symlinking: /home/pi/CaveBot-ros/install/nav2_controller/lib/libsimple_goal_checker.so
-- Symlinking: /home/pi/CaveBot-ros/install/nav2_controller/lib/libstopped_goal_checker.so
-- Symlinking: /home/pi/CaveBot-ros/install/nav2_controller/lib/libcontroller_server_core.so
-- Symlinking: /home/pi/CaveBot-ros/install/nav2_controller/lib/nav2_controller/controller_server
-- Symlinking: /home/pi/CaveBot-ros/install/nav2_controller/include//nav2_controller/controller_server.hpp
-- Symlinking: /home/pi/CaveBot-ros/install/nav2_controller/include//nav2_controller/plugins/pose_progress_checker.hpp
-- Symlinking: /home/pi/CaveBot-ros/install/nav2_controller/include//nav2_controller/plugins/position_goal_checker.hpp
-- Symlinking: /home/pi/CaveBot-ros/install/nav2_controller/include//nav2_controller/plugins/simple_goal_checker.hpp
-- Symlinking: /home/pi/CaveBot-ros/install/nav2_controller/include//nav2_controller/plugins/simple_progress_checker.hpp
-- Symlinking: /home/pi/CaveBot-ros/install/nav2_controller/include//nav2_controller/plugins/stopped_goal_checker.hpp
-- Symlinking: /home/pi/CaveBot-ros/install/nav2_controller/share/nav2_controller/environment/library_path.sh
-- Symlinking: /home/pi/CaveBot-ros/install/nav2_controller/share/nav2_controller/environment/library_path.dsv
-- Symlinking: /home/pi/CaveBot-ros/install/nav2_controller/share/nav2_controller//plugins.xml
-- Symlinking: /home/pi/CaveBot-ros/install/nav2_controller/share/ament_index/resource_index/package_run_dependencies/nav2_controller
-- Symlinking: /home/pi/CaveBot-ros/install/nav2_controller/share/ament_index/resource_index/parent_prefix_path/nav2_controller
-- Symlinking: /home/pi/CaveBot-ros/install/nav2_controller/share/nav2_controller/environment/ament_prefix_path.sh
-- Symlinking: /home/pi/CaveBot-ros/install/nav2_controller/share/nav2_controller/environment/ament_prefix_path.dsv
-- Symlinking: /home/pi/CaveBot-ros/install/nav2_controller/share/nav2_controller/environment/path.sh
-- Symlinking: /home/pi/CaveBot-ros/install/nav2_controller/share/nav2_controller/environment/path.dsv
-- Symlinking: /home/pi/CaveBot-ros/install/nav2_controller/share/nav2_controller/local_setup.bash
-- Symlinking: /home/pi/CaveBot-ros/install/nav2_controller/share/nav2_controller/local_setup.sh
-- Symlinking: /home/pi/CaveBot-ros/install/nav2_controller/share/nav2_controller/local_setup.zsh
-- Symlinking: /home/pi/CaveBot-ros/install/nav2_controller/share/nav2_controller/local_setup.dsv
-- Symlinking: /home/pi/CaveBot-ros/install/nav2_controller/share/nav2_controller/package.dsv
-- Symlinking: /home/pi/CaveBot-ros/install/nav2_controller/share/ament_index/resource_index/packages/nav2_controller
-- Symlinking: /home/pi/CaveBot-ros/install/nav2_controller/share/ament_index/resource_index/nav2_core__pluginlib__plugin/nav2_controller
-- Symlinking: /home/pi/CaveBot-ros/install/nav2_controller/share/ament_index/resource_index/rclcpp_components/nav2_controller
-- Symlinking: /home/pi/CaveBot-ros/install/nav2_controller/share/nav2_controller/cmake/ament_cmake_export_include_directories-extras.cmake
-- Symlinking: /home/pi/CaveBot-ros/install/nav2_controller/share/nav2_controller/cmake/ament_cmake_export_libraries-extras.cmake
-- Symlinking: /home/pi/CaveBot-ros/install/nav2_controller/share/nav2_controller/cmake/ament_cmake_export_dependencies-extras.cmake
-- Symlinking: /home/pi/CaveBot-ros/install/nav2_controller/share/nav2_controller/cmake/nav2_controllerConfig.cmake
-- Symlinking: /home/pi/CaveBot-ros/install/nav2_controller/share/nav2_controller/cmake/nav2_controllerConfig-version.cmake
-- Symlinking: /home/pi/CaveBot-ros/install/nav2_controller/share/nav2_controller/package.xml
