[0.131s] Invoking command in '/home/pi/CaveBot-ros/build/nav2_controller': AMENT_PREFIX_PATH=/home/pi/CaveBot-ros/install/nav2_core:/home/pi/CaveBot-ros/install/nav2_costmap_2d:/home/pi/CaveBot-ros/install/nav_2d_utils:/home/pi/CaveBot-ros/install/nav2_map_server:/home/pi/CaveBot-ros/install/nav2_lifecycle_manager:/home/pi/CaveBot-ros/install/nav2_behavior_tree:/home/pi/CaveBot-ros/install/nav2_util:/home/pi/CaveBot-ros/install/nav2_voxel_grid:/home/pi/CaveBot-ros/install/nav2_msgs:/home/pi/CaveBot-ros/install/nav_2d_msgs:/home/pi/CaveBot-ros/install/nav2_common:${AMENT_PREFIX_PATH} CMAKE_PREFIX_PATH=/home/pi/CaveBot-ros/install/nav2_core:/home/pi/CaveBot-ros/install/nav2_costmap_2d:/home/pi/CaveBot-ros/install/nav_2d_utils:/home/pi/CaveBot-ros/install/nav2_map_server:/home/pi/CaveBot-ros/install/nav2_lifecycle_manager:/home/pi/CaveBot-ros/install/nav2_behavior_tree:/home/pi/CaveBot-ros/install/nav2_util:/home/pi/CaveBot-ros/install/nav2_voxel_grid:/home/pi/CaveBot-ros/install/nav2_msgs:/home/pi/CaveBot-ros/install/nav_2d_msgs:/home/pi/CaveBot-ros/install/nav2_common:/opt/ros/jazzy/opt/gz_math_vendor:/opt/ros/jazzy/opt/gz_utils_vendor:/opt/ros/jazzy/opt/gz_cmake_vendor:/opt/ros/jazzy DEBUGINFOD_URLS=https://debuginfod.ubuntu.com LD_LIBRARY_PATH=/home/pi/CaveBot-ros/install/nav2_costmap_2d/lib:/home/pi/CaveBot-ros/install/nav_2d_utils/lib:/home/pi/CaveBot-ros/install/nav2_map_server/lib:/home/pi/CaveBot-ros/install/nav2_lifecycle_manager/lib:/home/pi/CaveBot-ros/install/nav2_behavior_tree/lib:/home/pi/CaveBot-ros/install/nav2_util/lib:/home/pi/CaveBot-ros/install/nav2_voxel_grid/lib:/home/pi/CaveBot-ros/install/nav2_msgs/lib:/home/pi/CaveBot-ros/install/nav_2d_msgs/lib:${LD_LIBRARY_PATH} PYTHONPATH=/home/pi/CaveBot-ros/install/nav2_msgs/lib/python3.12/site-packages:/home/pi/CaveBot-ros/install/nav_2d_msgs/lib/python3.12/site-packages:/home/pi/CaveBot-ros/install/nav2_common/lib/python3.12/site-packages:${PYTHONPATH} /usr/bin/cmake /home/pi/CaveBot-ros/src/navigation2/nav2_controller -DAMENT_CMAKE_SYMLINK_INSTALL=1 -DCMAKE_INSTALL_PREFIX=/home/pi/CaveBot-ros/install/nav2_controller
[0.383s] -- The C compiler identification is GNU 13.3.0
[0.782s] -- The CXX compiler identification is GNU 13.3.0
[0.857s] -- Detecting C compiler ABI info
[1.296s] -- Detecting C compiler ABI info - done
[1.323s] -- Check for working C compiler: /usr/bin/cc - skipped
[1.327s] -- Detecting C compile features
[1.330s] -- Detecting C compile features - done
[1.372s] -- Detecting CXX compiler ABI info
[1.903s] -- Detecting CXX compiler ABI info - done
[1.956s] -- Check for working CXX compiler: /usr/bin/c++ - skipped
[1.964s] -- Detecting CXX compile features
[1.965s] -- Detecting CXX compile features - done
[1.990s] -- Found ament_cmake: 2.5.4 (/opt/ros/jazzy/share/ament_cmake/cmake)
[2.792s] -- Found Python3: /usr/bin/python3 (found version "3.12.3") found components: Interpreter 
[3.180s] -- Override CMake install command with custom implementation using symlinks instead of copying resources
[3.310s] -- Found nav2_core: 1.3.10 (/home/pi/CaveBot-ros/install/nav2_core/share/nav2_core/cmake)
[3.524s] -- Found rosidl_generator_c: 4.6.6 (/opt/ros/jazzy/share/rosidl_generator_c/cmake)
[3.566s] -- Found rosidl_generator_cpp: 4.6.6 (/opt/ros/jazzy/share/rosidl_generator_cpp/cmake)
[3.607s] -- Using all available rosidl_typesupport_c: rosidl_typesupport_fastrtps_c;rosidl_typesupport_introspection_c
[3.648s] -- Using all available rosidl_typesupport_cpp: rosidl_typesupport_fastrtps_cpp;rosidl_typesupport_introspection_cpp
[3.859s] -- Found rmw_implementation_cmake: 7.3.2 (/opt/ros/jazzy/share/rmw_implementation_cmake/cmake)
[3.872s] -- Found rmw_fastrtps_cpp: 8.4.3 (/opt/ros/jazzy/share/rmw_fastrtps_cpp/cmake)
[4.159s] -- Found OpenSSL: /usr/lib/aarch64-linux-gnu/libcrypto.so (found version "3.0.13")  
[4.230s] -- Found FastRTPS: /opt/ros/jazzy/include (Required is at least version "2.13") 
[4.319s] -- Using RMW implementation 'rmw_fastrtps_cpp' as default
[6.350s] -- Found eigen3_cmake_module: 0.3.0 (/opt/ros/jazzy/share/eigen3_cmake_module/cmake)
[6.357s] -- Found Eigen3: TRUE (found version "3.4.0") 
[6.362s] -- Ensuring Eigen3 include directory is part of orocos-kdl CMake target
[7.050s] -- Found nav2_common: 1.3.10 (/home/pi/CaveBot-ros/install/nav2_common/share/nav2_common/cmake)
[7.067s] -- Found nav_2d_utils: 1.3.10 (/home/pi/CaveBot-ros/install/nav_2d_utils/share/nav_2d_utils/cmake)
[7.181s] -- Setting build type to Release as none was specified.
[8.593s] -- Found ament_lint_auto: 0.17.3 (/opt/ros/jazzy/share/ament_lint_auto/cmake)
[9.116s] -- Found gtest sources under '/opt/ros/jazzy/src/gtest_vendor': C++ tests using 'Google Test' will be built
[9.123s] -- Performing Test CMAKE_HAVE_LIBC_PTHREAD
[9.549s] -- Performing Test CMAKE_HAVE_LIBC_PTHREAD - Success
[9.552s] -- Found Threads: TRUE  
[9.823s] -- Found gtest sources under '/opt/ros/jazzy/src/gtest_vendor': C++ tests using 'Google Test' will be built
[10.068s] -- Added test 'cppcheck' to perform static code analysis on C / C++ code
[10.074s] -- Configured cppcheck include dirs: /home/pi/CaveBot-ros/src/navigation2/nav2_controller/include
[10.078s] -- Configured cppcheck exclude dirs and/or files: 
[10.084s] -- Added test 'cpplint' to check C / C++ code against the Google style
[10.084s] -- Configured cpplint exclude dirs and/or files: 
[10.085s] -- Added test 'lint_cmake' to check CMake code style
[10.090s] -- Added test 'uncrustify' to check C / C++ code style
[10.090s] -- Configured uncrustify additional arguments: 
[10.094s] -- Added test 'xmllint' to check XML markup files
[10.106s] -- Configuring done (9.9s)
[12.195s] -- Generating done (1.9s)
[12.426s] -- Build files have been written to: /home/pi/CaveBot-ros/build/nav2_controller
[12.527s] Invoked command in '/home/pi/CaveBot-ros/build/nav2_controller' returned '0': AMENT_PREFIX_PATH=/home/pi/CaveBot-ros/install/nav2_core:/home/pi/CaveBot-ros/install/nav2_costmap_2d:/home/pi/CaveBot-ros/install/nav_2d_utils:/home/pi/CaveBot-ros/install/nav2_map_server:/home/pi/CaveBot-ros/install/nav2_lifecycle_manager:/home/pi/CaveBot-ros/install/nav2_behavior_tree:/home/pi/CaveBot-ros/install/nav2_util:/home/pi/CaveBot-ros/install/nav2_voxel_grid:/home/pi/CaveBot-ros/install/nav2_msgs:/home/pi/CaveBot-ros/install/nav_2d_msgs:/home/pi/CaveBot-ros/install/nav2_common:${AMENT_PREFIX_PATH} CMAKE_PREFIX_PATH=/home/pi/CaveBot-ros/install/nav2_core:/home/pi/CaveBot-ros/install/nav2_costmap_2d:/home/pi/CaveBot-ros/install/nav_2d_utils:/home/pi/CaveBot-ros/install/nav2_map_server:/home/pi/CaveBot-ros/install/nav2_lifecycle_manager:/home/pi/CaveBot-ros/install/nav2_behavior_tree:/home/pi/CaveBot-ros/install/nav2_util:/home/pi/CaveBot-ros/install/nav2_voxel_grid:/home/pi/CaveBot-ros/install/nav2_msgs:/home/pi/CaveBot-ros/install/nav_2d_msgs:/home/pi/CaveBot-ros/install/nav2_common:/opt/ros/jazzy/opt/gz_math_vendor:/opt/ros/jazzy/opt/gz_utils_vendor:/opt/ros/jazzy/opt/gz_cmake_vendor:/opt/ros/jazzy DEBUGINFOD_URLS=https://debuginfod.ubuntu.com LD_LIBRARY_PATH=/home/pi/CaveBot-ros/install/nav2_costmap_2d/lib:/home/pi/CaveBot-ros/install/nav_2d_utils/lib:/home/pi/CaveBot-ros/install/nav2_map_server/lib:/home/pi/CaveBot-ros/install/nav2_lifecycle_manager/lib:/home/pi/CaveBot-ros/install/nav2_behavior_tree/lib:/home/pi/CaveBot-ros/install/nav2_util/lib:/home/pi/CaveBot-ros/install/nav2_voxel_grid/lib:/home/pi/CaveBot-ros/install/nav2_msgs/lib:/home/pi/CaveBot-ros/install/nav_2d_msgs/lib:${LD_LIBRARY_PATH} PYTHONPATH=/home/pi/CaveBot-ros/install/nav2_msgs/lib/python3.12/site-packages:/home/pi/CaveBot-ros/install/nav_2d_msgs/lib/python3.12/site-packages:/home/pi/CaveBot-ros/install/nav2_common/lib/python3.12/site-packages:${PYTHONPATH} /usr/bin/cmake /home/pi/CaveBot-ros/src/navigation2/nav2_controller -DAMENT_CMAKE_SYMLINK_INSTALL=1 -DCMAKE_INSTALL_PREFIX=/home/pi/CaveBot-ros/install/nav2_controller
[12.531s] Invoking command in '/home/pi/CaveBot-ros/build/nav2_controller': AMENT_PREFIX_PATH=/home/pi/CaveBot-ros/install/nav2_core:/home/pi/CaveBot-ros/install/nav2_costmap_2d:/home/pi/CaveBot-ros/install/nav_2d_utils:/home/pi/CaveBot-ros/install/nav2_map_server:/home/pi/CaveBot-ros/install/nav2_lifecycle_manager:/home/pi/CaveBot-ros/install/nav2_behavior_tree:/home/pi/CaveBot-ros/install/nav2_util:/home/pi/CaveBot-ros/install/nav2_voxel_grid:/home/pi/CaveBot-ros/install/nav2_msgs:/home/pi/CaveBot-ros/install/nav_2d_msgs:/home/pi/CaveBot-ros/install/nav2_common:${AMENT_PREFIX_PATH} CMAKE_PREFIX_PATH=/home/pi/CaveBot-ros/install/nav2_core:/home/pi/CaveBot-ros/install/nav2_costmap_2d:/home/pi/CaveBot-ros/install/nav_2d_utils:/home/pi/CaveBot-ros/install/nav2_map_server:/home/pi/CaveBot-ros/install/nav2_lifecycle_manager:/home/pi/CaveBot-ros/install/nav2_behavior_tree:/home/pi/CaveBot-ros/install/nav2_util:/home/pi/CaveBot-ros/install/nav2_voxel_grid:/home/pi/CaveBot-ros/install/nav2_msgs:/home/pi/CaveBot-ros/install/nav_2d_msgs:/home/pi/CaveBot-ros/install/nav2_common:/opt/ros/jazzy/opt/gz_math_vendor:/opt/ros/jazzy/opt/gz_utils_vendor:/opt/ros/jazzy/opt/gz_cmake_vendor:/opt/ros/jazzy DEBUGINFOD_URLS=https://debuginfod.ubuntu.com LD_LIBRARY_PATH=/home/pi/CaveBot-ros/install/nav2_costmap_2d/lib:/home/pi/CaveBot-ros/install/nav_2d_utils/lib:/home/pi/CaveBot-ros/install/nav2_map_server/lib:/home/pi/CaveBot-ros/install/nav2_lifecycle_manager/lib:/home/pi/CaveBot-ros/install/nav2_behavior_tree/lib:/home/pi/CaveBot-ros/install/nav2_util/lib:/home/pi/CaveBot-ros/install/nav2_voxel_grid/lib:/home/pi/CaveBot-ros/install/nav2_msgs/lib:/home/pi/CaveBot-ros/install/nav_2d_msgs/lib:${LD_LIBRARY_PATH} PYTHONPATH=/home/pi/CaveBot-ros/install/nav2_msgs/lib/python3.12/site-packages:/home/pi/CaveBot-ros/install/nav_2d_msgs/lib/python3.12/site-packages:/home/pi/CaveBot-ros/install/nav2_common/lib/python3.12/site-packages:${PYTHONPATH} /usr/bin/cmake --build /home/pi/CaveBot-ros/build/nav2_controller -- -j4 -l4
[12.862s] [  4%] Building CXX object CMakeFiles/controller_server_core.dir/src/controller_server.cpp.o
[114.175s] [  8%] Linking CXX shared library libcontroller_server_core.so
[117.035s] [  8%] Built target controller_server_core
[117.102s] [ 12%] Building CXX object gtest/CMakeFiles/gtest_main.dir/src/gtest_main.cc.o
[119.913s] [ 16%] Linking CXX static library libgtest_main.a
[120.022s] [ 16%] Built target gtest_main
[120.094s] [ 20%] Building CXX object gtest/CMakeFiles/gtest.dir/src/gtest-all.cc.o
[146.884s] [ 25%] Linking CXX static library libgtest.a
[147.056s] [ 25%] Built target gtest
[147.135s] [ 29%] Building CXX object CMakeFiles/controller_server.dir/src/main.cpp.o
[172.312s] [ 33%] Linking CXX executable controller_server
[174.716s] [ 33%] Built target controller_server
[174.795s] [ 37%] Building CXX object test/CMakeFiles/test_dynamic_parameters.dir/test_dynamic_parameters.cpp.o
[203.838s] [ 41%] Linking CXX executable test_dynamic_parameters
[206.807s] [ 41%] Built target test_dynamic_parameters
[206.856s] [ 45%] Building CXX object CMakeFiles/simple_goal_checker.dir/plugins/simple_goal_checker.cpp.o
[223.591s] [ 50%] Linking CXX shared library libsimple_goal_checker.so
[224.653s] [ 50%] Built target simple_goal_checker
[224.728s] [ 54%] Building CXX object CMakeFiles/simple_progress_checker.dir/plugins/simple_progress_checker.cpp.o
[235.822s] [ 58%] Linking CXX shared library libsimple_progress_checker.so
[236.861s] [ 58%] Built target simple_progress_checker
[236.921s] [ 62%] Building CXX object CMakeFiles/position_goal_checker.dir/plugins/position_goal_checker.cpp.o
[253.629s] [ 66%] Linking CXX shared library libposition_goal_checker.so
[254.717s] [ 66%] Built target position_goal_checker
[254.781s] [ 70%] Building CXX object CMakeFiles/pose_progress_checker.dir/plugins/pose_progress_checker.cpp.o
[268.243s] [ 75%] Linking CXX shared library libpose_progress_checker.so
[269.643s] [ 75%] Built target pose_progress_checker
[269.701s] [ 79%] Building CXX object CMakeFiles/stopped_goal_checker.dir/plugins/stopped_goal_checker.cpp.o
[286.695s] [ 83%] Linking CXX shared library libstopped_goal_checker.so
[287.727s] [ 83%] Built target stopped_goal_checker
[287.789s] [ 87%] Building CXX object plugins/test/CMakeFiles/pctest.dir/progress_checker.cpp.o
[305.505s] [ 91%] Linking CXX executable pctest
[306.859s] [ 91%] Built target pctest
[306.924s] [ 95%] Building CXX object plugins/test/CMakeFiles/gctest.dir/goal_checker.cpp.o
[329.744s] [100%] Linking CXX executable gctest
[331.810s] [100%] Built target gctest
[331.860s] Invoked command in '/home/pi/CaveBot-ros/build/nav2_controller' returned '0': AMENT_PREFIX_PATH=/home/pi/CaveBot-ros/install/nav2_core:/home/pi/CaveBot-ros/install/nav2_costmap_2d:/home/pi/CaveBot-ros/install/nav_2d_utils:/home/pi/CaveBot-ros/install/nav2_map_server:/home/pi/CaveBot-ros/install/nav2_lifecycle_manager:/home/pi/CaveBot-ros/install/nav2_behavior_tree:/home/pi/CaveBot-ros/install/nav2_util:/home/pi/CaveBot-ros/install/nav2_voxel_grid:/home/pi/CaveBot-ros/install/nav2_msgs:/home/pi/CaveBot-ros/install/nav_2d_msgs:/home/pi/CaveBot-ros/install/nav2_common:${AMENT_PREFIX_PATH} CMAKE_PREFIX_PATH=/home/pi/CaveBot-ros/install/nav2_core:/home/pi/CaveBot-ros/install/nav2_costmap_2d:/home/pi/CaveBot-ros/install/nav_2d_utils:/home/pi/CaveBot-ros/install/nav2_map_server:/home/pi/CaveBot-ros/install/nav2_lifecycle_manager:/home/pi/CaveBot-ros/install/nav2_behavior_tree:/home/pi/CaveBot-ros/install/nav2_util:/home/pi/CaveBot-ros/install/nav2_voxel_grid:/home/pi/CaveBot-ros/install/nav2_msgs:/home/pi/CaveBot-ros/install/nav_2d_msgs:/home/pi/CaveBot-ros/install/nav2_common:/opt/ros/jazzy/opt/gz_math_vendor:/opt/ros/jazzy/opt/gz_utils_vendor:/opt/ros/jazzy/opt/gz_cmake_vendor:/opt/ros/jazzy DEBUGINFOD_URLS=https://debuginfod.ubuntu.com LD_LIBRARY_PATH=/home/pi/CaveBot-ros/install/nav2_costmap_2d/lib:/home/pi/CaveBot-ros/install/nav_2d_utils/lib:/home/pi/CaveBot-ros/install/nav2_map_server/lib:/home/pi/CaveBot-ros/install/nav2_lifecycle_manager/lib:/home/pi/CaveBot-ros/install/nav2_behavior_tree/lib:/home/pi/CaveBot-ros/install/nav2_util/lib:/home/pi/CaveBot-ros/install/nav2_voxel_grid/lib:/home/pi/CaveBot-ros/install/nav2_msgs/lib:/home/pi/CaveBot-ros/install/nav_2d_msgs/lib:${LD_LIBRARY_PATH} PYTHONPATH=/home/pi/CaveBot-ros/install/nav2_msgs/lib/python3.12/site-packages:/home/pi/CaveBot-ros/install/nav_2d_msgs/lib/python3.12/site-packages:/home/pi/CaveBot-ros/install/nav2_common/lib/python3.12/site-packages:${PYTHONPATH} /usr/bin/cmake --build /home/pi/CaveBot-ros/build/nav2_controller -- -j4 -l4
[331.864s] Invoking command in '/home/pi/CaveBot-ros/build/nav2_controller': AMENT_PREFIX_PATH=/home/pi/CaveBot-ros/install/nav2_core:/home/pi/CaveBot-ros/install/nav2_costmap_2d:/home/pi/CaveBot-ros/install/nav_2d_utils:/home/pi/CaveBot-ros/install/nav2_map_server:/home/pi/CaveBot-ros/install/nav2_lifecycle_manager:/home/pi/CaveBot-ros/install/nav2_behavior_tree:/home/pi/CaveBot-ros/install/nav2_util:/home/pi/CaveBot-ros/install/nav2_voxel_grid:/home/pi/CaveBot-ros/install/nav2_msgs:/home/pi/CaveBot-ros/install/nav_2d_msgs:/home/pi/CaveBot-ros/install/nav2_common:${AMENT_PREFIX_PATH} CMAKE_PREFIX_PATH=/home/pi/CaveBot-ros/install/nav2_core:/home/pi/CaveBot-ros/install/nav2_costmap_2d:/home/pi/CaveBot-ros/install/nav_2d_utils:/home/pi/CaveBot-ros/install/nav2_map_server:/home/pi/CaveBot-ros/install/nav2_lifecycle_manager:/home/pi/CaveBot-ros/install/nav2_behavior_tree:/home/pi/CaveBot-ros/install/nav2_util:/home/pi/CaveBot-ros/install/nav2_voxel_grid:/home/pi/CaveBot-ros/install/nav2_msgs:/home/pi/CaveBot-ros/install/nav_2d_msgs:/home/pi/CaveBot-ros/install/nav2_common:/opt/ros/jazzy/opt/gz_math_vendor:/opt/ros/jazzy/opt/gz_utils_vendor:/opt/ros/jazzy/opt/gz_cmake_vendor:/opt/ros/jazzy DEBUGINFOD_URLS=https://debuginfod.ubuntu.com LD_LIBRARY_PATH=/home/pi/CaveBot-ros/install/nav2_costmap_2d/lib:/home/pi/CaveBot-ros/install/nav_2d_utils/lib:/home/pi/CaveBot-ros/install/nav2_map_server/lib:/home/pi/CaveBot-ros/install/nav2_lifecycle_manager/lib:/home/pi/CaveBot-ros/install/nav2_behavior_tree/lib:/home/pi/CaveBot-ros/install/nav2_util/lib:/home/pi/CaveBot-ros/install/nav2_voxel_grid/lib:/home/pi/CaveBot-ros/install/nav2_msgs/lib:/home/pi/CaveBot-ros/install/nav_2d_msgs/lib:${LD_LIBRARY_PATH} PYTHONPATH=/home/pi/CaveBot-ros/install/nav2_msgs/lib/python3.12/site-packages:/home/pi/CaveBot-ros/install/nav_2d_msgs/lib/python3.12/site-packages:/home/pi/CaveBot-ros/install/nav2_common/lib/python3.12/site-packages:${PYTHONPATH} /usr/bin/cmake --install /home/pi/CaveBot-ros/build/nav2_controller
[331.894s] -- Install configuration: "Release"
[331.895s] -- Execute custom install script
[331.899s] -- Symlinking: /home/pi/CaveBot-ros/install/nav2_controller/lib/libsimple_progress_checker.so
[331.931s] -- Symlinking: /home/pi/CaveBot-ros/install/nav2_controller/lib/libposition_goal_checker.so
[331.966s] -- Symlinking: /home/pi/CaveBot-ros/install/nav2_controller/lib/libpose_progress_checker.so
[332.002s] -- Symlinking: /home/pi/CaveBot-ros/install/nav2_controller/lib/libsimple_goal_checker.so
[332.026s] -- Symlinking: /home/pi/CaveBot-ros/install/nav2_controller/lib/libstopped_goal_checker.so
[332.051s] -- Symlinking: /home/pi/CaveBot-ros/install/nav2_controller/lib/libcontroller_server_core.so
[332.079s] -- Symlinking: /home/pi/CaveBot-ros/install/nav2_controller/lib/nav2_controller/controller_server
[332.110s] -- Symlinking: /home/pi/CaveBot-ros/install/nav2_controller/include//nav2_controller/controller_server.hpp
[332.141s] -- Symlinking: /home/pi/CaveBot-ros/install/nav2_controller/include//nav2_controller/plugins/pose_progress_checker.hpp
[332.177s] -- Symlinking: /home/pi/CaveBot-ros/install/nav2_controller/include//nav2_controller/plugins/position_goal_checker.hpp
[332.211s] -- Symlinking: /home/pi/CaveBot-ros/install/nav2_controller/include//nav2_controller/plugins/simple_goal_checker.hpp
[332.245s] -- Symlinking: /home/pi/CaveBot-ros/install/nav2_controller/include//nav2_controller/plugins/simple_progress_checker.hpp
[332.277s] -- Symlinking: /home/pi/CaveBot-ros/install/nav2_controller/include//nav2_controller/plugins/stopped_goal_checker.hpp
[332.314s] -- Symlinking: /home/pi/CaveBot-ros/install/nav2_controller/share/nav2_controller/environment/library_path.sh
[332.353s] -- Symlinking: /home/pi/CaveBot-ros/install/nav2_controller/share/nav2_controller/environment/library_path.dsv
[332.385s] -- Symlinking: /home/pi/CaveBot-ros/install/nav2_controller/share/nav2_controller//plugins.xml
[332.438s] -- Symlinking: /home/pi/CaveBot-ros/install/nav2_controller/share/ament_index/resource_index/package_run_dependencies/nav2_controller
[332.465s] -- Symlinking: /home/pi/CaveBot-ros/install/nav2_controller/share/ament_index/resource_index/parent_prefix_path/nav2_controller
[332.495s] -- Symlinking: /home/pi/CaveBot-ros/install/nav2_controller/share/nav2_controller/environment/ament_prefix_path.sh
[332.530s] -- Symlinking: /home/pi/CaveBot-ros/install/nav2_controller/share/nav2_controller/environment/ament_prefix_path.dsv
[332.562s] -- Symlinking: /home/pi/CaveBot-ros/install/nav2_controller/share/nav2_controller/environment/path.sh
[332.599s] -- Symlinking: /home/pi/CaveBot-ros/install/nav2_controller/share/nav2_controller/environment/path.dsv
[332.633s] -- Symlinking: /home/pi/CaveBot-ros/install/nav2_controller/share/nav2_controller/local_setup.bash
[332.671s] -- Symlinking: /home/pi/CaveBot-ros/install/nav2_controller/share/nav2_controller/local_setup.sh
[332.705s] -- Symlinking: /home/pi/CaveBot-ros/install/nav2_controller/share/nav2_controller/local_setup.zsh
[332.739s] -- Symlinking: /home/pi/CaveBot-ros/install/nav2_controller/share/nav2_controller/local_setup.dsv
[332.775s] -- Symlinking: /home/pi/CaveBot-ros/install/nav2_controller/share/nav2_controller/package.dsv
[332.810s] -- Symlinking: /home/pi/CaveBot-ros/install/nav2_controller/share/ament_index/resource_index/packages/nav2_controller
[332.843s] -- Symlinking: /home/pi/CaveBot-ros/install/nav2_controller/share/ament_index/resource_index/nav2_core__pluginlib__plugin/nav2_controller
[332.878s] -- Symlinking: /home/pi/CaveBot-ros/install/nav2_controller/share/ament_index/resource_index/rclcpp_components/nav2_controller
[332.913s] -- Symlinking: /home/pi/CaveBot-ros/install/nav2_controller/share/nav2_controller/cmake/ament_cmake_export_include_directories-extras.cmake
[332.948s] -- Symlinking: /home/pi/CaveBot-ros/install/nav2_controller/share/nav2_controller/cmake/ament_cmake_export_libraries-extras.cmake
[332.984s] -- Symlinking: /home/pi/CaveBot-ros/install/nav2_controller/share/nav2_controller/cmake/ament_cmake_export_dependencies-extras.cmake
[333.016s] -- Symlinking: /home/pi/CaveBot-ros/install/nav2_controller/share/nav2_controller/cmake/nav2_controllerConfig.cmake
[333.052s] -- Symlinking: /home/pi/CaveBot-ros/install/nav2_controller/share/nav2_controller/cmake/nav2_controllerConfig-version.cmake
[333.088s] -- Symlinking: /home/pi/CaveBot-ros/install/nav2_controller/share/nav2_controller/package.xml
[333.130s] Invoked command in '/home/pi/CaveBot-ros/build/nav2_controller' returned '0': AMENT_PREFIX_PATH=/home/pi/CaveBot-ros/install/nav2_core:/home/pi/CaveBot-ros/install/nav2_costmap_2d:/home/pi/CaveBot-ros/install/nav_2d_utils:/home/pi/CaveBot-ros/install/nav2_map_server:/home/pi/CaveBot-ros/install/nav2_lifecycle_manager:/home/pi/CaveBot-ros/install/nav2_behavior_tree:/home/pi/CaveBot-ros/install/nav2_util:/home/pi/CaveBot-ros/install/nav2_voxel_grid:/home/pi/CaveBot-ros/install/nav2_msgs:/home/pi/CaveBot-ros/install/nav_2d_msgs:/home/pi/CaveBot-ros/install/nav2_common:${AMENT_PREFIX_PATH} CMAKE_PREFIX_PATH=/home/pi/CaveBot-ros/install/nav2_core:/home/pi/CaveBot-ros/install/nav2_costmap_2d:/home/pi/CaveBot-ros/install/nav_2d_utils:/home/pi/CaveBot-ros/install/nav2_map_server:/home/pi/CaveBot-ros/install/nav2_lifecycle_manager:/home/pi/CaveBot-ros/install/nav2_behavior_tree:/home/pi/CaveBot-ros/install/nav2_util:/home/pi/CaveBot-ros/install/nav2_voxel_grid:/home/pi/CaveBot-ros/install/nav2_msgs:/home/pi/CaveBot-ros/install/nav_2d_msgs:/home/pi/CaveBot-ros/install/nav2_common:/opt/ros/jazzy/opt/gz_math_vendor:/opt/ros/jazzy/opt/gz_utils_vendor:/opt/ros/jazzy/opt/gz_cmake_vendor:/opt/ros/jazzy DEBUGINFOD_URLS=https://debuginfod.ubuntu.com LD_LIBRARY_PATH=/home/pi/CaveBot-ros/install/nav2_costmap_2d/lib:/home/pi/CaveBot-ros/install/nav_2d_utils/lib:/home/pi/CaveBot-ros/install/nav2_map_server/lib:/home/pi/CaveBot-ros/install/nav2_lifecycle_manager/lib:/home/pi/CaveBot-ros/install/nav2_behavior_tree/lib:/home/pi/CaveBot-ros/install/nav2_util/lib:/home/pi/CaveBot-ros/install/nav2_voxel_grid/lib:/home/pi/CaveBot-ros/install/nav2_msgs/lib:/home/pi/CaveBot-ros/install/nav_2d_msgs/lib:${LD_LIBRARY_PATH} PYTHONPATH=/home/pi/CaveBot-ros/install/nav2_msgs/lib/python3.12/site-packages:/home/pi/CaveBot-ros/install/nav_2d_msgs/lib/python3.12/site-packages:/home/pi/CaveBot-ros/install/nav2_common/lib/python3.12/site-packages:${PYTHONPATH} /usr/bin/cmake --install /home/pi/CaveBot-ros/build/nav2_controller
