running egg_info
creating ../../build/cave_depth/cave_depth.egg-info
writing ../../build/cave_depth/cave_depth.egg-info/PKG-INFO
writing dependency_links to ../../build/cave_depth/cave_depth.egg-info/dependency_links.txt
writing entry points to ../../build/cave_depth/cave_depth.egg-info/entry_points.txt
writing requirements to ../../build/cave_depth/cave_depth.egg-info/requires.txt
writing top-level names to ../../build/cave_depth/cave_depth.egg-info/top_level.txt
writing manifest file '../../build/cave_depth/cave_depth.egg-info/SOURCES.txt'
reading manifest file '../../build/cave_depth/cave_depth.egg-info/SOURCES.txt'
writing manifest file '../../build/cave_depth/cave_depth.egg-info/SOURCES.txt'
running build
running build_py
creating /home/pi/CaveBot-ros/build/cave_depth/build
creating /home/pi/CaveBot-ros/build/cave_depth/build/lib
creating /home/pi/CaveBot-ros/build/cave_depth/build/lib/cave_depth
copying cave_depth/hitnet_depth_node.py -> /home/pi/CaveBot-ros/build/cave_depth/build/lib/cave_depth
copying cave_depth/__init__.py -> /home/pi/CaveBot-ros/build/cave_depth/build/lib/cave_depth
running install
running install_lib
creating /home/pi/CaveBot-ros/install/cave_depth/lib/python3.12/site-packages/cave_depth
copying /home/pi/CaveBot-ros/build/cave_depth/build/lib/cave_depth/hitnet_depth_node.py -> /home/pi/CaveBot-ros/install/cave_depth/lib/python3.12/site-packages/cave_depth
copying /home/pi/CaveBot-ros/build/cave_depth/build/lib/cave_depth/__init__.py -> /home/pi/CaveBot-ros/install/cave_depth/lib/python3.12/site-packages/cave_depth
byte-compiling /home/pi/CaveBot-ros/install/cave_depth/lib/python3.12/site-packages/cave_depth/hitnet_depth_node.py to hitnet_depth_node.cpython-312.pyc
byte-compiling /home/pi/CaveBot-ros/install/cave_depth/lib/python3.12/site-packages/cave_depth/__init__.py to __init__.cpython-312.pyc
running install_data
creating /home/pi/CaveBot-ros/install/cave_depth/share/ament_index
creating /home/pi/CaveBot-ros/install/cave_depth/share/ament_index/resource_index
creating /home/pi/CaveBot-ros/install/cave_depth/share/ament_index/resource_index/packages
copying resource/cave_depth -> /home/pi/CaveBot-ros/install/cave_depth/share/ament_index/resource_index/packages
copying package.xml -> /home/pi/CaveBot-ros/install/cave_depth/share/cave_depth
creating /home/pi/CaveBot-ros/install/cave_depth/share/cave_depth/launch
copying launch/dualcam.launch.py -> /home/pi/CaveBot-ros/install/cave_depth/share/cave_depth/launch
running install_egg_info
Copying ../../build/cave_depth/cave_depth.egg-info to /home/pi/CaveBot-ros/install/cave_depth/lib/python3.12/site-packages/cave_depth-0.0.1-py3.12.egg-info
running install_scripts
Installing hitnet_depth_node script to /home/pi/CaveBot-ros/install/cave_depth/lib/cave_depth
writing list of installed files to '/home/pi/CaveBot-ros/build/cave_depth/install.log'
