In file included from /usr/include/xsimd/xsimd.hpp:55,
                 from /usr/include/xtensor/xtensor_config.hpp:61,
                 from /usr/include/xtensor/xexception.hpp:24,
                 from /usr/include/xtensor/xstorage.hpp:21,
                 from /usr/include/xtensor/xbuffer_adaptor.hpp:21,
                 from /usr/include/xtensor/xtensor.hpp:19,
                 from /home/pi/CaveBot-ros/src/navigation2/nav2_mppi_controller/include/nav2_mppi_controller/optimizer.hpp:25,
                 from /home/pi/CaveBot-ros/src/navigation2/nav2_mppi_controller/include/nav2_mppi_controller/controller.hpp:22,
                 from /home/pi/CaveBot-ros/src/navigation2/nav2_mppi_controller/src/controller.cpp:17:
/usr/include/xsimd/arch/xsimd_scalar.hpp: In function ‘std::pair<float, float> xsimd::sincos(float)’:
/usr/include/xsimd/arch/xsimd_scalar.hpp:1075:54: note: parameter passing for argument of type ‘std::pair<float, float>’ when C++17 is enabled changed to match C++14 in GCC 10.1
 1075 |     inline std::pair<float, float> sincos(float val) noexcept
      |                                                      ^~~~~~~~
/usr/include/xsimd/arch/xsimd_scalar.hpp: In function ‘std::pair<double, double> xsimd::sincos(double)’:
/usr/include/xsimd/arch/xsimd_scalar.hpp:1082:57: note: parameter passing for argument of type ‘std::pair<double, double>’ when C++17 is enabled changed to match C++14 in GCC 10.1
 1082 |     inline std::pair<double, double> sincos(double val) noexcept
      |                                                         ^~~~~~~~
In file included from /usr/include/xsimd/xsimd.hpp:55,
                 from /usr/include/xtensor/xtensor_config.hpp:61,
                 from /usr/include/xtensor/xexception.hpp:24,
                 from /usr/include/xtensor/xstorage.hpp:21,
                 from /usr/include/xtensor/xbuffer_adaptor.hpp:21,
                 from /usr/include/xtensor/xtensor.hpp:19,
                 from /home/pi/CaveBot-ros/src/navigation2/nav2_mppi_controller/include/nav2_mppi_controller/optimizer.hpp:25,
                 from /home/pi/CaveBot-ros/src/navigation2/nav2_mppi_controller/src/optimizer.cpp:15:
/usr/include/xsimd/arch/xsimd_scalar.hpp: In function ‘std::pair<float, float> xsimd::sincos(float)’:
/usr/include/xsimd/arch/xsimd_scalar.hpp:1075:54: note: parameter passing for argument of type ‘std::pair<float, float>’ when C++17 is enabled changed to match C++14 in GCC 10.1
 1075 |     inline std::pair<float, float> sincos(float val) noexcept
      |                                                      ^~~~~~~~
/usr/include/xsimd/arch/xsimd_scalar.hpp: In function ‘std::pair<double, double> xsimd::sincos(double)’:
/usr/include/xsimd/arch/xsimd_scalar.hpp:1082:57: note: parameter passing for argument of type ‘std::pair<double, double>’ when C++17 is enabled changed to match C++14 in GCC 10.1
 1082 |     inline std::pair<double, double> sincos(double val) noexcept
      |                                                         ^~~~~~~~
In file included from /usr/include/xsimd/xsimd.hpp:55,
                 from /usr/include/xtensor/xtensor_config.hpp:61,
                 from /usr/include/xtensor/xexception.hpp:24,
                 from /usr/include/xtensor/xstorage.hpp:21,
                 from /usr/include/xtensor/xbuffer_adaptor.hpp:21,
                 from /usr/include/xtensor/xtensor.hpp:19,
                 from /home/pi/CaveBot-ros/src/navigation2/nav2_mppi_controller/include/nav2_mppi_controller/critic_manager.hpp:27,
                 from /home/pi/CaveBot-ros/src/navigation2/nav2_mppi_controller/src/critic_manager.cpp:15:
/usr/include/xsimd/arch/xsimd_scalar.hpp: In function ‘std::pair<float, float> xsimd::sincos(float)’:
/usr/include/xsimd/arch/xsimd_scalar.hpp:1075:54: note: parameter passing for argument of type ‘std::pair<float, float>’ when C++17 is enabled changed to match C++14 in GCC 10.1
 1075 |     inline std::pair<float, float> sincos(float val) noexcept
      |                                                      ^~~~~~~~
/usr/include/xsimd/arch/xsimd_scalar.hpp: In function ‘std::pair<double, double> xsimd::sincos(double)’:
/usr/include/xsimd/arch/xsimd_scalar.hpp:1082:57: note: parameter passing for argument of type ‘std::pair<double, double>’ when C++17 is enabled changed to match C++14 in GCC 10.1
 1082 |     inline std::pair<double, double> sincos(double val) noexcept
      |                                                         ^~~~~~~~
In file included from /usr/include/xsimd/xsimd.hpp:55,
                 from /usr/include/xtensor/xtensor_config.hpp:61,
                 from /usr/include/xtensor/xexception.hpp:24,
                 from /usr/include/xtensor/xstorage.hpp:21,
                 from /usr/include/xtensor/xbuffer_adaptor.hpp:21,
                 from /usr/include/xtensor/xtensor.hpp:19,
                 from /home/pi/CaveBot-ros/src/navigation2/nav2_mppi_controller/include/nav2_mppi_controller/tools/trajectory_visualizer.hpp:25,
                 from /home/pi/CaveBot-ros/src/navigation2/nav2_mppi_controller/src/trajectory_visualizer.cpp:16:
/usr/include/xsimd/arch/xsimd_scalar.hpp: In function ‘std::pair<float, float> xsimd::sincos(float)’:
/usr/include/xsimd/arch/xsimd_scalar.hpp:1075:54: note: parameter passing for argument of type ‘std::pair<float, float>’ when C++17 is enabled changed to match C++14 in GCC 10.1
 1075 |     inline std::pair<float, float> sincos(float val) noexcept
      |                                                      ^~~~~~~~
/usr/include/xsimd/arch/xsimd_scalar.hpp: In function ‘std::pair<double, double> xsimd::sincos(double)’:
/usr/include/xsimd/arch/xsimd_scalar.hpp:1082:57: note: parameter passing for argument of type ‘std::pair<double, double>’ when C++17 is enabled changed to match C++14 in GCC 10.1
 1082 |     inline std::pair<double, double> sincos(double val) noexcept
      |                                                         ^~~~~~~~
In file included from /usr/include/xsimd/xsimd.hpp:55,
                 from /usr/include/xtensor/xtensor_config.hpp:61,
                 from /usr/include/xtensor/xexception.hpp:24,
                 from /usr/include/xtensor/xstorage.hpp:21,
                 from /usr/include/xtensor/xbuffer_adaptor.hpp:21,
                 from /usr/include/xtensor/xarray.hpp:19,
                 from /home/pi/CaveBot-ros/src/navigation2/nav2_mppi_controller/include/nav2_mppi_controller/tools/utils.hpp:31,
                 from /home/pi/CaveBot-ros/src/navigation2/nav2_mppi_controller/src/path_handler.cpp:18:
/usr/include/xsimd/arch/xsimd_scalar.hpp: In function ‘std::pair<float, float> xsimd::sincos(float)’:
/usr/include/xsimd/arch/xsimd_scalar.hpp:1075:54: note: parameter passing for argument of type ‘std::pair<float, float>’ when C++17 is enabled changed to match C++14 in GCC 10.1
 1075 |     inline std::pair<float, float> sincos(float val) noexcept
      |                                                      ^~~~~~~~
/usr/include/xsimd/arch/xsimd_scalar.hpp: In function ‘std::pair<double, double> xsimd::sincos(double)’:
/usr/include/xsimd/arch/xsimd_scalar.hpp:1082:57: note: parameter passing for argument of type ‘std::pair<double, double>’ when C++17 is enabled changed to match C++14 in GCC 10.1
 1082 |     inline std::pair<double, double> sincos(double val) noexcept
      |                                                         ^~~~~~~~
In file included from /usr/include/xsimd/xsimd.hpp:55,
                 from /usr/include/xtensor/xtensor_config.hpp:61,
                 from /usr/include/xtensor/xexception.hpp:24,
                 from /usr/include/xtensor/xstorage.hpp:21,
                 from /usr/include/xtensor/xbuffer_adaptor.hpp:21,
                 from /usr/include/xtensor/xtensor.hpp:19,
                 from /home/pi/CaveBot-ros/src/navigation2/nav2_mppi_controller/include/nav2_mppi_controller/tools/noise_generator.hpp:28,
                 from /home/pi/CaveBot-ros/src/navigation2/nav2_mppi_controller/src/noise_generator.cpp:15:
/usr/include/xsimd/arch/xsimd_scalar.hpp: In function ‘std::pair<float, float> xsimd::sincos(float)’:
/usr/include/xsimd/arch/xsimd_scalar.hpp:1075:54: note: parameter passing for argument of type ‘std::pair<float, float>’ when C++17 is enabled changed to match C++14 in GCC 10.1
 1075 |     inline std::pair<float, float> sincos(float val) noexcept
      |                                                      ^~~~~~~~
/usr/include/xsimd/arch/xsimd_scalar.hpp: In function ‘std::pair<double, double> xsimd::sincos(double)’:
/usr/include/xsimd/arch/xsimd_scalar.hpp:1082:57: note: parameter passing for argument of type ‘std::pair<double, double>’ when C++17 is enabled changed to match C++14 in GCC 10.1
 1082 |     inline std::pair<double, double> sincos(double val) noexcept
      |                                                         ^~~~~~~~
In file included from /usr/include/xsimd/xsimd.hpp:55,
                 from /usr/include/xtensor/xtensor_config.hpp:61,
                 from /usr/include/xtensor/xexception.hpp:24,
                 from /usr/include/xtensor/xstorage.hpp:21,
                 from /usr/include/xtensor/xbuffer_adaptor.hpp:21,
                 from /usr/include/xtensor/xtensor.hpp:19,
                 from /home/pi/CaveBot-ros/src/navigation2/nav2_mppi_controller/include/nav2_mppi_controller/critic_data.hpp:25,
                 from /home/pi/CaveBot-ros/src/navigation2/nav2_mppi_controller/include/nav2_mppi_controller/critic_function.hpp:25,
                 from /home/pi/CaveBot-ros/src/navigation2/nav2_mppi_controller/include/nav2_mppi_controller/critics/obstacles_critic.hpp:23,
                 from /home/pi/CaveBot-ros/src/navigation2/nav2_mppi_controller/src/critics/obstacles_critic.cpp:17:
/usr/include/xsimd/arch/xsimd_scalar.hpp: In function ‘std::pair<float, float> xsimd::sincos(float)’:
/usr/include/xsimd/arch/xsimd_scalar.hpp:1075:54: note: parameter passing for argument of type ‘std::pair<float, float>’ when C++17 is enabled changed to match C++14 in GCC 10.1
 1075 |     inline std::pair<float, float> sincos(float val) noexcept
      |                                                      ^~~~~~~~
/usr/include/xsimd/arch/xsimd_scalar.hpp: In function ‘std::pair<double, double> xsimd::sincos(double)’:
/usr/include/xsimd/arch/xsimd_scalar.hpp:1082:57: note: parameter passing for argument of type ‘std::pair<double, double>’ when C++17 is enabled changed to match C++14 in GCC 10.1
 1082 |     inline std::pair<double, double> sincos(double val) noexcept
      |                                                         ^~~~~~~~
In file included from /usr/include/xsimd/xsimd.hpp:55,
                 from /usr/include/xtensor/xtensor_config.hpp:61,
                 from /usr/include/xtensor/xexception.hpp:24,
                 from /usr/include/xtensor/xstorage.hpp:21,
                 from /usr/include/xtensor/xbuffer_adaptor.hpp:21,
                 from /usr/include/xtensor/xtensor.hpp:19,
                 from /home/pi/CaveBot-ros/src/navigation2/nav2_mppi_controller/include/nav2_mppi_controller/critic_data.hpp:25,
                 from /home/pi/CaveBot-ros/src/navigation2/nav2_mppi_controller/include/nav2_mppi_controller/critic_function.hpp:25,
                 from /home/pi/CaveBot-ros/src/navigation2/nav2_mppi_controller/include/nav2_mppi_controller/critics/cost_critic.hpp:24,
                 from /home/pi/CaveBot-ros/src/navigation2/nav2_mppi_controller/src/critics/cost_critic.cpp:17:
/usr/include/xsimd/arch/xsimd_scalar.hpp: In function ‘std::pair<float, float> xsimd::sincos(float)’:
/usr/include/xsimd/arch/xsimd_scalar.hpp:1075:54: note: parameter passing for argument of type ‘std::pair<float, float>’ when C++17 is enabled changed to match C++14 in GCC 10.1
 1075 |     inline std::pair<float, float> sincos(float val) noexcept
      |                                                      ^~~~~~~~
/usr/include/xsimd/arch/xsimd_scalar.hpp: In function ‘std::pair<double, double> xsimd::sincos(double)’:
/usr/include/xsimd/arch/xsimd_scalar.hpp:1082:57: note: parameter passing for argument of type ‘std::pair<double, double>’ when C++17 is enabled changed to match C++14 in GCC 10.1
 1082 |     inline std::pair<double, double> sincos(double val) noexcept
      |                                                         ^~~~~~~~
In file included from /usr/include/xsimd/xsimd.hpp:55,
                 from /usr/include/xtensor/xtensor_config.hpp:61,
                 from /usr/include/xtensor/xexception.hpp:24,
                 from /usr/include/xtensor/xstorage.hpp:21,
                 from /usr/include/xtensor/xbuffer_adaptor.hpp:21,
                 from /usr/include/xtensor/xtensor.hpp:19,
                 from /home/pi/CaveBot-ros/src/navigation2/nav2_mppi_controller/include/nav2_mppi_controller/critic_data.hpp:25,
                 from /home/pi/CaveBot-ros/src/navigation2/nav2_mppi_controller/include/nav2_mppi_controller/critic_function.hpp:25,
                 from /home/pi/CaveBot-ros/src/navigation2/nav2_mppi_controller/include/nav2_mppi_controller/critics/goal_critic.hpp:19,
                 from /home/pi/CaveBot-ros/src/navigation2/nav2_mppi_controller/src/critics/goal_critic.cpp:16:
/usr/include/xsimd/arch/xsimd_scalar.hpp: In function ‘std::pair<float, float> xsimd::sincos(float)’:
/usr/include/xsimd/arch/xsimd_scalar.hpp:1075:54: note: parameter passing for argument of type ‘std::pair<float, float>’ when C++17 is enabled changed to match C++14 in GCC 10.1
 1075 |     inline std::pair<float, float> sincos(float val) noexcept
      |                                                      ^~~~~~~~
/usr/include/xsimd/arch/xsimd_scalar.hpp: In function ‘std::pair<double, double> xsimd::sincos(double)’:
/usr/include/xsimd/arch/xsimd_scalar.hpp:1082:57: note: parameter passing for argument of type ‘std::pair<double, double>’ when C++17 is enabled changed to match C++14 in GCC 10.1
 1082 |     inline std::pair<double, double> sincos(double val) noexcept
      |                                                         ^~~~~~~~
In file included from /usr/include/xsimd/xsimd.hpp:55,
                 from /usr/include/xtensor/xtensor_config.hpp:61,
                 from /usr/include/xtensor/xexception.hpp:24,
                 from /usr/include/xtensor/xstorage.hpp:21,
                 from /usr/include/xtensor/xbuffer_adaptor.hpp:21,
                 from /usr/include/xtensor/xtensor.hpp:19,
                 from /home/pi/CaveBot-ros/src/navigation2/nav2_mppi_controller/include/nav2_mppi_controller/critic_data.hpp:25,
                 from /home/pi/CaveBot-ros/src/navigation2/nav2_mppi_controller/include/nav2_mppi_controller/critic_function.hpp:25,
                 from /home/pi/CaveBot-ros/src/navigation2/nav2_mppi_controller/include/nav2_mppi_controller/critics/goal_angle_critic.hpp:18,
                 from /home/pi/CaveBot-ros/src/navigation2/nav2_mppi_controller/src/critics/goal_angle_critic.cpp:15:
/usr/include/xsimd/arch/xsimd_scalar.hpp: In function ‘std::pair<float, float> xsimd::sincos(float)’:
/usr/include/xsimd/arch/xsimd_scalar.hpp:1075:54: note: parameter passing for argument of type ‘std::pair<float, float>’ when C++17 is enabled changed to match C++14 in GCC 10.1
 1075 |     inline std::pair<float, float> sincos(float val) noexcept
      |                                                      ^~~~~~~~
/usr/include/xsimd/arch/xsimd_scalar.hpp: In function ‘std::pair<double, double> xsimd::sincos(double)’:
/usr/include/xsimd/arch/xsimd_scalar.hpp:1082:57: note: parameter passing for argument of type ‘std::pair<double, double>’ when C++17 is enabled changed to match C++14 in GCC 10.1
 1082 |     inline std::pair<double, double> sincos(double val) noexcept
      |                                                         ^~~~~~~~
In file included from /usr/include/xsimd/xsimd.hpp:55,
                 from /usr/include/xtensor/xtensor_config.hpp:61,
                 from /usr/include/xtensor/xexception.hpp:24,
                 from /usr/include/xtensor/xstorage.hpp:21,
                 from /usr/include/xtensor/xbuffer_adaptor.hpp:21,
                 from /usr/include/xtensor/xtensor.hpp:19,
                 from /home/pi/CaveBot-ros/src/navigation2/nav2_mppi_controller/include/nav2_mppi_controller/critic_data.hpp:25,
                 from /home/pi/CaveBot-ros/src/navigation2/nav2_mppi_controller/include/nav2_mppi_controller/critic_function.hpp:25,
                 from /home/pi/CaveBot-ros/src/navigation2/nav2_mppi_controller/include/nav2_mppi_controller/critics/path_align_critic.hpp:18,
                 from /home/pi/CaveBot-ros/src/navigation2/nav2_mppi_controller/src/critics/path_align_critic.cpp:15:
/usr/include/xsimd/arch/xsimd_scalar.hpp: In function ‘std::pair<float, float> xsimd::sincos(float)’:
/usr/include/xsimd/arch/xsimd_scalar.hpp:1075:54: note: parameter passing for argument of type ‘std::pair<float, float>’ when C++17 is enabled changed to match C++14 in GCC 10.1
 1075 |     inline std::pair<float, float> sincos(float val) noexcept
      |                                                      ^~~~~~~~
/usr/include/xsimd/arch/xsimd_scalar.hpp: In function ‘std::pair<double, double> xsimd::sincos(double)’:
/usr/include/xsimd/arch/xsimd_scalar.hpp:1082:57: note: parameter passing for argument of type ‘std::pair<double, double>’ when C++17 is enabled changed to match C++14 in GCC 10.1
 1082 |     inline std::pair<double, double> sincos(double val) noexcept
      |                                                         ^~~~~~~~
In file included from /usr/include/xsimd/xsimd.hpp:55,
                 from /usr/include/xtensor/xtensor_config.hpp:61,
                 from /usr/include/xtensor/xexception.hpp:24,
                 from /usr/include/xtensor/xstorage.hpp:21,
                 from /usr/include/xtensor/xbuffer_adaptor.hpp:21,
                 from /usr/include/xtensor/xtensor.hpp:19,
                 from /home/pi/CaveBot-ros/src/navigation2/nav2_mppi_controller/include/nav2_mppi_controller/critic_data.hpp:25,
                 from /home/pi/CaveBot-ros/src/navigation2/nav2_mppi_controller/include/nav2_mppi_controller/critic_function.hpp:25,
                 from /home/pi/CaveBot-ros/src/navigation2/nav2_mppi_controller/include/nav2_mppi_controller/critics/path_follow_critic.hpp:19,
                 from /home/pi/CaveBot-ros/src/navigation2/nav2_mppi_controller/src/critics/path_follow_critic.cpp:15:
/usr/include/xsimd/arch/xsimd_scalar.hpp: In function ‘std::pair<float, float> xsimd::sincos(float)’:
/usr/include/xsimd/arch/xsimd_scalar.hpp:1075:54: note: parameter passing for argument of type ‘std::pair<float, float>’ when C++17 is enabled changed to match C++14 in GCC 10.1
 1075 |     inline std::pair<float, float> sincos(float val) noexcept
      |                                                      ^~~~~~~~
/usr/include/xsimd/arch/xsimd_scalar.hpp: In function ‘std::pair<double, double> xsimd::sincos(double)’:
/usr/include/xsimd/arch/xsimd_scalar.hpp:1082:57: note: parameter passing for argument of type ‘std::pair<double, double>’ when C++17 is enabled changed to match C++14 in GCC 10.1
 1082 |     inline std::pair<double, double> sincos(double val) noexcept
      |                                                         ^~~~~~~~
In file included from /usr/include/xsimd/xsimd.hpp:55,
                 from /usr/include/xtensor/xtensor_config.hpp:61,
                 from /usr/include/xtensor/xexception.hpp:24,
                 from /usr/include/xtensor/xstorage.hpp:21,
                 from /usr/include/xtensor/xbuffer_adaptor.hpp:21,
                 from /usr/include/xtensor/xtensor.hpp:19,
                 from /home/pi/CaveBot-ros/src/navigation2/nav2_mppi_controller/include/nav2_mppi_controller/critic_data.hpp:25,
                 from /home/pi/CaveBot-ros/src/navigation2/nav2_mppi_controller/include/nav2_mppi_controller/critic_function.hpp:25,
                 from /home/pi/CaveBot-ros/src/navigation2/nav2_mppi_controller/include/nav2_mppi_controller/critics/path_angle_critic.hpp:19,
                 from /home/pi/CaveBot-ros/src/navigation2/nav2_mppi_controller/src/critics/path_angle_critic.cpp:16:
/usr/include/xsimd/arch/xsimd_scalar.hpp: In function ‘std::pair<float, float> xsimd::sincos(float)’:
/usr/include/xsimd/arch/xsimd_scalar.hpp:1075:54: note: parameter passing for argument of type ‘std::pair<float, float>’ when C++17 is enabled changed to match C++14 in GCC 10.1
 1075 |     inline std::pair<float, float> sincos(float val) noexcept
      |                                                      ^~~~~~~~
/usr/include/xsimd/arch/xsimd_scalar.hpp: In function ‘std::pair<double, double> xsimd::sincos(double)’:
/usr/include/xsimd/arch/xsimd_scalar.hpp:1082:57: note: parameter passing for argument of type ‘std::pair<double, double>’ when C++17 is enabled changed to match C++14 in GCC 10.1
 1082 |     inline std::pair<double, double> sincos(double val) noexcept
      |                                                         ^~~~~~~~
In file included from /usr/include/xsimd/xsimd.hpp:55,
                 from /usr/include/xtensor/xtensor_config.hpp:61,
                 from /usr/include/xtensor/xexception.hpp:24,
                 from /usr/include/xtensor/xstorage.hpp:21,
                 from /usr/include/xtensor/xbuffer_adaptor.hpp:21,
                 from /usr/include/xtensor/xtensor.hpp:19,
                 from /home/pi/CaveBot-ros/src/navigation2/nav2_mppi_controller/include/nav2_mppi_controller/critic_data.hpp:25,
                 from /home/pi/CaveBot-ros/src/navigation2/nav2_mppi_controller/include/nav2_mppi_controller/critic_function.hpp:25,
                 from /home/pi/CaveBot-ros/src/navigation2/nav2_mppi_controller/include/nav2_mppi_controller/critics/prefer_forward_critic.hpp:18,
                 from /home/pi/CaveBot-ros/src/navigation2/nav2_mppi_controller/src/critics/prefer_forward_critic.cpp:15:
/usr/include/xsimd/arch/xsimd_scalar.hpp: In function ‘std::pair<float, float> xsimd::sincos(float)’:
/usr/include/xsimd/arch/xsimd_scalar.hpp:1075:54: note: parameter passing for argument of type ‘std::pair<float, float>’ when C++17 is enabled changed to match C++14 in GCC 10.1
 1075 |     inline std::pair<float, float> sincos(float val) noexcept
      |                                                      ^~~~~~~~
/usr/include/xsimd/arch/xsimd_scalar.hpp: In function ‘std::pair<double, double> xsimd::sincos(double)’:
/usr/include/xsimd/arch/xsimd_scalar.hpp:1082:57: note: parameter passing for argument of type ‘std::pair<double, double>’ when C++17 is enabled changed to match C++14 in GCC 10.1
 1082 |     inline std::pair<double, double> sincos(double val) noexcept
      |                                                         ^~~~~~~~
In file included from /usr/include/xsimd/xsimd.hpp:55,
                 from /usr/include/xtensor/xtensor_config.hpp:61,
                 from /usr/include/xtensor/xexception.hpp:24,
                 from /usr/include/xtensor/xstorage.hpp:21,
                 from /usr/include/xtensor/xbuffer_adaptor.hpp:21,
                 from /usr/include/xtensor/xtensor.hpp:19,
                 from /home/pi/CaveBot-ros/src/navigation2/nav2_mppi_controller/include/nav2_mppi_controller/critic_data.hpp:25,
                 from /home/pi/CaveBot-ros/src/navigation2/nav2_mppi_controller/include/nav2_mppi_controller/critic_function.hpp:25,
                 from /home/pi/CaveBot-ros/src/navigation2/nav2_mppi_controller/include/nav2_mppi_controller/critics/twirling_critic.hpp:18,
                 from /home/pi/CaveBot-ros/src/navigation2/nav2_mppi_controller/src/critics/twirling_critic.cpp:15:
/usr/include/xsimd/arch/xsimd_scalar.hpp: In function ‘std::pair<float, float> xsimd::sincos(float)’:
/usr/include/xsimd/arch/xsimd_scalar.hpp:1075:54: note: parameter passing for argument of type ‘std::pair<float, float>’ when C++17 is enabled changed to match C++14 in GCC 10.1
 1075 |     inline std::pair<float, float> sincos(float val) noexcept
      |                                                      ^~~~~~~~
/usr/include/xsimd/arch/xsimd_scalar.hpp: In function ‘std::pair<double, double> xsimd::sincos(double)’:
/usr/include/xsimd/arch/xsimd_scalar.hpp:1082:57: note: parameter passing for argument of type ‘std::pair<double, double>’ when C++17 is enabled changed to match C++14 in GCC 10.1
 1082 |     inline std::pair<double, double> sincos(double val) noexcept
      |                                                         ^~~~~~~~
In file included from /usr/include/xsimd/xsimd.hpp:55,
                 from /usr/include/xtensor/xtensor_config.hpp:61,
                 from /usr/include/xtensor/xexception.hpp:24,
                 from /usr/include/xtensor/xstorage.hpp:21,
                 from /usr/include/xtensor/xbuffer_adaptor.hpp:21,
                 from /usr/include/xtensor/xtensor.hpp:19,
                 from /home/pi/CaveBot-ros/src/navigation2/nav2_mppi_controller/include/nav2_mppi_controller/critic_data.hpp:25,
                 from /home/pi/CaveBot-ros/src/navigation2/nav2_mppi_controller/include/nav2_mppi_controller/critic_function.hpp:25,
                 from /home/pi/CaveBot-ros/src/navigation2/nav2_mppi_controller/include/nav2_mppi_controller/critics/constraint_critic.hpp:18,
                 from /home/pi/CaveBot-ros/src/navigation2/nav2_mppi_controller/src/critics/constraint_critic.cpp:15:
/usr/include/xsimd/arch/xsimd_scalar.hpp: In function ‘std::pair<float, float> xsimd::sincos(float)’:
/usr/include/xsimd/arch/xsimd_scalar.hpp:1075:54: note: parameter passing for argument of type ‘std::pair<float, float>’ when C++17 is enabled changed to match C++14 in GCC 10.1
 1075 |     inline std::pair<float, float> sincos(float val) noexcept
      |                                                      ^~~~~~~~
/usr/include/xsimd/arch/xsimd_scalar.hpp: In function ‘std::pair<double, double> xsimd::sincos(double)’:
/usr/include/xsimd/arch/xsimd_scalar.hpp:1082:57: note: parameter passing for argument of type ‘std::pair<double, double>’ when C++17 is enabled changed to match C++14 in GCC 10.1
 1082 |     inline std::pair<double, double> sincos(double val) noexcept
      |                                                         ^~~~~~~~
In file included from /usr/include/xsimd/xsimd.hpp:55,
                 from /usr/include/xtensor/xtensor_config.hpp:61,
                 from /usr/include/xtensor/xexception.hpp:24,
                 from /usr/include/xtensor/xstorage.hpp:21,
                 from /usr/include/xtensor/xbuffer_adaptor.hpp:21,
                 from /usr/include/xtensor/xtensor.hpp:19,
                 from /home/pi/CaveBot-ros/src/navigation2/nav2_mppi_controller/include/nav2_mppi_controller/critic_data.hpp:25,
                 from /home/pi/CaveBot-ros/src/navigation2/nav2_mppi_controller/include/nav2_mppi_controller/critic_function.hpp:25,
                 from /home/pi/CaveBot-ros/src/navigation2/nav2_mppi_controller/include/nav2_mppi_controller/critics/velocity_deadband_critic.hpp:20,
                 from /home/pi/CaveBot-ros/src/navigation2/nav2_mppi_controller/src/critics/velocity_deadband_critic.cpp:15:
/usr/include/xsimd/arch/xsimd_scalar.hpp: In function ‘std::pair<float, float> xsimd::sincos(float)’:
/usr/include/xsimd/arch/xsimd_scalar.hpp:1075:54: note: parameter passing for argument of type ‘std::pair<float, float>’ when C++17 is enabled changed to match C++14 in GCC 10.1
 1075 |     inline std::pair<float, float> sincos(float val) noexcept
      |                                                      ^~~~~~~~
/usr/include/xsimd/arch/xsimd_scalar.hpp: In function ‘std::pair<double, double> xsimd::sincos(double)’:
/usr/include/xsimd/arch/xsimd_scalar.hpp:1082:57: note: parameter passing for argument of type ‘std::pair<double, double>’ when C++17 is enabled changed to match C++14 in GCC 10.1
 1082 |     inline std::pair<double, double> sincos(double val) noexcept
      |                                                         ^~~~~~~~
In file included from /usr/include/xsimd/xsimd.hpp:55,
                 from /usr/include/xtensor/xtensor_config.hpp:61,
                 from /usr/include/xtensor/xexception.hpp:24,
                 from /usr/include/xtensor/xstorage.hpp:21,
                 from /usr/include/xtensor/xbuffer_adaptor.hpp:21,
                 from /usr/include/xtensor/xtensor.hpp:19,
                 from /home/pi/CaveBot-ros/src/navigation2/nav2_mppi_controller/include/nav2_mppi_controller/models/control_sequence.hpp:22,
                 from /home/pi/CaveBot-ros/src/navigation2/nav2_mppi_controller/test/models_test.cpp:17:
/usr/include/xsimd/arch/xsimd_scalar.hpp: In function ‘std::pair<float, float> xsimd::sincos(float)’:
/usr/include/xsimd/arch/xsimd_scalar.hpp:1075:54: note: parameter passing for argument of type ‘std::pair<float, float>’ when C++17 is enabled changed to match C++14 in GCC 10.1
 1075 |     inline std::pair<float, float> sincos(float val) noexcept
      |                                                      ^~~~~~~~
/usr/include/xsimd/arch/xsimd_scalar.hpp: In function ‘std::pair<double, double> xsimd::sincos(double)’:
/usr/include/xsimd/arch/xsimd_scalar.hpp:1082:57: note: parameter passing for argument of type ‘std::pair<double, double>’ when C++17 is enabled changed to match C++14 in GCC 10.1
 1082 |     inline std::pair<double, double> sincos(double val) noexcept
      |                                                         ^~~~~~~~
In file included from /usr/include/xsimd/xsimd.hpp:55,
                 from /usr/include/xtensor/xtensor_config.hpp:61,
                 from /usr/include/xtensor/xexception.hpp:24,
                 from /usr/include/xtensor/xstorage.hpp:21,
                 from /usr/include/xtensor/xbuffer_adaptor.hpp:21,
                 from /usr/include/xtensor/xtensor.hpp:19,
                 from /home/pi/CaveBot-ros/src/navigation2/nav2_mppi_controller/include/nav2_mppi_controller/tools/noise_generator.hpp:28,
                 from /home/pi/CaveBot-ros/src/navigation2/nav2_mppi_controller/test/noise_generator_test.cpp:21:
/usr/include/xsimd/arch/xsimd_scalar.hpp: In function ‘std::pair<float, float> xsimd::sincos(float)’:
/usr/include/xsimd/arch/xsimd_scalar.hpp:1075:54: note: parameter passing for argument of type ‘std::pair<float, float>’ when C++17 is enabled changed to match C++14 in GCC 10.1
 1075 |     inline std::pair<float, float> sincos(float val) noexcept
      |                                                      ^~~~~~~~
/usr/include/xsimd/arch/xsimd_scalar.hpp: In function ‘std::pair<double, double> xsimd::sincos(double)’:
/usr/include/xsimd/arch/xsimd_scalar.hpp:1082:57: note: parameter passing for argument of type ‘std::pair<double, double>’ when C++17 is enabled changed to match C++14 in GCC 10.1
 1082 |     inline std::pair<double, double> sincos(double val) noexcept
      |                                                         ^~~~~~~~
In file included from /usr/include/xsimd/xsimd.hpp:55,
                 from /usr/include/xtensor/xtensor_config.hpp:61,
                 from /usr/include/xtensor/xexception.hpp:24,
                 from /usr/include/xtensor/xstorage.hpp:21,
                 from /usr/include/xtensor/xbuffer_adaptor.hpp:21,
                 from /usr/include/xtensor/xtensor.hpp:19,
                 from /home/pi/CaveBot-ros/src/navigation2/nav2_mppi_controller/include/nav2_mppi_controller/models/control_sequence.hpp:22,
                 from /home/pi/CaveBot-ros/src/navigation2/nav2_mppi_controller/include/nav2_mppi_controller/motion_models.hpp:21,
                 from /home/pi/CaveBot-ros/src/navigation2/nav2_mppi_controller/test/motion_model_tests.cpp:20:
/usr/include/xsimd/arch/xsimd_scalar.hpp: In function ‘std::pair<float, float> xsimd::sincos(float)’:
/usr/include/xsimd/arch/xsimd_scalar.hpp:1075:54: note: parameter passing for argument of type ‘std::pair<float, float>’ when C++17 is enabled changed to match C++14 in GCC 10.1
 1075 |     inline std::pair<float, float> sincos(float val) noexcept
      |                                                      ^~~~~~~~
/usr/include/xsimd/arch/xsimd_scalar.hpp: In function ‘std::pair<double, double> xsimd::sincos(double)’:
/usr/include/xsimd/arch/xsimd_scalar.hpp:1082:57: note: parameter passing for argument of type ‘std::pair<double, double>’ when C++17 is enabled changed to match C++14 in GCC 10.1
 1082 |     inline std::pair<double, double> sincos(double val) noexcept
      |                                                         ^~~~~~~~
In file included from /usr/include/xsimd/xsimd.hpp:55,
                 from /usr/include/xtensor/xtensor_config.hpp:61,
                 from /usr/include/xtensor/xexception.hpp:24,
                 from /usr/include/xtensor/xstorage.hpp:21,
                 from /usr/include/xtensor/xbuffer_adaptor.hpp:21,
                 from /usr/include/xtensor/xtensor.hpp:19,
                 from /home/pi/CaveBot-ros/src/navigation2/nav2_mppi_controller/include/nav2_mppi_controller/tools/trajectory_visualizer.hpp:25,
                 from /home/pi/CaveBot-ros/src/navigation2/nav2_mppi_controller/test/trajectory_visualizer_tests.cpp:20:
/usr/include/xsimd/arch/xsimd_scalar.hpp: In function ‘std::pair<float, float> xsimd::sincos(float)’:
/usr/include/xsimd/arch/xsimd_scalar.hpp:1075:54: note: parameter passing for argument of type ‘std::pair<float, float>’ when C++17 is enabled changed to match C++14 in GCC 10.1
 1075 |     inline std::pair<float, float> sincos(float val) noexcept
      |                                                      ^~~~~~~~
/usr/include/xsimd/arch/xsimd_scalar.hpp: In function ‘std::pair<double, double> xsimd::sincos(double)’:
/usr/include/xsimd/arch/xsimd_scalar.hpp:1082:57: note: parameter passing for argument of type ‘std::pair<double, double>’ when C++17 is enabled changed to match C++14 in GCC 10.1
 1082 |     inline std::pair<double, double> sincos(double val) noexcept
      |                                                         ^~~~~~~~
In file included from /usr/include/xsimd/xsimd.hpp:55,
                 from /usr/include/xtensor/xtensor_config.hpp:61,
                 from /usr/include/xtensor/xexception.hpp:24,
                 from /usr/include/xtensor/xaccessible.hpp:13,
                 from /usr/include/xtensor/xbroadcast.hpp:23,
                 from /usr/include/xtensor/xbuilder.hpp:29,
                 from /usr/include/xtensor/xrandom.hpp:25,
                 from /home/pi/CaveBot-ros/src/navigation2/nav2_mppi_controller/test/utils_test.cpp:20:
/usr/include/xsimd/arch/xsimd_scalar.hpp: In function ‘std::pair<float, float> xsimd::sincos(float)’:
/usr/include/xsimd/arch/xsimd_scalar.hpp:1075:54: note: parameter passing for argument of type ‘std::pair<float, float>’ when C++17 is enabled changed to match C++14 in GCC 10.1
 1075 |     inline std::pair<float, float> sincos(float val) noexcept
      |                                                      ^~~~~~~~
/usr/include/xsimd/arch/xsimd_scalar.hpp: In function ‘std::pair<double, double> xsimd::sincos(double)’:
/usr/include/xsimd/arch/xsimd_scalar.hpp:1082:57: note: parameter passing for argument of type ‘std::pair<double, double>’ when C++17 is enabled changed to match C++14 in GCC 10.1
 1082 |     inline std::pair<double, double> sincos(double val) noexcept
      |                                                         ^~~~~~~~
In file included from /usr/include/xsimd/xsimd.hpp:55,
                 from /usr/include/xtensor/xtensor_config.hpp:61,
                 from /usr/include/xtensor/xexception.hpp:24,
                 from /usr/include/xtensor/xstorage.hpp:21,
                 from /usr/include/xtensor/xbuffer_adaptor.hpp:21,
                 from /usr/include/xtensor/xtensor.hpp:19,
                 from /home/pi/CaveBot-ros/src/navigation2/nav2_mppi_controller/include/nav2_mppi_controller/critic_manager.hpp:27,
                 from /home/pi/CaveBot-ros/src/navigation2/nav2_mppi_controller/test/critic_manager_test.cpp:20:
/usr/include/xsimd/arch/xsimd_scalar.hpp: In function ‘std::pair<float, float> xsimd::sincos(float)’:
/usr/include/xsimd/arch/xsimd_scalar.hpp:1075:54: note: parameter passing for argument of type ‘std::pair<float, float>’ when C++17 is enabled changed to match C++14 in GCC 10.1
 1075 |     inline std::pair<float, float> sincos(float val) noexcept
      |                                                      ^~~~~~~~
/usr/include/xsimd/arch/xsimd_scalar.hpp: In function ‘std::pair<double, double> xsimd::sincos(double)’:
/usr/include/xsimd/arch/xsimd_scalar.hpp:1082:57: note: parameter passing for argument of type ‘std::pair<double, double>’ when C++17 is enabled changed to match C++14 in GCC 10.1
 1082 |     inline std::pair<double, double> sincos(double val) noexcept
      |                                                         ^~~~~~~~
In file included from /usr/include/xsimd/xsimd.hpp:55,
                 from /usr/include/xtensor/xtensor_config.hpp:61,
                 from /usr/include/xtensor/xexception.hpp:24,
                 from /usr/include/xtensor/xstorage.hpp:21,
                 from /usr/include/xtensor/xbuffer_adaptor.hpp:21,
                 from /usr/include/xtensor/xtensor.hpp:19,
                 from /home/pi/CaveBot-ros/src/navigation2/nav2_mppi_controller/include/nav2_mppi_controller/optimizer.hpp:25,
                 from /home/pi/CaveBot-ros/src/navigation2/nav2_mppi_controller/test/optimizer_unit_tests.cpp:20:
/usr/include/xsimd/arch/xsimd_scalar.hpp: In function ‘std::pair<float, float> xsimd::sincos(float)’:
/usr/include/xsimd/arch/xsimd_scalar.hpp:1075:54: note: parameter passing for argument of type ‘std::pair<float, float>’ when C++17 is enabled changed to match C++14 in GCC 10.1
 1075 |     inline std::pair<float, float> sincos(float val) noexcept
      |                                                      ^~~~~~~~
/usr/include/xsimd/arch/xsimd_scalar.hpp: In function ‘std::pair<double, double> xsimd::sincos(double)’:
/usr/include/xsimd/arch/xsimd_scalar.hpp:1082:57: note: parameter passing for argument of type ‘std::pair<double, double>’ when C++17 is enabled changed to match C++14 in GCC 10.1
 1082 |     inline std::pair<double, double> sincos(double val) noexcept
      |                                                         ^~~~~~~~
In file included from /usr/include/xsimd/xsimd.hpp:55,
                 from /usr/include/xtensor/xtensor_config.hpp:61,
                 from /usr/include/xtensor/xexception.hpp:24,
                 from /usr/include/xtensor/xstorage.hpp:21,
                 from /usr/include/xtensor/xbuffer_adaptor.hpp:21,
                 from /usr/include/xtensor/xarray.hpp:19,
                 from /home/pi/CaveBot-ros/src/navigation2/nav2_mppi_controller/include/nav2_mppi_controller/tools/utils.hpp:31,
                 from /home/pi/CaveBot-ros/src/navigation2/nav2_mppi_controller/test/critics_tests.cpp:21:
/usr/include/xsimd/arch/xsimd_scalar.hpp: In function ‘std::pair<float, float> xsimd::sincos(float)’:
/usr/include/xsimd/arch/xsimd_scalar.hpp:1075:54: note: parameter passing for argument of type ‘std::pair<float, float>’ when C++17 is enabled changed to match C++14 in GCC 10.1
 1075 |     inline std::pair<float, float> sincos(float val) noexcept
      |                                                      ^~~~~~~~
/usr/include/xsimd/arch/xsimd_scalar.hpp: In function ‘std::pair<double, double> xsimd::sincos(double)’:
/usr/include/xsimd/arch/xsimd_scalar.hpp:1082:57: note: parameter passing for argument of type ‘std::pair<double, double>’ when C++17 is enabled changed to match C++14 in GCC 10.1
 1082 |     inline std::pair<double, double> sincos(double val) noexcept
      |                                                         ^~~~~~~~
In file included from /usr/include/xsimd/xsimd.hpp:55,
                 from /usr/include/xtensor/xtensor_config.hpp:61,
                 from /usr/include/xtensor/xexception.hpp:24,
                 from /usr/include/xtensor/xstorage.hpp:21,
                 from /usr/include/xtensor/xbuffer_adaptor.hpp:21,
                 from /usr/include/xtensor/xtensor.hpp:19,
                 from /home/pi/CaveBot-ros/src/navigation2/nav2_mppi_controller/include/nav2_mppi_controller/optimizer.hpp:25,
                 from /home/pi/CaveBot-ros/src/navigation2/nav2_mppi_controller/include/nav2_mppi_controller/controller.hpp:22,
                 from /home/pi/CaveBot-ros/src/navigation2/nav2_mppi_controller/test/controller_state_transition_test.cpp:23:
/usr/include/xsimd/arch/xsimd_scalar.hpp: In function ‘std::pair<float, float> xsimd::sincos(float)’:
/usr/include/xsimd/arch/xsimd_scalar.hpp:1075:54: note: parameter passing for argument of type ‘std::pair<float, float>’ when C++17 is enabled changed to match C++14 in GCC 10.1
 1075 |     inline std::pair<float, float> sincos(float val) noexcept
      |                                                      ^~~~~~~~
/usr/include/xsimd/arch/xsimd_scalar.hpp: In function ‘std::pair<double, double> xsimd::sincos(double)’:
/usr/include/xsimd/arch/xsimd_scalar.hpp:1082:57: note: parameter passing for argument of type ‘std::pair<double, double>’ when C++17 is enabled changed to match C++14 in GCC 10.1
 1082 |     inline std::pair<double, double> sincos(double val) noexcept
      |                                                         ^~~~~~~~
In file included from /usr/include/xsimd/xsimd.hpp:55,
                 from /usr/include/xtensor/xtensor_config.hpp:61,
                 from /usr/include/xtensor/xexception.hpp:24,
                 from /usr/include/xtensor/xstorage.hpp:21,
                 from /usr/include/xtensor/xbuffer_adaptor.hpp:21,
                 from /usr/include/xtensor/xarray.hpp:19,
                 from /home/pi/CaveBot-ros/src/navigation2/nav2_mppi_controller/test/optimizer_smoke_test.cpp:25:
/usr/include/xsimd/arch/xsimd_scalar.hpp: In function ‘std::pair<float, float> xsimd::sincos(float)’:
/usr/include/xsimd/arch/xsimd_scalar.hpp:1075:54: note: parameter passing for argument of type ‘std::pair<float, float>’ when C++17 is enabled changed to match C++14 in GCC 10.1
 1075 |     inline std::pair<float, float> sincos(float val) noexcept
      |                                                      ^~~~~~~~
/usr/include/xsimd/arch/xsimd_scalar.hpp: In function ‘std::pair<double, double> xsimd::sincos(double)’:
/usr/include/xsimd/arch/xsimd_scalar.hpp:1082:57: note: parameter passing for argument of type ‘std::pair<double, double>’ when C++17 is enabled changed to match C++14 in GCC 10.1
 1082 |     inline std::pair<double, double> sincos(double val) noexcept
      |                                                         ^~~~~~~~
