-- The C compiler identification is GNU 13.3.0
-- The CXX compiler identification is GNU 13.3.0
-- Detecting C compiler ABI info
-- Detecting C compiler ABI info - done
-- Check for working C compiler: /usr/bin/cc - skipped
-- Detecting C compile features
-- Detecting C compile features - done
-- Detecting CXX compiler ABI info
-- Detecting CXX compiler ABI info - done
-- Check for working CXX compiler: /usr/bin/c++ - skipped
-- Detecting CXX compile features
-- Detecting CXX compile features - done
-- Found ament_cmake: 2.5.4 (/opt/ros/jazzy/share/ament_cmake/cmake)
-- Found Python3: /usr/bin/python3 (found version "3.12.3") found components: Interpreter 
-- Override CMake install command with custom implementation using symlinks instead of copying resources
-- Performing Test arch_native_supported
-- Performing Test arch_native_supported - Success
-- Found rclcpp: 28.1.12 (/opt/ros/jazzy/share/rclcpp/cmake)
-- Found rosidl_generator_c: 4.6.6 (/opt/ros/jazzy/share/rosidl_generator_c/cmake)
-- Found rosidl_generator_cpp: 4.6.6 (/opt/ros/jazzy/share/rosidl_generator_cpp/cmake)
-- Using all available rosidl_typesupport_c: rosidl_typesupport_fastrtps_c;rosidl_typesupport_introspection_c
-- Using all available rosidl_typesupport_cpp: rosidl_typesupport_fastrtps_cpp;rosidl_typesupport_introspection_cpp
-- Found rmw_implementation_cmake: 7.3.2 (/opt/ros/jazzy/share/rmw_implementation_cmake/cmake)
-- Found rmw_fastrtps_cpp: 8.4.3 (/opt/ros/jazzy/share/rmw_fastrtps_cpp/cmake)
-- Found OpenSSL: /usr/lib/aarch64-linux-gnu/libcrypto.so (found version "3.0.13")  
-- Found FastRTPS: /opt/ros/jazzy/include (Required is at least version "2.13") 
-- Using RMW implementation 'rmw_fastrtps_cpp' as default
-- Found nav2_common: 1.3.10 (/home/pi/CaveBot-ros/install/nav2_common/share/nav2_common/cmake)
-- Found pluginlib: 5.4.2 (/opt/ros/jazzy/share/pluginlib/cmake)
-- Found tf2: 0.36.14 (/opt/ros/jazzy/share/tf2/cmake)
-- Found visualization_msgs: 5.3.6 (/opt/ros/jazzy/share/visualization_msgs/cmake)
-- Found nav_msgs: 5.3.6 (/opt/ros/jazzy/share/nav_msgs/cmake)
-- Found nav2_core: 1.3.10 (/home/pi/CaveBot-ros/install/nav2_core/share/nav2_core/cmake)
-- Found eigen3_cmake_module: 0.3.0 (/opt/ros/jazzy/share/eigen3_cmake_module/cmake)
-- Found Eigen3: TRUE (found version "3.4.0") 
-- Ensuring Eigen3 include directory is part of orocos-kdl CMake target
-- Found tf2_eigen: 0.36.14 (/opt/ros/jazzy/share/tf2_eigen/cmake)
-- Setting build type to Release as none was specified.
-- Performing Test COMPILER_SUPPORTS_AVX512
-- Performing Test COMPILER_SUPPORTS_AVX512 - Failed
-- Performing Test COMPILER_SUPPORTS_SSE4
-- Performing Test COMPILER_SUPPORTS_SSE4 - Failed
-- Performing Test COMPILER_SUPPORTS_AVX2
-- Performing Test COMPILER_SUPPORTS_AVX2 - Failed
-- Performing Test COMPILER_SUPPORTS_FMA
-- Performing Test COMPILER_SUPPORTS_FMA - Failed
-- Found ament_lint_auto: 0.17.3 (/opt/ros/jazzy/share/ament_lint_auto/cmake)
-- Found ament_cmake_gtest: 2.5.4 (/opt/ros/jazzy/share/ament_cmake_gtest/cmake)
-- Found gtest sources under '/opt/ros/jazzy/src/gtest_vendor': C++ tests using 'Google Test' will be built
-- Performing Test CMAKE_HAVE_LIBC_PTHREAD
-- Performing Test CMAKE_HAVE_LIBC_PTHREAD - Success
-- Found Threads: TRUE  
-- Added test 'cppcheck' to perform static code analysis on C / C++ code
-- Configured cppcheck include dirs: /home/pi/CaveBot-ros/src/navigation2/nav2_mppi_controller/include
-- Configured cppcheck exclude dirs and/or files: 
-- Added test 'cpplint' to check C / C++ code against the Google style
-- Configured cpplint exclude dirs and/or files: 
-- Added test 'lint_cmake' to check CMake code style
-- Added test 'uncrustify' to check C / C++ code style
-- Configured uncrustify additional arguments: 
-- Added test 'xmllint' to check XML markup files
-- Configuring done (7.5s)
-- Generating done (2.4s)
-- Build files have been written to: /home/pi/CaveBot-ros/build/nav2_mppi_controller
[  2%] Building CXX object CMakeFiles/mppi_controller.dir/src/controller.cpp.o
[  4%] Building CXX object CMakeFiles/mppi_controller.dir/src/optimizer.cpp.o
[  6%] Building CXX object CMakeFiles/mppi_controller.dir/src/critic_manager.cpp.o
[  8%] Building CXX object CMakeFiles/mppi_controller.dir/src/trajectory_visualizer.cpp.o
[ 10%] Building CXX object CMakeFiles/mppi_controller.dir/src/path_handler.cpp.o
[ 12%] Building CXX object CMakeFiles/mppi_controller.dir/src/parameters_handler.cpp.o
[ 14%] Building CXX object CMakeFiles/mppi_controller.dir/src/noise_generator.cpp.o
[ 16%] Linking CXX shared library libmppi_controller.so
[ 16%] Built target mppi_controller
[ 18%] Building CXX object gtest/CMakeFiles/gtest.dir/src/gtest-all.cc.o
[ 20%] Linking CXX static library libgtest.a
[ 20%] Built target gtest
[ 22%] Building CXX object gtest/CMakeFiles/gtest_main.dir/src/gtest_main.cc.o
[ 25%] Linking CXX static library libgtest_main.a
[ 25%] Built target gtest_main
[ 27%] Building CXX object CMakeFiles/mppi_critics.dir/src/critics/obstacles_critic.cpp.o
[ 29%] Building CXX object CMakeFiles/mppi_critics.dir/src/critics/cost_critic.cpp.o
[ 31%] Building CXX object CMakeFiles/mppi_critics.dir/src/critics/goal_critic.cpp.o
[ 33%] Building CXX object CMakeFiles/mppi_critics.dir/src/critics/goal_angle_critic.cpp.o
[ 35%] Building CXX object CMakeFiles/mppi_critics.dir/src/critics/path_align_critic.cpp.o
[ 37%] Building CXX object CMakeFiles/mppi_critics.dir/src/critics/path_follow_critic.cpp.o
[ 39%] Building CXX object CMakeFiles/mppi_critics.dir/src/critics/path_angle_critic.cpp.o
[ 41%] Building CXX object CMakeFiles/mppi_critics.dir/src/critics/prefer_forward_critic.cpp.o
[ 43%] Building CXX object CMakeFiles/mppi_critics.dir/src/critics/twirling_critic.cpp.o
[ 45%] Building CXX object CMakeFiles/mppi_critics.dir/src/critics/constraint_critic.cpp.o
[ 47%] Building CXX object CMakeFiles/mppi_critics.dir/src/critics/velocity_deadband_critic.cpp.o
[ 50%] Linking CXX shared library libmppi_critics.so
[ 50%] Built target mppi_critics
[ 52%] Building CXX object test/CMakeFiles/models_test.dir/models_test.cpp.o
[ 54%] Linking CXX executable models_test
[ 54%] Built target models_test
[ 56%] Building CXX object test/CMakeFiles/noise_generator_test.dir/noise_generator_test.cpp.o
[ 58%] Linking CXX executable noise_generator_test
[ 58%] Built target noise_generator_test
[ 60%] Building CXX object test/CMakeFiles/parameter_handler_test.dir/parameter_handler_test.cpp.o
[ 62%] Linking CXX executable parameter_handler_test
[ 62%] Built target parameter_handler_test
[ 64%] Building CXX object test/CMakeFiles/motion_model_tests.dir/motion_model_tests.cpp.o
[ 66%] Linking CXX executable motion_model_tests
[ 66%] Built target motion_model_tests
[ 68%] Building CXX object test/CMakeFiles/trajectory_visualizer_tests.dir/trajectory_visualizer_tests.cpp.o
[ 70%] Linking CXX executable trajectory_visualizer_tests
[ 70%] Built target trajectory_visualizer_tests
[ 72%] Building CXX object test/CMakeFiles/utils_test.dir/utils_test.cpp.o
[ 75%] Linking CXX executable utils_test
[ 75%] Built target utils_test
[ 77%] Building CXX object test/CMakeFiles/path_handler_test.dir/path_handler_test.cpp.o
[ 79%] Linking CXX executable path_handler_test
[ 79%] Built target path_handler_test
[ 81%] Building CXX object test/CMakeFiles/critic_manager_test.dir/critic_manager_test.cpp.o
[ 83%] Linking CXX executable critic_manager_test
[ 83%] Built target critic_manager_test
[ 85%] Building CXX object test/CMakeFiles/optimizer_unit_tests.dir/optimizer_unit_tests.cpp.o
[ 87%] Linking CXX executable optimizer_unit_tests
[ 87%] Built target optimizer_unit_tests
[ 89%] Building CXX object test/CMakeFiles/critics_tests.dir/critics_tests.cpp.o
[ 91%] Linking CXX executable critics_tests
[ 91%] Built target critics_tests
[ 93%] Building CXX object test/CMakeFiles/controller_state_transition_test.dir/controller_state_transition_test.cpp.o
[ 95%] Linking CXX executable controller_state_transition_test
[ 95%] Built target controller_state_transition_test
[ 97%] Building CXX object test/CMakeFiles/optimizer_smoke_test.dir/optimizer_smoke_test.cpp.o
[100%] Linking CXX executable optimizer_smoke_test
[100%] Built target optimizer_smoke_test
-- Install configuration: "Release"
-- Execute custom install script
-- Symlinking: /home/pi/CaveBot-ros/install/nav2_mppi_controller/lib/libmppi_controller.so
-- Symlinking: /home/pi/CaveBot-ros/install/nav2_mppi_controller/lib/libmppi_critics.so
-- Symlinking: /home/pi/CaveBot-ros/install/nav2_mppi_controller/include//nav2_mppi_controller/controller.hpp
-- Symlinking: /home/pi/CaveBot-ros/install/nav2_mppi_controller/include//nav2_mppi_controller/critic_data.hpp
-- Symlinking: /home/pi/CaveBot-ros/install/nav2_mppi_controller/include//nav2_mppi_controller/critic_function.hpp
-- Symlinking: /home/pi/CaveBot-ros/install/nav2_mppi_controller/include//nav2_mppi_controller/critic_manager.hpp
-- Symlinking: /home/pi/CaveBot-ros/install/nav2_mppi_controller/include//nav2_mppi_controller/critics/constraint_critic.hpp
-- Symlinking: /home/pi/CaveBot-ros/install/nav2_mppi_controller/include//nav2_mppi_controller/critics/cost_critic.hpp
-- Symlinking: /home/pi/CaveBot-ros/install/nav2_mppi_controller/include//nav2_mppi_controller/critics/goal_angle_critic.hpp
-- Symlinking: /home/pi/CaveBot-ros/install/nav2_mppi_controller/include//nav2_mppi_controller/critics/goal_critic.hpp
-- Symlinking: /home/pi/CaveBot-ros/install/nav2_mppi_controller/include//nav2_mppi_controller/critics/obstacles_critic.hpp
-- Symlinking: /home/pi/CaveBot-ros/install/nav2_mppi_controller/include//nav2_mppi_controller/critics/path_align_critic.hpp
-- Symlinking: /home/pi/CaveBot-ros/install/nav2_mppi_controller/include//nav2_mppi_controller/critics/path_angle_critic.hpp
-- Symlinking: /home/pi/CaveBot-ros/install/nav2_mppi_controller/include//nav2_mppi_controller/critics/path_follow_critic.hpp
-- Symlinking: /home/pi/CaveBot-ros/install/nav2_mppi_controller/include//nav2_mppi_controller/critics/prefer_forward_critic.hpp
-- Symlinking: /home/pi/CaveBot-ros/install/nav2_mppi_controller/include//nav2_mppi_controller/critics/twirling_critic.hpp
-- Symlinking: /home/pi/CaveBot-ros/install/nav2_mppi_controller/include//nav2_mppi_controller/critics/velocity_deadband_critic.hpp
-- Symlinking: /home/pi/CaveBot-ros/install/nav2_mppi_controller/include//nav2_mppi_controller/models/constraints.hpp
-- Symlinking: /home/pi/CaveBot-ros/install/nav2_mppi_controller/include//nav2_mppi_controller/models/control_sequence.hpp
-- Symlinking: /home/pi/CaveBot-ros/install/nav2_mppi_controller/include//nav2_mppi_controller/models/optimizer_settings.hpp
-- Symlinking: /home/pi/CaveBot-ros/install/nav2_mppi_controller/include//nav2_mppi_controller/models/path.hpp
-- Symlinking: /home/pi/CaveBot-ros/install/nav2_mppi_controller/include//nav2_mppi_controller/models/state.hpp
-- Symlinking: /home/pi/CaveBot-ros/install/nav2_mppi_controller/include//nav2_mppi_controller/models/trajectories.hpp
-- Symlinking: /home/pi/CaveBot-ros/install/nav2_mppi_controller/include//nav2_mppi_controller/motion_models.hpp
-- Symlinking: /home/pi/CaveBot-ros/install/nav2_mppi_controller/include//nav2_mppi_controller/optimizer.hpp
-- Symlinking: /home/pi/CaveBot-ros/install/nav2_mppi_controller/include//nav2_mppi_controller/tools/noise_generator.hpp
-- Symlinking: /home/pi/CaveBot-ros/install/nav2_mppi_controller/include//nav2_mppi_controller/tools/parameters_handler.hpp
-- Symlinking: /home/pi/CaveBot-ros/install/nav2_mppi_controller/include//nav2_mppi_controller/tools/path_handler.hpp
-- Symlinking: /home/pi/CaveBot-ros/install/nav2_mppi_controller/include//nav2_mppi_controller/tools/trajectory_visualizer.hpp
-- Symlinking: /home/pi/CaveBot-ros/install/nav2_mppi_controller/include//nav2_mppi_controller/tools/utils.hpp
-- Symlinking: /home/pi/CaveBot-ros/install/nav2_mppi_controller/share/nav2_mppi_controller/environment/library_path.sh
-- Symlinking: /home/pi/CaveBot-ros/install/nav2_mppi_controller/share/nav2_mppi_controller/environment/library_path.dsv
-- Symlinking: /home/pi/CaveBot-ros/install/nav2_mppi_controller/share/nav2_mppi_controller//mppic.xml
-- Symlinking: /home/pi/CaveBot-ros/install/nav2_mppi_controller/share/nav2_mppi_controller//critics.xml
-- Symlinking: /home/pi/CaveBot-ros/install/nav2_mppi_controller/share/ament_index/resource_index/package_run_dependencies/nav2_mppi_controller
-- Symlinking: /home/pi/CaveBot-ros/install/nav2_mppi_controller/share/ament_index/resource_index/parent_prefix_path/nav2_mppi_controller
-- Symlinking: /home/pi/CaveBot-ros/install/nav2_mppi_controller/share/nav2_mppi_controller/environment/ament_prefix_path.sh
-- Symlinking: /home/pi/CaveBot-ros/install/nav2_mppi_controller/share/nav2_mppi_controller/environment/ament_prefix_path.dsv
-- Symlinking: /home/pi/CaveBot-ros/install/nav2_mppi_controller/share/nav2_mppi_controller/environment/path.sh
-- Symlinking: /home/pi/CaveBot-ros/install/nav2_mppi_controller/share/nav2_mppi_controller/environment/path.dsv
-- Symlinking: /home/pi/CaveBot-ros/install/nav2_mppi_controller/share/nav2_mppi_controller/local_setup.bash
-- Symlinking: /home/pi/CaveBot-ros/install/nav2_mppi_controller/share/nav2_mppi_controller/local_setup.sh
-- Symlinking: /home/pi/CaveBot-ros/install/nav2_mppi_controller/share/nav2_mppi_controller/local_setup.zsh
-- Symlinking: /home/pi/CaveBot-ros/install/nav2_mppi_controller/share/nav2_mppi_controller/local_setup.dsv
-- Symlinking: /home/pi/CaveBot-ros/install/nav2_mppi_controller/share/nav2_mppi_controller/package.dsv
-- Symlinking: /home/pi/CaveBot-ros/install/nav2_mppi_controller/share/ament_index/resource_index/packages/nav2_mppi_controller
-- Symlinking: /home/pi/CaveBot-ros/install/nav2_mppi_controller/share/ament_index/resource_index/nav2_core__pluginlib__plugin/nav2_mppi_controller
-- Symlinking: /home/pi/CaveBot-ros/install/nav2_mppi_controller/share/ament_index/resource_index/nav2_mppi_controller__pluginlib__plugin/nav2_mppi_controller
-- Symlinking: /home/pi/CaveBot-ros/install/nav2_mppi_controller/share/nav2_mppi_controller/cmake/ament_cmake_export_libraries-extras.cmake
-- Symlinking: /home/pi/CaveBot-ros/install/nav2_mppi_controller/share/nav2_mppi_controller/cmake/ament_cmake_export_dependencies-extras.cmake
-- Symlinking: /home/pi/CaveBot-ros/install/nav2_mppi_controller/share/nav2_mppi_controller/cmake/ament_cmake_export_include_directories-extras.cmake
-- Symlinking: /home/pi/CaveBot-ros/install/nav2_mppi_controller/share/nav2_mppi_controller/cmake/nav2_mppi_controllerConfig.cmake
-- Symlinking: /home/pi/CaveBot-ros/install/nav2_mppi_controller/share/nav2_mppi_controller/cmake/nav2_mppi_controllerConfig-version.cmake
-- Symlinking: /home/pi/CaveBot-ros/install/nav2_mppi_controller/share/nav2_mppi_controller/package.xml
