-- Found ament_cmake_ros: 0.12.0 (/opt/ros/jazzy/share/ament_cmake_ros/cmake)
-- Override CMake install command with custom implementation using symlinks instead of copying resources
-- LTTng found: tracing enabled
-- Found ament_lint_auto: 0.17.3 (/opt/ros/jazzy/share/ament_lint_auto/cmake)
-- Added test 'copyright' to check source files copyright and LICENSE
-- Added test 'cppcheck' to perform static code analysis on C / C++ code
-- Configured cppcheck include dirs: /usr/include/aarch64-linux-gnu
-- Configured cppcheck exclude dirs and/or files: 
-- Added test 'cpplint' to check C / C++ code against the Google style
-- Configured cpplint exclude dirs and/or files: 
-- Added test 'lint_cmake' to check CMake code style
-- Added test 'uncrustify' to check C / C++ code style
-- Configured uncrustify additional arguments: 
-- Added test 'xmllint' to check XML markup files
-- Configuring done (1.3s)
-- Generating done (0.0s)
-- Build files have been written to: /home/pi/CaveBot-ros/build/tracetools_image_pipeline
[ 16%] Building CXX object CMakeFiles/tracetools_image_pipeline.dir/src/utils.cpp.o
[ 33%] Building C object CMakeFiles/tracetools_image_pipeline.dir/src/tracetools.c.o
[ 50%] Building C object CMakeFiles/tracetools_image_pipeline.dir/src/tp_call.c.o
[ 66%] Linking CXX shared library libtracetools_image_pipeline.so
[ 66%] Built target tracetools_image_pipeline
[ 83%] Linking C executable status
[100%] Built target status
-- Install configuration: ""
-- Execute custom install script
-- Up-to-date symlink: /home/pi/CaveBot-ros/install/tracetools_image_pipeline/share/tracetools_image_pipeline/environment/library_path.sh
-- Up-to-date symlink: /home/pi/CaveBot-ros/install/tracetools_image_pipeline/share/tracetools_image_pipeline/environment/library_path.dsv
-- Up-to-date symlink: /home/pi/CaveBot-ros/install/tracetools_image_pipeline/lib/tracetools_image_pipeline/status
-- Up-to-date symlink: /home/pi/CaveBot-ros/install/tracetools_image_pipeline/include/tracetools_image_pipeline/config.h
-- Up-to-date symlink: /home/pi/CaveBot-ros/install/tracetools_image_pipeline/include/tracetools_image_pipeline/tp_call.h
-- Up-to-date symlink: /home/pi/CaveBot-ros/install/tracetools_image_pipeline/include/tracetools_image_pipeline/tracetools.h
-- Up-to-date symlink: /home/pi/CaveBot-ros/install/tracetools_image_pipeline/include/tracetools_image_pipeline/utils.hpp
-- Up-to-date symlink: /home/pi/CaveBot-ros/install/tracetools_image_pipeline/include/tracetools_image_pipeline/visibility_control.hpp
-- Up-to-date symlink: /home/pi/CaveBot-ros/install/tracetools_image_pipeline/share/ament_index/resource_index/package_run_dependencies/tracetools_image_pipeline
-- Up-to-date symlink: /home/pi/CaveBot-ros/install/tracetools_image_pipeline/share/ament_index/resource_index/parent_prefix_path/tracetools_image_pipeline
-- Up-to-date symlink: /home/pi/CaveBot-ros/install/tracetools_image_pipeline/share/tracetools_image_pipeline/environment/ament_prefix_path.sh
-- Up-to-date symlink: /home/pi/CaveBot-ros/install/tracetools_image_pipeline/share/tracetools_image_pipeline/environment/ament_prefix_path.dsv
-- Up-to-date symlink: /home/pi/CaveBot-ros/install/tracetools_image_pipeline/share/tracetools_image_pipeline/environment/path.sh
-- Up-to-date symlink: /home/pi/CaveBot-ros/install/tracetools_image_pipeline/share/tracetools_image_pipeline/environment/path.dsv
-- Up-to-date symlink: /home/pi/CaveBot-ros/install/tracetools_image_pipeline/share/tracetools_image_pipeline/local_setup.bash
-- Up-to-date symlink: /home/pi/CaveBot-ros/install/tracetools_image_pipeline/share/tracetools_image_pipeline/local_setup.sh
-- Up-to-date symlink: /home/pi/CaveBot-ros/install/tracetools_image_pipeline/share/tracetools_image_pipeline/local_setup.zsh
-- Up-to-date symlink: /home/pi/CaveBot-ros/install/tracetools_image_pipeline/share/tracetools_image_pipeline/local_setup.dsv
-- Symlinking: /home/pi/CaveBot-ros/install/tracetools_image_pipeline/share/tracetools_image_pipeline/package.dsv
-- Up-to-date symlink: /home/pi/CaveBot-ros/install/tracetools_image_pipeline/share/ament_index/resource_index/packages/tracetools_image_pipeline
-- Up-to-date symlink: /home/pi/CaveBot-ros/install/tracetools_image_pipeline/share/tracetools_image_pipeline/cmake/ament_cmake_export_targets-extras.cmake
-- Up-to-date symlink: /home/pi/CaveBot-ros/install/tracetools_image_pipeline/share/tracetools_image_pipeline/cmake/ament_cmake_export_include_directories-extras.cmake
-- Up-to-date symlink: /home/pi/CaveBot-ros/install/tracetools_image_pipeline/share/tracetools_image_pipeline/cmake/ament_cmake_export_libraries-extras.cmake
-- Up-to-date symlink: /home/pi/CaveBot-ros/install/tracetools_image_pipeline/share/tracetools_image_pipeline/cmake/ament_cmake_export_link_flags-extras.cmake
-- Up-to-date symlink: /home/pi/CaveBot-ros/install/tracetools_image_pipeline/share/tracetools_image_pipeline/cmake/tracetools_image_pipelineConfig.cmake
-- Up-to-date symlink: /home/pi/CaveBot-ros/install/tracetools_image_pipeline/share/tracetools_image_pipeline/cmake/tracetools_image_pipelineConfig-version.cmake
-- Up-to-date symlink: /home/pi/CaveBot-ros/install/tracetools_image_pipeline/share/tracetools_image_pipeline/package.xml
-- Installing: /home/pi/CaveBot-ros/install/tracetools_image_pipeline/lib/libtracetools_image_pipeline.so
-- Up-to-date: /home/pi/CaveBot-ros/install/tracetools_image_pipeline/share/tracetools_image_pipeline/cmake/tracetools_image_pipeline_exportExport.cmake
-- Up-to-date: /home/pi/CaveBot-ros/install/tracetools_image_pipeline/share/tracetools_image_pipeline/cmake/tracetools_image_pipeline_exportExport-noconfig.cmake
