[3.865s] Invoking command in '/home/pi/CaveBot-ros/build/nav2_simple_commander': AMENT_PREFIX_PATH=/home/pi/CaveBot-ros/install/nav2_msgs:/home/pi/CaveBot-ros/install/nav2_common:${AMENT_PREFIX_PATH} CMAKE_PREFIX_PATH=/home/pi/CaveBot-ros/install/nav2_msgs:/home/pi/CaveBot-ros/install/nav2_common:${CMAKE_PREFIX_PATH} DEBUGINFOD_URLS=https://debuginfod.ubuntu.com LD_LIBRARY_PATH=/home/pi/CaveBot-ros/install/nav2_msgs/lib:${LD_LIBRARY_PATH} PYTHONPATH=/home/pi/CaveBot-ros/build/nav2_simple_commander/prefix_override:/usr/lib/python3/dist-packages/colcon_core/task/python/colcon_distutils_commands:/home/pi/CaveBot-ros/install/nav2_simple_commander/lib/python3.12/site-packages:/home/pi/CaveBot-ros/install/nav2_msgs/lib/python3.12/site-packages:/home/pi/CaveBot-ros/install/nav2_common/lib/python3.12/site-packages:${PYTHONPATH} /usr/bin/python3 -W ignore:setup.py install is deprecated -W ignore:easy_install command is deprecated setup.py develop --editable --build-directory /home/pi/CaveBot-ros/build/nav2_simple_commander/build --no-deps symlink_data
[4.664s] running develop
[5.262s] running egg_info
[5.263s] creating nav2_simple_commander.egg-info
[5.322s] writing nav2_simple_commander.egg-info/PKG-INFO
[5.323s] writing dependency_links to nav2_simple_commander.egg-info/dependency_links.txt
[5.325s] writing entry points to nav2_simple_commander.egg-info/entry_points.txt
[5.325s] writing requirements to nav2_simple_commander.egg-info/requires.txt
[5.325s] writing top-level names to nav2_simple_commander.egg-info/top_level.txt
[5.325s] writing manifest file 'nav2_simple_commander.egg-info/SOURCES.txt'
[5.423s] reading manifest file 'nav2_simple_commander.egg-info/SOURCES.txt'
[5.428s] writing manifest file 'nav2_simple_commander.egg-info/SOURCES.txt'
[5.478s] running build_ext
[5.478s] Creating /home/pi/CaveBot-ros/install/nav2_simple_commander/lib/python3.12/site-packages/nav2-simple-commander.egg-link (link to .)
[5.482s] Installing demo_inspection script to /home/pi/CaveBot-ros/install/nav2_simple_commander/lib/nav2_simple_commander
[5.482s] Installing demo_picking script to /home/pi/CaveBot-ros/install/nav2_simple_commander/lib/nav2_simple_commander
[5.482s] Installing demo_recoveries script to /home/pi/CaveBot-ros/install/nav2_simple_commander/lib/nav2_simple_commander
[5.483s] Installing demo_security script to /home/pi/CaveBot-ros/install/nav2_simple_commander/lib/nav2_simple_commander
[5.488s] Installing example_assisted_teleop script to /home/pi/CaveBot-ros/install/nav2_simple_commander/lib/nav2_simple_commander
[5.489s] Installing example_follow_path script to /home/pi/CaveBot-ros/install/nav2_simple_commander/lib/nav2_simple_commander
[5.489s] Installing example_nav_through_poses script to /home/pi/CaveBot-ros/install/nav2_simple_commander/lib/nav2_simple_commander
[5.489s] Installing example_nav_to_pose script to /home/pi/CaveBot-ros/install/nav2_simple_commander/lib/nav2_simple_commander
[5.489s] Installing example_waypoint_follower script to /home/pi/CaveBot-ros/install/nav2_simple_commander/lib/nav2_simple_commander
[5.489s] 
[5.489s] Installed /home/pi/CaveBot-ros/build/nav2_simple_commander
[5.495s] running symlink_data
[5.495s] creating /home/pi/CaveBot-ros/install/nav2_simple_commander/share/ament_index
[5.495s] creating /home/pi/CaveBot-ros/install/nav2_simple_commander/share/ament_index/resource_index
[5.495s] creating /home/pi/CaveBot-ros/install/nav2_simple_commander/share/ament_index/resource_index/packages
[5.496s] symbolically linking /home/pi/CaveBot-ros/build/nav2_simple_commander/resource/nav2_simple_commander -> /home/pi/CaveBot-ros/install/nav2_simple_commander/share/ament_index/resource_index/packages
[5.496s] symbolically linking /home/pi/CaveBot-ros/build/nav2_simple_commander/package.xml -> /home/pi/CaveBot-ros/install/nav2_simple_commander/share/nav2_simple_commander
[5.496s] symbolically linking /home/pi/CaveBot-ros/build/nav2_simple_commander/launch/nav_through_poses_example_launch.py -> /home/pi/CaveBot-ros/install/nav2_simple_commander/share/nav2_simple_commander
[5.496s] symbolically linking /home/pi/CaveBot-ros/build/nav2_simple_commander/launch/inspection_demo_launch.py -> /home/pi/CaveBot-ros/install/nav2_simple_commander/share/nav2_simple_commander
[5.496s] symbolically linking /home/pi/CaveBot-ros/build/nav2_simple_commander/launch/picking_demo_launch.py -> /home/pi/CaveBot-ros/install/nav2_simple_commander/share/nav2_simple_commander
[5.496s] symbolically linking /home/pi/CaveBot-ros/build/nav2_simple_commander/launch/security_demo_launch.py -> /home/pi/CaveBot-ros/install/nav2_simple_commander/share/nav2_simple_commander
[5.496s] symbolically linking /home/pi/CaveBot-ros/build/nav2_simple_commander/launch/recoveries_example_launch.py -> /home/pi/CaveBot-ros/install/nav2_simple_commander/share/nav2_simple_commander
[5.496s] symbolically linking /home/pi/CaveBot-ros/build/nav2_simple_commander/launch/waypoint_follower_example_launch.py -> /home/pi/CaveBot-ros/install/nav2_simple_commander/share/nav2_simple_commander
[5.503s] symbolically linking /home/pi/CaveBot-ros/build/nav2_simple_commander/launch/nav_to_pose_example_launch.py -> /home/pi/CaveBot-ros/install/nav2_simple_commander/share/nav2_simple_commander
[5.503s] symbolically linking /home/pi/CaveBot-ros/build/nav2_simple_commander/launch/assisted_teleop_example_launch.py -> /home/pi/CaveBot-ros/install/nav2_simple_commander/share/nav2_simple_commander
[5.503s] symbolically linking /home/pi/CaveBot-ros/build/nav2_simple_commander/launch/follow_path_example_launch.py -> /home/pi/CaveBot-ros/install/nav2_simple_commander/share/nav2_simple_commander
[5.636s] Invoked command in '/home/pi/CaveBot-ros/build/nav2_simple_commander' returned '0': AMENT_PREFIX_PATH=/home/pi/CaveBot-ros/install/nav2_msgs:/home/pi/CaveBot-ros/install/nav2_common:${AMENT_PREFIX_PATH} CMAKE_PREFIX_PATH=/home/pi/CaveBot-ros/install/nav2_msgs:/home/pi/CaveBot-ros/install/nav2_common:${CMAKE_PREFIX_PATH} DEBUGINFOD_URLS=https://debuginfod.ubuntu.com LD_LIBRARY_PATH=/home/pi/CaveBot-ros/install/nav2_msgs/lib:${LD_LIBRARY_PATH} PYTHONPATH=/home/pi/CaveBot-ros/build/nav2_simple_commander/prefix_override:/usr/lib/python3/dist-packages/colcon_core/task/python/colcon_distutils_commands:/home/pi/CaveBot-ros/install/nav2_simple_commander/lib/python3.12/site-packages:/home/pi/CaveBot-ros/install/nav2_msgs/lib/python3.12/site-packages:/home/pi/CaveBot-ros/install/nav2_common/lib/python3.12/site-packages:${PYTHONPATH} /usr/bin/python3 -W ignore:setup.py install is deprecated -W ignore:easy_install command is deprecated setup.py develop --editable --build-directory /home/pi/CaveBot-ros/build/nav2_simple_commander/build --no-deps symlink_data
