-- The C compiler identification is GNU 13.3.0
-- The CXX compiler identification is GNU 13.3.0
-- Detecting C compiler ABI info
-- Detecting C compiler ABI info - done
-- Check for working C compiler: /usr/bin/cc - skipped
-- Detecting C compile features
-- Detecting C compile features - done
-- Detecting CXX compiler ABI info
-- Detecting CXX compiler ABI info - done
-- Check for working CXX compiler: /usr/bin/c++ - skipped
-- Detecting CXX compile features
-- Detecting CXX compile features - done
-- Found ament_cmake: 2.5.4 (/opt/ros/jazzy/share/ament_cmake/cmake)
-- Found Python3: /usr/bin/python3 (found version "3.12.3") found components: Interpreter 
-- Override CMake install command with custom implementation using symlinks instead of copying resources
-- Found nav2_common: 1.3.10 (/home/pi/CaveBot-ros/install/nav2_common/share/nav2_common/cmake)
-- Found rclcpp: 28.1.12 (/opt/ros/jazzy/share/rclcpp/cmake)
-- Found rosidl_generator_c: 4.6.6 (/opt/ros/jazzy/share/rosidl_generator_c/cmake)
-- Found rosidl_generator_cpp: 4.6.6 (/opt/ros/jazzy/share/rosidl_generator_cpp/cmake)
-- Using all available rosidl_typesupport_c: rosidl_typesupport_fastrtps_c;rosidl_typesupport_introspection_c
-- Using all available rosidl_typesupport_cpp: rosidl_typesupport_fastrtps_cpp;rosidl_typesupport_introspection_cpp
-- Found rmw_implementation_cmake: 7.3.2 (/opt/ros/jazzy/share/rmw_implementation_cmake/cmake)
-- Found rmw_fastrtps_cpp: 8.4.3 (/opt/ros/jazzy/share/rmw_fastrtps_cpp/cmake)
-- Found OpenSSL: /usr/lib/aarch64-linux-gnu/libcrypto.so (found version "3.0.13")  
-- Found FastRTPS: /opt/ros/jazzy/include (Required is at least version "2.13") 
-- Using RMW implementation 'rmw_fastrtps_cpp' as default
-- Found rclcpp_lifecycle: 28.1.12 (/opt/ros/jazzy/share/rclcpp_lifecycle/cmake)
-- Found rclcpp_components: 28.1.12 (/opt/ros/jazzy/share/rclcpp_components/cmake)
-- Found nav_msgs: 5.3.6 (/opt/ros/jazzy/share/nav_msgs/cmake)
-- Found nav2_msgs: 1.3.10 (/home/pi/CaveBot-ros/install/nav2_msgs/share/nav2_msgs/cmake)
-- Found yaml_cpp_vendor: 9.0.1 (/opt/ros/jazzy/share/yaml_cpp_vendor/cmake)
-- Setting yaml-cpp_DIR to: '/opt/ros/jazzy/share/yaml_cpp_vendor/cmake/../../../opt/yaml_cpp_vendor/share/cmake/yaml-cpp'
-- Found tf2: 0.36.14 (/opt/ros/jazzy/share/tf2/cmake)
-- Found nav2_util: 1.3.10 (/home/pi/CaveBot-ros/install/nav2_util/share/nav2_util/cmake)
-- Found eigen3_cmake_module: 0.3.0 (/opt/ros/jazzy/share/eigen3_cmake_module/cmake)
-- Found Eigen3: TRUE (found version "3.4.0") 
-- Ensuring Eigen3 include directory is part of orocos-kdl CMake target
-- Found GRAPHICSMAGICKCPP: /usr/include/GraphicsMagick  
-- Setting build type to Release as none was specified.
-- Found ament_lint_auto: 0.17.3 (/opt/ros/jazzy/share/ament_lint_auto/cmake)
-- Found gtest sources under '/opt/ros/jazzy/src/gtest_vendor': C++ tests using 'Google Test' will be built
-- Performing Test CMAKE_HAVE_LIBC_PTHREAD
-- Performing Test CMAKE_HAVE_LIBC_PTHREAD - Success
-- Found Threads: TRUE  
-- Found gtest sources under '/opt/ros/jazzy/src/gtest_vendor': C++ tests using 'Google Test' will be built
-- Found gtest sources under '/opt/ros/jazzy/src/gtest_vendor': C++ tests using 'Google Test' will be built
-- Added test 'cppcheck' to perform static code analysis on C / C++ code
-- Configured cppcheck include dirs: /home/pi/CaveBot-ros/src/navigation2/nav2_map_server/include
-- Configured cppcheck exclude dirs and/or files: 
-- Added test 'cpplint' to check C / C++ code against the Google style
-- Configured cpplint exclude dirs and/or files: 
-- Added test 'flake8' to check Python code syntax and style conventions
-- Configured 'flake8' exclude dirs and/or files: 
-- Added test 'lint_cmake' to check CMake code style
-- Added test 'pep257' to check Python code against some of the docstring style conventions in PEP 257
-- Added test 'uncrustify' to check C / C++ code style
-- Configured uncrustify additional arguments: 
-- Added test 'xmllint' to check XML markup files
-- Configuring done (8.7s)
-- Generating done (0.5s)
-- Build files have been written to: /home/pi/CaveBot-ros/build/nav2_map_server
[  2%] Building CXX object CMakeFiles/map_io.dir/src/map_mode.cpp.o
[  5%] Building CXX object CMakeFiles/map_io.dir/src/map_io.cpp.o
[  8%] Linking CXX shared library libmap_io.so
[  8%] Built target map_io
[ 11%] Building CXX object gtest/CMakeFiles/gtest.dir/src/gtest-all.cc.o
[ 13%] Linking CXX static library libgtest.a
[ 13%] Built target gtest
[ 16%] Building CXX object test/component/CMakeFiles/test_map_saver_publisher.dir/test_map_saver_publisher.cpp.o
[ 19%] Building CXX object test/component/CMakeFiles/test_map_saver_publisher.dir/__/test_constants.cpp.o
[ 22%] Linking CXX executable test_map_saver_publisher
[ 22%] Built target test_map_saver_publisher
[ 25%] Building CXX object CMakeFiles/map_server_core.dir/src/map_server/map_server.cpp.o
[ 27%] Building CXX object CMakeFiles/map_server_core.dir/src/costmap_filter_info/costmap_filter_info_server.cpp.o
[ 30%] Building CXX object CMakeFiles/map_server_core.dir/src/map_saver/map_saver.cpp.o
[ 33%] Linking CXX shared library libmap_server_core.so
[ 33%] Built target map_server_core
[ 36%] Building CXX object gtest/CMakeFiles/gtest_main.dir/src/gtest_main.cc.o
[ 38%] Linking CXX static library libgtest_main.a
[ 38%] Built target gtest_main
[ 41%] Building CXX object CMakeFiles/map_saver_server.dir/src/map_saver/main_server.cpp.o
[ 44%] Linking CXX executable map_saver_server
[ 44%] Built target map_saver_server
[ 47%] Building CXX object CMakeFiles/costmap_filter_info_server.dir/src/costmap_filter_info/main.cpp.o
[ 50%] Linking CXX executable costmap_filter_info_server
[ 50%] Built target costmap_filter_info_server
[ 52%] Building CXX object test/unit/CMakeFiles/test_map_io.dir/test_map_io.cpp.o
[ 55%] Building CXX object test/unit/CMakeFiles/test_map_io.dir/__/test_constants.cpp.o
[ 58%] Linking CXX executable test_map_io
[ 58%] Built target test_map_io
[ 61%] Building CXX object test/unit/CMakeFiles/test_costmap_filter_info_server.dir/test_costmap_filter_info_server.cpp.o
[ 63%] Linking CXX executable test_costmap_filter_info_server
[ 63%] Built target test_costmap_filter_info_server
[ 66%] Building CXX object test/component/CMakeFiles/test_map_server_node.dir/test_map_server_node.cpp.o
[ 69%] Building CXX object test/component/CMakeFiles/test_map_server_node.dir/__/test_constants.cpp.o
[ 72%] Linking CXX executable test_map_server_node
[ 72%] Built target test_map_server_node
[ 75%] Building CXX object test/component/CMakeFiles/test_map_saver_node.dir/test_map_saver_node.cpp.o
[ 77%] Building CXX object test/component/CMakeFiles/test_map_saver_node.dir/__/test_constants.cpp.o
[ 80%] Linking CXX executable test_map_saver_node
[ 80%] Built target test_map_saver_node
[ 83%] Building CXX object test/map_saver_cli/CMakeFiles/test_map_saver_cli.dir/test_map_saver_cli.cpp.o
[ 86%] Building CXX object test/map_saver_cli/CMakeFiles/test_map_saver_cli.dir/__/test_constants.cpp.o
[ 88%] Linking CXX executable test_map_saver_cli
[ 88%] Built target test_map_saver_cli
[ 91%] Building CXX object CMakeFiles/map_saver_cli.dir/src/map_saver/main_cli.cpp.o
[ 94%] Linking CXX executable map_saver_cli
[ 94%] Built target map_saver_cli
[ 97%] Building CXX object CMakeFiles/map_server.dir/src/map_server/main.cpp.o
[100%] Linking CXX executable map_server
[100%] Built target map_server
-- Install configuration: "Release"
-- Execute custom install script
-- Symlinking: /home/pi/CaveBot-ros/install/nav2_map_server/lib/libmap_server_core.so
-- Symlinking: /home/pi/CaveBot-ros/install/nav2_map_server/lib/libmap_io.so
-- Symlinking: /home/pi/CaveBot-ros/install/nav2_map_server/lib/nav2_map_server/map_server
-- Symlinking: /home/pi/CaveBot-ros/install/nav2_map_server/lib/nav2_map_server/map_saver_cli
-- Symlinking: /home/pi/CaveBot-ros/install/nav2_map_server/lib/nav2_map_server/map_saver_server
-- Symlinking: /home/pi/CaveBot-ros/install/nav2_map_server/lib/nav2_map_server/costmap_filter_info_server
-- Symlinking: /home/pi/CaveBot-ros/install/nav2_map_server/include//nav2_map_server/costmap_filter_info_server.hpp
-- Symlinking: /home/pi/CaveBot-ros/install/nav2_map_server/include//nav2_map_server/map_io.hpp
-- Symlinking: /home/pi/CaveBot-ros/install/nav2_map_server/include//nav2_map_server/map_mode.hpp
-- Symlinking: /home/pi/CaveBot-ros/install/nav2_map_server/include//nav2_map_server/map_saver.hpp
-- Symlinking: /home/pi/CaveBot-ros/install/nav2_map_server/include//nav2_map_server/map_server.hpp
-- Symlinking: /home/pi/CaveBot-ros/install/nav2_map_server/share/nav2_map_server/launch/map_saver_server.launch.py
-- Symlinking: /home/pi/CaveBot-ros/install/nav2_map_server/share/nav2_map_server/environment/library_path.sh
-- Symlinking: /home/pi/CaveBot-ros/install/nav2_map_server/share/nav2_map_server/environment/library_path.dsv
-- Symlinking: /home/pi/CaveBot-ros/install/nav2_map_server/share/ament_index/resource_index/package_run_dependencies/nav2_map_server
-- Symlinking: /home/pi/CaveBot-ros/install/nav2_map_server/share/ament_index/resource_index/parent_prefix_path/nav2_map_server
-- Symlinking: /home/pi/CaveBot-ros/install/nav2_map_server/share/nav2_map_server/environment/ament_prefix_path.sh
-- Symlinking: /home/pi/CaveBot-ros/install/nav2_map_server/share/nav2_map_server/environment/ament_prefix_path.dsv
-- Symlinking: /home/pi/CaveBot-ros/install/nav2_map_server/share/nav2_map_server/environment/path.sh
-- Symlinking: /home/pi/CaveBot-ros/install/nav2_map_server/share/nav2_map_server/environment/path.dsv
-- Symlinking: /home/pi/CaveBot-ros/install/nav2_map_server/share/nav2_map_server/local_setup.bash
-- Symlinking: /home/pi/CaveBot-ros/install/nav2_map_server/share/nav2_map_server/local_setup.sh
-- Symlinking: /home/pi/CaveBot-ros/install/nav2_map_server/share/nav2_map_server/local_setup.zsh
-- Symlinking: /home/pi/CaveBot-ros/install/nav2_map_server/share/nav2_map_server/local_setup.dsv
-- Symlinking: /home/pi/CaveBot-ros/install/nav2_map_server/share/nav2_map_server/package.dsv
-- Symlinking: /home/pi/CaveBot-ros/install/nav2_map_server/share/ament_index/resource_index/packages/nav2_map_server
-- Symlinking: /home/pi/CaveBot-ros/install/nav2_map_server/share/ament_index/resource_index/rclcpp_components/nav2_map_server
-- Symlinking: /home/pi/CaveBot-ros/install/nav2_map_server/share/nav2_map_server/cmake/ament_cmake_export_include_directories-extras.cmake
-- Symlinking: /home/pi/CaveBot-ros/install/nav2_map_server/share/nav2_map_server/cmake/ament_cmake_export_libraries-extras.cmake
-- Symlinking: /home/pi/CaveBot-ros/install/nav2_map_server/share/nav2_map_server/cmake/ament_cmake_export_dependencies-extras.cmake
-- Symlinking: /home/pi/CaveBot-ros/install/nav2_map_server/share/nav2_map_server/cmake/nav2_map_serverConfig.cmake
-- Symlinking: /home/pi/CaveBot-ros/install/nav2_map_server/share/nav2_map_server/cmake/nav2_map_serverConfig-version.cmake
-- Symlinking: /home/pi/CaveBot-ros/install/nav2_map_server/share/nav2_map_server/package.xml
