-- The C compiler identification is GNU 13.3.0
-- The CXX compiler identification is GNU 13.3.0
-- Detecting C compiler ABI info
-- Detecting C compiler ABI info - done
-- Check for working C compiler: /usr/bin/cc - skipped
-- Detecting C compile features
-- Detecting C compile features - done
-- Detecting CXX compiler ABI info
-- Detecting CXX compiler ABI info - done
-- Check for working CXX compiler: /usr/bin/c++ - skipped
-- Detecting CXX compile features
-- Detecting CXX compile features - done
-- Found ament_cmake_ros: 0.12.0 (/opt/ros/jazzy/share/ament_cmake_ros/cmake)
-- Found Python3: /usr/bin/python3 (found version "3.12.3") found components: Interpreter 
-- Override CMake install command with custom implementation using symlinks instead of copying resources
-- Found image_geometry: 4.1.0 (/opt/ros/jazzy/share/image_geometry/cmake)
-- Found rosidl_generator_c: 4.6.6 (/opt/ros/jazzy/share/rosidl_generator_c/cmake)
-- Found rosidl_generator_cpp: 4.6.6 (/opt/ros/jazzy/share/rosidl_generator_cpp/cmake)
-- Using all available rosidl_typesupport_c: rosidl_typesupport_fastrtps_c;rosidl_typesupport_introspection_c
-- Using all available rosidl_typesupport_cpp: rosidl_typesupport_fastrtps_cpp;rosidl_typesupport_introspection_cpp
-- Found OpenCV: /usr (found version "4.6.0") found components: core 
-- Found rclcpp: 28.1.12 (/opt/ros/jazzy/share/rclcpp/cmake)
-- Found rmw_implementation_cmake: 7.3.2 (/opt/ros/jazzy/share/rmw_implementation_cmake/cmake)
-- Found rmw_fastrtps_cpp: 8.4.3 (/opt/ros/jazzy/share/rmw_fastrtps_cpp/cmake)
-- Found OpenSSL: /usr/lib/aarch64-linux-gnu/libcrypto.so (found version "3.0.13")  
-- Found FastRTPS: /opt/ros/jazzy/include (Required is at least version "2.13") 
-- Using RMW implementation 'rmw_fastrtps_cpp' as default
-- Found rclcpp_components: 28.1.12 (/opt/ros/jazzy/share/rclcpp_components/cmake)
-- Performing Test COMPILER_HAS_HIDDEN_VISIBILITY
-- Performing Test COMPILER_HAS_HIDDEN_VISIBILITY - Success
-- Performing Test COMPILER_HAS_HIDDEN_INLINE_VISIBILITY
-- Performing Test COMPILER_HAS_HIDDEN_INLINE_VISIBILITY - Success
-- Performing Test COMPILER_HAS_DEPRECATED_ATTR
-- Performing Test COMPILER_HAS_DEPRECATED_ATTR - Success
-- Found ament_lint_auto: 0.17.3 (/opt/ros/jazzy/share/ament_lint_auto/cmake)
-- Found gtest sources under '/opt/ros/jazzy/src/gtest_vendor': C++ tests using 'Google Test' will be built
-- Performing Test CMAKE_HAVE_LIBC_PTHREAD
-- Performing Test CMAKE_HAVE_LIBC_PTHREAD - Success
-- Found Threads: TRUE  
-- Added test 'copyright' to check source files copyright and LICENSE
-- Added test 'cppcheck' to perform static code analysis on C / C++ code
-- Configured cppcheck include dirs: $<BUILD_INTERFACE:/home/pi/CaveBot-ros/src/depthimage_to_laserscan/include>
-- Configured cppcheck exclude dirs and/or files: 
-- Added test 'cpplint' to check C / C++ code against the Google style
-- Configured cpplint exclude dirs and/or files: 
-- Added test 'flake8' to check Python code syntax and style conventions
-- Configured 'flake8' exclude dirs and/or files: 
-- Added test 'lint_cmake' to check CMake code style
-- Added test 'pep257' to check Python code against some of the docstring style conventions in PEP 257
-- Added test 'uncrustify' to check C / C++ code style
-- Configured uncrustify additional arguments: 
-- Added test 'xmllint' to check XML markup files
-- Configuring done (4.9s)
-- Generating done (0.1s)
-- Build files have been written to: /home/pi/CaveBot-ros/build/depthimage_to_laserscan
[  8%] Building CXX object CMakeFiles/DepthImageToLaserScan.dir/src/DepthImageToLaserScan.cpp.o
[ 16%] Linking CXX shared library libDepthImageToLaserScan.so
[ 16%] Built target DepthImageToLaserScan
[ 25%] Building CXX object gtest/CMakeFiles/gtest.dir/src/gtest-all.cc.o
[ 33%] Linking CXX static library libgtest.a
[ 33%] Built target gtest
[ 41%] Building CXX object CMakeFiles/DepthImageToLaserScanROS.dir/src/DepthImageToLaserScanROS.cpp.o
[ 50%] Linking CXX shared library libDepthImageToLaserScanROS.so
[ 50%] Built target DepthImageToLaserScanROS
[ 58%] Building CXX object gtest/CMakeFiles/gtest_main.dir/src/gtest_main.cc.o
[ 66%] Linking CXX static library libgtest_main.a
[ 66%] Built target gtest_main
[ 75%] Building CXX object CMakeFiles/depthimage_to_laserscan_node.dir/src/depthimage_to_laserscan.cpp.o
[ 83%] Linking CXX executable depthimage_to_laserscan_node
[ 83%] Built target depthimage_to_laserscan_node
[ 91%] Building CXX object CMakeFiles/depthimage_to_laserscan-test.dir/test/DepthImageToLaserScanTest.cpp.o
[100%] Linking CXX executable depthimage_to_laserscan-test
[100%] Built target depthimage_to_laserscan-test
-- Install configuration: ""
-- Execute custom install script
-- Symlinking: /home/pi/CaveBot-ros/install/depthimage_to_laserscan/include/depthimage_to_laserscan/depthimage_to_laserscan/DepthImageToLaserScan.hpp
-- Symlinking: /home/pi/CaveBot-ros/install/depthimage_to_laserscan/include/depthimage_to_laserscan/depthimage_to_laserscan/DepthImageToLaserScanROS.hpp
-- Symlinking: /home/pi/CaveBot-ros/install/depthimage_to_laserscan/include/depthimage_to_laserscan/depthimage_to_laserscan/depth_traits.hpp
-- Symlinking: /home/pi/CaveBot-ros/install/depthimage_to_laserscan/share/depthimage_to_laserscan//launch/depthimage_to_laserscan-launch.py
-- Symlinking: /home/pi/CaveBot-ros/install/depthimage_to_laserscan/share/depthimage_to_laserscan//launch/depthimage_to_laserscan_composed-launch.py
-- Symlinking: /home/pi/CaveBot-ros/install/depthimage_to_laserscan/share/depthimage_to_laserscan//cfg/param.yaml
-- Symlinking: /home/pi/CaveBot-ros/install/depthimage_to_laserscan/lib/depthimage_to_laserscan/depthimage_to_laserscan_node
-- Symlinking: /home/pi/CaveBot-ros/install/depthimage_to_laserscan/include/depthimage_to_laserscan/depthimage_to_laserscan/DepthImageToLaserScan_export.h
-- Symlinking: /home/pi/CaveBot-ros/install/depthimage_to_laserscan/include/depthimage_to_laserscan/depthimage_to_laserscan/DepthImageToLaserScanROS_export.h
-- Symlinking: /home/pi/CaveBot-ros/install/depthimage_to_laserscan/share/depthimage_to_laserscan/environment/library_path.sh
-- Symlinking: /home/pi/CaveBot-ros/install/depthimage_to_laserscan/share/depthimage_to_laserscan/environment/library_path.dsv
-- Symlinking: /home/pi/CaveBot-ros/install/depthimage_to_laserscan/share/ament_index/resource_index/package_run_dependencies/depthimage_to_laserscan
-- Symlinking: /home/pi/CaveBot-ros/install/depthimage_to_laserscan/share/ament_index/resource_index/parent_prefix_path/depthimage_to_laserscan
-- Symlinking: /home/pi/CaveBot-ros/install/depthimage_to_laserscan/share/depthimage_to_laserscan/environment/ament_prefix_path.sh
-- Symlinking: /home/pi/CaveBot-ros/install/depthimage_to_laserscan/share/depthimage_to_laserscan/environment/ament_prefix_path.dsv
-- Symlinking: /home/pi/CaveBot-ros/install/depthimage_to_laserscan/share/depthimage_to_laserscan/environment/path.sh
-- Symlinking: /home/pi/CaveBot-ros/install/depthimage_to_laserscan/share/depthimage_to_laserscan/environment/path.dsv
-- Symlinking: /home/pi/CaveBot-ros/install/depthimage_to_laserscan/share/depthimage_to_laserscan/local_setup.bash
-- Symlinking: /home/pi/CaveBot-ros/install/depthimage_to_laserscan/share/depthimage_to_laserscan/local_setup.sh
-- Symlinking: /home/pi/CaveBot-ros/install/depthimage_to_laserscan/share/depthimage_to_laserscan/local_setup.zsh
-- Symlinking: /home/pi/CaveBot-ros/install/depthimage_to_laserscan/share/depthimage_to_laserscan/local_setup.dsv
-- Symlinking: /home/pi/CaveBot-ros/install/depthimage_to_laserscan/share/depthimage_to_laserscan/package.dsv
-- Symlinking: /home/pi/CaveBot-ros/install/depthimage_to_laserscan/share/ament_index/resource_index/packages/depthimage_to_laserscan
-- Symlinking: /home/pi/CaveBot-ros/install/depthimage_to_laserscan/share/ament_index/resource_index/rclcpp_components/depthimage_to_laserscan
-- Symlinking: /home/pi/CaveBot-ros/install/depthimage_to_laserscan/share/depthimage_to_laserscan/cmake/ament_cmake_export_include_directories-extras.cmake
-- Symlinking: /home/pi/CaveBot-ros/install/depthimage_to_laserscan/share/depthimage_to_laserscan/cmake/ament_cmake_export_libraries-extras.cmake
-- Symlinking: /home/pi/CaveBot-ros/install/depthimage_to_laserscan/share/depthimage_to_laserscan/cmake/ament_cmake_export_targets-extras.cmake
-- Symlinking: /home/pi/CaveBot-ros/install/depthimage_to_laserscan/share/depthimage_to_laserscan/cmake/ament_cmake_export_dependencies-extras.cmake
-- Symlinking: /home/pi/CaveBot-ros/install/depthimage_to_laserscan/share/depthimage_to_laserscan/cmake/depthimage_to_laserscanConfig.cmake
-- Symlinking: /home/pi/CaveBot-ros/install/depthimage_to_laserscan/share/depthimage_to_laserscan/cmake/depthimage_to_laserscanConfig-version.cmake
-- Symlinking: /home/pi/CaveBot-ros/install/depthimage_to_laserscan/share/depthimage_to_laserscan/package.xml
-- Installing: /home/pi/CaveBot-ros/install/depthimage_to_laserscan/lib/libDepthImageToLaserScan.so
-- Set non-toolchain portion of runtime path of "/home/pi/CaveBot-ros/install/depthimage_to_laserscan/lib/libDepthImageToLaserScan.so" to ""
-- Installing: /home/pi/CaveBot-ros/install/depthimage_to_laserscan/lib/libDepthImageToLaserScanROS.so
-- Set non-toolchain portion of runtime path of "/home/pi/CaveBot-ros/install/depthimage_to_laserscan/lib/libDepthImageToLaserScanROS.so" to ""
-- Installing: /home/pi/CaveBot-ros/install/depthimage_to_laserscan/share/depthimage_to_laserscan/cmake/export_depthimage_to_laserscanExport.cmake
-- Installing: /home/pi/CaveBot-ros/install/depthimage_to_laserscan/share/depthimage_to_laserscan/cmake/export_depthimage_to_laserscanExport-noconfig.cmake
