-- The C compiler identification is GNU 13.3.0
-- The CXX compiler identification is GNU 13.3.0
-- Detecting C compiler ABI info
-- Detecting C compiler ABI info - done
-- Check for working C compiler: /usr/bin/cc - skipped
-- Detecting C compile features
-- Detecting C compile features - done
-- Detecting CXX compiler ABI info
-- Detecting CXX compiler ABI info - done
-- Check for working CXX compiler: /usr/bin/c++ - skipped
-- Detecting CXX compile features
-- Detecting CXX compile features - done
-- Found ament_cmake: 2.5.4 (/opt/ros/jazzy/share/ament_cmake/cmake)
-- Found Python3: /usr/bin/python3 (found version "3.12.3") found components: Interpreter 
-- Override CMake install command with custom implementation using symlinks instead of copying resources
-- Found nav2_common: 1.3.10 (/home/pi/CaveBot-ros/install/nav2_common/share/nav2_common/cmake)
-- Found angles: 1.16.1 (/opt/ros/jazzy/share/angles/cmake)
-- Found dwb_core: 1.3.10 (/home/pi/CaveBot-ros/install/dwb_core/share/dwb_core/cmake)
-- Found rosidl_generator_c: 4.6.6 (/opt/ros/jazzy/share/rosidl_generator_c/cmake)
-- Found rosidl_generator_cpp: 4.6.6 (/opt/ros/jazzy/share/rosidl_generator_cpp/cmake)
-- Using all available rosidl_typesupport_c: rosidl_typesupport_fastrtps_c;rosidl_typesupport_introspection_c
-- Using all available rosidl_typesupport_cpp: rosidl_typesupport_fastrtps_cpp;rosidl_typesupport_introspection_cpp
-- Found rmw_implementation_cmake: 7.3.2 (/opt/ros/jazzy/share/rmw_implementation_cmake/cmake)
-- Found rmw_fastrtps_cpp: 8.4.3 (/opt/ros/jazzy/share/rmw_fastrtps_cpp/cmake)
-- Found OpenSSL: /usr/lib/aarch64-linux-gnu/libcrypto.so (found version "3.0.13")  
-- Found FastRTPS: /opt/ros/jazzy/include (Required is at least version "2.13") 
-- Using RMW implementation 'rmw_fastrtps_cpp' as default
-- Found eigen3_cmake_module: 0.3.0 (/opt/ros/jazzy/share/eigen3_cmake_module/cmake)
-- Found Eigen3: TRUE (found version "3.4.0") 
-- Ensuring Eigen3 include directory is part of orocos-kdl CMake target
-- Setting build type to Release as none was specified.
-- Found ament_lint_auto: 0.17.3 (/opt/ros/jazzy/share/ament_lint_auto/cmake)
-- Found gtest sources under '/opt/ros/jazzy/src/gtest_vendor': C++ tests using 'Google Test' will be built
-- Performing Test CMAKE_HAVE_LIBC_PTHREAD
-- Performing Test CMAKE_HAVE_LIBC_PTHREAD - Success
-- Found Threads: TRUE  
-- Added test 'cppcheck' to perform static code analysis on C / C++ code
-- Configured cppcheck include dirs: /home/pi/CaveBot-ros/src/navigation2/nav2_dwb_controller/dwb_plugins/include
-- Configured cppcheck exclude dirs and/or files: 
-- Added test 'cpplint' to check C / C++ code against the Google style
-- Configured cpplint exclude dirs and/or files: 
-- Added test 'lint_cmake' to check CMake code style
-- Added test 'uncrustify' to check C / C++ code style
-- Configured uncrustify additional arguments: 
-- Added test 'xmllint' to check XML markup files
-- Configuring done (6.4s)
-- Generating done (0.7s)
-- Build files have been written to: /home/pi/CaveBot-ros/build/dwb_plugins
[  5%] Building CXX object CMakeFiles/standard_traj_generator.dir/src/standard_traj_generator.cpp.o
[ 11%] Building CXX object CMakeFiles/standard_traj_generator.dir/src/limited_accel_generator.cpp.o
[ 17%] Building CXX object CMakeFiles/standard_traj_generator.dir/src/kinematic_parameters.cpp.o
[ 23%] Building CXX object CMakeFiles/standard_traj_generator.dir/src/xy_theta_iterator.cpp.o
[ 29%] Linking CXX shared library libstandard_traj_generator.so
[ 29%] Built target standard_traj_generator
[ 35%] Building CXX object gtest/CMakeFiles/gtest.dir/src/gtest-all.cc.o
[ 41%] Linking CXX static library libgtest.a
[ 41%] Built target gtest
[ 47%] Building CXX object gtest/CMakeFiles/gtest_main.dir/src/gtest_main.cc.o
[ 52%] Linking CXX static library libgtest_main.a
[ 52%] Built target gtest_main
[ 58%] Building CXX object test/CMakeFiles/vtest.dir/velocity_iterator_test.cpp.o
[ 64%] Linking CXX executable vtest
[ 64%] Built target vtest
[ 70%] Building CXX object test/CMakeFiles/speed_limit_test.dir/speed_limit_test.cpp.o
[ 76%] Linking CXX executable speed_limit_test
[ 76%] Built target speed_limit_test
[ 82%] Building CXX object test/CMakeFiles/kinematic_parameters_test.dir/kinematic_parameters_test.cpp.o
[ 88%] Linking CXX executable kinematic_parameters_test
[ 88%] Built target kinematic_parameters_test
[ 94%] Building CXX object test/CMakeFiles/twist_gen_test.dir/twist_gen.cpp.o
[100%] Linking CXX executable twist_gen_test
[100%] Built target twist_gen_test
-- Install configuration: "Release"
-- Execute custom install script
-- Symlinking: /home/pi/CaveBot-ros/install/dwb_plugins/lib/libstandard_traj_generator.so
-- Symlinking: /home/pi/CaveBot-ros/install/dwb_plugins/include//dwb_plugins/kinematic_parameters.hpp
-- Symlinking: /home/pi/CaveBot-ros/install/dwb_plugins/include//dwb_plugins/limited_accel_generator.hpp
-- Symlinking: /home/pi/CaveBot-ros/install/dwb_plugins/include//dwb_plugins/one_d_velocity_iterator.hpp
-- Symlinking: /home/pi/CaveBot-ros/install/dwb_plugins/include//dwb_plugins/standard_traj_generator.hpp
-- Symlinking: /home/pi/CaveBot-ros/install/dwb_plugins/include//dwb_plugins/velocity_iterator.hpp
-- Symlinking: /home/pi/CaveBot-ros/install/dwb_plugins/include//dwb_plugins/xy_theta_iterator.hpp
-- Symlinking: /home/pi/CaveBot-ros/install/dwb_plugins/share/dwb_plugins/plugins.xml
-- Symlinking: /home/pi/CaveBot-ros/install/dwb_plugins/share/dwb_plugins/environment/library_path.sh
-- Symlinking: /home/pi/CaveBot-ros/install/dwb_plugins/share/dwb_plugins/environment/library_path.dsv
-- Up-to-date symlink: /home/pi/CaveBot-ros/install/dwb_plugins/share/dwb_plugins//plugins.xml
-- Symlinking: /home/pi/CaveBot-ros/install/dwb_plugins/share/ament_index/resource_index/package_run_dependencies/dwb_plugins
-- Symlinking: /home/pi/CaveBot-ros/install/dwb_plugins/share/ament_index/resource_index/parent_prefix_path/dwb_plugins
-- Symlinking: /home/pi/CaveBot-ros/install/dwb_plugins/share/dwb_plugins/environment/ament_prefix_path.sh
-- Symlinking: /home/pi/CaveBot-ros/install/dwb_plugins/share/dwb_plugins/environment/ament_prefix_path.dsv
-- Symlinking: /home/pi/CaveBot-ros/install/dwb_plugins/share/dwb_plugins/environment/path.sh
-- Symlinking: /home/pi/CaveBot-ros/install/dwb_plugins/share/dwb_plugins/environment/path.dsv
-- Symlinking: /home/pi/CaveBot-ros/install/dwb_plugins/share/dwb_plugins/local_setup.bash
-- Symlinking: /home/pi/CaveBot-ros/install/dwb_plugins/share/dwb_plugins/local_setup.sh
-- Symlinking: /home/pi/CaveBot-ros/install/dwb_plugins/share/dwb_plugins/local_setup.zsh
-- Symlinking: /home/pi/CaveBot-ros/install/dwb_plugins/share/dwb_plugins/local_setup.dsv
-- Symlinking: /home/pi/CaveBot-ros/install/dwb_plugins/share/dwb_plugins/package.dsv
-- Symlinking: /home/pi/CaveBot-ros/install/dwb_plugins/share/ament_index/resource_index/packages/dwb_plugins
-- Symlinking: /home/pi/CaveBot-ros/install/dwb_plugins/share/ament_index/resource_index/dwb_core__pluginlib__plugin/dwb_plugins
-- Symlinking: /home/pi/CaveBot-ros/install/dwb_plugins/share/dwb_plugins/cmake/ament_cmake_export_include_directories-extras.cmake
-- Symlinking: /home/pi/CaveBot-ros/install/dwb_plugins/share/dwb_plugins/cmake/ament_cmake_export_libraries-extras.cmake
-- Symlinking: /home/pi/CaveBot-ros/install/dwb_plugins/share/dwb_plugins/cmake/dwb_pluginsConfig.cmake
-- Symlinking: /home/pi/CaveBot-ros/install/dwb_plugins/share/dwb_plugins/cmake/dwb_pluginsConfig-version.cmake
-- Symlinking: /home/pi/CaveBot-ros/install/dwb_plugins/share/dwb_plugins/package.xml
