[0.111s] Invoking command in '/home/pi/CaveBot-ros/build/dwb_plugins': AMENT_PREFIX_PATH=/home/pi/CaveBot-ros/install/dwb_core:/home/pi/CaveBot-ros/install/nav2_core:/home/pi/CaveBot-ros/install/nav2_costmap_2d:/home/pi/CaveBot-ros/install/nav_2d_utils:/home/pi/CaveBot-ros/install/nav2_map_server:/home/pi/CaveBot-ros/install/nav2_lifecycle_manager:/home/pi/CaveBot-ros/install/nav2_behavior_tree:/home/pi/CaveBot-ros/install/nav2_util:/home/pi/CaveBot-ros/install/nav2_voxel_grid:/home/pi/CaveBot-ros/install/nav2_msgs:/home/pi/CaveBot-ros/install/dwb_msgs:/home/pi/CaveBot-ros/install/nav_2d_msgs:/home/pi/CaveBot-ros/install/nav2_common:${AMENT_PREFIX_PATH} CMAKE_PREFIX_PATH=/home/pi/CaveBot-ros/install/dwb_core:/home/pi/CaveBot-ros/install/nav2_core:/home/pi/CaveBot-ros/install/nav2_costmap_2d:/home/pi/CaveBot-ros/install/nav_2d_utils:/home/pi/CaveBot-ros/install/nav2_map_server:/home/pi/CaveBot-ros/install/nav2_lifecycle_manager:/home/pi/CaveBot-ros/install/nav2_behavior_tree:/home/pi/CaveBot-ros/install/nav2_util:/home/pi/CaveBot-ros/install/nav2_voxel_grid:/home/pi/CaveBot-ros/install/nav2_msgs:/home/pi/CaveBot-ros/install/dwb_msgs:/home/pi/CaveBot-ros/install/nav_2d_msgs:/home/pi/CaveBot-ros/install/nav2_common:/opt/ros/jazzy/opt/gz_math_vendor:/opt/ros/jazzy/opt/gz_utils_vendor:/opt/ros/jazzy/opt/gz_cmake_vendor:/opt/ros/jazzy DEBUGINFOD_URLS=https://debuginfod.ubuntu.com LD_LIBRARY_PATH=/home/pi/CaveBot-ros/install/dwb_core/lib:/home/pi/CaveBot-ros/install/nav2_costmap_2d/lib:/home/pi/CaveBot-ros/install/nav_2d_utils/lib:/home/pi/CaveBot-ros/install/nav2_map_server/lib:/home/pi/CaveBot-ros/install/nav2_lifecycle_manager/lib:/home/pi/CaveBot-ros/install/nav2_behavior_tree/lib:/home/pi/CaveBot-ros/install/nav2_util/lib:/home/pi/CaveBot-ros/install/nav2_voxel_grid/lib:/home/pi/CaveBot-ros/install/nav2_msgs/lib:/home/pi/CaveBot-ros/install/dwb_msgs/lib:/home/pi/CaveBot-ros/install/nav_2d_msgs/lib:${LD_LIBRARY_PATH} PYTHONPATH=/home/pi/CaveBot-ros/install/nav2_msgs/lib/python3.12/site-packages:/home/pi/CaveBot-ros/install/dwb_msgs/lib/python3.12/site-packages:/home/pi/CaveBot-ros/install/nav_2d_msgs/lib/python3.12/site-packages:/home/pi/CaveBot-ros/install/nav2_common/lib/python3.12/site-packages:${PYTHONPATH} /usr/bin/cmake /home/pi/CaveBot-ros/src/navigation2/nav2_dwb_controller/dwb_plugins -DAMENT_CMAKE_SYMLINK_INSTALL=1 -DCMAKE_INSTALL_PREFIX=/home/pi/CaveBot-ros/install/dwb_plugins
[0.326s] -- The C compiler identification is GNU 13.3.0
[0.539s] -- The CXX compiler identification is GNU 13.3.0
[0.594s] -- Detecting C compiler ABI info
[0.915s] -- Detecting C compiler ABI info - done
[0.947s] -- Check for working C compiler: /usr/bin/cc - skipped
[0.949s] -- Detecting C compile features
[0.952s] -- Detecting C compile features - done
[0.978s] -- Detecting CXX compiler ABI info
[1.322s] -- Detecting CXX compiler ABI info - done
[1.355s] -- Check for working CXX compiler: /usr/bin/c++ - skipped
[1.357s] -- Detecting CXX compile features
[1.360s] -- Detecting CXX compile features - done
[1.370s] -- Found ament_cmake: 2.5.4 (/opt/ros/jazzy/share/ament_cmake/cmake)
[1.840s] -- Found Python3: /usr/bin/python3 (found version "3.12.3") found components: Interpreter 
[2.111s] -- Override CMake install command with custom implementation using symlinks instead of copying resources
[2.249s] -- Found nav2_common: 1.3.10 (/home/pi/CaveBot-ros/install/nav2_common/share/nav2_common/cmake)
[2.261s] -- Found angles: 1.16.1 (/opt/ros/jazzy/share/angles/cmake)
[2.271s] -- Found dwb_core: 1.3.10 (/home/pi/CaveBot-ros/install/dwb_core/share/dwb_core/cmake)
[2.398s] -- Found rosidl_generator_c: 4.6.6 (/opt/ros/jazzy/share/rosidl_generator_c/cmake)
[2.446s] -- Found rosidl_generator_cpp: 4.6.6 (/opt/ros/jazzy/share/rosidl_generator_cpp/cmake)
[2.513s] -- Using all available rosidl_typesupport_c: rosidl_typesupport_fastrtps_c;rosidl_typesupport_introspection_c
[2.578s] -- Using all available rosidl_typesupport_cpp: rosidl_typesupport_fastrtps_cpp;rosidl_typesupport_introspection_cpp
[2.826s] -- Found rmw_implementation_cmake: 7.3.2 (/opt/ros/jazzy/share/rmw_implementation_cmake/cmake)
[2.836s] -- Found rmw_fastrtps_cpp: 8.4.3 (/opt/ros/jazzy/share/rmw_fastrtps_cpp/cmake)
[3.081s] -- Found OpenSSL: /usr/lib/aarch64-linux-gnu/libcrypto.so (found version "3.0.13")  
[3.131s] -- Found FastRTPS: /opt/ros/jazzy/include (Required is at least version "2.13") 
[3.190s] -- Using RMW implementation 'rmw_fastrtps_cpp' as default
[4.567s] -- Found eigen3_cmake_module: 0.3.0 (/opt/ros/jazzy/share/eigen3_cmake_module/cmake)
[4.577s] -- Found Eigen3: TRUE (found version "3.4.0") 
[4.577s] -- Ensuring Eigen3 include directory is part of orocos-kdl CMake target
[5.155s] -- Setting build type to Release as none was specified.
[5.432s] -- Found ament_lint_auto: 0.17.3 (/opt/ros/jazzy/share/ament_lint_auto/cmake)
[5.974s] -- Found gtest sources under '/opt/ros/jazzy/src/gtest_vendor': C++ tests using 'Google Test' will be built
[6.000s] -- Performing Test CMAKE_HAVE_LIBC_PTHREAD
[6.450s] -- Performing Test CMAKE_HAVE_LIBC_PTHREAD - Success
[6.457s] -- Found Threads: TRUE  
[6.525s] -- Added test 'cppcheck' to perform static code analysis on C / C++ code
[6.532s] -- Configured cppcheck include dirs: /home/pi/CaveBot-ros/src/navigation2/nav2_dwb_controller/dwb_plugins/include
[6.533s] -- Configured cppcheck exclude dirs and/or files: 
[6.537s] -- Added test 'cpplint' to check C / C++ code against the Google style
[6.542s] -- Configured cpplint exclude dirs and/or files: 
[6.546s] -- Added test 'lint_cmake' to check CMake code style
[6.557s] -- Added test 'uncrustify' to check C / C++ code style
[6.558s] -- Configured uncrustify additional arguments: 
[6.563s] -- Added test 'xmllint' to check XML markup files
[6.589s] -- Configuring done (6.4s)
[7.343s] -- Generating done (0.7s)
[7.405s] -- Build files have been written to: /home/pi/CaveBot-ros/build/dwb_plugins
[7.472s] Invoked command in '/home/pi/CaveBot-ros/build/dwb_plugins' returned '0': AMENT_PREFIX_PATH=/home/pi/CaveBot-ros/install/dwb_core:/home/pi/CaveBot-ros/install/nav2_core:/home/pi/CaveBot-ros/install/nav2_costmap_2d:/home/pi/CaveBot-ros/install/nav_2d_utils:/home/pi/CaveBot-ros/install/nav2_map_server:/home/pi/CaveBot-ros/install/nav2_lifecycle_manager:/home/pi/CaveBot-ros/install/nav2_behavior_tree:/home/pi/CaveBot-ros/install/nav2_util:/home/pi/CaveBot-ros/install/nav2_voxel_grid:/home/pi/CaveBot-ros/install/nav2_msgs:/home/pi/CaveBot-ros/install/dwb_msgs:/home/pi/CaveBot-ros/install/nav_2d_msgs:/home/pi/CaveBot-ros/install/nav2_common:${AMENT_PREFIX_PATH} CMAKE_PREFIX_PATH=/home/pi/CaveBot-ros/install/dwb_core:/home/pi/CaveBot-ros/install/nav2_core:/home/pi/CaveBot-ros/install/nav2_costmap_2d:/home/pi/CaveBot-ros/install/nav_2d_utils:/home/pi/CaveBot-ros/install/nav2_map_server:/home/pi/CaveBot-ros/install/nav2_lifecycle_manager:/home/pi/CaveBot-ros/install/nav2_behavior_tree:/home/pi/CaveBot-ros/install/nav2_util:/home/pi/CaveBot-ros/install/nav2_voxel_grid:/home/pi/CaveBot-ros/install/nav2_msgs:/home/pi/CaveBot-ros/install/dwb_msgs:/home/pi/CaveBot-ros/install/nav_2d_msgs:/home/pi/CaveBot-ros/install/nav2_common:/opt/ros/jazzy/opt/gz_math_vendor:/opt/ros/jazzy/opt/gz_utils_vendor:/opt/ros/jazzy/opt/gz_cmake_vendor:/opt/ros/jazzy DEBUGINFOD_URLS=https://debuginfod.ubuntu.com LD_LIBRARY_PATH=/home/pi/CaveBot-ros/install/dwb_core/lib:/home/pi/CaveBot-ros/install/nav2_costmap_2d/lib:/home/pi/CaveBot-ros/install/nav_2d_utils/lib:/home/pi/CaveBot-ros/install/nav2_map_server/lib:/home/pi/CaveBot-ros/install/nav2_lifecycle_manager/lib:/home/pi/CaveBot-ros/install/nav2_behavior_tree/lib:/home/pi/CaveBot-ros/install/nav2_util/lib:/home/pi/CaveBot-ros/install/nav2_voxel_grid/lib:/home/pi/CaveBot-ros/install/nav2_msgs/lib:/home/pi/CaveBot-ros/install/dwb_msgs/lib:/home/pi/CaveBot-ros/install/nav_2d_msgs/lib:${LD_LIBRARY_PATH} PYTHONPATH=/home/pi/CaveBot-ros/install/nav2_msgs/lib/python3.12/site-packages:/home/pi/CaveBot-ros/install/dwb_msgs/lib/python3.12/site-packages:/home/pi/CaveBot-ros/install/nav_2d_msgs/lib/python3.12/site-packages:/home/pi/CaveBot-ros/install/nav2_common/lib/python3.12/site-packages:${PYTHONPATH} /usr/bin/cmake /home/pi/CaveBot-ros/src/navigation2/nav2_dwb_controller/dwb_plugins -DAMENT_CMAKE_SYMLINK_INSTALL=1 -DCMAKE_INSTALL_PREFIX=/home/pi/CaveBot-ros/install/dwb_plugins
[7.479s] Invoking command in '/home/pi/CaveBot-ros/build/dwb_plugins': AMENT_PREFIX_PATH=/home/pi/CaveBot-ros/install/dwb_core:/home/pi/CaveBot-ros/install/nav2_core:/home/pi/CaveBot-ros/install/nav2_costmap_2d:/home/pi/CaveBot-ros/install/nav_2d_utils:/home/pi/CaveBot-ros/install/nav2_map_server:/home/pi/CaveBot-ros/install/nav2_lifecycle_manager:/home/pi/CaveBot-ros/install/nav2_behavior_tree:/home/pi/CaveBot-ros/install/nav2_util:/home/pi/CaveBot-ros/install/nav2_voxel_grid:/home/pi/CaveBot-ros/install/nav2_msgs:/home/pi/CaveBot-ros/install/dwb_msgs:/home/pi/CaveBot-ros/install/nav_2d_msgs:/home/pi/CaveBot-ros/install/nav2_common:${AMENT_PREFIX_PATH} CMAKE_PREFIX_PATH=/home/pi/CaveBot-ros/install/dwb_core:/home/pi/CaveBot-ros/install/nav2_core:/home/pi/CaveBot-ros/install/nav2_costmap_2d:/home/pi/CaveBot-ros/install/nav_2d_utils:/home/pi/CaveBot-ros/install/nav2_map_server:/home/pi/CaveBot-ros/install/nav2_lifecycle_manager:/home/pi/CaveBot-ros/install/nav2_behavior_tree:/home/pi/CaveBot-ros/install/nav2_util:/home/pi/CaveBot-ros/install/nav2_voxel_grid:/home/pi/CaveBot-ros/install/nav2_msgs:/home/pi/CaveBot-ros/install/dwb_msgs:/home/pi/CaveBot-ros/install/nav_2d_msgs:/home/pi/CaveBot-ros/install/nav2_common:/opt/ros/jazzy/opt/gz_math_vendor:/opt/ros/jazzy/opt/gz_utils_vendor:/opt/ros/jazzy/opt/gz_cmake_vendor:/opt/ros/jazzy DEBUGINFOD_URLS=https://debuginfod.ubuntu.com LD_LIBRARY_PATH=/home/pi/CaveBot-ros/install/dwb_core/lib:/home/pi/CaveBot-ros/install/nav2_costmap_2d/lib:/home/pi/CaveBot-ros/install/nav_2d_utils/lib:/home/pi/CaveBot-ros/install/nav2_map_server/lib:/home/pi/CaveBot-ros/install/nav2_lifecycle_manager/lib:/home/pi/CaveBot-ros/install/nav2_behavior_tree/lib:/home/pi/CaveBot-ros/install/nav2_util/lib:/home/pi/CaveBot-ros/install/nav2_voxel_grid/lib:/home/pi/CaveBot-ros/install/nav2_msgs/lib:/home/pi/CaveBot-ros/install/dwb_msgs/lib:/home/pi/CaveBot-ros/install/nav_2d_msgs/lib:${LD_LIBRARY_PATH} PYTHONPATH=/home/pi/CaveBot-ros/install/nav2_msgs/lib/python3.12/site-packages:/home/pi/CaveBot-ros/install/dwb_msgs/lib/python3.12/site-packages:/home/pi/CaveBot-ros/install/nav_2d_msgs/lib/python3.12/site-packages:/home/pi/CaveBot-ros/install/nav2_common/lib/python3.12/site-packages:${PYTHONPATH} /usr/bin/cmake --build /home/pi/CaveBot-ros/build/dwb_plugins -- -j4 -l4
[7.692s] [  5%] Building CXX object CMakeFiles/standard_traj_generator.dir/src/standard_traj_generator.cpp.o
[20.196s] [ 11%] Building CXX object CMakeFiles/standard_traj_generator.dir/src/limited_accel_generator.cpp.o
[31.078s] [ 17%] Building CXX object CMakeFiles/standard_traj_generator.dir/src/kinematic_parameters.cpp.o
[43.148s] [ 23%] Building CXX object CMakeFiles/standard_traj_generator.dir/src/xy_theta_iterator.cpp.o
[53.147s] [ 29%] Linking CXX shared library libstandard_traj_generator.so
[54.217s] [ 29%] Built target standard_traj_generator
[54.289s] [ 35%] Building CXX object gtest/CMakeFiles/gtest.dir/src/gtest-all.cc.o
[81.813s] [ 41%] Linking CXX static library libgtest.a
[81.969s] [ 41%] Built target gtest
[82.039s] [ 47%] Building CXX object gtest/CMakeFiles/gtest_main.dir/src/gtest_main.cc.o
[84.620s] [ 52%] Linking CXX static library libgtest_main.a
[84.717s] [ 52%] Built target gtest_main
[84.784s] [ 58%] Building CXX object test/CMakeFiles/vtest.dir/velocity_iterator_test.cpp.o
[89.027s] [ 64%] Linking CXX executable vtest
[89.302s] [ 64%] Built target vtest
[89.377s] [ 70%] Building CXX object test/CMakeFiles/speed_limit_test.dir/speed_limit_test.cpp.o
[102.372s] [ 76%] Linking CXX executable speed_limit_test
[103.647s] [ 76%] Built target speed_limit_test
[103.720s] [ 82%] Building CXX object test/CMakeFiles/kinematic_parameters_test.dir/kinematic_parameters_test.cpp.o
[117.707s] [ 88%] Linking CXX executable kinematic_parameters_test
[118.951s] [ 88%] Built target kinematic_parameters_test
[119.013s] [ 94%] Building CXX object test/CMakeFiles/twist_gen_test.dir/twist_gen.cpp.o
[137.817s] [100%] Linking CXX executable twist_gen_test
[139.127s] [100%] Built target twist_gen_test
[139.165s] Invoked command in '/home/pi/CaveBot-ros/build/dwb_plugins' returned '0': AMENT_PREFIX_PATH=/home/pi/CaveBot-ros/install/dwb_core:/home/pi/CaveBot-ros/install/nav2_core:/home/pi/CaveBot-ros/install/nav2_costmap_2d:/home/pi/CaveBot-ros/install/nav_2d_utils:/home/pi/CaveBot-ros/install/nav2_map_server:/home/pi/CaveBot-ros/install/nav2_lifecycle_manager:/home/pi/CaveBot-ros/install/nav2_behavior_tree:/home/pi/CaveBot-ros/install/nav2_util:/home/pi/CaveBot-ros/install/nav2_voxel_grid:/home/pi/CaveBot-ros/install/nav2_msgs:/home/pi/CaveBot-ros/install/dwb_msgs:/home/pi/CaveBot-ros/install/nav_2d_msgs:/home/pi/CaveBot-ros/install/nav2_common:${AMENT_PREFIX_PATH} CMAKE_PREFIX_PATH=/home/pi/CaveBot-ros/install/dwb_core:/home/pi/CaveBot-ros/install/nav2_core:/home/pi/CaveBot-ros/install/nav2_costmap_2d:/home/pi/CaveBot-ros/install/nav_2d_utils:/home/pi/CaveBot-ros/install/nav2_map_server:/home/pi/CaveBot-ros/install/nav2_lifecycle_manager:/home/pi/CaveBot-ros/install/nav2_behavior_tree:/home/pi/CaveBot-ros/install/nav2_util:/home/pi/CaveBot-ros/install/nav2_voxel_grid:/home/pi/CaveBot-ros/install/nav2_msgs:/home/pi/CaveBot-ros/install/dwb_msgs:/home/pi/CaveBot-ros/install/nav_2d_msgs:/home/pi/CaveBot-ros/install/nav2_common:/opt/ros/jazzy/opt/gz_math_vendor:/opt/ros/jazzy/opt/gz_utils_vendor:/opt/ros/jazzy/opt/gz_cmake_vendor:/opt/ros/jazzy DEBUGINFOD_URLS=https://debuginfod.ubuntu.com LD_LIBRARY_PATH=/home/pi/CaveBot-ros/install/dwb_core/lib:/home/pi/CaveBot-ros/install/nav2_costmap_2d/lib:/home/pi/CaveBot-ros/install/nav_2d_utils/lib:/home/pi/CaveBot-ros/install/nav2_map_server/lib:/home/pi/CaveBot-ros/install/nav2_lifecycle_manager/lib:/home/pi/CaveBot-ros/install/nav2_behavior_tree/lib:/home/pi/CaveBot-ros/install/nav2_util/lib:/home/pi/CaveBot-ros/install/nav2_voxel_grid/lib:/home/pi/CaveBot-ros/install/nav2_msgs/lib:/home/pi/CaveBot-ros/install/dwb_msgs/lib:/home/pi/CaveBot-ros/install/nav_2d_msgs/lib:${LD_LIBRARY_PATH} PYTHONPATH=/home/pi/CaveBot-ros/install/nav2_msgs/lib/python3.12/site-packages:/home/pi/CaveBot-ros/install/dwb_msgs/lib/python3.12/site-packages:/home/pi/CaveBot-ros/install/nav_2d_msgs/lib/python3.12/site-packages:/home/pi/CaveBot-ros/install/nav2_common/lib/python3.12/site-packages:${PYTHONPATH} /usr/bin/cmake --build /home/pi/CaveBot-ros/build/dwb_plugins -- -j4 -l4
[139.168s] Invoking command in '/home/pi/CaveBot-ros/build/dwb_plugins': AMENT_PREFIX_PATH=/home/pi/CaveBot-ros/install/dwb_core:/home/pi/CaveBot-ros/install/nav2_core:/home/pi/CaveBot-ros/install/nav2_costmap_2d:/home/pi/CaveBot-ros/install/nav_2d_utils:/home/pi/CaveBot-ros/install/nav2_map_server:/home/pi/CaveBot-ros/install/nav2_lifecycle_manager:/home/pi/CaveBot-ros/install/nav2_behavior_tree:/home/pi/CaveBot-ros/install/nav2_util:/home/pi/CaveBot-ros/install/nav2_voxel_grid:/home/pi/CaveBot-ros/install/nav2_msgs:/home/pi/CaveBot-ros/install/dwb_msgs:/home/pi/CaveBot-ros/install/nav_2d_msgs:/home/pi/CaveBot-ros/install/nav2_common:${AMENT_PREFIX_PATH} CMAKE_PREFIX_PATH=/home/pi/CaveBot-ros/install/dwb_core:/home/pi/CaveBot-ros/install/nav2_core:/home/pi/CaveBot-ros/install/nav2_costmap_2d:/home/pi/CaveBot-ros/install/nav_2d_utils:/home/pi/CaveBot-ros/install/nav2_map_server:/home/pi/CaveBot-ros/install/nav2_lifecycle_manager:/home/pi/CaveBot-ros/install/nav2_behavior_tree:/home/pi/CaveBot-ros/install/nav2_util:/home/pi/CaveBot-ros/install/nav2_voxel_grid:/home/pi/CaveBot-ros/install/nav2_msgs:/home/pi/CaveBot-ros/install/dwb_msgs:/home/pi/CaveBot-ros/install/nav_2d_msgs:/home/pi/CaveBot-ros/install/nav2_common:/opt/ros/jazzy/opt/gz_math_vendor:/opt/ros/jazzy/opt/gz_utils_vendor:/opt/ros/jazzy/opt/gz_cmake_vendor:/opt/ros/jazzy DEBUGINFOD_URLS=https://debuginfod.ubuntu.com LD_LIBRARY_PATH=/home/pi/CaveBot-ros/install/dwb_core/lib:/home/pi/CaveBot-ros/install/nav2_costmap_2d/lib:/home/pi/CaveBot-ros/install/nav_2d_utils/lib:/home/pi/CaveBot-ros/install/nav2_map_server/lib:/home/pi/CaveBot-ros/install/nav2_lifecycle_manager/lib:/home/pi/CaveBot-ros/install/nav2_behavior_tree/lib:/home/pi/CaveBot-ros/install/nav2_util/lib:/home/pi/CaveBot-ros/install/nav2_voxel_grid/lib:/home/pi/CaveBot-ros/install/nav2_msgs/lib:/home/pi/CaveBot-ros/install/dwb_msgs/lib:/home/pi/CaveBot-ros/install/nav_2d_msgs/lib:${LD_LIBRARY_PATH} PYTHONPATH=/home/pi/CaveBot-ros/install/nav2_msgs/lib/python3.12/site-packages:/home/pi/CaveBot-ros/install/dwb_msgs/lib/python3.12/site-packages:/home/pi/CaveBot-ros/install/nav_2d_msgs/lib/python3.12/site-packages:/home/pi/CaveBot-ros/install/nav2_common/lib/python3.12/site-packages:${PYTHONPATH} /usr/bin/cmake --install /home/pi/CaveBot-ros/build/dwb_plugins
[139.193s] -- Install configuration: "Release"
[139.195s] -- Execute custom install script
[139.198s] -- Symlinking: /home/pi/CaveBot-ros/install/dwb_plugins/lib/libstandard_traj_generator.so
[139.230s] -- Symlinking: /home/pi/CaveBot-ros/install/dwb_plugins/include//dwb_plugins/kinematic_parameters.hpp
[139.262s] -- Symlinking: /home/pi/CaveBot-ros/install/dwb_plugins/include//dwb_plugins/limited_accel_generator.hpp
[139.296s] -- Symlinking: /home/pi/CaveBot-ros/install/dwb_plugins/include//dwb_plugins/one_d_velocity_iterator.hpp
[139.332s] -- Symlinking: /home/pi/CaveBot-ros/install/dwb_plugins/include//dwb_plugins/standard_traj_generator.hpp
[139.364s] -- Symlinking: /home/pi/CaveBot-ros/install/dwb_plugins/include//dwb_plugins/velocity_iterator.hpp
[139.397s] -- Symlinking: /home/pi/CaveBot-ros/install/dwb_plugins/include//dwb_plugins/xy_theta_iterator.hpp
[139.433s] -- Symlinking: /home/pi/CaveBot-ros/install/dwb_plugins/share/dwb_plugins/plugins.xml
[139.469s] -- Symlinking: /home/pi/CaveBot-ros/install/dwb_plugins/share/dwb_plugins/environment/library_path.sh
[139.524s] -- Symlinking: /home/pi/CaveBot-ros/install/dwb_plugins/share/dwb_plugins/environment/library_path.dsv
[139.583s] -- Up-to-date symlink: /home/pi/CaveBot-ros/install/dwb_plugins/share/dwb_plugins//plugins.xml
[139.583s] -- Symlinking: /home/pi/CaveBot-ros/install/dwb_plugins/share/ament_index/resource_index/package_run_dependencies/dwb_plugins
[139.617s] -- Symlinking: /home/pi/CaveBot-ros/install/dwb_plugins/share/ament_index/resource_index/parent_prefix_path/dwb_plugins
[139.652s] -- Symlinking: /home/pi/CaveBot-ros/install/dwb_plugins/share/dwb_plugins/environment/ament_prefix_path.sh
[139.689s] -- Symlinking: /home/pi/CaveBot-ros/install/dwb_plugins/share/dwb_plugins/environment/ament_prefix_path.dsv
[139.730s] -- Symlinking: /home/pi/CaveBot-ros/install/dwb_plugins/share/dwb_plugins/environment/path.sh
[139.769s] -- Symlinking: /home/pi/CaveBot-ros/install/dwb_plugins/share/dwb_plugins/environment/path.dsv
[139.791s] -- Symlinking: /home/pi/CaveBot-ros/install/dwb_plugins/share/dwb_plugins/local_setup.bash
[139.825s] -- Symlinking: /home/pi/CaveBot-ros/install/dwb_plugins/share/dwb_plugins/local_setup.sh
[139.895s] -- Symlinking: /home/pi/CaveBot-ros/install/dwb_plugins/share/dwb_plugins/local_setup.zsh
[139.942s] -- Symlinking: /home/pi/CaveBot-ros/install/dwb_plugins/share/dwb_plugins/local_setup.dsv
[140.000s] -- Symlinking: /home/pi/CaveBot-ros/install/dwb_plugins/share/dwb_plugins/package.dsv
[140.034s] -- Symlinking: /home/pi/CaveBot-ros/install/dwb_plugins/share/ament_index/resource_index/packages/dwb_plugins
[140.073s] -- Symlinking: /home/pi/CaveBot-ros/install/dwb_plugins/share/ament_index/resource_index/dwb_core__pluginlib__plugin/dwb_plugins
[140.108s] -- Symlinking: /home/pi/CaveBot-ros/install/dwb_plugins/share/dwb_plugins/cmake/ament_cmake_export_include_directories-extras.cmake
[140.143s] -- Symlinking: /home/pi/CaveBot-ros/install/dwb_plugins/share/dwb_plugins/cmake/ament_cmake_export_libraries-extras.cmake
[140.182s] -- Symlinking: /home/pi/CaveBot-ros/install/dwb_plugins/share/dwb_plugins/cmake/dwb_pluginsConfig.cmake
[140.213s] -- Symlinking: /home/pi/CaveBot-ros/install/dwb_plugins/share/dwb_plugins/cmake/dwb_pluginsConfig-version.cmake
[140.249s] -- Symlinking: /home/pi/CaveBot-ros/install/dwb_plugins/share/dwb_plugins/package.xml
[140.287s] Invoked command in '/home/pi/CaveBot-ros/build/dwb_plugins' returned '0': AMENT_PREFIX_PATH=/home/pi/CaveBot-ros/install/dwb_core:/home/pi/CaveBot-ros/install/nav2_core:/home/pi/CaveBot-ros/install/nav2_costmap_2d:/home/pi/CaveBot-ros/install/nav_2d_utils:/home/pi/CaveBot-ros/install/nav2_map_server:/home/pi/CaveBot-ros/install/nav2_lifecycle_manager:/home/pi/CaveBot-ros/install/nav2_behavior_tree:/home/pi/CaveBot-ros/install/nav2_util:/home/pi/CaveBot-ros/install/nav2_voxel_grid:/home/pi/CaveBot-ros/install/nav2_msgs:/home/pi/CaveBot-ros/install/dwb_msgs:/home/pi/CaveBot-ros/install/nav_2d_msgs:/home/pi/CaveBot-ros/install/nav2_common:${AMENT_PREFIX_PATH} CMAKE_PREFIX_PATH=/home/pi/CaveBot-ros/install/dwb_core:/home/pi/CaveBot-ros/install/nav2_core:/home/pi/CaveBot-ros/install/nav2_costmap_2d:/home/pi/CaveBot-ros/install/nav_2d_utils:/home/pi/CaveBot-ros/install/nav2_map_server:/home/pi/CaveBot-ros/install/nav2_lifecycle_manager:/home/pi/CaveBot-ros/install/nav2_behavior_tree:/home/pi/CaveBot-ros/install/nav2_util:/home/pi/CaveBot-ros/install/nav2_voxel_grid:/home/pi/CaveBot-ros/install/nav2_msgs:/home/pi/CaveBot-ros/install/dwb_msgs:/home/pi/CaveBot-ros/install/nav_2d_msgs:/home/pi/CaveBot-ros/install/nav2_common:/opt/ros/jazzy/opt/gz_math_vendor:/opt/ros/jazzy/opt/gz_utils_vendor:/opt/ros/jazzy/opt/gz_cmake_vendor:/opt/ros/jazzy DEBUGINFOD_URLS=https://debuginfod.ubuntu.com LD_LIBRARY_PATH=/home/pi/CaveBot-ros/install/dwb_core/lib:/home/pi/CaveBot-ros/install/nav2_costmap_2d/lib:/home/pi/CaveBot-ros/install/nav_2d_utils/lib:/home/pi/CaveBot-ros/install/nav2_map_server/lib:/home/pi/CaveBot-ros/install/nav2_lifecycle_manager/lib:/home/pi/CaveBot-ros/install/nav2_behavior_tree/lib:/home/pi/CaveBot-ros/install/nav2_util/lib:/home/pi/CaveBot-ros/install/nav2_voxel_grid/lib:/home/pi/CaveBot-ros/install/nav2_msgs/lib:/home/pi/CaveBot-ros/install/dwb_msgs/lib:/home/pi/CaveBot-ros/install/nav_2d_msgs/lib:${LD_LIBRARY_PATH} PYTHONPATH=/home/pi/CaveBot-ros/install/nav2_msgs/lib/python3.12/site-packages:/home/pi/CaveBot-ros/install/dwb_msgs/lib/python3.12/site-packages:/home/pi/CaveBot-ros/install/nav_2d_msgs/lib/python3.12/site-packages:/home/pi/CaveBot-ros/install/nav2_common/lib/python3.12/site-packages:${PYTHONPATH} /usr/bin/cmake --install /home/pi/CaveBot-ros/build/dwb_plugins
