[0.074s] Invoking command in '/home/pi/CaveBot-ros/build/nav2_waypoint_follower': AMENT_PREFIX_PATH=/home/pi/CaveBot-ros/install/nav2_core:/home/pi/CaveBot-ros/install/nav2_costmap_2d:/home/pi/CaveBot-ros/install/nav2_map_server:/home/pi/CaveBot-ros/install/nav2_lifecycle_manager:/home/pi/CaveBot-ros/install/nav2_behavior_tree:/home/pi/CaveBot-ros/install/nav2_util:/home/pi/CaveBot-ros/install/nav2_voxel_grid:/home/pi/CaveBot-ros/install/nav2_msgs:/home/pi/CaveBot-ros/install/nav2_common:${AMENT_PREFIX_PATH} CMAKE_PREFIX_PATH=/home/pi/CaveBot-ros/install/nav2_core:/home/pi/CaveBot-ros/install/nav2_costmap_2d:/home/pi/CaveBot-ros/install/nav2_map_server:/home/pi/CaveBot-ros/install/nav2_lifecycle_manager:/home/pi/CaveBot-ros/install/nav2_behavior_tree:/home/pi/CaveBot-ros/install/nav2_util:/home/pi/CaveBot-ros/install/nav2_voxel_grid:/home/pi/CaveBot-ros/install/nav2_msgs:/home/pi/CaveBot-ros/install/nav2_common:/opt/ros/jazzy/opt/gz_math_vendor:/opt/ros/jazzy/opt/gz_utils_vendor:/opt/ros/jazzy/opt/gz_cmake_vendor:/opt/ros/jazzy DEBUGINFOD_URLS=https://debuginfod.ubuntu.com LD_LIBRARY_PATH=/home/pi/CaveBot-ros/install/nav2_costmap_2d/lib:/home/pi/CaveBot-ros/install/nav2_map_server/lib:/home/pi/CaveBot-ros/install/nav2_lifecycle_manager/lib:/home/pi/CaveBot-ros/install/nav2_behavior_tree/lib:/home/pi/CaveBot-ros/install/nav2_util/lib:/home/pi/CaveBot-ros/install/nav2_voxel_grid/lib:/home/pi/CaveBot-ros/install/nav2_msgs/lib:${LD_LIBRARY_PATH} PYTHONPATH=/home/pi/CaveBot-ros/install/nav2_msgs/lib/python3.12/site-packages:/home/pi/CaveBot-ros/install/nav2_common/lib/python3.12/site-packages:${PYTHONPATH} /usr/bin/cmake /home/pi/CaveBot-ros/src/navigation2/nav2_waypoint_follower -DAMENT_CMAKE_SYMLINK_INSTALL=1 -DCMAKE_INSTALL_PREFIX=/home/pi/CaveBot-ros/install/nav2_waypoint_follower
[0.231s] -- The C compiler identification is GNU 13.3.0
[0.424s] -- The CXX compiler identification is GNU 13.3.0
[0.473s] -- Detecting C compiler ABI info
[0.761s] -- Detecting C compiler ABI info - done
[0.782s] -- Check for working C compiler: /usr/bin/cc - skipped
[0.784s] -- Detecting C compile features
[0.787s] -- Detecting C compile features - done
[0.812s] -- Detecting CXX compiler ABI info
[1.087s] -- Detecting CXX compiler ABI info - done
[1.122s] -- Check for working CXX compiler: /usr/bin/c++ - skipped
[1.123s] -- Detecting CXX compile features
[1.125s] -- Detecting CXX compile features - done
[1.157s] -- Found OpenCV version 4.6.0
[1.169s] -- Found image_transport: 5.1.7 (/opt/ros/jazzy/share/image_transport/cmake)
[1.581s] -- Found Python3: /usr/bin/python3 (found version "3.12.3") found components: Interpreter 
[1.787s] -- Override CMake install command with custom implementation using symlinks instead of copying resources
[2.058s] -- Found rosidl_generator_c: 4.6.6 (/opt/ros/jazzy/share/rosidl_generator_c/cmake)
[2.107s] -- Found rosidl_generator_cpp: 4.6.6 (/opt/ros/jazzy/share/rosidl_generator_cpp/cmake)
[2.152s] -- Using all available rosidl_typesupport_c: rosidl_typesupport_fastrtps_c;rosidl_typesupport_introspection_c
[2.201s] -- Using all available rosidl_typesupport_cpp: rosidl_typesupport_fastrtps_cpp;rosidl_typesupport_introspection_cpp
[2.413s] -- Found rmw_implementation_cmake: 7.3.2 (/opt/ros/jazzy/share/rmw_implementation_cmake/cmake)
[2.425s] -- Found rmw_fastrtps_cpp: 8.4.3 (/opt/ros/jazzy/share/rmw_fastrtps_cpp/cmake)
[2.685s] -- Found OpenSSL: /usr/lib/aarch64-linux-gnu/libcrypto.so (found version "3.0.13")  
[2.733s] -- Found FastRTPS: /opt/ros/jazzy/include (Required is at least version "2.13") 
[2.789s] -- Using RMW implementation 'rmw_fastrtps_cpp' as default
[3.165s] -- Found cv_bridge: 4.1.0 (/opt/ros/jazzy/share/cv_bridge/cmake)
[3.183s] -- Found nav2_common: 1.3.10 (/home/pi/CaveBot-ros/install/nav2_common/share/nav2_common/cmake)
[3.189s] -- Found rclcpp_action: 28.1.12 (/opt/ros/jazzy/share/rclcpp_action/cmake)
[3.303s] -- Found rclcpp_lifecycle: 28.1.12 (/opt/ros/jazzy/share/rclcpp_lifecycle/cmake)
[3.386s] -- Found rclcpp_components: 28.1.12 (/opt/ros/jazzy/share/rclcpp_components/cmake)
[3.466s] -- Found nav_msgs: 5.3.6 (/opt/ros/jazzy/share/nav_msgs/cmake)
[3.536s] -- Found nav2_msgs: 1.3.10 (/home/pi/CaveBot-ros/install/nav2_msgs/share/nav2_msgs/cmake)
[3.766s] -- Found nav2_util: 1.3.10 (/home/pi/CaveBot-ros/install/nav2_util/share/nav2_util/cmake)
[3.921s] -- Found eigen3_cmake_module: 0.3.0 (/opt/ros/jazzy/share/eigen3_cmake_module/cmake)
[3.924s] -- Found Eigen3: TRUE (found version "3.4.0") 
[3.926s] -- Ensuring Eigen3 include directory is part of orocos-kdl CMake target
[4.022s] -- Found nav2_core: 1.3.10 (/home/pi/CaveBot-ros/install/nav2_core/share/nav2_core/cmake)
[4.392s] -- Found robot_localization: 3.8.3 (/opt/ros/jazzy/share/robot_localization/cmake)
[4.531s] -- Setting build type to Release as none was specified.
[4.932s] -- Found ament_lint_auto: 0.17.3 (/opt/ros/jazzy/share/ament_lint_auto/cmake)
[4.941s] -- Found ament_cmake_gtest: 2.5.4 (/opt/ros/jazzy/share/ament_cmake_gtest/cmake)
[5.345s] -- Found gtest sources under '/opt/ros/jazzy/src/gtest_vendor': C++ tests using 'Google Test' will be built
[5.350s] -- Performing Test CMAKE_HAVE_LIBC_PTHREAD
[5.656s] -- Performing Test CMAKE_HAVE_LIBC_PTHREAD - Success
[5.664s] -- Found Threads: TRUE  
[5.896s] -- Added test 'copyright' to check source files copyright and LICENSE
[5.903s] -- Added test 'cppcheck' to perform static code analysis on C / C++ code
[5.910s] -- Configured cppcheck include dirs: /home/pi/CaveBot-ros/src/navigation2/nav2_waypoint_follower/include
[5.910s] -- Configured cppcheck exclude dirs and/or files: 
[5.915s] -- Added test 'cpplint' to check C / C++ code against the Google style
[5.915s] -- Configured cpplint exclude dirs and/or files: 
[5.917s] -- Added test 'lint_cmake' to check CMake code style
[5.924s] -- Added test 'uncrustify' to check C / C++ code style
[5.924s] -- Configured uncrustify additional arguments: 
[5.929s] -- Added test 'xmllint' to check XML markup files
[5.954s] -- Configuring done (5.9s)
[7.294s] -- Generating done (1.1s)
[7.426s] -- Build files have been written to: /home/pi/CaveBot-ros/build/nav2_waypoint_follower
[7.522s] Invoked command in '/home/pi/CaveBot-ros/build/nav2_waypoint_follower' returned '0': AMENT_PREFIX_PATH=/home/pi/CaveBot-ros/install/nav2_core:/home/pi/CaveBot-ros/install/nav2_costmap_2d:/home/pi/CaveBot-ros/install/nav2_map_server:/home/pi/CaveBot-ros/install/nav2_lifecycle_manager:/home/pi/CaveBot-ros/install/nav2_behavior_tree:/home/pi/CaveBot-ros/install/nav2_util:/home/pi/CaveBot-ros/install/nav2_voxel_grid:/home/pi/CaveBot-ros/install/nav2_msgs:/home/pi/CaveBot-ros/install/nav2_common:${AMENT_PREFIX_PATH} CMAKE_PREFIX_PATH=/home/pi/CaveBot-ros/install/nav2_core:/home/pi/CaveBot-ros/install/nav2_costmap_2d:/home/pi/CaveBot-ros/install/nav2_map_server:/home/pi/CaveBot-ros/install/nav2_lifecycle_manager:/home/pi/CaveBot-ros/install/nav2_behavior_tree:/home/pi/CaveBot-ros/install/nav2_util:/home/pi/CaveBot-ros/install/nav2_voxel_grid:/home/pi/CaveBot-ros/install/nav2_msgs:/home/pi/CaveBot-ros/install/nav2_common:/opt/ros/jazzy/opt/gz_math_vendor:/opt/ros/jazzy/opt/gz_utils_vendor:/opt/ros/jazzy/opt/gz_cmake_vendor:/opt/ros/jazzy DEBUGINFOD_URLS=https://debuginfod.ubuntu.com LD_LIBRARY_PATH=/home/pi/CaveBot-ros/install/nav2_costmap_2d/lib:/home/pi/CaveBot-ros/install/nav2_map_server/lib:/home/pi/CaveBot-ros/install/nav2_lifecycle_manager/lib:/home/pi/CaveBot-ros/install/nav2_behavior_tree/lib:/home/pi/CaveBot-ros/install/nav2_util/lib:/home/pi/CaveBot-ros/install/nav2_voxel_grid/lib:/home/pi/CaveBot-ros/install/nav2_msgs/lib:${LD_LIBRARY_PATH} PYTHONPATH=/home/pi/CaveBot-ros/install/nav2_msgs/lib/python3.12/site-packages:/home/pi/CaveBot-ros/install/nav2_common/lib/python3.12/site-packages:${PYTHONPATH} /usr/bin/cmake /home/pi/CaveBot-ros/src/navigation2/nav2_waypoint_follower -DAMENT_CMAKE_SYMLINK_INSTALL=1 -DCMAKE_INSTALL_PREFIX=/home/pi/CaveBot-ros/install/nav2_waypoint_follower
[7.523s] Invoking command in '/home/pi/CaveBot-ros/build/nav2_waypoint_follower': AMENT_PREFIX_PATH=/home/pi/CaveBot-ros/install/nav2_core:/home/pi/CaveBot-ros/install/nav2_costmap_2d:/home/pi/CaveBot-ros/install/nav2_map_server:/home/pi/CaveBot-ros/install/nav2_lifecycle_manager:/home/pi/CaveBot-ros/install/nav2_behavior_tree:/home/pi/CaveBot-ros/install/nav2_util:/home/pi/CaveBot-ros/install/nav2_voxel_grid:/home/pi/CaveBot-ros/install/nav2_msgs:/home/pi/CaveBot-ros/install/nav2_common:${AMENT_PREFIX_PATH} CMAKE_PREFIX_PATH=/home/pi/CaveBot-ros/install/nav2_core:/home/pi/CaveBot-ros/install/nav2_costmap_2d:/home/pi/CaveBot-ros/install/nav2_map_server:/home/pi/CaveBot-ros/install/nav2_lifecycle_manager:/home/pi/CaveBot-ros/install/nav2_behavior_tree:/home/pi/CaveBot-ros/install/nav2_util:/home/pi/CaveBot-ros/install/nav2_voxel_grid:/home/pi/CaveBot-ros/install/nav2_msgs:/home/pi/CaveBot-ros/install/nav2_common:/opt/ros/jazzy/opt/gz_math_vendor:/opt/ros/jazzy/opt/gz_utils_vendor:/opt/ros/jazzy/opt/gz_cmake_vendor:/opt/ros/jazzy DEBUGINFOD_URLS=https://debuginfod.ubuntu.com LD_LIBRARY_PATH=/home/pi/CaveBot-ros/install/nav2_costmap_2d/lib:/home/pi/CaveBot-ros/install/nav2_map_server/lib:/home/pi/CaveBot-ros/install/nav2_lifecycle_manager/lib:/home/pi/CaveBot-ros/install/nav2_behavior_tree/lib:/home/pi/CaveBot-ros/install/nav2_util/lib:/home/pi/CaveBot-ros/install/nav2_voxel_grid/lib:/home/pi/CaveBot-ros/install/nav2_msgs/lib:${LD_LIBRARY_PATH} PYTHONPATH=/home/pi/CaveBot-ros/install/nav2_msgs/lib/python3.12/site-packages:/home/pi/CaveBot-ros/install/nav2_common/lib/python3.12/site-packages:${PYTHONPATH} /usr/bin/cmake --build /home/pi/CaveBot-ros/build/nav2_waypoint_follower -- -j4 -l4
[7.732s] [  5%] Building CXX object CMakeFiles/waypoint_follower_core.dir/src/waypoint_follower.cpp.o
[58.607s] [ 11%] Linking CXX shared library libwaypoint_follower_core.so
[61.739s] [ 11%] Built target waypoint_follower_core
[61.808s] [ 16%] Building CXX object CMakeFiles/input_at_waypoint.dir/plugins/input_at_waypoint.cpp.o
[90.693s] [ 22%] Linking CXX shared library libinput_at_waypoint.so
[92.055s] [ 22%] Built target input_at_waypoint
[92.111s] [ 27%] Building CXX object gtest/CMakeFiles/gtest_main.dir/src/gtest_main.cc.o
[94.797s] [ 33%] Linking CXX static library libgtest_main.a
[94.894s] [ 33%] Built target gtest_main
[94.961s] [ 38%] Building CXX object gtest/CMakeFiles/gtest.dir/src/gtest-all.cc.o
[123.558s] [ 44%] Linking CXX static library libgtest.a
[123.752s] [ 44%] Built target gtest
[123.841s] [ 50%] Building CXX object CMakeFiles/waypoint_follower.dir/src/main.cpp.o
[137.024s] [ 55%] Linking CXX executable waypoint_follower
[139.068s] [ 55%] Built target waypoint_follower
[139.146s] [ 61%] Building CXX object test/CMakeFiles/test_dynamic_parameters.dir/test_dynamic_parameters.cpp.o
[156.073s] [ 66%] Linking CXX executable test_dynamic_parameters
[158.635s] [ 66%] Built target test_dynamic_parameters
[158.700s] [ 72%] Building CXX object CMakeFiles/photo_at_waypoint.dir/plugins/photo_at_waypoint.cpp.o
[206.098s] [ 77%] Linking CXX shared library libphoto_at_waypoint.so
[207.559s] [ 77%] Built target photo_at_waypoint
[207.625s] [ 83%] Building CXX object CMakeFiles/wait_at_waypoint.dir/plugins/wait_at_waypoint.cpp.o
[218.905s] [ 88%] Linking CXX shared library libwait_at_waypoint.so
[219.992s] [ 88%] Built target wait_at_waypoint
[220.068s] [ 94%] Building CXX object test/CMakeFiles/test_task_executors.dir/test_task_executors.cpp.o
[257.224s] [100%] Linking CXX executable test_task_executors
[260.910s] [100%] Built target test_task_executors
[260.957s] Invoked command in '/home/pi/CaveBot-ros/build/nav2_waypoint_follower' returned '0': AMENT_PREFIX_PATH=/home/pi/CaveBot-ros/install/nav2_core:/home/pi/CaveBot-ros/install/nav2_costmap_2d:/home/pi/CaveBot-ros/install/nav2_map_server:/home/pi/CaveBot-ros/install/nav2_lifecycle_manager:/home/pi/CaveBot-ros/install/nav2_behavior_tree:/home/pi/CaveBot-ros/install/nav2_util:/home/pi/CaveBot-ros/install/nav2_voxel_grid:/home/pi/CaveBot-ros/install/nav2_msgs:/home/pi/CaveBot-ros/install/nav2_common:${AMENT_PREFIX_PATH} CMAKE_PREFIX_PATH=/home/pi/CaveBot-ros/install/nav2_core:/home/pi/CaveBot-ros/install/nav2_costmap_2d:/home/pi/CaveBot-ros/install/nav2_map_server:/home/pi/CaveBot-ros/install/nav2_lifecycle_manager:/home/pi/CaveBot-ros/install/nav2_behavior_tree:/home/pi/CaveBot-ros/install/nav2_util:/home/pi/CaveBot-ros/install/nav2_voxel_grid:/home/pi/CaveBot-ros/install/nav2_msgs:/home/pi/CaveBot-ros/install/nav2_common:/opt/ros/jazzy/opt/gz_math_vendor:/opt/ros/jazzy/opt/gz_utils_vendor:/opt/ros/jazzy/opt/gz_cmake_vendor:/opt/ros/jazzy DEBUGINFOD_URLS=https://debuginfod.ubuntu.com LD_LIBRARY_PATH=/home/pi/CaveBot-ros/install/nav2_costmap_2d/lib:/home/pi/CaveBot-ros/install/nav2_map_server/lib:/home/pi/CaveBot-ros/install/nav2_lifecycle_manager/lib:/home/pi/CaveBot-ros/install/nav2_behavior_tree/lib:/home/pi/CaveBot-ros/install/nav2_util/lib:/home/pi/CaveBot-ros/install/nav2_voxel_grid/lib:/home/pi/CaveBot-ros/install/nav2_msgs/lib:${LD_LIBRARY_PATH} PYTHONPATH=/home/pi/CaveBot-ros/install/nav2_msgs/lib/python3.12/site-packages:/home/pi/CaveBot-ros/install/nav2_common/lib/python3.12/site-packages:${PYTHONPATH} /usr/bin/cmake --build /home/pi/CaveBot-ros/build/nav2_waypoint_follower -- -j4 -l4
[260.963s] Invoking command in '/home/pi/CaveBot-ros/build/nav2_waypoint_follower': AMENT_PREFIX_PATH=/home/pi/CaveBot-ros/install/nav2_core:/home/pi/CaveBot-ros/install/nav2_costmap_2d:/home/pi/CaveBot-ros/install/nav2_map_server:/home/pi/CaveBot-ros/install/nav2_lifecycle_manager:/home/pi/CaveBot-ros/install/nav2_behavior_tree:/home/pi/CaveBot-ros/install/nav2_util:/home/pi/CaveBot-ros/install/nav2_voxel_grid:/home/pi/CaveBot-ros/install/nav2_msgs:/home/pi/CaveBot-ros/install/nav2_common:${AMENT_PREFIX_PATH} CMAKE_PREFIX_PATH=/home/pi/CaveBot-ros/install/nav2_core:/home/pi/CaveBot-ros/install/nav2_costmap_2d:/home/pi/CaveBot-ros/install/nav2_map_server:/home/pi/CaveBot-ros/install/nav2_lifecycle_manager:/home/pi/CaveBot-ros/install/nav2_behavior_tree:/home/pi/CaveBot-ros/install/nav2_util:/home/pi/CaveBot-ros/install/nav2_voxel_grid:/home/pi/CaveBot-ros/install/nav2_msgs:/home/pi/CaveBot-ros/install/nav2_common:/opt/ros/jazzy/opt/gz_math_vendor:/opt/ros/jazzy/opt/gz_utils_vendor:/opt/ros/jazzy/opt/gz_cmake_vendor:/opt/ros/jazzy DEBUGINFOD_URLS=https://debuginfod.ubuntu.com LD_LIBRARY_PATH=/home/pi/CaveBot-ros/install/nav2_costmap_2d/lib:/home/pi/CaveBot-ros/install/nav2_map_server/lib:/home/pi/CaveBot-ros/install/nav2_lifecycle_manager/lib:/home/pi/CaveBot-ros/install/nav2_behavior_tree/lib:/home/pi/CaveBot-ros/install/nav2_util/lib:/home/pi/CaveBot-ros/install/nav2_voxel_grid/lib:/home/pi/CaveBot-ros/install/nav2_msgs/lib:${LD_LIBRARY_PATH} PYTHONPATH=/home/pi/CaveBot-ros/install/nav2_msgs/lib/python3.12/site-packages:/home/pi/CaveBot-ros/install/nav2_common/lib/python3.12/site-packages:${PYTHONPATH} /usr/bin/cmake --install /home/pi/CaveBot-ros/build/nav2_waypoint_follower
[260.994s] -- Install configuration: "Release"
[260.995s] -- Execute custom install script
[260.998s] -- Symlinking: /home/pi/CaveBot-ros/install/nav2_waypoint_follower/lib/libwaypoint_follower_core.so
[261.030s] -- Symlinking: /home/pi/CaveBot-ros/install/nav2_waypoint_follower/lib/libwait_at_waypoint.so
[261.055s] -- Symlinking: /home/pi/CaveBot-ros/install/nav2_waypoint_follower/lib/libphoto_at_waypoint.so
[261.081s] -- Symlinking: /home/pi/CaveBot-ros/install/nav2_waypoint_follower/lib/libinput_at_waypoint.so
[261.114s] -- Symlinking: /home/pi/CaveBot-ros/install/nav2_waypoint_follower/lib/nav2_waypoint_follower/waypoint_follower
[261.148s] -- Symlinking: /home/pi/CaveBot-ros/install/nav2_waypoint_follower/include//nav2_waypoint_follower/plugins/input_at_waypoint.hpp
[261.180s] -- Symlinking: /home/pi/CaveBot-ros/install/nav2_waypoint_follower/include//nav2_waypoint_follower/plugins/photo_at_waypoint.hpp
[261.215s] -- Symlinking: /home/pi/CaveBot-ros/install/nav2_waypoint_follower/include//nav2_waypoint_follower/plugins/wait_at_waypoint.hpp
[261.247s] -- Symlinking: /home/pi/CaveBot-ros/install/nav2_waypoint_follower/include//nav2_waypoint_follower/waypoint_follower.hpp
[261.284s] -- Symlinking: /home/pi/CaveBot-ros/install/nav2_waypoint_follower/share/nav2_waypoint_follower/environment/library_path.sh
[261.314s] -- Symlinking: /home/pi/CaveBot-ros/install/nav2_waypoint_follower/share/nav2_waypoint_follower/environment/library_path.dsv
[261.340s] -- Symlinking: /home/pi/CaveBot-ros/install/nav2_waypoint_follower/share/nav2_waypoint_follower//plugins.xml
[261.370s] -- Symlinking: /home/pi/CaveBot-ros/install/nav2_waypoint_follower/share/ament_index/resource_index/package_run_dependencies/nav2_waypoint_follower
[261.399s] -- Symlinking: /home/pi/CaveBot-ros/install/nav2_waypoint_follower/share/ament_index/resource_index/parent_prefix_path/nav2_waypoint_follower
[261.429s] -- Symlinking: /home/pi/CaveBot-ros/install/nav2_waypoint_follower/share/nav2_waypoint_follower/environment/ament_prefix_path.sh
[261.464s] -- Symlinking: /home/pi/CaveBot-ros/install/nav2_waypoint_follower/share/nav2_waypoint_follower/environment/ament_prefix_path.dsv
[261.493s] -- Symlinking: /home/pi/CaveBot-ros/install/nav2_waypoint_follower/share/nav2_waypoint_follower/environment/path.sh
[261.524s] -- Symlinking: /home/pi/CaveBot-ros/install/nav2_waypoint_follower/share/nav2_waypoint_follower/environment/path.dsv
[261.553s] -- Symlinking: /home/pi/CaveBot-ros/install/nav2_waypoint_follower/share/nav2_waypoint_follower/local_setup.bash
[261.579s] -- Symlinking: /home/pi/CaveBot-ros/install/nav2_waypoint_follower/share/nav2_waypoint_follower/local_setup.sh
[261.610s] -- Symlinking: /home/pi/CaveBot-ros/install/nav2_waypoint_follower/share/nav2_waypoint_follower/local_setup.zsh
[261.645s] -- Symlinking: /home/pi/CaveBot-ros/install/nav2_waypoint_follower/share/nav2_waypoint_follower/local_setup.dsv
[261.681s] -- Symlinking: /home/pi/CaveBot-ros/install/nav2_waypoint_follower/share/nav2_waypoint_follower/package.dsv
[261.714s] -- Symlinking: /home/pi/CaveBot-ros/install/nav2_waypoint_follower/share/ament_index/resource_index/packages/nav2_waypoint_follower
[261.743s] -- Symlinking: /home/pi/CaveBot-ros/install/nav2_waypoint_follower/share/ament_index/resource_index/nav2_waypoint_follower__pluginlib__plugin/nav2_waypoint_follower
[261.781s] -- Symlinking: /home/pi/CaveBot-ros/install/nav2_waypoint_follower/share/ament_index/resource_index/rclcpp_components/nav2_waypoint_follower
[261.815s] -- Symlinking: /home/pi/CaveBot-ros/install/nav2_waypoint_follower/share/nav2_waypoint_follower/cmake/ament_cmake_export_include_directories-extras.cmake
[261.859s] -- Symlinking: /home/pi/CaveBot-ros/install/nav2_waypoint_follower/share/nav2_waypoint_follower/cmake/ament_cmake_export_libraries-extras.cmake
[261.903s] -- Symlinking: /home/pi/CaveBot-ros/install/nav2_waypoint_follower/share/nav2_waypoint_follower/cmake/ament_cmake_export_dependencies-extras.cmake
[261.933s] -- Symlinking: /home/pi/CaveBot-ros/install/nav2_waypoint_follower/share/nav2_waypoint_follower/cmake/nav2_waypoint_followerConfig.cmake
[261.966s] -- Symlinking: /home/pi/CaveBot-ros/install/nav2_waypoint_follower/share/nav2_waypoint_follower/cmake/nav2_waypoint_followerConfig-version.cmake
[262.000s] -- Symlinking: /home/pi/CaveBot-ros/install/nav2_waypoint_follower/share/nav2_waypoint_follower/package.xml
[262.048s] Invoked command in '/home/pi/CaveBot-ros/build/nav2_waypoint_follower' returned '0': AMENT_PREFIX_PATH=/home/pi/CaveBot-ros/install/nav2_core:/home/pi/CaveBot-ros/install/nav2_costmap_2d:/home/pi/CaveBot-ros/install/nav2_map_server:/home/pi/CaveBot-ros/install/nav2_lifecycle_manager:/home/pi/CaveBot-ros/install/nav2_behavior_tree:/home/pi/CaveBot-ros/install/nav2_util:/home/pi/CaveBot-ros/install/nav2_voxel_grid:/home/pi/CaveBot-ros/install/nav2_msgs:/home/pi/CaveBot-ros/install/nav2_common:${AMENT_PREFIX_PATH} CMAKE_PREFIX_PATH=/home/pi/CaveBot-ros/install/nav2_core:/home/pi/CaveBot-ros/install/nav2_costmap_2d:/home/pi/CaveBot-ros/install/nav2_map_server:/home/pi/CaveBot-ros/install/nav2_lifecycle_manager:/home/pi/CaveBot-ros/install/nav2_behavior_tree:/home/pi/CaveBot-ros/install/nav2_util:/home/pi/CaveBot-ros/install/nav2_voxel_grid:/home/pi/CaveBot-ros/install/nav2_msgs:/home/pi/CaveBot-ros/install/nav2_common:/opt/ros/jazzy/opt/gz_math_vendor:/opt/ros/jazzy/opt/gz_utils_vendor:/opt/ros/jazzy/opt/gz_cmake_vendor:/opt/ros/jazzy DEBUGINFOD_URLS=https://debuginfod.ubuntu.com LD_LIBRARY_PATH=/home/pi/CaveBot-ros/install/nav2_costmap_2d/lib:/home/pi/CaveBot-ros/install/nav2_map_server/lib:/home/pi/CaveBot-ros/install/nav2_lifecycle_manager/lib:/home/pi/CaveBot-ros/install/nav2_behavior_tree/lib:/home/pi/CaveBot-ros/install/nav2_util/lib:/home/pi/CaveBot-ros/install/nav2_voxel_grid/lib:/home/pi/CaveBot-ros/install/nav2_msgs/lib:${LD_LIBRARY_PATH} PYTHONPATH=/home/pi/CaveBot-ros/install/nav2_msgs/lib/python3.12/site-packages:/home/pi/CaveBot-ros/install/nav2_common/lib/python3.12/site-packages:${PYTHONPATH} /usr/bin/cmake --install /home/pi/CaveBot-ros/build/nav2_waypoint_follower
