-- The CXX compiler identification is GNU 13.3.0
-- Detecting CXX compiler ABI info
-- Detecting CXX compiler ABI info - done
-- Check for working CXX compiler: /usr/bin/c++ - skipped
-- Detecting CXX compile features
-- Detecting CXX compile features - done
-- Found ament_cmake: 2.5.4 (/opt/ros/jazzy/share/ament_cmake/cmake)
-- Found Python3: /usr/bin/python3 (found version "3.12.3") found components: Interpreter 
-- Override CMake install command with custom implementation using symlinks instead of copying resources
-- Found nav2_common: 1.3.10 (/home/pi/CaveBot-ros/install/nav2_common/share/nav2_common/cmake)
-- Found rclcpp: 28.1.12 (/opt/ros/jazzy/share/rclcpp/cmake)
-- Found rosidl_generator_c: 4.6.6 (/opt/ros/jazzy/share/rosidl_generator_c/cmake)
-- Found rosidl_generator_cpp: 4.6.6 (/opt/ros/jazzy/share/rosidl_generator_cpp/cmake)
-- Using all available rosidl_typesupport_c: rosidl_typesupport_fastrtps_c;rosidl_typesupport_introspection_c
-- Using all available rosidl_typesupport_cpp: rosidl_typesupport_fastrtps_cpp;rosidl_typesupport_introspection_cpp
-- Found rmw_implementation_cmake: 7.3.2 (/opt/ros/jazzy/share/rmw_implementation_cmake/cmake)
-- Found rmw_fastrtps_cpp: 8.4.3 (/opt/ros/jazzy/share/rmw_fastrtps_cpp/cmake)
-- Found OpenSSL: /usr/lib/aarch64-linux-gnu/libcrypto.so (found version "3.0.13")  
-- Found FastRTPS: /opt/ros/jazzy/include (Required is at least version "2.13") 
-- Using RMW implementation 'rmw_fastrtps_cpp' as default
-- Found rclcpp_lifecycle: 28.1.12 (/opt/ros/jazzy/share/rclcpp_lifecycle/cmake)
-- Found rclcpp_components: 28.1.12 (/opt/ros/jazzy/share/rclcpp_components/cmake)
-- Found std_msgs: 5.3.6 (/opt/ros/jazzy/share/std_msgs/cmake)
-- Found geometry_msgs: 5.3.6 (/opt/ros/jazzy/share/geometry_msgs/cmake)
-- Found nav2_costmap_2d: 1.3.10 (/home/pi/CaveBot-ros/install/nav2_costmap_2d/share/nav2_costmap_2d/cmake)
-- Found eigen3_cmake_module: 0.3.0 (/opt/ros/jazzy/share/eigen3_cmake_module/cmake)
-- Found Eigen3: TRUE (found version "3.4.0") 
-- Ensuring Eigen3 include directory is part of orocos-kdl CMake target
-- Found nav2_core: 1.3.10 (/home/pi/CaveBot-ros/install/nav2_core/share/nav2_core/cmake)
-- Performing Test CMAKE_HAVE_LIBC_PTHREAD
-- Performing Test CMAKE_HAVE_LIBC_PTHREAD - Success
-- Found Threads: TRUE  
-- Found nlohmann_json: /usr/share/cmake/nlohmann_json/nlohmann_jsonConfig.cmake (found version "3.11.3") 
-- Setting build type to Release as none was specified.
-- Found ament_lint_auto: 0.17.3 (/opt/ros/jazzy/share/ament_lint_auto/cmake)
-- Found gtest sources under '/opt/ros/jazzy/src/gtest_vendor': C++ tests using 'Google Test' will be built
-- The C compiler identification is GNU 13.3.0
-- Detecting C compiler ABI info
-- Detecting C compiler ABI info - done
-- Check for working C compiler: /usr/bin/cc - skipped
-- Detecting C compile features
-- Detecting C compile features - done
-- Added test 'cppcheck' to perform static code analysis on C / C++ code
-- Configured cppcheck include dirs: /home/pi/CaveBot-ros/src/navigation2/nav2_route/include
-- Configured cppcheck exclude dirs and/or files: 
-- Added test 'cpplint' to check C / C++ code against the Google style
-- Configured cpplint exclude dirs and/or files: 
-- Added test 'flake8' to check Python code syntax and style conventions
-- Configured 'flake8' exclude dirs and/or files: 
-- Added test 'lint_cmake' to check CMake code style
-- Added test 'pep257' to check Python code against some of the docstring style conventions in PEP 257
-- Added test 'uncrustify' to check C / C++ code style
-- Configured uncrustify additional arguments: 
-- Added test 'xmllint' to check XML markup files
-- Configuring done (6.3s)
-- Generating done (2.4s)
-- Build files have been written to: /home/pi/CaveBot-ros/build/nav2_route
[  1%] Building CXX object CMakeFiles/route_server_core.dir/src/route_server.cpp.o
[  2%] Building CXX object CMakeFiles/route_server_core.dir/src/route_planner.cpp.o
[  4%] Building CXX object CMakeFiles/route_server_core.dir/src/route_tracker.cpp.o
[  5%] Building CXX object CMakeFiles/route_server_core.dir/src/edge_scorer.cpp.o
[  7%] Building CXX object CMakeFiles/route_server_core.dir/src/operations_manager.cpp.o
[  8%] Building CXX object CMakeFiles/route_server_core.dir/src/node_spatial_tree.cpp.o
[ 10%] Building CXX object CMakeFiles/route_server_core.dir/src/path_converter.cpp.o
[ 11%] Building CXX object CMakeFiles/route_server_core.dir/src/graph_loader.cpp.o
[ 12%] Building CXX object CMakeFiles/route_server_core.dir/src/graph_saver.cpp.o
[ 14%] Building CXX object CMakeFiles/route_server_core.dir/src/goal_intent_extractor.cpp.o
[ 15%] Linking CXX shared library libroute_server_core.so
[ 15%] Built target route_server_core
[ 17%] Building CXX object CMakeFiles/graph_file_loaders.dir/src/plugins/graph_file_loaders/geojson_graph_file_loader.cpp.o
[ 18%] Linking CXX shared library libgraph_file_loaders.so
[ 18%] Built target graph_file_loaders
[ 20%] Building CXX object CMakeFiles/graph_file_savers.dir/src/plugins/graph_file_savers/geojson_graph_file_saver.cpp.o
[ 21%] Linking CXX shared library libgraph_file_savers.so
[ 21%] Built target graph_file_savers
[ 22%] Building CXX object test/CMakeFiles/performance_benchmarking.dir/performance_benchmarking.cpp.o
[ 24%] Linking CXX executable performance_benchmarking
[ 24%] Built target performance_benchmarking
[ 25%] Building CXX object gtest/CMakeFiles/gtest_main.dir/src/gtest_main.cc.o
[ 27%] Linking CXX static library libgtest_main.a
[ 27%] Built target gtest_main
[ 28%] Building CXX object gtest/CMakeFiles/gtest.dir/src/gtest-all.cc.o
[ 30%] Linking CXX static library libgtest.a
[ 30%] Built target gtest
[ 31%] Building CXX object CMakeFiles/route_server.dir/src/main.cpp.o
[ 32%] Linking CXX executable route_server
[ 32%] Built target route_server
[ 34%] Building CXX object test/CMakeFiles/test_utils_and_types.dir/test_utils_and_types.cpp.o
[ 35%] Linking CXX executable test_utils_and_types
[ 35%] Built target test_utils_and_types
[ 37%] Building CXX object test/CMakeFiles/test_path_converter.dir/test_path_converter.cpp.o
[ 38%] Linking CXX executable test_path_converter
[ 38%] Built target test_path_converter
[ 40%] Building CXX object test/CMakeFiles/test_spatial_tree.dir/test_spatial_tree.cpp.o
[ 41%] Linking CXX executable test_spatial_tree
[ 41%] Built target test_spatial_tree
[ 42%] Building CXX object test/CMakeFiles/test_graph_loader.dir/test_graph_loader.cpp.o
[ 44%] Linking CXX executable test_graph_loader
[ 44%] Built target test_graph_loader
[ 45%] Building CXX object test/CMakeFiles/test_graph_saver.dir/test_graph_saver.cpp.o
[ 47%] Linking CXX executable test_graph_saver
[ 47%] Built target test_graph_saver
[ 48%] Building CXX object test/CMakeFiles/test_geojson_graph_file_loader.dir/test_geojson_graph_file_loader.cpp.o
[ 50%] Linking CXX executable test_geojson_graph_file_loader
[ 50%] Built target test_geojson_graph_file_loader
[ 51%] Building CXX object test/CMakeFiles/test_geojson_graph_file_saver.dir/test_geojson_graph_file_saver.cpp.o
[ 52%] Linking CXX executable test_geojson_graph_file_saver
[ 52%] Built target test_geojson_graph_file_saver
[ 54%] Building CXX object test/CMakeFiles/test_goal_intent_extractor.dir/test_goal_intent_extractor.cpp.o
[ 55%] Linking CXX executable test_goal_intent_extractor
[ 55%] Built target test_goal_intent_extractor
[ 57%] Building CXX object test/CMakeFiles/test_route_tracker.dir/test_route_tracker.cpp.o
[ 58%] Linking CXX executable test_route_tracker
[ 58%] Built target test_route_tracker
[ 60%] Building CXX object test/CMakeFiles/test_route_server.dir/test_route_server.cpp.o
[ 61%] Linking CXX executable test_route_server
[ 61%] Built target test_route_server
[ 62%] Building CXX object test/CMakeFiles/test_goal_intent_search.dir/test_goal_intent_search.cpp.o
[ 64%] Linking CXX executable test_goal_intent_search
[ 64%] Built target test_goal_intent_search
[ 65%] Building CXX object test/CMakeFiles/test_corner_smoothing.dir/test_corner_smoothing.cpp.o
[ 67%] Linking CXX executable test_corner_smoothing
[ 67%] Built target test_corner_smoothing
[ 68%] Building CXX object CMakeFiles/route_operations.dir/src/plugins/route_operations/adjust_speed_limit.cpp.o
[ 70%] Building CXX object CMakeFiles/route_operations.dir/src/plugins/route_operations/rerouting_service.cpp.o
[ 71%] Building CXX object CMakeFiles/route_operations.dir/src/plugins/route_operations/collision_monitor.cpp.o
[ 72%] Building CXX object CMakeFiles/route_operations.dir/src/plugins/route_operations/time_marker.cpp.o
[ 74%] Building CXX object CMakeFiles/route_operations.dir/src/plugins/route_operations/trigger_event.cpp.o
[ 75%] Linking CXX shared library libroute_operations.so
[ 75%] Built target route_operations
[ 77%] Building CXX object CMakeFiles/edge_scorers.dir/src/plugins/edge_cost_functions/distance_scorer.cpp.o
[ 78%] Building CXX object CMakeFiles/edge_scorers.dir/src/plugins/edge_cost_functions/time_scorer.cpp.o
[ 80%] Building CXX object CMakeFiles/edge_scorers.dir/src/plugins/edge_cost_functions/dynamic_edges_scorer.cpp.o
[ 81%] Building CXX object CMakeFiles/edge_scorers.dir/src/plugins/edge_cost_functions/penalty_scorer.cpp.o
[ 82%] Building CXX object CMakeFiles/edge_scorers.dir/src/plugins/edge_cost_functions/costmap_scorer.cpp.o
[ 84%] Building CXX object CMakeFiles/edge_scorers.dir/src/plugins/edge_cost_functions/semantic_scorer.cpp.o
[ 85%] Building CXX object CMakeFiles/edge_scorers.dir/src/plugins/edge_cost_functions/goal_orientation_scorer.cpp.o
[ 87%] Building CXX object CMakeFiles/edge_scorers.dir/src/plugins/edge_cost_functions/start_pose_orientation_scorer.cpp.o
[ 88%] Linking CXX shared library libedge_scorers.so
[ 88%] Built target edge_scorers
[ 90%] Building CXX object test/CMakeFiles/test_collision_operation.dir/test_collision_operation.cpp.o
[ 91%] Building CXX object test/CMakeFiles/test_operations.dir/test_operations.cpp.o
[ 92%] Linking CXX executable test_collision_operation
[ 92%] Built target test_collision_operation
[ 94%] Linking CXX executable test_operations
[ 94%] Built target test_operations
[ 95%] Building CXX object test/CMakeFiles/test_route_planner.dir/test_route_planner.cpp.o
[ 97%] Linking CXX executable test_route_planner
[ 97%] Built target test_route_planner
[ 98%] Building CXX object test/CMakeFiles/test_edge_scorers.dir/test_edge_scorers.cpp.o
[100%] Linking CXX executable test_edge_scorers
[100%] Built target test_edge_scorers
-- Install configuration: "Release"
-- Execute custom install script
-- Symlinking: /home/pi/CaveBot-ros/install/nav2_route/share/nav2_route//plugins.xml
-- Symlinking: /home/pi/CaveBot-ros/install/nav2_route/include/nav2_route/nav2_route/corner_smoothing.hpp
-- Symlinking: /home/pi/CaveBot-ros/install/nav2_route/include/nav2_route/nav2_route/edge_scorer.hpp
-- Symlinking: /home/pi/CaveBot-ros/install/nav2_route/include/nav2_route/nav2_route/goal_intent_extractor.hpp
-- Symlinking: /home/pi/CaveBot-ros/install/nav2_route/include/nav2_route/nav2_route/goal_intent_search.hpp
-- Symlinking: /home/pi/CaveBot-ros/install/nav2_route/include/nav2_route/nav2_route/graph_loader.hpp
-- Symlinking: /home/pi/CaveBot-ros/install/nav2_route/include/nav2_route/nav2_route/graph_saver.hpp
-- Symlinking: /home/pi/CaveBot-ros/install/nav2_route/include/nav2_route/nav2_route/interfaces/edge_cost_function.hpp
-- Symlinking: /home/pi/CaveBot-ros/install/nav2_route/include/nav2_route/nav2_route/interfaces/graph_file_loader.hpp
-- Symlinking: /home/pi/CaveBot-ros/install/nav2_route/include/nav2_route/nav2_route/interfaces/graph_file_saver.hpp
-- Symlinking: /home/pi/CaveBot-ros/install/nav2_route/include/nav2_route/nav2_route/interfaces/route_operation.hpp
-- Symlinking: /home/pi/CaveBot-ros/install/nav2_route/include/nav2_route/nav2_route/node_spatial_tree.hpp
-- Symlinking: /home/pi/CaveBot-ros/install/nav2_route/include/nav2_route/nav2_route/operations_manager.hpp
-- Symlinking: /home/pi/CaveBot-ros/install/nav2_route/include/nav2_route/nav2_route/path_converter.hpp
-- Symlinking: /home/pi/CaveBot-ros/install/nav2_route/include/nav2_route/nav2_route/plugins/edge_cost_functions/costmap_scorer.hpp
-- Symlinking: /home/pi/CaveBot-ros/install/nav2_route/include/nav2_route/nav2_route/plugins/edge_cost_functions/distance_scorer.hpp
-- Symlinking: /home/pi/CaveBot-ros/install/nav2_route/include/nav2_route/nav2_route/plugins/edge_cost_functions/dynamic_edges_scorer.hpp
-- Symlinking: /home/pi/CaveBot-ros/install/nav2_route/include/nav2_route/nav2_route/plugins/edge_cost_functions/goal_orientation_scorer.hpp
-- Symlinking: /home/pi/CaveBot-ros/install/nav2_route/include/nav2_route/nav2_route/plugins/edge_cost_functions/penalty_scorer.hpp
-- Symlinking: /home/pi/CaveBot-ros/install/nav2_route/include/nav2_route/nav2_route/plugins/edge_cost_functions/semantic_scorer.hpp
-- Symlinking: /home/pi/CaveBot-ros/install/nav2_route/include/nav2_route/nav2_route/plugins/edge_cost_functions/start_pose_orientation_scorer.hpp
-- Symlinking: /home/pi/CaveBot-ros/install/nav2_route/include/nav2_route/nav2_route/plugins/edge_cost_functions/time_scorer.hpp
-- Symlinking: /home/pi/CaveBot-ros/install/nav2_route/include/nav2_route/nav2_route/plugins/graph_file_loaders/geojson_graph_file_loader.hpp
-- Symlinking: /home/pi/CaveBot-ros/install/nav2_route/include/nav2_route/nav2_route/plugins/graph_file_savers/geojson_graph_file_saver.hpp
-- Symlinking: /home/pi/CaveBot-ros/install/nav2_route/include/nav2_route/nav2_route/plugins/route_operation_client.hpp
-- Symlinking: /home/pi/CaveBot-ros/install/nav2_route/include/nav2_route/nav2_route/plugins/route_operations/adjust_speed_limit.hpp
-- Symlinking: /home/pi/CaveBot-ros/install/nav2_route/include/nav2_route/nav2_route/plugins/route_operations/collision_monitor.hpp
-- Symlinking: /home/pi/CaveBot-ros/install/nav2_route/include/nav2_route/nav2_route/plugins/route_operations/rerouting_service.hpp
-- Symlinking: /home/pi/CaveBot-ros/install/nav2_route/include/nav2_route/nav2_route/plugins/route_operations/time_marker.hpp
-- Symlinking: /home/pi/CaveBot-ros/install/nav2_route/include/nav2_route/nav2_route/plugins/route_operations/trigger_event.hpp
-- Symlinking: /home/pi/CaveBot-ros/install/nav2_route/include/nav2_route/nav2_route/route_planner.hpp
-- Symlinking: /home/pi/CaveBot-ros/install/nav2_route/include/nav2_route/nav2_route/route_server.hpp
-- Symlinking: /home/pi/CaveBot-ros/install/nav2_route/include/nav2_route/nav2_route/route_tracker.hpp
-- Symlinking: /home/pi/CaveBot-ros/install/nav2_route/include/nav2_route/nav2_route/types.hpp
-- Symlinking: /home/pi/CaveBot-ros/install/nav2_route/include/nav2_route/nav2_route/utils.hpp
-- Symlinking: /home/pi/CaveBot-ros/install/nav2_route/lib/nav2_route/route_server
-- Symlinking: /home/pi/CaveBot-ros/install/nav2_route/share/nav2_route/graphs/aws_graph.geojson
-- Symlinking: /home/pi/CaveBot-ros/install/nav2_route/share/nav2_route/graphs/sample_graph.geojson
-- Symlinking: /home/pi/CaveBot-ros/install/nav2_route/share/nav2_route/graphs/scripts/README.md
-- Symlinking: /home/pi/CaveBot-ros/install/nav2_route/share/nav2_route/graphs/scripts/export_shapefiles.py
-- Symlinking: /home/pi/CaveBot-ros/install/nav2_route/share/nav2_route/graphs/scripts/generate_start_and_end_id.sql
-- Symlinking: /home/pi/CaveBot-ros/install/nav2_route/share/nav2_route/graphs/scripts/increment_edge_id.json
-- Symlinking: /home/pi/CaveBot-ros/install/nav2_route/share/nav2_route/graphs/scripts/increment_node_id.json
-- Symlinking: /home/pi/CaveBot-ros/install/nav2_route/share/nav2_route/graphs/turtlebot3_graph.geojson
-- Symlinking: /home/pi/CaveBot-ros/install/nav2_route/share/nav2_route/graphs/turtlebot4_graph.geojson
-- Symlinking: /home/pi/CaveBot-ros/install/nav2_route/share/nav2_route/test/test_graphs/error_codes.geojson
-- Symlinking: /home/pi/CaveBot-ros/install/nav2_route/share/nav2_route/test/test_graphs/invalid.json
-- Symlinking: /home/pi/CaveBot-ros/install/nav2_route/share/nav2_route/test/test_graphs/no_frame.json
-- Symlinking: /home/pi/CaveBot-ros/install/nav2_route/lib/nav2_route/performance_benchmarking
-- Symlinking: /home/pi/CaveBot-ros/install/nav2_route/share/nav2_route/environment/library_path.sh
-- Symlinking: /home/pi/CaveBot-ros/install/nav2_route/share/nav2_route/environment/library_path.dsv
-- Symlinking: /home/pi/CaveBot-ros/install/nav2_route/share/ament_index/resource_index/package_run_dependencies/nav2_route
-- Symlinking: /home/pi/CaveBot-ros/install/nav2_route/share/ament_index/resource_index/parent_prefix_path/nav2_route
-- Symlinking: /home/pi/CaveBot-ros/install/nav2_route/share/nav2_route/environment/ament_prefix_path.sh
-- Symlinking: /home/pi/CaveBot-ros/install/nav2_route/share/nav2_route/environment/ament_prefix_path.dsv
-- Symlinking: /home/pi/CaveBot-ros/install/nav2_route/share/nav2_route/environment/path.sh
-- Symlinking: /home/pi/CaveBot-ros/install/nav2_route/share/nav2_route/environment/path.dsv
-- Symlinking: /home/pi/CaveBot-ros/install/nav2_route/share/nav2_route/local_setup.bash
-- Symlinking: /home/pi/CaveBot-ros/install/nav2_route/share/nav2_route/local_setup.sh
-- Symlinking: /home/pi/CaveBot-ros/install/nav2_route/share/nav2_route/local_setup.zsh
-- Symlinking: /home/pi/CaveBot-ros/install/nav2_route/share/nav2_route/local_setup.dsv
-- Symlinking: /home/pi/CaveBot-ros/install/nav2_route/share/nav2_route/package.dsv
-- Symlinking: /home/pi/CaveBot-ros/install/nav2_route/share/ament_index/resource_index/packages/nav2_route
-- Symlinking: /home/pi/CaveBot-ros/install/nav2_route/share/ament_index/resource_index/nav2_route__pluginlib__plugin/nav2_route
-- Symlinking: /home/pi/CaveBot-ros/install/nav2_route/share/ament_index/resource_index/rclcpp_components/nav2_route
-- Symlinking: /home/pi/CaveBot-ros/install/nav2_route/share/nav2_route/cmake/ament_cmake_export_include_directories-extras.cmake
-- Symlinking: /home/pi/CaveBot-ros/install/nav2_route/share/nav2_route/cmake/ament_cmake_export_dependencies-extras.cmake
-- Symlinking: /home/pi/CaveBot-ros/install/nav2_route/share/nav2_route/cmake/ament_cmake_export_libraries-extras.cmake
-- Symlinking: /home/pi/CaveBot-ros/install/nav2_route/share/nav2_route/cmake/ament_cmake_export_targets-extras.cmake
-- Symlinking: /home/pi/CaveBot-ros/install/nav2_route/share/nav2_route/cmake/nav2_routeConfig.cmake
-- Symlinking: /home/pi/CaveBot-ros/install/nav2_route/share/nav2_route/cmake/nav2_routeConfig-version.cmake
-- Symlinking: /home/pi/CaveBot-ros/install/nav2_route/share/nav2_route/package.xml
-- Installing: /home/pi/CaveBot-ros/install/nav2_route/lib/libroute_server_core.so
-- Set non-toolchain portion of runtime path of "/home/pi/CaveBot-ros/install/nav2_route/lib/libroute_server_core.so" to ""
-- Installing: /home/pi/CaveBot-ros/install/nav2_route/lib/libedge_scorers.so
-- Set non-toolchain portion of runtime path of "/home/pi/CaveBot-ros/install/nav2_route/lib/libedge_scorers.so" to ""
-- Installing: /home/pi/CaveBot-ros/install/nav2_route/lib/libroute_operations.so
-- Set non-toolchain portion of runtime path of "/home/pi/CaveBot-ros/install/nav2_route/lib/libroute_operations.so" to ""
-- Installing: /home/pi/CaveBot-ros/install/nav2_route/lib/libgraph_file_loaders.so
-- Set non-toolchain portion of runtime path of "/home/pi/CaveBot-ros/install/nav2_route/lib/libgraph_file_loaders.so" to ""
-- Installing: /home/pi/CaveBot-ros/install/nav2_route/lib/libgraph_file_savers.so
-- Set non-toolchain portion of runtime path of "/home/pi/CaveBot-ros/install/nav2_route/lib/libgraph_file_savers.so" to ""
-- Installing: /home/pi/CaveBot-ros/install/nav2_route/share/nav2_route/cmake/export_nav2_routeExport.cmake
-- Installing: /home/pi/CaveBot-ros/install/nav2_route/share/nav2_route/cmake/export_nav2_routeExport-release.cmake
