[0.069s] Invoking command in '/home/pi/CaveBot-ros/build/nav2_route': AMENT_PREFIX_PATH=/home/pi/CaveBot-ros/install/nav2_core:/home/pi/CaveBot-ros/install/nav2_costmap_2d:/home/pi/CaveBot-ros/install/nav2_map_server:/home/pi/CaveBot-ros/install/nav2_lifecycle_manager:/home/pi/CaveBot-ros/install/nav2_behavior_tree:/home/pi/CaveBot-ros/install/nav2_util:/home/pi/CaveBot-ros/install/nav2_voxel_grid:/home/pi/CaveBot-ros/install/nav2_msgs:/home/pi/CaveBot-ros/install/nav2_common:${AMENT_PREFIX_PATH} CMAKE_PREFIX_PATH=/home/pi/CaveBot-ros/install/nav2_core:/home/pi/CaveBot-ros/install/nav2_costmap_2d:/home/pi/CaveBot-ros/install/nav2_map_server:/home/pi/CaveBot-ros/install/nav2_lifecycle_manager:/home/pi/CaveBot-ros/install/nav2_behavior_tree:/home/pi/CaveBot-ros/install/nav2_util:/home/pi/CaveBot-ros/install/nav2_voxel_grid:/home/pi/CaveBot-ros/install/nav2_msgs:/home/pi/CaveBot-ros/install/nav2_common:/opt/ros/jazzy/opt/gz_math_vendor:/opt/ros/jazzy/opt/gz_utils_vendor:/opt/ros/jazzy/opt/gz_cmake_vendor:/opt/ros/jazzy DEBUGINFOD_URLS=https://debuginfod.ubuntu.com LD_LIBRARY_PATH=/home/pi/CaveBot-ros/install/nav2_costmap_2d/lib:/home/pi/CaveBot-ros/install/nav2_map_server/lib:/home/pi/CaveBot-ros/install/nav2_lifecycle_manager/lib:/home/pi/CaveBot-ros/install/nav2_behavior_tree/lib:/home/pi/CaveBot-ros/install/nav2_util/lib:/home/pi/CaveBot-ros/install/nav2_voxel_grid/lib:/home/pi/CaveBot-ros/install/nav2_msgs/lib:${LD_LIBRARY_PATH} PYTHONPATH=/home/pi/CaveBot-ros/install/nav2_msgs/lib/python3.12/site-packages:/home/pi/CaveBot-ros/install/nav2_common/lib/python3.12/site-packages:${PYTHONPATH} /usr/bin/cmake /home/pi/CaveBot-ros/src/navigation2/nav2_route -DAMENT_CMAKE_SYMLINK_INSTALL=1 -DCMAKE_INSTALL_PREFIX=/home/pi/CaveBot-ros/install/nav2_route
[0.247s] -- The CXX compiler identification is GNU 13.3.0
[0.313s] -- Detecting CXX compiler ABI info
[0.655s] -- Detecting CXX compiler ABI info - done
[0.697s] -- Check for working CXX compiler: /usr/bin/c++ - skipped
[0.698s] -- Detecting CXX compile features
[0.701s] -- Detecting CXX compile features - done
[0.718s] -- Found ament_cmake: 2.5.4 (/opt/ros/jazzy/share/ament_cmake/cmake)
[1.208s] -- Found Python3: /usr/bin/python3 (found version "3.12.3") found components: Interpreter 
[1.464s] -- Override CMake install command with custom implementation using symlinks instead of copying resources
[1.593s] -- Found nav2_common: 1.3.10 (/home/pi/CaveBot-ros/install/nav2_common/share/nav2_common/cmake)
[1.598s] -- Found rclcpp: 28.1.12 (/opt/ros/jazzy/share/rclcpp/cmake)
[1.726s] -- Found rosidl_generator_c: 4.6.6 (/opt/ros/jazzy/share/rosidl_generator_c/cmake)
[1.777s] -- Found rosidl_generator_cpp: 4.6.6 (/opt/ros/jazzy/share/rosidl_generator_cpp/cmake)
[1.830s] -- Using all available rosidl_typesupport_c: rosidl_typesupport_fastrtps_c;rosidl_typesupport_introspection_c
[1.872s] -- Using all available rosidl_typesupport_cpp: rosidl_typesupport_fastrtps_cpp;rosidl_typesupport_introspection_cpp
[2.140s] -- Found rmw_implementation_cmake: 7.3.2 (/opt/ros/jazzy/share/rmw_implementation_cmake/cmake)
[2.147s] -- Found rmw_fastrtps_cpp: 8.4.3 (/opt/ros/jazzy/share/rmw_fastrtps_cpp/cmake)
[2.395s] -- Found OpenSSL: /usr/lib/aarch64-linux-gnu/libcrypto.so (found version "3.0.13")  
[2.446s] -- Found FastRTPS: /opt/ros/jazzy/include (Required is at least version "2.13") 
[2.517s] -- Using RMW implementation 'rmw_fastrtps_cpp' as default
[2.747s] -- Found rclcpp_lifecycle: 28.1.12 (/opt/ros/jazzy/share/rclcpp_lifecycle/cmake)
[2.841s] -- Found rclcpp_components: 28.1.12 (/opt/ros/jazzy/share/rclcpp_components/cmake)
[2.925s] -- Found std_msgs: 5.3.6 (/opt/ros/jazzy/share/std_msgs/cmake)
[2.967s] -- Found geometry_msgs: 5.3.6 (/opt/ros/jazzy/share/geometry_msgs/cmake)
[3.016s] -- Found nav2_costmap_2d: 1.3.10 (/home/pi/CaveBot-ros/install/nav2_costmap_2d/share/nav2_costmap_2d/cmake)
[3.779s] -- Found eigen3_cmake_module: 0.3.0 (/opt/ros/jazzy/share/eigen3_cmake_module/cmake)
[3.788s] -- Found Eigen3: TRUE (found version "3.4.0") 
[3.788s] -- Ensuring Eigen3 include directory is part of orocos-kdl CMake target
[4.107s] -- Found nav2_core: 1.3.10 (/home/pi/CaveBot-ros/install/nav2_core/share/nav2_core/cmake)
[4.212s] -- Performing Test CMAKE_HAVE_LIBC_PTHREAD
[4.622s] -- Performing Test CMAKE_HAVE_LIBC_PTHREAD - Success
[4.631s] -- Found Threads: TRUE  
[4.652s] -- Found nlohmann_json: /usr/share/cmake/nlohmann_json/nlohmann_jsonConfig.cmake (found version "3.11.3") 
[4.654s] -- Setting build type to Release as none was specified.
[5.058s] -- Found ament_lint_auto: 0.17.3 (/opt/ros/jazzy/share/ament_lint_auto/cmake)
[5.478s] -- Found gtest sources under '/opt/ros/jazzy/src/gtest_vendor': C++ tests using 'Google Test' will be built
[5.627s] -- The C compiler identification is GNU 13.3.0
[5.673s] -- Detecting C compiler ABI info
[6.064s] -- Detecting C compiler ABI info - done
[6.105s] -- Check for working C compiler: /usr/bin/cc - skipped
[6.109s] -- Detecting C compile features
[6.111s] -- Detecting C compile features - done
[6.248s] -- Added test 'cppcheck' to perform static code analysis on C / C++ code
[6.255s] -- Configured cppcheck include dirs: /home/pi/CaveBot-ros/src/navigation2/nav2_route/include
[6.258s] -- Configured cppcheck exclude dirs and/or files: 
[6.270s] -- Added test 'cpplint' to check C / C++ code against the Google style
[6.271s] -- Configured cpplint exclude dirs and/or files: 
[6.278s] -- Added test 'flake8' to check Python code syntax and style conventions
[6.278s] -- Configured 'flake8' exclude dirs and/or files: 
[6.286s] -- Added test 'lint_cmake' to check CMake code style
[6.292s] -- Added test 'pep257' to check Python code against some of the docstring style conventions in PEP 257
[6.306s] -- Added test 'uncrustify' to check C / C++ code style
[6.306s] -- Configured uncrustify additional arguments: 
[6.312s] -- Added test 'xmllint' to check XML markup files
[6.343s] -- Configuring done (6.3s)
[8.983s] -- Generating done (2.4s)
[9.238s] -- Build files have been written to: /home/pi/CaveBot-ros/build/nav2_route
[9.329s] Invoked command in '/home/pi/CaveBot-ros/build/nav2_route' returned '0': AMENT_PREFIX_PATH=/home/pi/CaveBot-ros/install/nav2_core:/home/pi/CaveBot-ros/install/nav2_costmap_2d:/home/pi/CaveBot-ros/install/nav2_map_server:/home/pi/CaveBot-ros/install/nav2_lifecycle_manager:/home/pi/CaveBot-ros/install/nav2_behavior_tree:/home/pi/CaveBot-ros/install/nav2_util:/home/pi/CaveBot-ros/install/nav2_voxel_grid:/home/pi/CaveBot-ros/install/nav2_msgs:/home/pi/CaveBot-ros/install/nav2_common:${AMENT_PREFIX_PATH} CMAKE_PREFIX_PATH=/home/pi/CaveBot-ros/install/nav2_core:/home/pi/CaveBot-ros/install/nav2_costmap_2d:/home/pi/CaveBot-ros/install/nav2_map_server:/home/pi/CaveBot-ros/install/nav2_lifecycle_manager:/home/pi/CaveBot-ros/install/nav2_behavior_tree:/home/pi/CaveBot-ros/install/nav2_util:/home/pi/CaveBot-ros/install/nav2_voxel_grid:/home/pi/CaveBot-ros/install/nav2_msgs:/home/pi/CaveBot-ros/install/nav2_common:/opt/ros/jazzy/opt/gz_math_vendor:/opt/ros/jazzy/opt/gz_utils_vendor:/opt/ros/jazzy/opt/gz_cmake_vendor:/opt/ros/jazzy DEBUGINFOD_URLS=https://debuginfod.ubuntu.com LD_LIBRARY_PATH=/home/pi/CaveBot-ros/install/nav2_costmap_2d/lib:/home/pi/CaveBot-ros/install/nav2_map_server/lib:/home/pi/CaveBot-ros/install/nav2_lifecycle_manager/lib:/home/pi/CaveBot-ros/install/nav2_behavior_tree/lib:/home/pi/CaveBot-ros/install/nav2_util/lib:/home/pi/CaveBot-ros/install/nav2_voxel_grid/lib:/home/pi/CaveBot-ros/install/nav2_msgs/lib:${LD_LIBRARY_PATH} PYTHONPATH=/home/pi/CaveBot-ros/install/nav2_msgs/lib/python3.12/site-packages:/home/pi/CaveBot-ros/install/nav2_common/lib/python3.12/site-packages:${PYTHONPATH} /usr/bin/cmake /home/pi/CaveBot-ros/src/navigation2/nav2_route -DAMENT_CMAKE_SYMLINK_INSTALL=1 -DCMAKE_INSTALL_PREFIX=/home/pi/CaveBot-ros/install/nav2_route
[9.334s] Invoking command in '/home/pi/CaveBot-ros/build/nav2_route': AMENT_PREFIX_PATH=/home/pi/CaveBot-ros/install/nav2_core:/home/pi/CaveBot-ros/install/nav2_costmap_2d:/home/pi/CaveBot-ros/install/nav2_map_server:/home/pi/CaveBot-ros/install/nav2_lifecycle_manager:/home/pi/CaveBot-ros/install/nav2_behavior_tree:/home/pi/CaveBot-ros/install/nav2_util:/home/pi/CaveBot-ros/install/nav2_voxel_grid:/home/pi/CaveBot-ros/install/nav2_msgs:/home/pi/CaveBot-ros/install/nav2_common:${AMENT_PREFIX_PATH} CMAKE_PREFIX_PATH=/home/pi/CaveBot-ros/install/nav2_core:/home/pi/CaveBot-ros/install/nav2_costmap_2d:/home/pi/CaveBot-ros/install/nav2_map_server:/home/pi/CaveBot-ros/install/nav2_lifecycle_manager:/home/pi/CaveBot-ros/install/nav2_behavior_tree:/home/pi/CaveBot-ros/install/nav2_util:/home/pi/CaveBot-ros/install/nav2_voxel_grid:/home/pi/CaveBot-ros/install/nav2_msgs:/home/pi/CaveBot-ros/install/nav2_common:/opt/ros/jazzy/opt/gz_math_vendor:/opt/ros/jazzy/opt/gz_utils_vendor:/opt/ros/jazzy/opt/gz_cmake_vendor:/opt/ros/jazzy DEBUGINFOD_URLS=https://debuginfod.ubuntu.com LD_LIBRARY_PATH=/home/pi/CaveBot-ros/install/nav2_costmap_2d/lib:/home/pi/CaveBot-ros/install/nav2_map_server/lib:/home/pi/CaveBot-ros/install/nav2_lifecycle_manager/lib:/home/pi/CaveBot-ros/install/nav2_behavior_tree/lib:/home/pi/CaveBot-ros/install/nav2_util/lib:/home/pi/CaveBot-ros/install/nav2_voxel_grid/lib:/home/pi/CaveBot-ros/install/nav2_msgs/lib:${LD_LIBRARY_PATH} PYTHONPATH=/home/pi/CaveBot-ros/install/nav2_msgs/lib/python3.12/site-packages:/home/pi/CaveBot-ros/install/nav2_common/lib/python3.12/site-packages:${PYTHONPATH} /usr/bin/cmake --build /home/pi/CaveBot-ros/build/nav2_route -- -j4 -l4
[9.512s] [  1%] Building CXX object CMakeFiles/route_server_core.dir/src/route_server.cpp.o
[95.887s] [  2%] Building CXX object CMakeFiles/route_server_core.dir/src/route_planner.cpp.o
[123.765s] [  4%] Building CXX object CMakeFiles/route_server_core.dir/src/route_tracker.cpp.o
[153.528s] [  5%] Building CXX object CMakeFiles/route_server_core.dir/src/edge_scorer.cpp.o
[181.937s] [  7%] Building CXX object CMakeFiles/route_server_core.dir/src/operations_manager.cpp.o
[211.103s] [  8%] Building CXX object CMakeFiles/route_server_core.dir/src/node_spatial_tree.cpp.o
[224.530s] [ 10%] Building CXX object CMakeFiles/route_server_core.dir/src/path_converter.cpp.o
[244.774s] [ 11%] Building CXX object CMakeFiles/route_server_core.dir/src/graph_loader.cpp.o
[273.524s] [ 12%] Building CXX object CMakeFiles/route_server_core.dir/src/graph_saver.cpp.o
[302.301s] [ 14%] Building CXX object CMakeFiles/route_server_core.dir/src/goal_intent_extractor.cpp.o
[318.809s] [ 15%] Linking CXX shared library libroute_server_core.so
[322.155s] [ 15%] Built target route_server_core
[322.230s] [ 17%] Building CXX object CMakeFiles/graph_file_loaders.dir/src/plugins/graph_file_loaders/geojson_graph_file_loader.cpp.o
[346.381s] [ 18%] Linking CXX shared library libgraph_file_loaders.so
[347.303s] [ 18%] Built target graph_file_loaders
[347.358s] [ 20%] Building CXX object CMakeFiles/graph_file_savers.dir/src/plugins/graph_file_savers/geojson_graph_file_saver.cpp.o
[365.588s] [ 21%] Linking CXX shared library libgraph_file_savers.so
[366.533s] [ 21%] Built target graph_file_savers
[366.597s] [ 22%] Building CXX object test/CMakeFiles/performance_benchmarking.dir/performance_benchmarking.cpp.o
[392.978s] [ 24%] Linking CXX executable performance_benchmarking
[394.584s] [ 24%] Built target performance_benchmarking
[394.640s] [ 25%] Building CXX object gtest/CMakeFiles/gtest_main.dir/src/gtest_main.cc.o
[397.400s] [ 27%] Linking CXX static library libgtest_main.a
[397.506s] [ 27%] Built target gtest_main
[397.571s] [ 28%] Building CXX object gtest/CMakeFiles/gtest.dir/src/gtest-all.cc.o
[424.087s] [ 30%] Linking CXX static library libgtest.a
[424.251s] [ 30%] Built target gtest
[424.324s] [ 31%] Building CXX object CMakeFiles/route_server.dir/src/main.cpp.o
[441.609s] [ 32%] Linking CXX executable route_server
[442.975s] [ 32%] Built target route_server
[443.039s] [ 34%] Building CXX object test/CMakeFiles/test_utils_and_types.dir/test_utils_and_types.cpp.o
[459.975s] [ 35%] Linking CXX executable test_utils_and_types
[461.123s] [ 35%] Built target test_utils_and_types
[461.191s] [ 37%] Building CXX object test/CMakeFiles/test_path_converter.dir/test_path_converter.cpp.o
[494.175s] [ 38%] Linking CXX executable test_path_converter
[496.758s] [ 38%] Built target test_path_converter
[496.821s] [ 40%] Building CXX object test/CMakeFiles/test_spatial_tree.dir/test_spatial_tree.cpp.o
[509.076s] [ 41%] Linking CXX executable test_spatial_tree
[510.505s] [ 41%] Built target test_spatial_tree
[510.581s] [ 42%] Building CXX object test/CMakeFiles/test_graph_loader.dir/test_graph_loader.cpp.o
[549.187s] [ 44%] Linking CXX executable test_graph_loader
[551.656s] [ 44%] Built target test_graph_loader
[551.783s] [ 45%] Building CXX object test/CMakeFiles/test_graph_saver.dir/test_graph_saver.cpp.o
[595.177s] [ 47%] Linking CXX executable test_graph_saver
[597.512s] [ 47%] Built target test_graph_saver
[597.654s] [ 48%] Building CXX object test/CMakeFiles/test_geojson_graph_file_loader.dir/test_geojson_graph_file_loader.cpp.o
[626.848s] [ 50%] Linking CXX executable test_geojson_graph_file_loader
[627.929s] [ 50%] Built target test_geojson_graph_file_loader
[628.000s] [ 51%] Building CXX object test/CMakeFiles/test_geojson_graph_file_saver.dir/test_geojson_graph_file_saver.cpp.o
[655.777s] [ 52%] Linking CXX executable test_geojson_graph_file_saver
[656.925s] [ 52%] Built target test_geojson_graph_file_saver
[656.990s] [ 54%] Building CXX object test/CMakeFiles/test_goal_intent_extractor.dir/test_goal_intent_extractor.cpp.o
[684.789s] [ 55%] Linking CXX executable test_goal_intent_extractor
[686.571s] [ 55%] Built target test_goal_intent_extractor
[686.641s] [ 57%] Building CXX object test/CMakeFiles/test_route_tracker.dir/test_route_tracker.cpp.o
[731.291s] [ 58%] Linking CXX executable test_route_tracker
[733.248s] [ 58%] Built target test_route_tracker
[733.324s] [ 60%] Building CXX object test/CMakeFiles/test_route_server.dir/test_route_server.cpp.o
[786.535s] [ 61%] Linking CXX executable test_route_server
[789.074s] [ 61%] Built target test_route_server
[789.146s] [ 62%] Building CXX object test/CMakeFiles/test_goal_intent_search.dir/test_goal_intent_search.cpp.o
[804.816s] [ 64%] Linking CXX executable test_goal_intent_search
[806.541s] [ 64%] Built target test_goal_intent_search
[806.607s] [ 65%] Building CXX object test/CMakeFiles/test_corner_smoothing.dir/test_corner_smoothing.cpp.o
[821.564s] [ 67%] Linking CXX executable test_corner_smoothing
[822.674s] [ 67%] Built target test_corner_smoothing
[822.747s] [ 68%] Building CXX object CMakeFiles/route_operations.dir/src/plugins/route_operations/adjust_speed_limit.cpp.o
[841.359s] [ 70%] Building CXX object CMakeFiles/route_operations.dir/src/plugins/route_operations/rerouting_service.cpp.o
[859.862s] [ 71%] Building CXX object CMakeFiles/route_operations.dir/src/plugins/route_operations/collision_monitor.cpp.o
[875.506s] [ 72%] Building CXX object CMakeFiles/route_operations.dir/src/plugins/route_operations/time_marker.cpp.o
[888.277s] [ 74%] Building CXX object CMakeFiles/route_operations.dir/src/plugins/route_operations/trigger_event.cpp.o
[906.325s] [ 75%] Linking CXX shared library libroute_operations.so
[908.513s] [ 75%] Built target route_operations
[908.580s] [ 77%] Building CXX object CMakeFiles/edge_scorers.dir/src/plugins/edge_cost_functions/distance_scorer.cpp.o
[922.019s] [ 78%] Building CXX object CMakeFiles/edge_scorers.dir/src/plugins/edge_cost_functions/time_scorer.cpp.o
[936.137s] [ 80%] Building CXX object CMakeFiles/edge_scorers.dir/src/plugins/edge_cost_functions/dynamic_edges_scorer.cpp.o
[954.957s] [ 81%] Building CXX object CMakeFiles/edge_scorers.dir/src/plugins/edge_cost_functions/penalty_scorer.cpp.o
[969.846s] [ 82%] Building CXX object CMakeFiles/edge_scorers.dir/src/plugins/edge_cost_functions/costmap_scorer.cpp.o
[985.052s] [ 84%] Building CXX object CMakeFiles/edge_scorers.dir/src/plugins/edge_cost_functions/semantic_scorer.cpp.o
[1000.127s] [ 85%] Building CXX object CMakeFiles/edge_scorers.dir/src/plugins/edge_cost_functions/goal_orientation_scorer.cpp.o
[1011.194s] [ 87%] Building CXX object CMakeFiles/edge_scorers.dir/src/plugins/edge_cost_functions/start_pose_orientation_scorer.cpp.o
[1023.288s] [ 88%] Linking CXX shared library libedge_scorers.so
[1025.392s] [ 88%] Built target edge_scorers
[1025.472s] [ 90%] Building CXX object test/CMakeFiles/test_collision_operation.dir/test_collision_operation.cpp.o
[1025.526s] [ 91%] Building CXX object test/CMakeFiles/test_operations.dir/test_operations.cpp.o
[1048.061s] [ 92%] Linking CXX executable test_collision_operation
[1049.836s] [ 92%] Built target test_collision_operation
[1090.468s] [ 94%] Linking CXX executable test_operations
[1094.612s] [ 94%] Built target test_operations
[1094.815s] [ 95%] Building CXX object test/CMakeFiles/test_route_planner.dir/test_route_planner.cpp.o
[1125.463s] [ 97%] Linking CXX executable test_route_planner
[1126.996s] [ 97%] Built target test_route_planner
[1127.048s] [ 98%] Building CXX object test/CMakeFiles/test_edge_scorers.dir/test_edge_scorers.cpp.o
[1185.863s] [100%] Linking CXX executable test_edge_scorers
[1188.265s] [100%] Built target test_edge_scorers
[1188.289s] Invoked command in '/home/pi/CaveBot-ros/build/nav2_route' returned '0': AMENT_PREFIX_PATH=/home/pi/CaveBot-ros/install/nav2_core:/home/pi/CaveBot-ros/install/nav2_costmap_2d:/home/pi/CaveBot-ros/install/nav2_map_server:/home/pi/CaveBot-ros/install/nav2_lifecycle_manager:/home/pi/CaveBot-ros/install/nav2_behavior_tree:/home/pi/CaveBot-ros/install/nav2_util:/home/pi/CaveBot-ros/install/nav2_voxel_grid:/home/pi/CaveBot-ros/install/nav2_msgs:/home/pi/CaveBot-ros/install/nav2_common:${AMENT_PREFIX_PATH} CMAKE_PREFIX_PATH=/home/pi/CaveBot-ros/install/nav2_core:/home/pi/CaveBot-ros/install/nav2_costmap_2d:/home/pi/CaveBot-ros/install/nav2_map_server:/home/pi/CaveBot-ros/install/nav2_lifecycle_manager:/home/pi/CaveBot-ros/install/nav2_behavior_tree:/home/pi/CaveBot-ros/install/nav2_util:/home/pi/CaveBot-ros/install/nav2_voxel_grid:/home/pi/CaveBot-ros/install/nav2_msgs:/home/pi/CaveBot-ros/install/nav2_common:/opt/ros/jazzy/opt/gz_math_vendor:/opt/ros/jazzy/opt/gz_utils_vendor:/opt/ros/jazzy/opt/gz_cmake_vendor:/opt/ros/jazzy DEBUGINFOD_URLS=https://debuginfod.ubuntu.com LD_LIBRARY_PATH=/home/pi/CaveBot-ros/install/nav2_costmap_2d/lib:/home/pi/CaveBot-ros/install/nav2_map_server/lib:/home/pi/CaveBot-ros/install/nav2_lifecycle_manager/lib:/home/pi/CaveBot-ros/install/nav2_behavior_tree/lib:/home/pi/CaveBot-ros/install/nav2_util/lib:/home/pi/CaveBot-ros/install/nav2_voxel_grid/lib:/home/pi/CaveBot-ros/install/nav2_msgs/lib:${LD_LIBRARY_PATH} PYTHONPATH=/home/pi/CaveBot-ros/install/nav2_msgs/lib/python3.12/site-packages:/home/pi/CaveBot-ros/install/nav2_common/lib/python3.12/site-packages:${PYTHONPATH} /usr/bin/cmake --build /home/pi/CaveBot-ros/build/nav2_route -- -j4 -l4
[1188.291s] Invoking command in '/home/pi/CaveBot-ros/build/nav2_route': AMENT_PREFIX_PATH=/home/pi/CaveBot-ros/install/nav2_core:/home/pi/CaveBot-ros/install/nav2_costmap_2d:/home/pi/CaveBot-ros/install/nav2_map_server:/home/pi/CaveBot-ros/install/nav2_lifecycle_manager:/home/pi/CaveBot-ros/install/nav2_behavior_tree:/home/pi/CaveBot-ros/install/nav2_util:/home/pi/CaveBot-ros/install/nav2_voxel_grid:/home/pi/CaveBot-ros/install/nav2_msgs:/home/pi/CaveBot-ros/install/nav2_common:${AMENT_PREFIX_PATH} CMAKE_PREFIX_PATH=/home/pi/CaveBot-ros/install/nav2_core:/home/pi/CaveBot-ros/install/nav2_costmap_2d:/home/pi/CaveBot-ros/install/nav2_map_server:/home/pi/CaveBot-ros/install/nav2_lifecycle_manager:/home/pi/CaveBot-ros/install/nav2_behavior_tree:/home/pi/CaveBot-ros/install/nav2_util:/home/pi/CaveBot-ros/install/nav2_voxel_grid:/home/pi/CaveBot-ros/install/nav2_msgs:/home/pi/CaveBot-ros/install/nav2_common:/opt/ros/jazzy/opt/gz_math_vendor:/opt/ros/jazzy/opt/gz_utils_vendor:/opt/ros/jazzy/opt/gz_cmake_vendor:/opt/ros/jazzy DEBUGINFOD_URLS=https://debuginfod.ubuntu.com LD_LIBRARY_PATH=/home/pi/CaveBot-ros/install/nav2_costmap_2d/lib:/home/pi/CaveBot-ros/install/nav2_map_server/lib:/home/pi/CaveBot-ros/install/nav2_lifecycle_manager/lib:/home/pi/CaveBot-ros/install/nav2_behavior_tree/lib:/home/pi/CaveBot-ros/install/nav2_util/lib:/home/pi/CaveBot-ros/install/nav2_voxel_grid/lib:/home/pi/CaveBot-ros/install/nav2_msgs/lib:${LD_LIBRARY_PATH} PYTHONPATH=/home/pi/CaveBot-ros/install/nav2_msgs/lib/python3.12/site-packages:/home/pi/CaveBot-ros/install/nav2_common/lib/python3.12/site-packages:${PYTHONPATH} /usr/bin/cmake --install /home/pi/CaveBot-ros/build/nav2_route
[1188.307s] -- Install configuration: "Release"
[1188.308s] -- Execute custom install script
[1188.308s] -- Symlinking: /home/pi/CaveBot-ros/install/nav2_route/share/nav2_route//plugins.xml
[1188.329s] -- Symlinking: /home/pi/CaveBot-ros/install/nav2_route/include/nav2_route/nav2_route/corner_smoothing.hpp
[1188.348s] -- Symlinking: /home/pi/CaveBot-ros/install/nav2_route/include/nav2_route/nav2_route/edge_scorer.hpp
[1188.367s] -- Symlinking: /home/pi/CaveBot-ros/install/nav2_route/include/nav2_route/nav2_route/goal_intent_extractor.hpp
[1188.386s] -- Symlinking: /home/pi/CaveBot-ros/install/nav2_route/include/nav2_route/nav2_route/goal_intent_search.hpp
[1188.404s] -- Symlinking: /home/pi/CaveBot-ros/install/nav2_route/include/nav2_route/nav2_route/graph_loader.hpp
[1188.423s] -- Symlinking: /home/pi/CaveBot-ros/install/nav2_route/include/nav2_route/nav2_route/graph_saver.hpp
[1188.442s] -- Symlinking: /home/pi/CaveBot-ros/install/nav2_route/include/nav2_route/nav2_route/interfaces/edge_cost_function.hpp
[1188.461s] -- Symlinking: /home/pi/CaveBot-ros/install/nav2_route/include/nav2_route/nav2_route/interfaces/graph_file_loader.hpp
[1188.479s] -- Symlinking: /home/pi/CaveBot-ros/install/nav2_route/include/nav2_route/nav2_route/interfaces/graph_file_saver.hpp
[1188.498s] -- Symlinking: /home/pi/CaveBot-ros/install/nav2_route/include/nav2_route/nav2_route/interfaces/route_operation.hpp
[1188.517s] -- Symlinking: /home/pi/CaveBot-ros/install/nav2_route/include/nav2_route/nav2_route/node_spatial_tree.hpp
[1188.536s] -- Symlinking: /home/pi/CaveBot-ros/install/nav2_route/include/nav2_route/nav2_route/operations_manager.hpp
[1188.555s] -- Symlinking: /home/pi/CaveBot-ros/install/nav2_route/include/nav2_route/nav2_route/path_converter.hpp
[1188.574s] -- Symlinking: /home/pi/CaveBot-ros/install/nav2_route/include/nav2_route/nav2_route/plugins/edge_cost_functions/costmap_scorer.hpp
[1188.594s] -- Symlinking: /home/pi/CaveBot-ros/install/nav2_route/include/nav2_route/nav2_route/plugins/edge_cost_functions/distance_scorer.hpp
[1188.612s] -- Symlinking: /home/pi/CaveBot-ros/install/nav2_route/include/nav2_route/nav2_route/plugins/edge_cost_functions/dynamic_edges_scorer.hpp
[1188.631s] -- Symlinking: /home/pi/CaveBot-ros/install/nav2_route/include/nav2_route/nav2_route/plugins/edge_cost_functions/goal_orientation_scorer.hpp
[1188.649s] -- Symlinking: /home/pi/CaveBot-ros/install/nav2_route/include/nav2_route/nav2_route/plugins/edge_cost_functions/penalty_scorer.hpp
[1188.671s] -- Symlinking: /home/pi/CaveBot-ros/install/nav2_route/include/nav2_route/nav2_route/plugins/edge_cost_functions/semantic_scorer.hpp
[1188.688s] -- Symlinking: /home/pi/CaveBot-ros/install/nav2_route/include/nav2_route/nav2_route/plugins/edge_cost_functions/start_pose_orientation_scorer.hpp
[1188.707s] -- Symlinking: /home/pi/CaveBot-ros/install/nav2_route/include/nav2_route/nav2_route/plugins/edge_cost_functions/time_scorer.hpp
[1188.727s] -- Symlinking: /home/pi/CaveBot-ros/install/nav2_route/include/nav2_route/nav2_route/plugins/graph_file_loaders/geojson_graph_file_loader.hpp
[1188.752s] -- Symlinking: /home/pi/CaveBot-ros/install/nav2_route/include/nav2_route/nav2_route/plugins/graph_file_savers/geojson_graph_file_saver.hpp
[1188.778s] -- Symlinking: /home/pi/CaveBot-ros/install/nav2_route/include/nav2_route/nav2_route/plugins/route_operation_client.hpp
[1188.797s] -- Symlinking: /home/pi/CaveBot-ros/install/nav2_route/include/nav2_route/nav2_route/plugins/route_operations/adjust_speed_limit.hpp
[1188.817s] -- Symlinking: /home/pi/CaveBot-ros/install/nav2_route/include/nav2_route/nav2_route/plugins/route_operations/collision_monitor.hpp
[1188.839s] -- Symlinking: /home/pi/CaveBot-ros/install/nav2_route/include/nav2_route/nav2_route/plugins/route_operations/rerouting_service.hpp
[1188.858s] -- Symlinking: /home/pi/CaveBot-ros/install/nav2_route/include/nav2_route/nav2_route/plugins/route_operations/time_marker.hpp
[1188.879s] -- Symlinking: /home/pi/CaveBot-ros/install/nav2_route/include/nav2_route/nav2_route/plugins/route_operations/trigger_event.hpp
[1188.905s] -- Symlinking: /home/pi/CaveBot-ros/install/nav2_route/include/nav2_route/nav2_route/route_planner.hpp
[1188.930s] -- Symlinking: /home/pi/CaveBot-ros/install/nav2_route/include/nav2_route/nav2_route/route_server.hpp
[1188.955s] -- Symlinking: /home/pi/CaveBot-ros/install/nav2_route/include/nav2_route/nav2_route/route_tracker.hpp
[1188.979s] -- Symlinking: /home/pi/CaveBot-ros/install/nav2_route/include/nav2_route/nav2_route/types.hpp
[1188.999s] -- Symlinking: /home/pi/CaveBot-ros/install/nav2_route/include/nav2_route/nav2_route/utils.hpp
[1189.019s] -- Symlinking: /home/pi/CaveBot-ros/install/nav2_route/lib/nav2_route/route_server
[1189.039s] -- Symlinking: /home/pi/CaveBot-ros/install/nav2_route/share/nav2_route/graphs/aws_graph.geojson
[1189.059s] -- Symlinking: /home/pi/CaveBot-ros/install/nav2_route/share/nav2_route/graphs/sample_graph.geojson
[1189.079s] -- Symlinking: /home/pi/CaveBot-ros/install/nav2_route/share/nav2_route/graphs/scripts/README.md
[1189.098s] -- Symlinking: /home/pi/CaveBot-ros/install/nav2_route/share/nav2_route/graphs/scripts/export_shapefiles.py
[1189.118s] -- Symlinking: /home/pi/CaveBot-ros/install/nav2_route/share/nav2_route/graphs/scripts/generate_start_and_end_id.sql
[1189.138s] -- Symlinking: /home/pi/CaveBot-ros/install/nav2_route/share/nav2_route/graphs/scripts/increment_edge_id.json
[1189.158s] -- Symlinking: /home/pi/CaveBot-ros/install/nav2_route/share/nav2_route/graphs/scripts/increment_node_id.json
[1189.177s] -- Symlinking: /home/pi/CaveBot-ros/install/nav2_route/share/nav2_route/graphs/turtlebot3_graph.geojson
[1189.197s] -- Symlinking: /home/pi/CaveBot-ros/install/nav2_route/share/nav2_route/graphs/turtlebot4_graph.geojson
[1189.218s] -- Symlinking: /home/pi/CaveBot-ros/install/nav2_route/share/nav2_route/test/test_graphs/error_codes.geojson
[1189.238s] -- Symlinking: /home/pi/CaveBot-ros/install/nav2_route/share/nav2_route/test/test_graphs/invalid.json
[1189.258s] -- Symlinking: /home/pi/CaveBot-ros/install/nav2_route/share/nav2_route/test/test_graphs/no_frame.json
[1189.278s] -- Symlinking: /home/pi/CaveBot-ros/install/nav2_route/lib/nav2_route/performance_benchmarking
[1189.298s] -- Symlinking: /home/pi/CaveBot-ros/install/nav2_route/share/nav2_route/environment/library_path.sh
[1189.318s] -- Symlinking: /home/pi/CaveBot-ros/install/nav2_route/share/nav2_route/environment/library_path.dsv
[1189.338s] -- Symlinking: /home/pi/CaveBot-ros/install/nav2_route/share/ament_index/resource_index/package_run_dependencies/nav2_route
[1189.358s] -- Symlinking: /home/pi/CaveBot-ros/install/nav2_route/share/ament_index/resource_index/parent_prefix_path/nav2_route
[1189.378s] -- Symlinking: /home/pi/CaveBot-ros/install/nav2_route/share/nav2_route/environment/ament_prefix_path.sh
[1189.397s] -- Symlinking: /home/pi/CaveBot-ros/install/nav2_route/share/nav2_route/environment/ament_prefix_path.dsv
[1189.416s] -- Symlinking: /home/pi/CaveBot-ros/install/nav2_route/share/nav2_route/environment/path.sh
[1189.436s] -- Symlinking: /home/pi/CaveBot-ros/install/nav2_route/share/nav2_route/environment/path.dsv
[1189.457s] -- Symlinking: /home/pi/CaveBot-ros/install/nav2_route/share/nav2_route/local_setup.bash
[1189.476s] -- Symlinking: /home/pi/CaveBot-ros/install/nav2_route/share/nav2_route/local_setup.sh
[1189.496s] -- Symlinking: /home/pi/CaveBot-ros/install/nav2_route/share/nav2_route/local_setup.zsh
[1189.516s] -- Symlinking: /home/pi/CaveBot-ros/install/nav2_route/share/nav2_route/local_setup.dsv
[1189.535s] -- Symlinking: /home/pi/CaveBot-ros/install/nav2_route/share/nav2_route/package.dsv
[1189.555s] -- Symlinking: /home/pi/CaveBot-ros/install/nav2_route/share/ament_index/resource_index/packages/nav2_route
[1189.574s] -- Symlinking: /home/pi/CaveBot-ros/install/nav2_route/share/ament_index/resource_index/nav2_route__pluginlib__plugin/nav2_route
[1189.593s] -- Symlinking: /home/pi/CaveBot-ros/install/nav2_route/share/ament_index/resource_index/rclcpp_components/nav2_route
[1189.612s] -- Symlinking: /home/pi/CaveBot-ros/install/nav2_route/share/nav2_route/cmake/ament_cmake_export_include_directories-extras.cmake
[1189.631s] -- Symlinking: /home/pi/CaveBot-ros/install/nav2_route/share/nav2_route/cmake/ament_cmake_export_dependencies-extras.cmake
[1189.650s] -- Symlinking: /home/pi/CaveBot-ros/install/nav2_route/share/nav2_route/cmake/ament_cmake_export_libraries-extras.cmake
[1189.670s] -- Symlinking: /home/pi/CaveBot-ros/install/nav2_route/share/nav2_route/cmake/ament_cmake_export_targets-extras.cmake
[1189.689s] -- Symlinking: /home/pi/CaveBot-ros/install/nav2_route/share/nav2_route/cmake/nav2_routeConfig.cmake
[1189.709s] -- Symlinking: /home/pi/CaveBot-ros/install/nav2_route/share/nav2_route/cmake/nav2_routeConfig-version.cmake
[1189.729s] -- Symlinking: /home/pi/CaveBot-ros/install/nav2_route/share/nav2_route/package.xml
[1189.748s] -- Installing: /home/pi/CaveBot-ros/install/nav2_route/lib/libroute_server_core.so
[1189.754s] -- Set non-toolchain portion of runtime path of "/home/pi/CaveBot-ros/install/nav2_route/lib/libroute_server_core.so" to ""
[1189.754s] -- Installing: /home/pi/CaveBot-ros/install/nav2_route/lib/libedge_scorers.so
[1189.756s] -- Set non-toolchain portion of runtime path of "/home/pi/CaveBot-ros/install/nav2_route/lib/libedge_scorers.so" to ""
[1189.756s] -- Installing: /home/pi/CaveBot-ros/install/nav2_route/lib/libroute_operations.so
[1189.758s] -- Set non-toolchain portion of runtime path of "/home/pi/CaveBot-ros/install/nav2_route/lib/libroute_operations.so" to ""
[1189.758s] -- Installing: /home/pi/CaveBot-ros/install/nav2_route/lib/libgraph_file_loaders.so
[1189.759s] -- Set non-toolchain portion of runtime path of "/home/pi/CaveBot-ros/install/nav2_route/lib/libgraph_file_loaders.so" to ""
[1189.759s] -- Installing: /home/pi/CaveBot-ros/install/nav2_route/lib/libgraph_file_savers.so
[1189.760s] -- Set non-toolchain portion of runtime path of "/home/pi/CaveBot-ros/install/nav2_route/lib/libgraph_file_savers.so" to ""
[1189.760s] -- Installing: /home/pi/CaveBot-ros/install/nav2_route/share/nav2_route/cmake/export_nav2_routeExport.cmake
[1189.760s] -- Installing: /home/pi/CaveBot-ros/install/nav2_route/share/nav2_route/cmake/export_nav2_routeExport-release.cmake
[1189.765s] Invoked command in '/home/pi/CaveBot-ros/build/nav2_route' returned '0': AMENT_PREFIX_PATH=/home/pi/CaveBot-ros/install/nav2_core:/home/pi/CaveBot-ros/install/nav2_costmap_2d:/home/pi/CaveBot-ros/install/nav2_map_server:/home/pi/CaveBot-ros/install/nav2_lifecycle_manager:/home/pi/CaveBot-ros/install/nav2_behavior_tree:/home/pi/CaveBot-ros/install/nav2_util:/home/pi/CaveBot-ros/install/nav2_voxel_grid:/home/pi/CaveBot-ros/install/nav2_msgs:/home/pi/CaveBot-ros/install/nav2_common:${AMENT_PREFIX_PATH} CMAKE_PREFIX_PATH=/home/pi/CaveBot-ros/install/nav2_core:/home/pi/CaveBot-ros/install/nav2_costmap_2d:/home/pi/CaveBot-ros/install/nav2_map_server:/home/pi/CaveBot-ros/install/nav2_lifecycle_manager:/home/pi/CaveBot-ros/install/nav2_behavior_tree:/home/pi/CaveBot-ros/install/nav2_util:/home/pi/CaveBot-ros/install/nav2_voxel_grid:/home/pi/CaveBot-ros/install/nav2_msgs:/home/pi/CaveBot-ros/install/nav2_common:/opt/ros/jazzy/opt/gz_math_vendor:/opt/ros/jazzy/opt/gz_utils_vendor:/opt/ros/jazzy/opt/gz_cmake_vendor:/opt/ros/jazzy DEBUGINFOD_URLS=https://debuginfod.ubuntu.com LD_LIBRARY_PATH=/home/pi/CaveBot-ros/install/nav2_costmap_2d/lib:/home/pi/CaveBot-ros/install/nav2_map_server/lib:/home/pi/CaveBot-ros/install/nav2_lifecycle_manager/lib:/home/pi/CaveBot-ros/install/nav2_behavior_tree/lib:/home/pi/CaveBot-ros/install/nav2_util/lib:/home/pi/CaveBot-ros/install/nav2_voxel_grid/lib:/home/pi/CaveBot-ros/install/nav2_msgs/lib:${LD_LIBRARY_PATH} PYTHONPATH=/home/pi/CaveBot-ros/install/nav2_msgs/lib/python3.12/site-packages:/home/pi/CaveBot-ros/install/nav2_common/lib/python3.12/site-packages:${PYTHONPATH} /usr/bin/cmake --install /home/pi/CaveBot-ros/build/nav2_route
