[0.023s] Invoking command in '/home/pi/CaveBot-ros/build/tracetools_image_pipeline': CMAKE_PREFIX_PATH=${CMAKE_PREFIX_PATH}:/opt/ros/jazzy DEBUGINFOD_URLS=https://debuginfod.ubuntu.com /usr/bin/cmake --build /home/pi/CaveBot-ros/build/tracetools_image_pipeline -- -j4 -l4
[0.147s] [ 66%] Built target tracetools_image_pipeline
[0.236s] [100%] Built target status
[0.292s] Invoked command in '/home/pi/CaveBot-ros/build/tracetools_image_pipeline' returned '0': CMAKE_PREFIX_PATH=${CMAKE_PREFIX_PATH}:/opt/ros/jazzy DEBUGINFOD_URLS=https://debuginfod.ubuntu.com /usr/bin/cmake --build /home/pi/CaveBot-ros/build/tracetools_image_pipeline -- -j4 -l4
[0.335s] Invoking command in '/home/pi/CaveBot-ros/build/tracetools_image_pipeline': CMAKE_PREFIX_PATH=${CMAKE_PREFIX_PATH}:/opt/ros/jazzy DEBUGINFOD_URLS=https://debuginfod.ubuntu.com /usr/bin/cmake --install /home/pi/CaveBot-ros/build/tracetools_image_pipeline
[0.374s] -- Install configuration: ""
[0.376s] -- Execute custom install script
[0.377s] -- Up-to-date symlink: /home/pi/CaveBot-ros/install/tracetools_image_pipeline/share/tracetools_image_pipeline/environment/library_path.sh
[0.377s] -- Up-to-date symlink: /home/pi/CaveBot-ros/install/tracetools_image_pipeline/share/tracetools_image_pipeline/environment/library_path.dsv
[0.377s] -- Up-to-date symlink: /home/pi/CaveBot-ros/install/tracetools_image_pipeline/lib/tracetools_image_pipeline/status
[0.384s] -- Up-to-date symlink: /home/pi/CaveBot-ros/install/tracetools_image_pipeline/include/tracetools_image_pipeline/config.h
[0.384s] -- Up-to-date symlink: /home/pi/CaveBot-ros/install/tracetools_image_pipeline/include/tracetools_image_pipeline/tp_call.h
[0.384s] -- Up-to-date symlink: /home/pi/CaveBot-ros/install/tracetools_image_pipeline/include/tracetools_image_pipeline/tracetools.h
[0.384s] -- Up-to-date symlink: /home/pi/CaveBot-ros/install/tracetools_image_pipeline/include/tracetools_image_pipeline/utils.hpp
[0.384s] -- Up-to-date symlink: /home/pi/CaveBot-ros/install/tracetools_image_pipeline/include/tracetools_image_pipeline/visibility_control.hpp
[0.384s] -- Up-to-date symlink: /home/pi/CaveBot-ros/install/tracetools_image_pipeline/share/ament_index/resource_index/package_run_dependencies/tracetools_image_pipeline
[0.384s] -- Up-to-date symlink: /home/pi/CaveBot-ros/install/tracetools_image_pipeline/share/ament_index/resource_index/parent_prefix_path/tracetools_image_pipeline
[0.384s] -- Up-to-date symlink: /home/pi/CaveBot-ros/install/tracetools_image_pipeline/share/tracetools_image_pipeline/environment/ament_prefix_path.sh
[0.384s] -- Up-to-date symlink: /home/pi/CaveBot-ros/install/tracetools_image_pipeline/share/tracetools_image_pipeline/environment/ament_prefix_path.dsv
[0.384s] -- Up-to-date symlink: /home/pi/CaveBot-ros/install/tracetools_image_pipeline/share/tracetools_image_pipeline/environment/path.sh
[0.385s] -- Up-to-date symlink: /home/pi/CaveBot-ros/install/tracetools_image_pipeline/share/tracetools_image_pipeline/environment/path.dsv
[0.385s] -- Up-to-date symlink: /home/pi/CaveBot-ros/install/tracetools_image_pipeline/share/tracetools_image_pipeline/local_setup.bash
[0.385s] -- Up-to-date symlink: /home/pi/CaveBot-ros/install/tracetools_image_pipeline/share/tracetools_image_pipeline/local_setup.sh
[0.391s] -- Up-to-date symlink: /home/pi/CaveBot-ros/install/tracetools_image_pipeline/share/tracetools_image_pipeline/local_setup.zsh
[0.392s] -- Up-to-date symlink: /home/pi/CaveBot-ros/install/tracetools_image_pipeline/share/tracetools_image_pipeline/local_setup.dsv
[0.392s] -- Symlinking: /home/pi/CaveBot-ros/install/tracetools_image_pipeline/share/tracetools_image_pipeline/package.dsv
[0.425s] -- Up-to-date symlink: /home/pi/CaveBot-ros/install/tracetools_image_pipeline/share/ament_index/resource_index/packages/tracetools_image_pipeline
[0.425s] -- Up-to-date symlink: /home/pi/CaveBot-ros/install/tracetools_image_pipeline/share/tracetools_image_pipeline/cmake/ament_cmake_export_targets-extras.cmake
[0.426s] -- Up-to-date symlink: /home/pi/CaveBot-ros/install/tracetools_image_pipeline/share/tracetools_image_pipeline/cmake/ament_cmake_export_include_directories-extras.cmake
[0.431s] -- Up-to-date symlink: /home/pi/CaveBot-ros/install/tracetools_image_pipeline/share/tracetools_image_pipeline/cmake/ament_cmake_export_libraries-extras.cmake
[0.432s] -- Up-to-date symlink: /home/pi/CaveBot-ros/install/tracetools_image_pipeline/share/tracetools_image_pipeline/cmake/ament_cmake_export_link_flags-extras.cmake
[0.432s] -- Up-to-date symlink: /home/pi/CaveBot-ros/install/tracetools_image_pipeline/share/tracetools_image_pipeline/cmake/tracetools_image_pipelineConfig.cmake
[0.432s] -- Up-to-date symlink: /home/pi/CaveBot-ros/install/tracetools_image_pipeline/share/tracetools_image_pipeline/cmake/tracetools_image_pipelineConfig-version.cmake
[0.432s] -- Up-to-date symlink: /home/pi/CaveBot-ros/install/tracetools_image_pipeline/share/tracetools_image_pipeline/package.xml
[0.432s] -- Up-to-date: /home/pi/CaveBot-ros/install/tracetools_image_pipeline/lib/libtracetools_image_pipeline.so
[0.432s] -- Up-to-date: /home/pi/CaveBot-ros/install/tracetools_image_pipeline/share/tracetools_image_pipeline/cmake/tracetools_image_pipeline_exportExport.cmake
[0.432s] -- Up-to-date: /home/pi/CaveBot-ros/install/tracetools_image_pipeline/share/tracetools_image_pipeline/cmake/tracetools_image_pipeline_exportExport-noconfig.cmake
[0.441s] Invoked command in '/home/pi/CaveBot-ros/build/tracetools_image_pipeline' returned '0': CMAKE_PREFIX_PATH=${CMAKE_PREFIX_PATH}:/opt/ros/jazzy DEBUGINFOD_URLS=https://debuginfod.ubuntu.com /usr/bin/cmake --install /home/pi/CaveBot-ros/build/tracetools_image_pipeline
