[0.032s] Invoking command in '/home/pi/CaveBot-ros/build/nav2_common': CMAKE_PREFIX_PATH=${CMAKE_PREFIX_PATH}:/opt/ros/jazzy DEBUGINFOD_URLS=https://debuginfod.ubuntu.com /usr/bin/cmake --build /home/pi/CaveBot-ros/build/nav2_common -- -j4 -l4
[0.146s] Built target ament_cmake_python_symlink_nav2_common
[1.332s] running egg_info
[1.449s] writing nav2_common.egg-info/PKG-INFO
[1.454s] writing dependency_links to nav2_common.egg-info/dependency_links.txt
[1.456s] writing top-level names to nav2_common.egg-info/top_level.txt
[1.722s] reading manifest file 'nav2_common.egg-info/SOURCES.txt'
[1.729s] writing manifest file 'nav2_common.egg-info/SOURCES.txt'
[1.949s] Built target ament_cmake_python_build_nav2_common_egg
[2.008s] Invoked command in '/home/pi/CaveBot-ros/build/nav2_common' returned '0': CMAKE_PREFIX_PATH=${CMAKE_PREFIX_PATH}:/opt/ros/jazzy DEBUGINFOD_URLS=https://debuginfod.ubuntu.com /usr/bin/cmake --build /home/pi/CaveBot-ros/build/nav2_common -- -j4 -l4
[2.009s] Invoking command in '/home/pi/CaveBot-ros/build/nav2_common': CMAKE_PREFIX_PATH=${CMAKE_PREFIX_PATH}:/opt/ros/jazzy DEBUGINFOD_URLS=https://debuginfod.ubuntu.com /usr/bin/cmake --install /home/pi/CaveBot-ros/build/nav2_common
[2.041s] -- Install configuration: ""
[2.041s] -- Execute custom install script
[2.045s] -- Up-to-date symlink: /home/pi/CaveBot-ros/install/nav2_common/share/nav2_common/environment/pythonpath.sh
[2.047s] -- Up-to-date symlink: /home/pi/CaveBot-ros/install/nav2_common/share/nav2_common/environment/pythonpath.dsv
[2.047s] -- Up-to-date symlink: /home/pi/CaveBot-ros/install/nav2_common/lib/python3.12/site-packages/nav2_common-1.3.10-py3.12.egg-info/PKG-INFO
[2.047s] -- Up-to-date symlink: /home/pi/CaveBot-ros/install/nav2_common/lib/python3.12/site-packages/nav2_common-1.3.10-py3.12.egg-info/SOURCES.txt
[2.047s] -- Up-to-date symlink: /home/pi/CaveBot-ros/install/nav2_common/lib/python3.12/site-packages/nav2_common-1.3.10-py3.12.egg-info/dependency_links.txt
[2.048s] -- Up-to-date symlink: /home/pi/CaveBot-ros/install/nav2_common/lib/python3.12/site-packages/nav2_common-1.3.10-py3.12.egg-info/top_level.txt
[2.054s] -- Up-to-date symlink: /home/pi/CaveBot-ros/install/nav2_common/lib/python3.12/site-packages/nav2_common/__init__.py
[2.055s] -- Up-to-date symlink: /home/pi/CaveBot-ros/install/nav2_common/lib/python3.12/site-packages/nav2_common/launch/__init__.py
[2.055s] -- Up-to-date symlink: /home/pi/CaveBot-ros/install/nav2_common/lib/python3.12/site-packages/nav2_common/launch/has_node_params.py
[2.055s] -- Up-to-date symlink: /home/pi/CaveBot-ros/install/nav2_common/lib/python3.12/site-packages/nav2_common/launch/parse_multirobot_pose.py
[2.055s] -- Up-to-date symlink: /home/pi/CaveBot-ros/install/nav2_common/lib/python3.12/site-packages/nav2_common/launch/replace_string.py
[2.055s] -- Up-to-date symlink: /home/pi/CaveBot-ros/install/nav2_common/lib/python3.12/site-packages/nav2_common/launch/rewritten_yaml.py
[2.055s] -- Up-to-date symlink: /home/pi/CaveBot-ros/install/nav2_common/share/ament_index/resource_index/package_run_dependencies/nav2_common
[2.056s] -- Up-to-date symlink: /home/pi/CaveBot-ros/install/nav2_common/share/ament_index/resource_index/parent_prefix_path/nav2_common
[2.060s] -- Up-to-date symlink: /home/pi/CaveBot-ros/install/nav2_common/share/nav2_common/environment/ament_prefix_path.sh
[2.060s] -- Up-to-date symlink: /home/pi/CaveBot-ros/install/nav2_common/share/nav2_common/environment/ament_prefix_path.dsv
[2.061s] -- Up-to-date symlink: /home/pi/CaveBot-ros/install/nav2_common/share/nav2_common/environment/path.sh
[2.064s] -- Up-to-date symlink: /home/pi/CaveBot-ros/install/nav2_common/share/nav2_common/environment/path.dsv
[2.065s] -- Up-to-date symlink: /home/pi/CaveBot-ros/install/nav2_common/share/nav2_common/local_setup.bash
[2.065s] -- Up-to-date symlink: /home/pi/CaveBot-ros/install/nav2_common/share/nav2_common/local_setup.sh
[2.071s] -- Up-to-date symlink: /home/pi/CaveBot-ros/install/nav2_common/share/nav2_common/local_setup.zsh
[2.072s] -- Up-to-date symlink: /home/pi/CaveBot-ros/install/nav2_common/share/nav2_common/local_setup.dsv
[2.072s] -- Symlinking: /home/pi/CaveBot-ros/install/nav2_common/share/nav2_common/package.dsv
[2.109s] -- Up-to-date symlink: /home/pi/CaveBot-ros/install/nav2_common/share/ament_index/resource_index/packages/nav2_common
[2.109s] -- Up-to-date symlink: /home/pi/CaveBot-ros/install/nav2_common/share/nav2_common/cmake/nav2_common-extras.cmake
[2.109s] -- Up-to-date symlink: /home/pi/CaveBot-ros/install/nav2_common/share/nav2_common/cmake/nav2_commonConfig.cmake
[2.111s] -- Up-to-date symlink: /home/pi/CaveBot-ros/install/nav2_common/share/nav2_common/cmake/nav2_commonConfig-version.cmake
[2.112s] -- Up-to-date symlink: /home/pi/CaveBot-ros/install/nav2_common/share/nav2_common/package.xml
[2.119s] -- Up-to-date symlink: /home/pi/CaveBot-ros/install/nav2_common/share/nav2_common/cmake/nav2_package.cmake
[2.202s] Listing '/home/pi/CaveBot-ros/install/nav2_common/lib/python3.12/site-packages/nav2_common'...
[2.203s] Listing '/home/pi/CaveBot-ros/install/nav2_common/lib/python3.12/site-packages/nav2_common/launch'...
[2.229s] Invoked command in '/home/pi/CaveBot-ros/build/nav2_common' returned '0': CMAKE_PREFIX_PATH=${CMAKE_PREFIX_PATH}:/opt/ros/jazzy DEBUGINFOD_URLS=https://debuginfod.ubuntu.com /usr/bin/cmake --install /home/pi/CaveBot-ros/build/nav2_common
