[0.086s] Invoking command in '/home/pi/CaveBot-ros/build/nav2_theta_star_planner': AMENT_PREFIX_PATH=/home/pi/CaveBot-ros/install/nav2_core:/home/pi/CaveBot-ros/install/nav2_costmap_2d:/home/pi/CaveBot-ros/install/nav2_map_server:/home/pi/CaveBot-ros/install/nav2_lifecycle_manager:/home/pi/CaveBot-ros/install/nav2_behavior_tree:/home/pi/CaveBot-ros/install/nav2_util:/home/pi/CaveBot-ros/install/nav2_voxel_grid:/home/pi/CaveBot-ros/install/nav2_msgs:/home/pi/CaveBot-ros/install/nav2_common:${AMENT_PREFIX_PATH} CMAKE_PREFIX_PATH=/home/pi/CaveBot-ros/install/nav2_core:/home/pi/CaveBot-ros/install/nav2_costmap_2d:/home/pi/CaveBot-ros/install/nav2_map_server:/home/pi/CaveBot-ros/install/nav2_lifecycle_manager:/home/pi/CaveBot-ros/install/nav2_behavior_tree:/home/pi/CaveBot-ros/install/nav2_util:/home/pi/CaveBot-ros/install/nav2_voxel_grid:/home/pi/CaveBot-ros/install/nav2_msgs:/home/pi/CaveBot-ros/install/nav2_common:/opt/ros/jazzy/opt/gz_math_vendor:/opt/ros/jazzy/opt/gz_utils_vendor:/opt/ros/jazzy/opt/gz_cmake_vendor:/opt/ros/jazzy DEBUGINFOD_URLS=https://debuginfod.ubuntu.com LD_LIBRARY_PATH=/home/pi/CaveBot-ros/install/nav2_costmap_2d/lib:/home/pi/CaveBot-ros/install/nav2_map_server/lib:/home/pi/CaveBot-ros/install/nav2_lifecycle_manager/lib:/home/pi/CaveBot-ros/install/nav2_behavior_tree/lib:/home/pi/CaveBot-ros/install/nav2_util/lib:/home/pi/CaveBot-ros/install/nav2_voxel_grid/lib:/home/pi/CaveBot-ros/install/nav2_msgs/lib:${LD_LIBRARY_PATH} PYTHONPATH=/home/pi/CaveBot-ros/install/nav2_msgs/lib/python3.12/site-packages:/home/pi/CaveBot-ros/install/nav2_common/lib/python3.12/site-packages:${PYTHONPATH} /usr/bin/cmake /home/pi/CaveBot-ros/src/navigation2/nav2_theta_star_planner -DAMENT_CMAKE_SYMLINK_INSTALL=1 -DCMAKE_INSTALL_PREFIX=/home/pi/CaveBot-ros/install/nav2_theta_star_planner
[0.270s] -- The C compiler identification is GNU 13.3.0
[0.502s] -- The CXX compiler identification is GNU 13.3.0
[0.560s] -- Detecting C compiler ABI info
[0.880s] -- Detecting C compiler ABI info - done
[0.907s] -- Check for working C compiler: /usr/bin/cc - skipped
[0.907s] -- Detecting C compile features
[0.909s] -- Detecting C compile features - done
[0.930s] -- Detecting CXX compiler ABI info
[1.229s] -- Detecting CXX compiler ABI info - done
[1.275s] -- Check for working CXX compiler: /usr/bin/c++ - skipped
[1.277s] -- Detecting CXX compile features
[1.280s] -- Detecting CXX compile features - done
[1.295s] -- Found ament_cmake: 2.5.4 (/opt/ros/jazzy/share/ament_cmake/cmake)
[1.733s] -- Found Python3: /usr/bin/python3 (found version "3.12.3") found components: Interpreter 
[1.991s] -- Override CMake install command with custom implementation using symlinks instead of copying resources
[2.103s] -- Found builtin_interfaces: 2.0.3 (/opt/ros/jazzy/share/builtin_interfaces/cmake)
[2.210s] -- Found rosidl_generator_c: 4.6.6 (/opt/ros/jazzy/share/rosidl_generator_c/cmake)
[2.257s] -- Found rosidl_generator_cpp: 4.6.6 (/opt/ros/jazzy/share/rosidl_generator_cpp/cmake)
[2.303s] -- Using all available rosidl_typesupport_c: rosidl_typesupport_fastrtps_c;rosidl_typesupport_introspection_c
[2.356s] -- Using all available rosidl_typesupport_cpp: rosidl_typesupport_fastrtps_cpp;rosidl_typesupport_introspection_cpp
[2.411s] -- Found nav2_common: 1.3.10 (/home/pi/CaveBot-ros/install/nav2_common/share/nav2_common/cmake)
[2.417s] -- Found nav2_core: 1.3.10 (/home/pi/CaveBot-ros/install/nav2_core/share/nav2_core/cmake)
[2.639s] -- Found rmw_implementation_cmake: 7.3.2 (/opt/ros/jazzy/share/rmw_implementation_cmake/cmake)
[2.651s] -- Found rmw_fastrtps_cpp: 8.4.3 (/opt/ros/jazzy/share/rmw_fastrtps_cpp/cmake)
[2.903s] -- Found OpenSSL: /usr/lib/aarch64-linux-gnu/libcrypto.so (found version "3.0.13")  
[2.962s] -- Found FastRTPS: /opt/ros/jazzy/include (Required is at least version "2.13") 
[3.019s] -- Using RMW implementation 'rmw_fastrtps_cpp' as default
[4.261s] -- Found eigen3_cmake_module: 0.3.0 (/opt/ros/jazzy/share/eigen3_cmake_module/cmake)
[4.268s] -- Found Eigen3: TRUE (found version "3.4.0") 
[4.268s] -- Ensuring Eigen3 include directory is part of orocos-kdl CMake target
[4.757s] -- Setting build type to Release as none was specified.
[4.848s] -- Found ament_lint_auto: 0.17.3 (/opt/ros/jazzy/share/ament_lint_auto/cmake)
[5.211s] -- Found gtest sources under '/opt/ros/jazzy/src/gtest_vendor': C++ tests using 'Google Test' will be built
[5.222s] -- Performing Test CMAKE_HAVE_LIBC_PTHREAD
[5.472s] -- Performing Test CMAKE_HAVE_LIBC_PTHREAD - Success
[5.479s] -- Found Threads: TRUE  
[5.581s] -- Added test 'copyright' to check source files copyright and LICENSE
[5.587s] -- Added test 'cppcheck' to perform static code analysis on C / C++ code
[5.587s] -- Configured cppcheck include dirs: /home/pi/CaveBot-ros/src/navigation2/nav2_theta_star_planner/include
[5.587s] -- Configured cppcheck exclude dirs and/or files: 
[5.592s] -- Added test 'cpplint' to check C / C++ code against the Google style
[5.593s] -- Configured cpplint exclude dirs and/or files: 
[5.596s] -- Added test 'lint_cmake' to check CMake code style
[5.604s] -- Added test 'uncrustify' to check C / C++ code style
[5.604s] -- Configured uncrustify additional arguments: 
[5.604s] -- Added test 'xmllint' to check XML markup files
[5.617s] -- Configuring done (5.5s)
[6.000s] -- Generating done (0.3s)
[6.033s] -- Build files have been written to: /home/pi/CaveBot-ros/build/nav2_theta_star_planner
[6.089s] Invoked command in '/home/pi/CaveBot-ros/build/nav2_theta_star_planner' returned '0': AMENT_PREFIX_PATH=/home/pi/CaveBot-ros/install/nav2_core:/home/pi/CaveBot-ros/install/nav2_costmap_2d:/home/pi/CaveBot-ros/install/nav2_map_server:/home/pi/CaveBot-ros/install/nav2_lifecycle_manager:/home/pi/CaveBot-ros/install/nav2_behavior_tree:/home/pi/CaveBot-ros/install/nav2_util:/home/pi/CaveBot-ros/install/nav2_voxel_grid:/home/pi/CaveBot-ros/install/nav2_msgs:/home/pi/CaveBot-ros/install/nav2_common:${AMENT_PREFIX_PATH} CMAKE_PREFIX_PATH=/home/pi/CaveBot-ros/install/nav2_core:/home/pi/CaveBot-ros/install/nav2_costmap_2d:/home/pi/CaveBot-ros/install/nav2_map_server:/home/pi/CaveBot-ros/install/nav2_lifecycle_manager:/home/pi/CaveBot-ros/install/nav2_behavior_tree:/home/pi/CaveBot-ros/install/nav2_util:/home/pi/CaveBot-ros/install/nav2_voxel_grid:/home/pi/CaveBot-ros/install/nav2_msgs:/home/pi/CaveBot-ros/install/nav2_common:/opt/ros/jazzy/opt/gz_math_vendor:/opt/ros/jazzy/opt/gz_utils_vendor:/opt/ros/jazzy/opt/gz_cmake_vendor:/opt/ros/jazzy DEBUGINFOD_URLS=https://debuginfod.ubuntu.com LD_LIBRARY_PATH=/home/pi/CaveBot-ros/install/nav2_costmap_2d/lib:/home/pi/CaveBot-ros/install/nav2_map_server/lib:/home/pi/CaveBot-ros/install/nav2_lifecycle_manager/lib:/home/pi/CaveBot-ros/install/nav2_behavior_tree/lib:/home/pi/CaveBot-ros/install/nav2_util/lib:/home/pi/CaveBot-ros/install/nav2_voxel_grid/lib:/home/pi/CaveBot-ros/install/nav2_msgs/lib:${LD_LIBRARY_PATH} PYTHONPATH=/home/pi/CaveBot-ros/install/nav2_msgs/lib/python3.12/site-packages:/home/pi/CaveBot-ros/install/nav2_common/lib/python3.12/site-packages:${PYTHONPATH} /usr/bin/cmake /home/pi/CaveBot-ros/src/navigation2/nav2_theta_star_planner -DAMENT_CMAKE_SYMLINK_INSTALL=1 -DCMAKE_INSTALL_PREFIX=/home/pi/CaveBot-ros/install/nav2_theta_star_planner
[6.091s] Invoking command in '/home/pi/CaveBot-ros/build/nav2_theta_star_planner': AMENT_PREFIX_PATH=/home/pi/CaveBot-ros/install/nav2_core:/home/pi/CaveBot-ros/install/nav2_costmap_2d:/home/pi/CaveBot-ros/install/nav2_map_server:/home/pi/CaveBot-ros/install/nav2_lifecycle_manager:/home/pi/CaveBot-ros/install/nav2_behavior_tree:/home/pi/CaveBot-ros/install/nav2_util:/home/pi/CaveBot-ros/install/nav2_voxel_grid:/home/pi/CaveBot-ros/install/nav2_msgs:/home/pi/CaveBot-ros/install/nav2_common:${AMENT_PREFIX_PATH} CMAKE_PREFIX_PATH=/home/pi/CaveBot-ros/install/nav2_core:/home/pi/CaveBot-ros/install/nav2_costmap_2d:/home/pi/CaveBot-ros/install/nav2_map_server:/home/pi/CaveBot-ros/install/nav2_lifecycle_manager:/home/pi/CaveBot-ros/install/nav2_behavior_tree:/home/pi/CaveBot-ros/install/nav2_util:/home/pi/CaveBot-ros/install/nav2_voxel_grid:/home/pi/CaveBot-ros/install/nav2_msgs:/home/pi/CaveBot-ros/install/nav2_common:/opt/ros/jazzy/opt/gz_math_vendor:/opt/ros/jazzy/opt/gz_utils_vendor:/opt/ros/jazzy/opt/gz_cmake_vendor:/opt/ros/jazzy DEBUGINFOD_URLS=https://debuginfod.ubuntu.com LD_LIBRARY_PATH=/home/pi/CaveBot-ros/install/nav2_costmap_2d/lib:/home/pi/CaveBot-ros/install/nav2_map_server/lib:/home/pi/CaveBot-ros/install/nav2_lifecycle_manager/lib:/home/pi/CaveBot-ros/install/nav2_behavior_tree/lib:/home/pi/CaveBot-ros/install/nav2_util/lib:/home/pi/CaveBot-ros/install/nav2_voxel_grid/lib:/home/pi/CaveBot-ros/install/nav2_msgs/lib:${LD_LIBRARY_PATH} PYTHONPATH=/home/pi/CaveBot-ros/install/nav2_msgs/lib/python3.12/site-packages:/home/pi/CaveBot-ros/install/nav2_common/lib/python3.12/site-packages:${PYTHONPATH} /usr/bin/cmake --build /home/pi/CaveBot-ros/build/nav2_theta_star_planner -- -j4 -l4
[6.255s] [ 11%] Building CXX object CMakeFiles/nav2_theta_star_planner.dir/src/theta_star.cpp.o
[20.983s] [ 22%] Building CXX object CMakeFiles/nav2_theta_star_planner.dir/src/theta_star_planner.cpp.o
[38.645s] [ 33%] Linking CXX shared library libnav2_theta_star_planner.so
[40.141s] [ 33%] Built target nav2_theta_star_planner
[40.192s] [ 44%] Building CXX object gtest/CMakeFiles/gtest.dir/src/gtest-all.cc.o
[65.188s] [ 55%] Linking CXX static library libgtest.a
[65.344s] [ 55%] Built target gtest
[65.411s] [ 66%] Building CXX object gtest/CMakeFiles/gtest_main.dir/src/gtest_main.cc.o
[67.884s] [ 77%] Linking CXX static library libgtest_main.a
[67.993s] [ 77%] Built target gtest_main
[68.051s] [ 88%] Building CXX object CMakeFiles/test_theta_star.dir/test/test_theta_star.cpp.o
[88.411s] [100%] Linking CXX executable test_theta_star
[91.200s] [100%] Built target test_theta_star
[91.231s] Invoked command in '/home/pi/CaveBot-ros/build/nav2_theta_star_planner' returned '0': AMENT_PREFIX_PATH=/home/pi/CaveBot-ros/install/nav2_core:/home/pi/CaveBot-ros/install/nav2_costmap_2d:/home/pi/CaveBot-ros/install/nav2_map_server:/home/pi/CaveBot-ros/install/nav2_lifecycle_manager:/home/pi/CaveBot-ros/install/nav2_behavior_tree:/home/pi/CaveBot-ros/install/nav2_util:/home/pi/CaveBot-ros/install/nav2_voxel_grid:/home/pi/CaveBot-ros/install/nav2_msgs:/home/pi/CaveBot-ros/install/nav2_common:${AMENT_PREFIX_PATH} CMAKE_PREFIX_PATH=/home/pi/CaveBot-ros/install/nav2_core:/home/pi/CaveBot-ros/install/nav2_costmap_2d:/home/pi/CaveBot-ros/install/nav2_map_server:/home/pi/CaveBot-ros/install/nav2_lifecycle_manager:/home/pi/CaveBot-ros/install/nav2_behavior_tree:/home/pi/CaveBot-ros/install/nav2_util:/home/pi/CaveBot-ros/install/nav2_voxel_grid:/home/pi/CaveBot-ros/install/nav2_msgs:/home/pi/CaveBot-ros/install/nav2_common:/opt/ros/jazzy/opt/gz_math_vendor:/opt/ros/jazzy/opt/gz_utils_vendor:/opt/ros/jazzy/opt/gz_cmake_vendor:/opt/ros/jazzy DEBUGINFOD_URLS=https://debuginfod.ubuntu.com LD_LIBRARY_PATH=/home/pi/CaveBot-ros/install/nav2_costmap_2d/lib:/home/pi/CaveBot-ros/install/nav2_map_server/lib:/home/pi/CaveBot-ros/install/nav2_lifecycle_manager/lib:/home/pi/CaveBot-ros/install/nav2_behavior_tree/lib:/home/pi/CaveBot-ros/install/nav2_util/lib:/home/pi/CaveBot-ros/install/nav2_voxel_grid/lib:/home/pi/CaveBot-ros/install/nav2_msgs/lib:${LD_LIBRARY_PATH} PYTHONPATH=/home/pi/CaveBot-ros/install/nav2_msgs/lib/python3.12/site-packages:/home/pi/CaveBot-ros/install/nav2_common/lib/python3.12/site-packages:${PYTHONPATH} /usr/bin/cmake --build /home/pi/CaveBot-ros/build/nav2_theta_star_planner -- -j4 -l4
[91.231s] Invoking command in '/home/pi/CaveBot-ros/build/nav2_theta_star_planner': AMENT_PREFIX_PATH=/home/pi/CaveBot-ros/install/nav2_core:/home/pi/CaveBot-ros/install/nav2_costmap_2d:/home/pi/CaveBot-ros/install/nav2_map_server:/home/pi/CaveBot-ros/install/nav2_lifecycle_manager:/home/pi/CaveBot-ros/install/nav2_behavior_tree:/home/pi/CaveBot-ros/install/nav2_util:/home/pi/CaveBot-ros/install/nav2_voxel_grid:/home/pi/CaveBot-ros/install/nav2_msgs:/home/pi/CaveBot-ros/install/nav2_common:${AMENT_PREFIX_PATH} CMAKE_PREFIX_PATH=/home/pi/CaveBot-ros/install/nav2_core:/home/pi/CaveBot-ros/install/nav2_costmap_2d:/home/pi/CaveBot-ros/install/nav2_map_server:/home/pi/CaveBot-ros/install/nav2_lifecycle_manager:/home/pi/CaveBot-ros/install/nav2_behavior_tree:/home/pi/CaveBot-ros/install/nav2_util:/home/pi/CaveBot-ros/install/nav2_voxel_grid:/home/pi/CaveBot-ros/install/nav2_msgs:/home/pi/CaveBot-ros/install/nav2_common:/opt/ros/jazzy/opt/gz_math_vendor:/opt/ros/jazzy/opt/gz_utils_vendor:/opt/ros/jazzy/opt/gz_cmake_vendor:/opt/ros/jazzy DEBUGINFOD_URLS=https://debuginfod.ubuntu.com LD_LIBRARY_PATH=/home/pi/CaveBot-ros/install/nav2_costmap_2d/lib:/home/pi/CaveBot-ros/install/nav2_map_server/lib:/home/pi/CaveBot-ros/install/nav2_lifecycle_manager/lib:/home/pi/CaveBot-ros/install/nav2_behavior_tree/lib:/home/pi/CaveBot-ros/install/nav2_util/lib:/home/pi/CaveBot-ros/install/nav2_voxel_grid/lib:/home/pi/CaveBot-ros/install/nav2_msgs/lib:${LD_LIBRARY_PATH} PYTHONPATH=/home/pi/CaveBot-ros/install/nav2_msgs/lib/python3.12/site-packages:/home/pi/CaveBot-ros/install/nav2_common/lib/python3.12/site-packages:${PYTHONPATH} /usr/bin/cmake --install /home/pi/CaveBot-ros/build/nav2_theta_star_planner
[91.259s] -- Install configuration: "Release"
[91.261s] -- Execute custom install script
[91.266s] -- Symlinking: /home/pi/CaveBot-ros/install/nav2_theta_star_planner/share/nav2_theta_star_planner//theta_star_planner.xml
[91.298s] -- Symlinking: /home/pi/CaveBot-ros/install/nav2_theta_star_planner/lib/libnav2_theta_star_planner.so
[91.332s] -- Symlinking: /home/pi/CaveBot-ros/install/nav2_theta_star_planner/include//nav2_theta_star_planner/theta_star.hpp
[91.358s] -- Symlinking: /home/pi/CaveBot-ros/install/nav2_theta_star_planner/include//nav2_theta_star_planner/theta_star_planner.hpp
[91.386s] -- Up-to-date symlink: /home/pi/CaveBot-ros/install/nav2_theta_star_planner/share/nav2_theta_star_planner/theta_star_planner.xml
[91.388s] -- Symlinking: /home/pi/CaveBot-ros/install/nav2_theta_star_planner/share/nav2_theta_star_planner/environment/library_path.sh
[91.414s] -- Symlinking: /home/pi/CaveBot-ros/install/nav2_theta_star_planner/share/nav2_theta_star_planner/environment/library_path.dsv
[91.439s] -- Symlinking: /home/pi/CaveBot-ros/install/nav2_theta_star_planner/share/ament_index/resource_index/package_run_dependencies/nav2_theta_star_planner
[91.473s] -- Symlinking: /home/pi/CaveBot-ros/install/nav2_theta_star_planner/share/ament_index/resource_index/parent_prefix_path/nav2_theta_star_planner
[91.506s] -- Symlinking: /home/pi/CaveBot-ros/install/nav2_theta_star_planner/share/nav2_theta_star_planner/environment/ament_prefix_path.sh
[91.537s] -- Symlinking: /home/pi/CaveBot-ros/install/nav2_theta_star_planner/share/nav2_theta_star_planner/environment/ament_prefix_path.dsv
[91.568s] -- Symlinking: /home/pi/CaveBot-ros/install/nav2_theta_star_planner/share/nav2_theta_star_planner/environment/path.sh
[91.600s] -- Symlinking: /home/pi/CaveBot-ros/install/nav2_theta_star_planner/share/nav2_theta_star_planner/environment/path.dsv
[91.632s] -- Symlinking: /home/pi/CaveBot-ros/install/nav2_theta_star_planner/share/nav2_theta_star_planner/local_setup.bash
[91.664s] -- Symlinking: /home/pi/CaveBot-ros/install/nav2_theta_star_planner/share/nav2_theta_star_planner/local_setup.sh
[91.686s] -- Symlinking: /home/pi/CaveBot-ros/install/nav2_theta_star_planner/share/nav2_theta_star_planner/local_setup.zsh
[91.712s] -- Symlinking: /home/pi/CaveBot-ros/install/nav2_theta_star_planner/share/nav2_theta_star_planner/local_setup.dsv
[91.741s] -- Symlinking: /home/pi/CaveBot-ros/install/nav2_theta_star_planner/share/nav2_theta_star_planner/package.dsv
[91.769s] -- Symlinking: /home/pi/CaveBot-ros/install/nav2_theta_star_planner/share/ament_index/resource_index/packages/nav2_theta_star_planner
[91.800s] -- Symlinking: /home/pi/CaveBot-ros/install/nav2_theta_star_planner/share/ament_index/resource_index/nav2_core__pluginlib__plugin/nav2_theta_star_planner
[91.829s] -- Symlinking: /home/pi/CaveBot-ros/install/nav2_theta_star_planner/share/nav2_theta_star_planner/cmake/ament_cmake_export_include_directories-extras.cmake
[91.861s] -- Symlinking: /home/pi/CaveBot-ros/install/nav2_theta_star_planner/share/nav2_theta_star_planner/cmake/ament_cmake_export_libraries-extras.cmake
[91.891s] -- Symlinking: /home/pi/CaveBot-ros/install/nav2_theta_star_planner/share/nav2_theta_star_planner/cmake/ament_cmake_export_dependencies-extras.cmake
[91.922s] -- Symlinking: /home/pi/CaveBot-ros/install/nav2_theta_star_planner/share/nav2_theta_star_planner/cmake/nav2_theta_star_plannerConfig.cmake
[91.953s] -- Symlinking: /home/pi/CaveBot-ros/install/nav2_theta_star_planner/share/nav2_theta_star_planner/cmake/nav2_theta_star_plannerConfig-version.cmake
[91.979s] -- Symlinking: /home/pi/CaveBot-ros/install/nav2_theta_star_planner/share/nav2_theta_star_planner/package.xml
[92.009s] Invoked command in '/home/pi/CaveBot-ros/build/nav2_theta_star_planner' returned '0': AMENT_PREFIX_PATH=/home/pi/CaveBot-ros/install/nav2_core:/home/pi/CaveBot-ros/install/nav2_costmap_2d:/home/pi/CaveBot-ros/install/nav2_map_server:/home/pi/CaveBot-ros/install/nav2_lifecycle_manager:/home/pi/CaveBot-ros/install/nav2_behavior_tree:/home/pi/CaveBot-ros/install/nav2_util:/home/pi/CaveBot-ros/install/nav2_voxel_grid:/home/pi/CaveBot-ros/install/nav2_msgs:/home/pi/CaveBot-ros/install/nav2_common:${AMENT_PREFIX_PATH} CMAKE_PREFIX_PATH=/home/pi/CaveBot-ros/install/nav2_core:/home/pi/CaveBot-ros/install/nav2_costmap_2d:/home/pi/CaveBot-ros/install/nav2_map_server:/home/pi/CaveBot-ros/install/nav2_lifecycle_manager:/home/pi/CaveBot-ros/install/nav2_behavior_tree:/home/pi/CaveBot-ros/install/nav2_util:/home/pi/CaveBot-ros/install/nav2_voxel_grid:/home/pi/CaveBot-ros/install/nav2_msgs:/home/pi/CaveBot-ros/install/nav2_common:/opt/ros/jazzy/opt/gz_math_vendor:/opt/ros/jazzy/opt/gz_utils_vendor:/opt/ros/jazzy/opt/gz_cmake_vendor:/opt/ros/jazzy DEBUGINFOD_URLS=https://debuginfod.ubuntu.com LD_LIBRARY_PATH=/home/pi/CaveBot-ros/install/nav2_costmap_2d/lib:/home/pi/CaveBot-ros/install/nav2_map_server/lib:/home/pi/CaveBot-ros/install/nav2_lifecycle_manager/lib:/home/pi/CaveBot-ros/install/nav2_behavior_tree/lib:/home/pi/CaveBot-ros/install/nav2_util/lib:/home/pi/CaveBot-ros/install/nav2_voxel_grid/lib:/home/pi/CaveBot-ros/install/nav2_msgs/lib:${LD_LIBRARY_PATH} PYTHONPATH=/home/pi/CaveBot-ros/install/nav2_msgs/lib/python3.12/site-packages:/home/pi/CaveBot-ros/install/nav2_common/lib/python3.12/site-packages:${PYTHONPATH} /usr/bin/cmake --install /home/pi/CaveBot-ros/build/nav2_theta_star_planner
