[1mThe Meson build system[0m
Version: 1.3.2
Source dir: [1m/home/pi/CaveBot-ros/src/libcamera[0m
Build dir: [1m/home/pi/CaveBot-ros/build/libcamera[0m
Build type: [1mnative build[0m
Project name: [1mlibcamera[0m
Project version: [1m0.5.2[0m
C compiler for the host machine: [1mcc[0m (gcc 13.3.0 "cc (Ubuntu 13.3.0-6ubuntu2~24.04) 13.3.0")
C linker for the host machine: [1mcc[0m ld.bfd 2.42
C++ compiler for the host machine: [1mc++[0m (gcc 13.3.0 "c++ (Ubuntu 13.3.0-6ubuntu2~24.04) 13.3.0")
C++ linker for the host machine: [1mc++[0m ld.bfd 2.42
Host machine cpu family: [1maarch64[0m
Host machine cpu: [1maarch64[0m
Header "[1munistd.h[0m" has symbol "[1mclose_range[0m" : [1;32mYES[0m 
Header "[1mfcntl.h[0m" has symbol "[1mF_ADD_SEALS[0m" : [1;32mYES[0m 
Header "[1munistd.h[0m" has symbol "[1missetugid[0m" : [1;31mNO[0m 
Header "[1mlocale.h[0m" has symbol "[1mlocale_t[0m" : [1;32mYES[0m 
Header "[1msys/mman.h[0m" has symbol "[1mmemfd_create[0m" : [1;32mYES[0m 
Header "[1mstdlib.h[0m" has symbol "[1msecure_getenv[0m" : [1;32mYES[0m 
Compiler for C supports arguments -Wno-c99-designator: [1;31mNO[0m 
Found pkg-config: [1;32mYES[0m [1m(/usr/bin/pkg-config)[0m [1;34m1.8.1[0m
Run-time dependency [1mlttng-ust[0m found: [1;32mYES[0m [36m2.13.7[0m
Program [1m./parser.py[0m found: [1;32mYES[0m (/home/pi/CaveBot-ros/src/libcamera/utils/codegen/ipc/./parser.py)
Program [1m./generate.py[0m found: [1;32mYES[0m (/home/pi/CaveBot-ros/src/libcamera/utils/codegen/ipc/./generate.py)
Program [1m./extract-docs.py[0m found: [1;32mYES[0m (/home/pi/CaveBot-ros/src/libcamera/utils/codegen/ipc/./extract-docs.py)
Configuring [1mversion.h[0m using configuration
Program [1mopenssl[0m found: [1;32mYES[0m (/usr/bin/openssl)
Found CMake: [1m/usr/bin/cmake[0m (3.28.3)
Run-time dependency [1mlibyuv[0m found: [1;31mNO[0m (tried pkgconfig and cmake)
Has header "[1mlibyuv.h[0m" : [1;31mNO[0m 
Library [1matomic[0m found: [1;32mYES[0m
Run-time dependency [1mthreads[0m found: [1;32mYES[0m
Run-time dependency [1mlibdw[0m found: [1;32mYES[0m [36m0.190[0m
Run-time dependency [1mlibunwind[0m found: [1;32mYES[0m [36m1.6.2[0m
Header "[1mexecinfo.h[0m" has symbol "[1mbacktrace[0m" : [1;32mYES[0m 
Library [1mrt[0m found: [1;32mYES[0m
Run-time dependency [1mlibpisp[0m found: [1;32mYES[0m [36m1.2.1[0m
Run-time dependency [1mdl[0m found: [1;32mYES[0m
Run-time dependency [1mlibudev[0m found: [1;32mYES[0m [36m255[0m
Run-time dependency [1myaml-0.1[0m found: [1;32mYES[0m [36m0.2.5[0m
Run-time dependency [1mgnutls[0m found: [1;32mYES[0m [36m3.8.3[0m
Dependency [1mlibexif[0m skipped: feature [1mandroid[0m disabled
Dependency [1mlibjpeg[0m skipped: feature [1mandroid[0m disabled
Run-time dependency [1mlibevent_pthreads[0m found: [1;32mYES[0m [36m2.1.12-stable[0m
Run-time dependency [1mlibtiff-4[0m found: [1;32mYES[0m [36m4.5.1[0m
Run-time dependency [1mGTest[0m found: [1;32mYES[0m [36m1.14.0[0m
Run-time dependency [1mlibdrm[0m found: [1;32mYES[0m [36m2.4.122[0m
Run-time dependency [1mlibjpeg[0m found: [1;32mYES[0m [36m2.1.5[0m
Run-time dependency [1msdl2[0m found: [1;32mYES[0m [36m2.30.0[0m
Run-time dependency [1mqt6[0m (modules: Core, Gui, OpenGL, OpenGLWidgets, Widgets) found: [1;31mNO[0m (tried pkgconfig)
Run-time dependency [1mglib-2.0[0m found: [1;32mYES[0m [36m2.80.0[0m
Run-time dependency [1mgstreamer-video-1.0[0m found: [1;32mYES[0m [36m1.24.2[0m
Run-time dependency [1mgstreamer-allocators-1.0[0m found: [1;32mYES[0m [36m1.24.2[0m
Program python3 found: [1;32mYES[0m (/usr/bin/python3)
Run-time dependency [1mpybind11[0m found: [1;32mYES[0m [36m2.11.1[0m
Run-time dependency [1mpython[0m found: [1;32mYES[0m [36m3.12[0m
Configuring [1mlibcamerify[0m using configuration
Program [1mdoxygen[0m found: [1;31mNO[0m
Program [1mdot[0m found: [1;32mYES[0m (/usr/bin/dot)
Program [1msphinx-build-3 sphinx-build[0m found: [1;31mNO[0m
Configuring [1mconfig.h[0m using configuration
Build targets in project: [1m78[0m

libcamera [36m0.5.2[0m

  [1mVersions[0m
    Sources                  : 0.5.2+99-bfd68f78

  [1mPaths[0m
    LIBCAMERA_DATA_DIR       : "/home/pi/CaveBot-ros/install/libcamera/share/libcamera"
    LIBCAMERA_SYSCONF_DIR    : "/home/pi/CaveBot-ros/install/libcamera/etc/libcamera"
    IPA_PROXY_DIR            : "/home/pi/CaveBot-ros/install/libcamera/libexec/libcamera"
    IPA_CONFIG_DIR           : "/home/pi/CaveBot-ros/install/libcamera/etc/libcamera/ipa:/home/pi/CaveBot-ros/install/libcamera/share/libcamera/ipa"
    IPA_MODULE_DIR           : "/home/pi/CaveBot-ros/install/libcamera/lib/libcamera/ipa"

  [1mConfiguration[0m
    SoftISP support          : true
    IPA modules signed with  : gnutls
    Enabled pipelines        : imx8-isi
                               mali-c55
                               rkisp1
                               rpi/pisp
                               rpi/vc4
                               simple
                               uvcvideo
    Enabled IPA modules      : mali-c55
                               rkisp1
                               rpi/pisp
                               rpi/vc4
                               simple
    Controls files           : control_ids_core.yaml
                               control_ids_debug.yaml
                               control_ids_draft.yaml
                               control_ids_rpi.yaml
    Properties files         : property_ids_draft.yaml
                               property_ids_core.yaml
    Hotplug support          : [1;32mYES[0m
    Tracing support          : [1;32mYES[0m
    Android support          : [1;31mNO[0m
    GStreamer support        : [1;32mYES[0m
    Python bindings          : [1;32mYES[0m
    V4L2 emulation support   : [1;32mYES[0m
    cam application          : [1;32mYES[0m
    qcam application         : [1;31mNO[0m
    lc-compliance application: [1;32mYES[0m
    Unit tests               : [1;31mNO[0m

  [1mUser defined options[0m
    buildtype                : release
    libdir                   : lib
    prefix                   : /home/pi/CaveBot-ros/install/libcamera

Found ninja-1.11.1 at /usr/bin/ninja
[1;32mINFO:[0m autodetecting backend as ninja
[1;32mINFO:[0m calculating backend command to run: /usr/bin/ninja

[0/317] Generating utils/codegen/ipc/mojom_templates with a custom command (wrapped by meson to set env)[K
[0/317] Compiling C object utils/ipu3/ipu3-pack.p/ipu3-pack.c.o[K
[0/317] Compiling C object utils/ipu3/ipu3-unpack.p/ipu3-unpack.c.o[K
[0/317] Generating include/libcamera/internal/tp_header with a custom command[K
[0/317] Generating include/libcamera/ipa/core_mojom_module with a custom command (wrapped by meson to set env)[K
[0/317] Generating include/libcamera/control_ids_rpi.yaml_h with a custom command (wrapped by meson to set env)[K
[1/317] Generating include/libcamera/internal/tp_header with a custom command[K
[1/317] Generating include/libcamera/property_ids_core.yaml_h with a custom command (wrapped by meson to set env)[K
[2/317] Generating include/libcamera/ipa/core_mojom_module with a custom command (wrapped by meson to set env)[K
[2/317] Generating include/libcamera/ipa/mali-c55_mojom_module with a custom command (wrapped by meson to set env)[K
[3/317] Compiling C object utils/ipu3/ipu3-pack.p/ipu3-pack.c.o[K
[3/317] Linking target utils/ipu3/ipu3-pack[K
[4/317] Compiling C object utils/ipu3/ipu3-unpack.p/ipu3-unpack.c.o[K
[4/317] Linking target utils/ipu3/ipu3-unpack[K
[5/317] Generating include/libcamera/control_ids_rpi.yaml_h with a custom command (wrapped by meson to set env)[K
[5/317] Generating include/libcamera/ipa/rkisp1_mojom_module with a custom command (wrapped by meson to set env)[K
[6/317] Linking target utils/ipu3/ipu3-pack[K
[6/317] Generating include/libcamera/ipa/raspberrypi_mojom_module with a custom command (wrapped by meson to set env)[K
[7/317] Linking target utils/ipu3/ipu3-unpack[K
[7/317] Generating include/libcamera/ipa/soft_mojom_module with a custom command (wrapped by meson to set env)[K
[8/317] Generating include/libcamera/ipa/mali-c55_mojom_module with a custom command (wrapped by meson to set env)[K
[8/317] Generating include/libcamera/formats_h with a custom command[K
[9/317] Generating include/libcamera/ipa/rkisp1_mojom_module with a custom command (wrapped by meson to set env)[K
[9/317] Generating src/ipa-priv-key with a custom command[K
[10/317] Generating include/libcamera/property_ids_core.yaml_h with a custom command (wrapped by meson to set env)[K
[10/317] Compiling C++ object src/libcamera/base/libcamera-base.so.0.5.2.p/bound_method.cpp.o[K
[11/317] Generating src/ipa-priv-key with a custom command[K
.+...+.......+...........+.+...........+.......+...........+......+++++++++++++++++++++++++++++++++++++++++++++++++++++++++++++++++*......+++++++++++++++++++++++++++++++++++++++++++++++++++++++++++++++++*.....+............+.........+...+...+.......+...........+.+...+...+..+..............................+++++++++++++++++++++++++++++++++++++++++++++++++++++++++++++++++
..........+...+...............+++++++++++++++++++++++++++++++++++++++++++++++++++++++++++++++++*.............+.+......+++++++++++++++++++++++++++++++++++++++++++++++++++++++++++++++++*...+...+...+..+.......+..+.+.....+++++++++++++++++++++++++++++++++++++++++++++++++++++++++++++++++

[11/317] Compiling C++ object src/libcamera/base/libcamera-base.so.0.5.2.p/class.cpp.o[K
[12/317] Generating include/libcamera/ipa/raspberrypi_mojom_module with a custom command (wrapped by meson to set env)[K
[12/317] Compiling C++ object src/libcamera/base/libcamera-base.so.0.5.2.p/flags.cpp.o[K
[13/317] Generating include/libcamera/formats_h with a custom command[K
[13/317] Generating include/libcamera/gen-header with a custom command[K
[14/317] Generating include/libcamera/gen-header with a custom command[K
[14/317] Compiling C++ object src/libcamera/base/libcamera-base.so.0.5.2.p/object.cpp.o[K
[15/317] Generating include/libcamera/ipa/soft_mojom_module with a custom command (wrapped by meson to set env)[K
[15/317] Compiling C++ object src/libcamera/base/libcamera-base.so.0.5.2.p/shared_fd.cpp.o[K
[16/317] Generating utils/codegen/ipc/mojom_templates with a custom command (wrapped by meson to set env)[K
[16/317] Generating include/libcamera/ipa/core_ipa_interface_h with a custom command (wrapped by meson to set env)[K
[17/317] Compiling C++ object src/libcamera/base/libcamera-base.so.0.5.2.p/flags.cpp.o[K
[17/317] Generating include/libcamera/ipa/core_ipa_serializer_h with a custom command (wrapped by meson to set env)[K
[18/317] Generating include/libcamera/ipa/core_ipa_interface_h with a custom command (wrapped by meson to set env)[K
[18/317] Generating include/libcamera/ipa/mali-c55_ipa_interface_h with a custom command (wrapped by meson to set env)[K
[19/317] Compiling C++ object src/libcamera/base/libcamera-base.so.0.5.2.p/class.cpp.o[K
[19/317] Generating include/libcamera/ipa/mali-c55_ipa_serializer_h with a custom command (wrapped by meson to set env)[K
[20/317] Generating include/libcamera/ipa/mali-c55_ipa_interface_h with a custom command (wrapped by meson to set env)[K
[20/317] Generating include/libcamera/ipa/mali-c55_proxy_h with a custom command (wrapped by meson to set env)[K
[21/317] Generating include/libcamera/ipa/core_ipa_serializer_h with a custom command (wrapped by meson to set env)[K
[21/317] Generating include/libcamera/ipa/rkisp1_ipa_interface_h with a custom command (wrapped by meson to set env)[K
[22/317] Generating include/libcamera/ipa/mali-c55_ipa_serializer_h with a custom command (wrapped by meson to set env)[K
[22/317] Generating include/libcamera/ipa/rkisp1_ipa_serializer_h with a custom command (wrapped by meson to set env)[K
[23/317] Generating include/libcamera/ipa/rkisp1_ipa_serializer_h with a custom command (wrapped by meson to set env)[K
[23/317] Generating include/libcamera/ipa/rkisp1_proxy_h with a custom command (wrapped by meson to set env)[K
[24/317] Generating include/libcamera/ipa/rkisp1_ipa_interface_h with a custom command (wrapped by meson to set env)[K
[24/317] Generating include/libcamera/ipa/raspberrypi_ipa_interface_h with a custom command (wrapped by meson to set env)[K
[25/317] Generating include/libcamera/ipa/mali-c55_proxy_h with a custom command (wrapped by meson to set env)[K
[25/317] Generating include/libcamera/ipa/raspberrypi_ipa_serializer_h with a custom command (wrapped by meson to set env)[K
[26/317] Generating include/libcamera/ipa/rkisp1_proxy_h with a custom command (wrapped by meson to set env)[K
[26/317] Generating include/libcamera/ipa/raspberrypi_proxy_h with a custom command (wrapped by meson to set env)[K
[27/317] Generating include/libcamera/ipa/raspberrypi_ipa_interface_h with a custom command (wrapped by meson to set env)[K
[27/317] Generating include/libcamera/ipa/soft_ipa_interface_h with a custom command (wrapped by meson to set env)[K
[28/317] Generating include/libcamera/ipa/soft_ipa_interface_h with a custom command (wrapped by meson to set env)[K
[28/317] Generating include/libcamera/ipa/soft_ipa_serializer_h with a custom command (wrapped by meson to set env)[K
[29/317] Generating include/libcamera/ipa/raspberrypi_ipa_serializer_h with a custom command (wrapped by meson to set env)[K
[29/317] Generating include/libcamera/ipa/soft_proxy_h with a custom command (wrapped by meson to set env)[K
[30/317] Generating include/libcamera/ipa/raspberrypi_proxy_h with a custom command (wrapped by meson to set env)[K
[30/317] Compiling C++ object src/libcamera/base/libcamera-base.so.0.5.2.p/signal.cpp.o[K
[31/317] Generating include/libcamera/ipa/soft_proxy_h with a custom command (wrapped by meson to set env)[K
[31/317] Compiling C++ object src/libcamera/base/libcamera-base.so.0.5.2.p/unique_fd.cpp.o[K
[32/317] Generating include/libcamera/ipa/soft_ipa_serializer_h with a custom command (wrapped by meson to set env)[K
[32/317] Compiling C++ object src/libcamera/base/libcamera-base.so.0.5.2.p/backtrace.cpp.o[K
[33/317] Compiling C++ object src/libcamera/base/libcamera-base.so.0.5.2.p/object.cpp.o[K
[33/317] Compiling C++ object src/libcamera/base/libcamera-base.so.0.5.2.p/event_dispatcher.cpp.o[K
[34/317] Compiling C++ object src/libcamera/base/libcamera-base.so.0.5.2.p/shared_fd.cpp.o[K
[34/317] Compiling C++ object src/libcamera/base/libcamera-base.so.0.5.2.p/event_dispatcher_poll.cpp.o[K
[35/317] Compiling C++ object src/libcamera/base/libcamera-base.so.0.5.2.p/bound_method.cpp.o[K
[35/317] Compiling C++ object src/libcamera/base/libcamera-base.so.0.5.2.p/event_notifier.cpp.o[K
[36/317] Compiling C++ object src/libcamera/base/libcamera-base.so.0.5.2.p/event_dispatcher.cpp.o[K
[36/317] Compiling C++ object src/libcamera/base/libcamera-base.so.0.5.2.p/file.cpp.o[K
[37/317] Compiling C++ object src/libcamera/base/libcamera-base.so.0.5.2.p/signal.cpp.o[K
[37/317] Compiling C++ object src/libcamera/base/libcamera-base.so.0.5.2.p/log.cpp.o[K
[38/317] Compiling C++ object src/libcamera/base/libcamera-base.so.0.5.2.p/unique_fd.cpp.o[K
[38/317] Compiling C++ object src/libcamera/base/libcamera-base.so.0.5.2.p/memfd.cpp.o[K
[39/317] Compiling C++ object src/libcamera/base/libcamera-base.so.0.5.2.p/backtrace.cpp.o[K
[39/317] Compiling C++ object src/libcamera/base/libcamera-base.so.0.5.2.p/message.cpp.o[K
[40/317] Compiling C++ object src/libcamera/base/libcamera-base.so.0.5.2.p/memfd.cpp.o[K
[40/317] Compiling C++ object src/libcamera/base/libcamera-base.so.0.5.2.p/mutex.cpp.o[K
[41/317] Compiling C++ object src/libcamera/base/libcamera-base.so.0.5.2.p/event_notifier.cpp.o[K
[41/317] Compiling C++ object src/libcamera/base/libcamera-base.so.0.5.2.p/semaphore.cpp.o[K
[42/317] Compiling C++ object src/libcamera/base/libcamera-base.so.0.5.2.p/mutex.cpp.o[K
[42/317] Compiling C++ object src/libcamera/base/libcamera-base.so.0.5.2.p/thread.cpp.o[K
[43/317] Compiling C++ object src/libcamera/base/libcamera-base.so.0.5.2.p/file.cpp.o[K
[43/317] Compiling C++ object src/libcamera/base/libcamera-base.so.0.5.2.p/timer.cpp.o[K
[44/317] Compiling C++ object src/libcamera/base/libcamera-base.so.0.5.2.p/semaphore.cpp.o[K
[44/317] Compiling C++ object src/libcamera/base/libcamera-base.so.0.5.2.p/utils.cpp.o[K
[45/317] Compiling C++ object src/libcamera/base/libcamera-base.so.0.5.2.p/event_dispatcher_poll.cpp.o[K
[45/317] Generating src/libcamera/proxy/mali-c55_proxy_cpp with a custom command (wrapped by meson to set env)[K
[46/317] Generating src/libcamera/proxy/mali-c55_proxy_cpp with a custom command (wrapped by meson to set env)[K
[46/317] Generating src/libcamera/proxy/rkisp1_proxy_cpp with a custom command (wrapped by meson to set env)[K
[47/317] Generating src/libcamera/proxy/rkisp1_proxy_cpp with a custom command (wrapped by meson to set env)[K
[47/317] Generating src/libcamera/proxy/raspberrypi_proxy_cpp with a custom command (wrapped by meson to set env)[K
[48/317] Compiling C++ object src/libcamera/base/libcamera-base.so.0.5.2.p/message.cpp.o[K
[48/317] Generating src/libcamera/proxy/soft_proxy_cpp with a custom command (wrapped by meson to set env)[K
[49/317] Generating src/libcamera/proxy/raspberrypi_proxy_cpp with a custom command (wrapped by meson to set env)[K
[49/317] Generating src/libcamera/controls_ids_cpp with a custom command (wrapped by meson to set env)[K
[50/317] Generating src/libcamera/proxy/soft_proxy_cpp with a custom command (wrapped by meson to set env)[K
[50/317] Generating src/libcamera/properties_ids_cpp with a custom command (wrapped by meson to set env)[K
[51/317] Generating src/libcamera/controls_ids_cpp with a custom command (wrapped by meson to set env)[K
[51/317] Generating src/libcamera/version.cpp with a custom command[K
[52/317] Generating src/libcamera/properties_ids_cpp with a custom command (wrapped by meson to set env)[K
[52/317] Generating src/libcamera/ipa_pub_key_cpp with a custom command[K
[53/317] Compiling C++ object src/libcamera/base/libcamera-base.so.0.5.2.p/log.cpp.o[K
[53/317] Compiling C++ object src/libcamera/libcamera.so.0.5.2.p/meson-generated_.._control_ids.cpp.o[K
[54/317] Compiling C++ object src/libcamera/base/libcamera-base.so.0.5.2.p/utils.cpp.o[K
[54/317] Compiling C++ object src/libcamera/libcamera.so.0.5.2.p/meson-generated_.._property_ids.cpp.o[K
[55/317] Generating src/libcamera/ipa_pub_key_cpp with a custom command[K
writing RSA key

[55/317] Compiling C++ object src/libcamera/libcamera.so.0.5.2.p/meson-generated_.._proxy_mali-c55_ipa_proxy.cpp.o[K
[56/317] Generating src/libcamera/version.cpp with a custom command[K
[56/317] Compiling C++ object src/libcamera/libcamera.so.0.5.2.p/meson-generated_.._version.cpp.o[K
[57/317] Compiling C++ object src/libcamera/base/libcamera-base.so.0.5.2.p/timer.cpp.o[K
[57/317] Compiling C++ object src/libcamera/libcamera.so.0.5.2.p/meson-generated_.._proxy_rkisp1_ipa_proxy.cpp.o[K
[58/317] Compiling C++ object src/libcamera/base/libcamera-base.so.0.5.2.p/thread.cpp.o[K
[58/317] Linking target src/libcamera/base/libcamera-base.so.0.5.2[K
[59/317] Linking target src/libcamera/base/libcamera-base.so.0.5.2[K
[59/317] Generating symbol file src/libcamera/base/libcamera-base.so.0.5.2.p/libcamera-base.so.0.5.2.symbols[K
[60/317] Generating symbol file src/libcamera/base/libcamera-base.so.0.5.2.p/libcamera-base.so.0.5.2.symbols[K
[60/317] Compiling C++ object src/libcamera/libcamera.so.0.5.2.p/meson-generated_.._proxy_raspberrypi_ipa_proxy.cpp.o[K
[61/317] Compiling C++ object src/libcamera/libcamera.so.0.5.2.p/meson-generated_.._version.cpp.o[K
[61/317] Compiling C++ object src/libcamera/libcamera.so.0.5.2.p/meson-generated_.._proxy_soft_ipa_proxy.cpp.o[K
[62/317] Compiling C++ object src/libcamera/libcamera.so.0.5.2.p/meson-generated_.._property_ids.cpp.o[K
[62/317] Compiling C++ object src/libcamera/libcamera.so.0.5.2.p/meson-generated_.._ipa_pub_key.cpp.o[K
[63/317] Compiling C++ object src/libcamera/libcamera.so.0.5.2.p/meson-generated_.._control_ids.cpp.o[K
[63/317] Compiling C++ object src/libcamera/libcamera.so.0.5.2.p/camera.cpp.o[K
[64/317] Compiling C++ object src/libcamera/libcamera.so.0.5.2.p/meson-generated_.._ipa_pub_key.cpp.o[K
[64/317] Compiling C++ object src/libcamera/libcamera.so.0.5.2.p/camera_manager.cpp.o[K
[65/317] Compiling C++ object src/libcamera/libcamera.so.0.5.2.p/camera_manager.cpp.o[K
[65/317] Compiling C++ object src/libcamera/libcamera.so.0.5.2.p/color_space.cpp.o[K
[66/317] Compiling C++ object src/libcamera/libcamera.so.0.5.2.p/meson-generated_.._proxy_soft_ipa_proxy.cpp.o[K
[66/317] Compiling C++ object src/libcamera/libcamera.so.0.5.2.p/controls.cpp.o[K
[67/317] Compiling C++ object src/libcamera/libcamera.so.0.5.2.p/camera.cpp.o[K
[67/317] Compiling C++ object src/libcamera/libcamera.so.0.5.2.p/fence.cpp.o[K
[68/317] Compiling C++ object src/libcamera/libcamera.so.0.5.2.p/meson-generated_.._proxy_mali-c55_ipa_proxy.cpp.o[K
[68/317] Compiling C++ object src/libcamera/libcamera.so.0.5.2.p/framebuffer.cpp.o[K
[69/317] Compiling C++ object src/libcamera/libcamera.so.0.5.2.p/fence.cpp.o[K
[69/317] Compiling C++ object src/libcamera/libcamera.so.0.5.2.p/framebuffer_allocator.cpp.o[K
[70/317] Compiling C++ object src/libcamera/libcamera.so.0.5.2.p/meson-generated_.._proxy_raspberrypi_ipa_proxy.cpp.o[K
[70/317] Compiling C++ object src/libcamera/libcamera.so.0.5.2.p/geometry.cpp.o[K
[71/317] Compiling C++ object src/libcamera/libcamera.so.0.5.2.p/meson-generated_.._proxy_rkisp1_ipa_proxy.cpp.o[K
[71/317] Compiling C++ object src/libcamera/libcamera.so.0.5.2.p/orientation.cpp.o[K
[72/317] Compiling C++ object src/libcamera/libcamera.so.0.5.2.p/controls.cpp.o[K
[72/317] Compiling C++ object src/libcamera/libcamera.so.0.5.2.p/pixel_format.cpp.o[K
[73/317] Compiling C++ object src/libcamera/libcamera.so.0.5.2.p/orientation.cpp.o[K
[73/317] Compiling C++ object src/libcamera/libcamera.so.0.5.2.p/request.cpp.o[K
[74/317] Compiling C++ object src/libcamera/libcamera.so.0.5.2.p/color_space.cpp.o[K
[74/317] Compiling C++ object src/libcamera/libcamera.so.0.5.2.p/stream.cpp.o[K
[75/317] Compiling C++ object src/libcamera/libcamera.so.0.5.2.p/framebuffer_allocator.cpp.o[K
[75/317] Compiling C++ object src/libcamera/libcamera.so.0.5.2.p/transform.cpp.o[K
[76/317] Compiling C++ object src/libcamera/libcamera.so.0.5.2.p/framebuffer.cpp.o[K
[76/317] Compiling C++ object src/libcamera/libcamera.so.0.5.2.p/bayer_format.cpp.o[K
[77/317] Compiling C++ object src/libcamera/libcamera.so.0.5.2.p/pixel_format.cpp.o[K
[77/317] Compiling C++ object src/libcamera/libcamera.so.0.5.2.p/byte_stream_buffer.cpp.o[K
[78/317] Compiling C++ object src/libcamera/libcamera.so.0.5.2.p/geometry.cpp.o[K
[78/317] Compiling C++ object src/libcamera/libcamera.so.0.5.2.p/camera_controls.cpp.o[K
[79/317] Compiling C++ object src/libcamera/libcamera.so.0.5.2.p/transform.cpp.o[K
[79/317] Compiling C++ object src/libcamera/libcamera.so.0.5.2.p/camera_lens.cpp.o[K
[80/317] Compiling C++ object src/libcamera/libcamera.so.0.5.2.p/bayer_format.cpp.o[K
[80/317] Compiling C++ object src/libcamera/libcamera.so.0.5.2.p/clock_recovery.cpp.o[K
[81/317] Compiling C++ object src/libcamera/libcamera.so.0.5.2.p/camera_controls.cpp.o[K
[81/317] Compiling C++ object src/libcamera/libcamera.so.0.5.2.p/control_serializer.cpp.o[K
[82/317] Compiling C++ object src/libcamera/libcamera.so.0.5.2.p/byte_stream_buffer.cpp.o[K
[82/317] Compiling C++ object src/libcamera/libcamera.so.0.5.2.p/control_validator.cpp.o[K
[83/317] Compiling C++ object src/libcamera/libcamera.so.0.5.2.p/stream.cpp.o[K
[83/317] Compiling C++ object src/libcamera/libcamera.so.0.5.2.p/converter.cpp.o[K
[84/317] Compiling C++ object src/libcamera/libcamera.so.0.5.2.p/control_validator.cpp.o[K
[84/317] Compiling C++ object src/libcamera/libcamera.so.0.5.2.p/debug_controls.cpp.o[K
[85/317] Compiling C++ object src/libcamera/libcamera.so.0.5.2.p/request.cpp.o[K
[85/317] Compiling C++ object src/libcamera/libcamera.so.0.5.2.p/delayed_controls.cpp.o[K
[86/317] Compiling C++ object src/libcamera/libcamera.so.0.5.2.p/camera_lens.cpp.o[K
[86/317] Compiling C++ object src/libcamera/libcamera.so.0.5.2.p/device_enumerator.cpp.o[K
[87/317] Compiling C++ object src/libcamera/libcamera.so.0.5.2.p/clock_recovery.cpp.o[K
[87/317] Compiling C++ object src/libcamera/libcamera.so.0.5.2.p/device_enumerator_sysfs.cpp.o[K
[88/317] Compiling C++ object src/libcamera/libcamera.so.0.5.2.p/device_enumerator.cpp.o[K
[88/317] Compiling C++ object src/libcamera/libcamera.so.0.5.2.p/dma_buf_allocator.cpp.o[K
[89/317] Compiling C++ object src/libcamera/libcamera.so.0.5.2.p/debug_controls.cpp.o[K
[89/317] Compiling C++ object src/libcamera/libcamera.so.0.5.2.p/formats.cpp.o[K
[90/317] Compiling C++ object src/libcamera/libcamera.so.0.5.2.p/converter.cpp.o[K
[90/317] Compiling C++ object src/libcamera/libcamera.so.0.5.2.p/ipa_controls.cpp.o[K
[91/317] Compiling C++ object src/libcamera/libcamera.so.0.5.2.p/ipa_controls.cpp.o[K
[91/317] Compiling C++ object src/libcamera/libcamera.so.0.5.2.p/ipa_data_serializer.cpp.o[K
[92/317] Compiling C++ object src/libcamera/libcamera.so.0.5.2.p/device_enumerator_sysfs.cpp.o[K
[92/317] Compiling C++ object src/libcamera/libcamera.so.0.5.2.p/ipa_interface.cpp.o[K
[93/317] Compiling C++ object src/libcamera/libcamera.so.0.5.2.p/ipa_interface.cpp.o[K
[93/317] Compiling C++ object src/libcamera/libcamera.so.0.5.2.p/ipa_manager.cpp.o[K
[94/317] Compiling C++ object src/libcamera/libcamera.so.0.5.2.p/delayed_controls.cpp.o[K
[94/317] Compiling C++ object src/libcamera/libcamera.so.0.5.2.p/ipa_module.cpp.o[K
[95/317] Compiling C++ object src/libcamera/libcamera.so.0.5.2.p/formats.cpp.o[K
[95/317] Compiling C++ object src/libcamera/libcamera.so.0.5.2.p/ipa_proxy.cpp.o[K
[96/317] Compiling C++ object src/libcamera/libcamera.so.0.5.2.p/dma_buf_allocator.cpp.o[K
[96/317] Compiling C++ object src/libcamera/libcamera.so.0.5.2.p/ipc_pipe.cpp.o[K
[97/317] Compiling C++ object src/libcamera/libcamera.so.0.5.2.p/control_serializer.cpp.o[K
[97/317] Compiling C++ object src/libcamera/libcamera.so.0.5.2.p/ipc_pipe_unixsocket.cpp.o[K
[98/317] Compiling C++ object src/libcamera/libcamera.so.0.5.2.p/ipc_pipe.cpp.o[K
[98/317] Compiling C++ object src/libcamera/libcamera.so.0.5.2.p/ipc_unixsocket.cpp.o[K
[99/317] Compiling C++ object src/libcamera/libcamera.so.0.5.2.p/ipa_module.cpp.o[K
[99/317] Compiling C++ object src/libcamera/libcamera.so.0.5.2.p/mapped_framebuffer.cpp.o[K
[100/317] Compiling C++ object src/libcamera/libcamera.so.0.5.2.p/ipa_data_serializer.cpp.o[K
[100/317] Compiling C++ object src/libcamera/libcamera.so.0.5.2.p/matrix.cpp.o[K
[101/317] Compiling C++ object src/libcamera/libcamera.so.0.5.2.p/mapped_framebuffer.cpp.o[K
[101/317] Compiling C++ object src/libcamera/libcamera.so.0.5.2.p/media_device.cpp.o[K
[102/317] Compiling C++ object src/libcamera/libcamera.so.0.5.2.p/ipa_proxy.cpp.o[K
[102/317] Compiling C++ object src/libcamera/libcamera.so.0.5.2.p/media_object.cpp.o[K
[103/317] Compiling C++ object src/libcamera/libcamera.so.0.5.2.p/ipa_manager.cpp.o[K
[103/317] Compiling C++ object src/libcamera/libcamera.so.0.5.2.p/media_pipeline.cpp.o[K
[104/317] Compiling C++ object src/libcamera/libcamera.so.0.5.2.p/ipc_unixsocket.cpp.o[K
[104/317] Compiling C++ object src/libcamera/libcamera.so.0.5.2.p/pipeline_handler.cpp.o[K
[105/317] Compiling C++ object src/libcamera/libcamera.so.0.5.2.p/matrix.cpp.o[K
[105/317] Compiling C++ object src/libcamera/libcamera.so.0.5.2.p/process.cpp.o[K
[106/317] Compiling C++ object src/libcamera/libcamera.so.0.5.2.p/ipc_pipe_unixsocket.cpp.o[K
[106/317] Compiling C++ object src/libcamera/libcamera.so.0.5.2.p/pub_key.cpp.o[K
[107/317] Compiling C++ object src/libcamera/libcamera.so.0.5.2.p/media_device.cpp.o[K
[107/317] Compiling C++ object src/libcamera/libcamera.so.0.5.2.p/shared_mem_object.cpp.o[K
[108/317] Compiling C++ object src/libcamera/libcamera.so.0.5.2.p/pub_key.cpp.o[K
[108/317] Compiling C++ object src/libcamera/libcamera.so.0.5.2.p/source_paths.cpp.o[K
[109/317] Compiling C++ object src/libcamera/libcamera.so.0.5.2.p/shared_mem_object.cpp.o[K
[109/317] Compiling C++ object src/libcamera/libcamera.so.0.5.2.p/sysfs.cpp.o[K
[110/317] Compiling C++ object src/libcamera/libcamera.so.0.5.2.p/media_object.cpp.o[K
[110/317] Compiling C++ object src/libcamera/libcamera.so.0.5.2.p/v4l2_device.cpp.o[K
[111/317] Compiling C++ object src/libcamera/libcamera.so.0.5.2.p/sysfs.cpp.o[K
[111/317] Compiling C++ object src/libcamera/libcamera.so.0.5.2.p/v4l2_pixelformat.cpp.o[K
[112/317] Compiling C++ object src/libcamera/libcamera.so.0.5.2.p/source_paths.cpp.o[K
[112/317] Compiling C++ object src/libcamera/libcamera.so.0.5.2.p/v4l2_subdevice.cpp.o[K
[113/317] Compiling C++ object src/libcamera/libcamera.so.0.5.2.p/v4l2_pixelformat.cpp.o[K
[113/317] Compiling C++ object src/libcamera/libcamera.so.0.5.2.p/v4l2_videodevice.cpp.o[K
[114/317] Compiling C++ object src/libcamera/libcamera.so.0.5.2.p/process.cpp.o[K
[114/317] Compiling C++ object src/libcamera/libcamera.so.0.5.2.p/vector.cpp.o[K
[115/317] Compiling C++ object src/libcamera/libcamera.so.0.5.2.p/pipeline_handler.cpp.o[K
[115/317] Compiling C++ object src/libcamera/libcamera.so.0.5.2.p/yaml_parser.cpp.o[K
[116/317] Compiling C++ object src/libcamera/libcamera.so.0.5.2.p/media_pipeline.cpp.o[K
[116/317] Compiling C++ object src/libcamera/libcamera.so.0.5.2.p/converter_converter_v4l2_m2m.cpp.o[K
[117/317] Compiling C++ object src/libcamera/libcamera.so.0.5.2.p/vector.cpp.o[K
[117/317] Compiling C++ object src/libcamera/libcamera.so.0.5.2.p/pipeline_imx8-isi_imx8-isi.cpp.o[K
[118/317] Compiling C++ object src/libcamera/libcamera.so.0.5.2.p/converter_converter_v4l2_m2m.cpp.o[K
[118/317] Compiling C++ object src/libcamera/libcamera.so.0.5.2.p/pipeline_mali-c55_mali-c55.cpp.o[K
[119/317] Compiling C++ object src/libcamera/libcamera.so.0.5.2.p/yaml_parser.cpp.o[K
[119/317] Compiling C++ object src/libcamera/libcamera.so.0.5.2.p/pipeline_rkisp1_rkisp1.cpp.o[K
[120/317] Compiling C++ object src/libcamera/libcamera.so.0.5.2.p/v4l2_device.cpp.o[K
[120/317] Compiling C++ object src/libcamera/libcamera.so.0.5.2.p/pipeline_rkisp1_rkisp1_path.cpp.o[K
[121/317] Compiling C++ object src/libcamera/libcamera.so.0.5.2.p/v4l2_videodevice.cpp.o[K
[121/317] Compiling C++ object src/libcamera/libcamera.so.0.5.2.p/pipeline_rpi_common_delayed_controls.cpp.o[K
[122/317] Compiling C++ object src/libcamera/libcamera.so.0.5.2.p/pipeline_rpi_common_delayed_controls.cpp.o[K
[122/317] Compiling C++ object src/libcamera/libcamera.so.0.5.2.p/pipeline_rpi_common_pipeline_base.cpp.o[K
[123/317] Compiling C++ object src/libcamera/libcamera.so.0.5.2.p/pipeline_imx8-isi_imx8-isi.cpp.o[K
[123/317] Compiling C++ object src/libcamera/libcamera.so.0.5.2.p/pipeline_rpi_common_rpi_stream.cpp.o[K
[124/317] Compiling C++ object src/libcamera/libcamera.so.0.5.2.p/pipeline_rkisp1_rkisp1_path.cpp.o[K
[124/317] Compiling C++ object src/libcamera/libcamera.so.0.5.2.p/pipeline_rpi_pisp_pisp.cpp.o[K
[125/317] Compiling C++ object src/libcamera/libcamera.so.0.5.2.p/v4l2_subdevice.cpp.o[K
[125/317] Compiling C++ object src/libcamera/libcamera.so.0.5.2.p/pipeline_rpi_vc4_vc4.cpp.o[K
[126/317] Compiling C++ object src/libcamera/libcamera.so.0.5.2.p/pipeline_mali-c55_mali-c55.cpp.o[K
[126/317] Compiling C++ object src/libcamera/libcamera.so.0.5.2.p/pipeline_simple_simple.cpp.o[K
[127/317] Compiling C++ object src/libcamera/libcamera.so.0.5.2.p/pipeline_rpi_common_rpi_stream.cpp.o[K
[127/317] Compiling C++ object src/libcamera/libcamera.so.0.5.2.p/pipeline_uvcvideo_uvcvideo.cpp.o[K
[128/317] Compiling C++ object src/libcamera/libcamera.so.0.5.2.p/pipeline_rpi_common_pipeline_base.cpp.o[K
[128/317] Compiling C++ object src/libcamera/libcamera.so.0.5.2.p/sensor_camera_sensor.cpp.o[K
[129/317] Compiling C++ object src/libcamera/libcamera.so.0.5.2.p/pipeline_rkisp1_rkisp1.cpp.o[K
[129/317] Compiling C++ object src/libcamera/libcamera.so.0.5.2.p/sensor_camera_sensor_legacy.cpp.o[K
[130/317] Compiling C++ object src/libcamera/libcamera.so.0.5.2.p/sensor_camera_sensor.cpp.o[K
[130/317] Compiling C++ object src/libcamera/libcamera.so.0.5.2.p/sensor_camera_sensor_properties.cpp.o[K
[131/317] Compiling C++ object src/libcamera/libcamera.so.0.5.2.p/pipeline_uvcvideo_uvcvideo.cpp.o[K
[131/317] Compiling C++ object src/libcamera/libcamera.so.0.5.2.p/sensor_camera_sensor_raw.cpp.o[K
[132/317] Compiling C++ object src/libcamera/libcamera.so.0.5.2.p/sensor_camera_sensor_properties.cpp.o[K
[132/317] Compiling C++ object src/libcamera/libcamera.so.0.5.2.p/software_isp_debayer.cpp.o[K
[133/317] Compiling C++ object src/libcamera/libcamera.so.0.5.2.p/pipeline_simple_simple.cpp.o[K
[133/317] Compiling C++ object src/libcamera/libcamera.so.0.5.2.p/software_isp_debayer_cpu.cpp.o[K
[134/317] Compiling C++ object src/libcamera/libcamera.so.0.5.2.p/software_isp_debayer.cpp.o[K
[134/317] Compiling C++ object src/libcamera/libcamera.so.0.5.2.p/software_isp_software_isp.cpp.o[K
[135/317] Compiling C++ object src/libcamera/libcamera.so.0.5.2.p/pipeline_rpi_pisp_pisp.cpp.o[K
[135/317] Compiling C++ object src/libcamera/libcamera.so.0.5.2.p/software_isp_swstats_cpu.cpp.o[K
[136/317] Compiling C++ object src/libcamera/libcamera.so.0.5.2.p/sensor_camera_sensor_legacy.cpp.o[K
[136/317] Compiling C++ object src/libcamera/libcamera.so.0.5.2.p/tracepoints.cpp.o[K
[137/317] Compiling C++ object src/libcamera/libcamera.so.0.5.2.p/pipeline_rpi_vc4_vc4.cpp.o[K
[137/317] Compiling C++ object src/libcamera/libcamera.so.0.5.2.p/device_enumerator_udev.cpp.o[K
[138/317] Compiling C++ object src/libcamera/libcamera.so.0.5.2.p/tracepoints.cpp.o[K
[138/317] Generating src/libcamera/proxy/worker/mali-c55_proxy_worker with a custom command (wrapped by meson to set env)[K
[139/317] Compiling C++ object src/libcamera/libcamera.so.0.5.2.p/software_isp_swstats_cpu.cpp.o[K
[139/317] Generating src/libcamera/proxy/worker/rkisp1_proxy_worker with a custom command (wrapped by meson to set env)[K
[140/317] Generating src/libcamera/proxy/worker/mali-c55_proxy_worker with a custom command (wrapped by meson to set env)[K
[140/317] Compiling C++ object src/libcamera/proxy/worker/mali-c55_ipa_proxy.p/meson-generated_.._mali-c55_ipa_proxy_worker.cpp.o[K
[141/317] Generating src/libcamera/proxy/worker/rkisp1_proxy_worker with a custom command (wrapped by meson to set env)[K
[141/317] Compiling C++ object src/libcamera/proxy/worker/rkisp1_ipa_proxy.p/meson-generated_.._rkisp1_ipa_proxy_worker.cpp.o[K
[142/317] Compiling C++ object src/libcamera/libcamera.so.0.5.2.p/sensor_camera_sensor_raw.cpp.o[K
[142/317] Generating src/libcamera/proxy/worker/raspberrypi_proxy_worker with a custom command (wrapped by meson to set env)[K
[143/317] Compiling C++ object src/libcamera/libcamera.so.0.5.2.p/software_isp_debayer_cpu.cpp.o[K
[143/317] Generating src/libcamera/proxy/worker/soft_proxy_worker with a custom command (wrapped by meson to set env)[K
[144/317] Generating src/libcamera/proxy/worker/raspberrypi_proxy_worker with a custom command (wrapped by meson to set env)[K
[144/317] Compiling C++ object src/libcamera/proxy/worker/raspberrypi_ipa_proxy.p/meson-generated_.._raspberrypi_ipa_proxy_worker.cpp.o[K
[145/317] Generating src/libcamera/proxy/worker/soft_proxy_worker with a custom command (wrapped by meson to set env)[K
[145/317] Compiling C++ object src/libcamera/proxy/worker/soft_ipa_proxy.p/meson-generated_.._soft_ipa_proxy_worker.cpp.o[K
[146/317] Compiling C++ object src/libcamera/libcamera.so.0.5.2.p/device_enumerator_udev.cpp.o[K
[146/317] Compiling C++ object src/ipa/libipa/libipa.a.p/agc_mean_luminance.cpp.o[K
[147/317] Compiling C++ object src/libcamera/libcamera.so.0.5.2.p/software_isp_software_isp.cpp.o[K
[147/317] Linking target src/libcamera/libcamera.so.0.5.2[K
[148/317] Linking target src/libcamera/libcamera.so.0.5.2[K
[148/317] Generating symbol file src/libcamera/libcamera.so.0.5.2.p/libcamera.so.0.5.2.symbols[K
[149/317] Generating symbol file src/libcamera/libcamera.so.0.5.2.p/libcamera.so.0.5.2.symbols[K
[149/317] Compiling C++ object src/ipa/libipa/libipa.a.p/algorithm.cpp.o[K
[150/317] Compiling C++ object src/ipa/libipa/libipa.a.p/agc_mean_luminance.cpp.o[K
[150/317] Compiling C++ object src/ipa/libipa/libipa.a.p/awb_bayes.cpp.o[K
[151/317] Compiling C++ object src/ipa/libipa/libipa.a.p/algorithm.cpp.o[K
[151/317] Compiling C++ object src/ipa/libipa/libipa.a.p/awb_grey.cpp.o[K
[152/317] Compiling C++ object src/libcamera/proxy/worker/mali-c55_ipa_proxy.p/meson-generated_.._mali-c55_ipa_proxy_worker.cpp.o[K
[152/317] Linking target src/libcamera/proxy/worker/mali-c55_ipa_proxy[K
[153/317] Compiling C++ object src/ipa/libipa/libipa.a.p/awb_bayes.cpp.o[K
[153/317] Compiling C++ object src/ipa/libipa/libipa.a.p/awb.cpp.o[K
[154/317] Compiling C++ object src/libcamera/proxy/worker/rkisp1_ipa_proxy.p/meson-generated_.._rkisp1_ipa_proxy_worker.cpp.o[K
[154/317] Linking target src/libcamera/proxy/worker/rkisp1_ipa_proxy[K
[155/317] Linking target src/libcamera/proxy/worker/mali-c55_ipa_proxy[K
[155/317] Compiling C++ object src/ipa/libipa/libipa.a.p/camera_sensor_helper.cpp.o[K
[156/317] Linking target src/libcamera/proxy/worker/rkisp1_ipa_proxy[K
[156/317] Compiling C++ object src/ipa/libipa/libipa.a.p/colours.cpp.o[K
[157/317] Compiling C++ object src/libcamera/proxy/worker/raspberrypi_ipa_proxy.p/meson-generated_.._raspberrypi_ipa_proxy_worker.cpp.o[K
[157/317] Linking target src/libcamera/proxy/worker/raspberrypi_ipa_proxy[K
[158/317] Compiling C++ object src/libcamera/proxy/worker/soft_ipa_proxy.p/meson-generated_.._soft_ipa_proxy_worker.cpp.o[K
[158/317] Linking target src/libcamera/proxy/worker/soft_ipa_proxy[K
[159/317] Linking target src/libcamera/proxy/worker/soft_ipa_proxy[K
[159/317] Compiling C++ object src/ipa/libipa/libipa.a.p/exposure_mode_helper.cpp.o[K
[160/317] Compiling C++ object src/ipa/libipa/libipa.a.p/awb_grey.cpp.o[K
[160/317] Compiling C++ object src/ipa/libipa/libipa.a.p/fc_queue.cpp.o[K
[161/317] Linking target src/libcamera/proxy/worker/raspberrypi_ipa_proxy[K
[161/317] Compiling C++ object src/ipa/libipa/libipa.a.p/fixedpoint.cpp.o[K
[162/317] Compiling C++ object src/ipa/libipa/libipa.a.p/fixedpoint.cpp.o[K
[162/317] Compiling C++ object src/ipa/libipa/libipa.a.p/histogram.cpp.o[K
[163/317] Compiling C++ object src/ipa/libipa/libipa.a.p/awb.cpp.o[K
[163/317] Compiling C++ object src/ipa/libipa/libipa.a.p/interpolator.cpp.o[K
[164/317] Compiling C++ object src/ipa/libipa/libipa.a.p/fc_queue.cpp.o[K
[164/317] Compiling C++ object src/ipa/libipa/libipa.a.p/lsc_polynomial.cpp.o[K
[165/317] Compiling C++ object src/ipa/libipa/libipa.a.p/exposure_mode_helper.cpp.o[K
[165/317] Compiling C++ object src/ipa/libipa/libipa.a.p/lux.cpp.o[K
[166/317] Compiling C++ object src/ipa/libipa/libipa.a.p/camera_sensor_helper.cpp.o[K
[166/317] Compiling C++ object src/ipa/libipa/libipa.a.p/module.cpp.o[K
[167/317] Compiling C++ object src/ipa/libipa/libipa.a.p/colours.cpp.o[K
[167/317] Compiling C++ object src/ipa/libipa/libipa.a.p/pwl.cpp.o[K
[168/317] Compiling C++ object src/ipa/libipa/libipa.a.p/histogram.cpp.o[K
[168/317] Compiling C++ object src/ipa/mali-c55/ipa_mali_c55.so.p/ipa_context.cpp.o[K
[169/317] Compiling C++ object src/ipa/libipa/libipa.a.p/interpolator.cpp.o[K
[169/317] Compiling C++ object src/ipa/mali-c55/ipa_mali_c55.so.p/mali-c55.cpp.o[K
[170/317] Compiling C++ object src/ipa/libipa/libipa.a.p/module.cpp.o[K
[170/317] Compiling C++ object src/ipa/mali-c55/ipa_mali_c55.so.p/algorithms_agc.cpp.o[K
[171/317] Compiling C++ object src/ipa/libipa/libipa.a.p/lsc_polynomial.cpp.o[K
[171/317] Compiling C++ object src/ipa/mali-c55/ipa_mali_c55.so.p/algorithms_awb.cpp.o[K
[172/317] Compiling C++ object src/ipa/libipa/libipa.a.p/lux.cpp.o[K
[172/317] Compiling C++ object src/ipa/mali-c55/ipa_mali_c55.so.p/algorithms_blc.cpp.o[K
[173/317] Compiling C++ object src/ipa/mali-c55/ipa_mali_c55.so.p/ipa_context.cpp.o[K
[173/317] Compiling C++ object src/ipa/mali-c55/ipa_mali_c55.so.p/algorithms_lsc.cpp.o[K
[174/317] Compiling C++ object src/ipa/libipa/libipa.a.p/pwl.cpp.o[K
[174/317] Linking static target src/ipa/libipa/libipa.a[K
[175/317] Linking static target src/ipa/libipa/libipa.a[K
[175/317] Compiling C++ object src/ipa/rkisp1/ipa_rkisp1.so.p/ipa_context.cpp.o[K
[176/317] Compiling C++ object src/ipa/mali-c55/ipa_mali_c55.so.p/algorithms_blc.cpp.o[K
[176/317] Compiling C++ object src/ipa/rkisp1/ipa_rkisp1.so.p/params.cpp.o[K
[177/317] Compiling C++ object src/ipa/mali-c55/ipa_mali_c55.so.p/algorithms_awb.cpp.o[K
[177/317] Compiling C++ object src/ipa/rkisp1/ipa_rkisp1.so.p/rkisp1.cpp.o[K
[178/317] Compiling C++ object src/ipa/mali-c55/ipa_mali_c55.so.p/algorithms_agc.cpp.o[K
[178/317] Compiling C++ object src/ipa/rkisp1/ipa_rkisp1.so.p/algorithms_agc.cpp.o[K
[179/317] Compiling C++ object src/ipa/mali-c55/ipa_mali_c55.so.p/algorithms_lsc.cpp.o[K
[179/317] Compiling C++ object src/ipa/rkisp1/ipa_rkisp1.so.p/algorithms_awb.cpp.o[K
[180/317] Compiling C++ object src/ipa/rkisp1/ipa_rkisp1.so.p/params.cpp.o[K
[180/317] Compiling C++ object src/ipa/rkisp1/ipa_rkisp1.so.p/algorithms_blc.cpp.o[K
[181/317] Compiling C++ object src/ipa/rkisp1/ipa_rkisp1.so.p/ipa_context.cpp.o[K
[181/317] Compiling C++ object src/ipa/rkisp1/ipa_rkisp1.so.p/algorithms_ccm.cpp.o[K
[182/317] Compiling C++ object src/ipa/rkisp1/ipa_rkisp1.so.p/algorithms_blc.cpp.o[K
[182/317] Compiling C++ object src/ipa/rkisp1/ipa_rkisp1.so.p/algorithms_cproc.cpp.o[K
[183/317] Compiling C++ object src/ipa/mali-c55/ipa_mali_c55.so.p/mali-c55.cpp.o[K
[183/317] Linking target src/ipa/mali-c55/ipa_mali_c55.so[K
[184/317] Linking target src/ipa/mali-c55/ipa_mali_c55.so[K
[184/317] Generating src/ipa/mali-c55/ipa_mali_c55.so.sign with a custom command[K
[185/317] Generating src/ipa/mali-c55/ipa_mali_c55.so.sign with a custom command[K
[185/317] Compiling C++ object src/ipa/rkisp1/ipa_rkisp1.so.p/algorithms_dpcc.cpp.o[K
[186/317] Compiling C++ object src/ipa/rkisp1/ipa_rkisp1.so.p/algorithms_dpcc.cpp.o[K
[186/317] Compiling C++ object src/ipa/rkisp1/ipa_rkisp1.so.p/algorithms_dpf.cpp.o[K
[187/317] Compiling C++ object src/ipa/rkisp1/ipa_rkisp1.so.p/algorithms_cproc.cpp.o[K
[187/317] Compiling C++ object src/ipa/rkisp1/ipa_rkisp1.so.p/algorithms_filter.cpp.o[K
[188/317] Compiling C++ object src/ipa/rkisp1/ipa_rkisp1.so.p/algorithms_ccm.cpp.o[K
[188/317] Compiling C++ object src/ipa/rkisp1/ipa_rkisp1.so.p/algorithms_goc.cpp.o[K
[189/317] Compiling C++ object src/ipa/rkisp1/ipa_rkisp1.so.p/algorithms_awb.cpp.o[K
[189/317] Compiling C++ object src/ipa/rkisp1/ipa_rkisp1.so.p/algorithms_gsl.cpp.o[K
[190/317] Compiling C++ object src/ipa/rkisp1/ipa_rkisp1.so.p/rkisp1.cpp.o[K
[190/317] Compiling C++ object src/ipa/rkisp1/ipa_rkisp1.so.p/algorithms_lsc.cpp.o[K
[191/317] Compiling C++ object src/ipa/rkisp1/ipa_rkisp1.so.p/algorithms_agc.cpp.o[K
[191/317] Compiling C++ object src/ipa/rkisp1/ipa_rkisp1.so.p/algorithms_lux.cpp.o[K
[192/317] Compiling C++ object src/ipa/rkisp1/ipa_rkisp1.so.p/algorithms_gsl.cpp.o[K
[192/317] Compiling C++ object src/ipa/rpi/cam_helper/librpi_ipa_cam_helper.a.p/cam_helper.cpp.o[K
[193/317] Compiling C++ object src/ipa/rkisp1/ipa_rkisp1.so.p/algorithms_dpf.cpp.o[K
[193/317] Compiling C++ object src/ipa/rpi/cam_helper/librpi_ipa_cam_helper.a.p/cam_helper_ov5647.cpp.o[K
[194/317] Compiling C++ object src/ipa/rkisp1/ipa_rkisp1.so.p/algorithms_filter.cpp.o[K
[194/317] Compiling C++ object src/ipa/rpi/cam_helper/librpi_ipa_cam_helper.a.p/cam_helper_imx219.cpp.o[K
[195/317] Compiling C++ object src/ipa/rkisp1/ipa_rkisp1.so.p/algorithms_lux.cpp.o[K
[195/317] Compiling C++ object src/ipa/rpi/cam_helper/librpi_ipa_cam_helper.a.p/cam_helper_imx283.cpp.o[K
[196/317] Compiling C++ object src/ipa/rkisp1/ipa_rkisp1.so.p/algorithms_goc.cpp.o[K
[196/317] Compiling C++ object src/ipa/rpi/cam_helper/librpi_ipa_cam_helper.a.p/cam_helper_imx290.cpp.o[K
[197/317] Compiling C++ object src/ipa/rpi/cam_helper/librpi_ipa_cam_helper.a.p/cam_helper_ov5647.cpp.o[K
[197/317] Compiling C++ object src/ipa/rpi/cam_helper/librpi_ipa_cam_helper.a.p/cam_helper_imx296.cpp.o[K
[198/317] Compiling C++ object src/ipa/rkisp1/ipa_rkisp1.so.p/algorithms_lsc.cpp.o[K
[198/317] Linking target src/ipa/rkisp1/ipa_rkisp1.so[K
[199/317] Compiling C++ object src/ipa/rpi/cam_helper/librpi_ipa_cam_helper.a.p/cam_helper_imx219.cpp.o[K
[199/317] Compiling C++ object src/ipa/rpi/cam_helper/librpi_ipa_cam_helper.a.p/cam_helper_imx415.cpp.o[K
[200/317] Linking target src/ipa/rkisp1/ipa_rkisp1.so[K
[200/317] Generating src/ipa/rkisp1/ipa_rkisp1.so.sign with a custom command[K
[201/317] Generating src/ipa/rkisp1/ipa_rkisp1.so.sign with a custom command[K
[201/317] Compiling C++ object src/ipa/rpi/cam_helper/librpi_ipa_cam_helper.a.p/cam_helper_imx477.cpp.o[K
[202/317] Compiling C++ object src/ipa/rpi/cam_helper/librpi_ipa_cam_helper.a.p/cam_helper.cpp.o[K
[202/317] Compiling C++ object src/ipa/rpi/cam_helper/librpi_ipa_cam_helper.a.p/cam_helper_imx500.cpp.o[K
[203/317] Compiling C++ object src/ipa/rpi/cam_helper/librpi_ipa_cam_helper.a.p/cam_helper_imx283.cpp.o[K
[203/317] Compiling C++ object src/ipa/rpi/cam_helper/librpi_ipa_cam_helper.a.p/cam_helper_imx519.cpp.o[K
[204/317] Compiling C++ object src/ipa/rpi/cam_helper/librpi_ipa_cam_helper.a.p/cam_helper_imx290.cpp.o[K
[204/317] Compiling C++ object src/ipa/rpi/cam_helper/librpi_ipa_cam_helper.a.p/cam_helper_imx708.cpp.o[K
[205/317] Compiling C++ object src/ipa/rpi/cam_helper/librpi_ipa_cam_helper.a.p/cam_helper_imx519.cpp.o[K
[205/317] Compiling C++ object src/ipa/rpi/cam_helper/librpi_ipa_cam_helper.a.p/cam_helper_ov64a40.cpp.o[K
[206/317] Compiling C++ object src/ipa/rpi/cam_helper/librpi_ipa_cam_helper.a.p/cam_helper_imx296.cpp.o[K
[206/317] Compiling C++ object src/ipa/rpi/cam_helper/librpi_ipa_cam_helper.a.p/cam_helper_ov7251.cpp.o[K
[207/317] Compiling C++ object src/ipa/rpi/cam_helper/librpi_ipa_cam_helper.a.p/cam_helper_imx415.cpp.o[K
[207/317] Compiling C++ object src/ipa/rpi/cam_helper/librpi_ipa_cam_helper.a.p/cam_helper_ov9281.cpp.o[K
[208/317] Compiling C++ object src/ipa/rpi/cam_helper/librpi_ipa_cam_helper.a.p/cam_helper_imx708.cpp.o[K
[208/317] Compiling C++ object src/ipa/rpi/cam_helper/librpi_ipa_cam_helper.a.p/cam_helper_vd56g3.cpp.o[K
[209/317] Compiling C++ object src/ipa/rpi/cam_helper/librpi_ipa_cam_helper.a.p/cam_helper_imx477.cpp.o[K
[209/317] Compiling C++ object src/ipa/rpi/cam_helper/librpi_ipa_cam_helper.a.p/md_parser_smia.cpp.o[K
[210/317] Compiling C++ object src/ipa/rpi/cam_helper/librpi_ipa_cam_helper.a.p/cam_helper_ov7251.cpp.o[K
[210/317] Compiling C++ object src/ipa/rpi/cam_helper/librpi_ipa_cam_helper.a.p/imx500_tensor_parser_imx500_tensor_parser.cpp.o[K
[211/317] Compiling C++ object src/ipa/rpi/cam_helper/librpi_ipa_cam_helper.a.p/cam_helper_imx500.cpp.o[K
[211/317] Compiling C++ object src/ipa/rpi/common/librpi_ipa_common.a.p/ipa_base.cpp.o[K
[212/317] Compiling C++ object src/ipa/rpi/cam_helper/librpi_ipa_cam_helper.a.p/cam_helper_ov64a40.cpp.o[K
[212/317] Compiling C++ object src/ipa/rpi/controller/librpi_ipa_controller.a.p/algorithm.cpp.o[K
[213/317] Compiling C++ object src/ipa/rpi/cam_helper/librpi_ipa_cam_helper.a.p/cam_helper_vd56g3.cpp.o[K
[213/317] Compiling C++ object src/ipa/rpi/controller/librpi_ipa_controller.a.p/controller.cpp.o[K
[214/317] Compiling C++ object src/ipa/rpi/cam_helper/librpi_ipa_cam_helper.a.p/cam_helper_ov9281.cpp.o[K
[214/317] Compiling C++ object src/ipa/rpi/controller/librpi_ipa_controller.a.p/device_status.cpp.o[K
[215/317] Compiling C++ object src/ipa/rpi/controller/librpi_ipa_controller.a.p/device_status.cpp.o[K
[215/317] Compiling C++ object src/ipa/rpi/controller/librpi_ipa_controller.a.p/histogram.cpp.o[K
[216/317] Compiling C++ object src/ipa/rpi/cam_helper/librpi_ipa_cam_helper.a.p/md_parser_smia.cpp.o[K
[216/317] Compiling C++ object src/ipa/rpi/controller/librpi_ipa_controller.a.p/rpi_af.cpp.o[K
[217/317] Compiling C++ object src/ipa/rpi/controller/librpi_ipa_controller.a.p/histogram.cpp.o[K
[217/317] Compiling C++ object src/ipa/rpi/controller/librpi_ipa_controller.a.p/rpi_agc.cpp.o[K
[218/317] Compiling C++ object src/ipa/rpi/controller/librpi_ipa_controller.a.p/algorithm.cpp.o[K
[218/317] Compiling C++ object src/ipa/rpi/controller/librpi_ipa_controller.a.p/rpi_agc_channel.cpp.o[K
[219/317] Compiling C++ object src/ipa/rpi/controller/librpi_ipa_controller.a.p/controller.cpp.o[K
[219/317] Compiling C++ object src/ipa/rpi/controller/librpi_ipa_controller.a.p/rpi_alsc.cpp.o[K
[220/317] Compiling C++ object src/ipa/rpi/cam_helper/librpi_ipa_cam_helper.a.p/imx500_tensor_parser_imx500_tensor_parser.cpp.o[K
[220/317] Linking static target src/ipa/rpi/cam_helper/librpi_ipa_cam_helper.a[K
[221/317] Linking static target src/ipa/rpi/cam_helper/librpi_ipa_cam_helper.a[K
[221/317] Compiling C++ object src/ipa/rpi/controller/librpi_ipa_controller.a.p/rpi_awb.cpp.o[K
[222/317] Compiling C++ object src/ipa/rpi/controller/librpi_ipa_controller.a.p/rpi_af.cpp.o[K
[222/317] Compiling C++ object src/ipa/rpi/controller/librpi_ipa_controller.a.p/rpi_black_level.cpp.o[K
[223/317] Compiling C++ object src/ipa/rpi/controller/librpi_ipa_controller.a.p/rpi_agc.cpp.o[K
[223/317] Compiling C++ object src/ipa/rpi/controller/librpi_ipa_controller.a.p/rpi_cac.cpp.o[K
[224/317] Compiling C++ object src/ipa/rpi/controller/librpi_ipa_controller.a.p/rpi_black_level.cpp.o[K
[224/317] Compiling C++ object src/ipa/rpi/controller/librpi_ipa_controller.a.p/rpi_ccm.cpp.o[K
[225/317] Compiling C++ object src/ipa/rpi/controller/librpi_ipa_controller.a.p/rpi_alsc.cpp.o[K
[225/317] Compiling C++ object src/ipa/rpi/controller/librpi_ipa_controller.a.p/rpi_contrast.cpp.o[K
[226/317] Compiling C++ object src/ipa/rpi/controller/librpi_ipa_controller.a.p/rpi_awb.cpp.o[K
[226/317] Compiling C++ object src/ipa/rpi/controller/librpi_ipa_controller.a.p/rpi_denoise.cpp.o[K
[227/317] Compiling C++ object src/ipa/rpi/controller/librpi_ipa_controller.a.p/rpi_cac.cpp.o[K
[227/317] Compiling C++ object src/ipa/rpi/controller/librpi_ipa_controller.a.p/rpi_dpc.cpp.o[K
[228/317] Compiling C++ object src/ipa/rpi/controller/librpi_ipa_controller.a.p/rpi_agc_channel.cpp.o[K
[228/317] Compiling C++ object src/ipa/rpi/controller/librpi_ipa_controller.a.p/rpi_geq.cpp.o[K
[229/317] Compiling C++ object src/ipa/rpi/controller/librpi_ipa_controller.a.p/rpi_contrast.cpp.o[K
[229/317] Compiling C++ object src/ipa/rpi/controller/librpi_ipa_controller.a.p/rpi_hdr.cpp.o[K
[230/317] Compiling C++ object src/ipa/rpi/controller/librpi_ipa_controller.a.p/rpi_geq.cpp.o[K
[230/317] Compiling C++ object src/ipa/rpi/controller/librpi_ipa_controller.a.p/rpi_lux.cpp.o[K
[231/317] Compiling C++ object src/ipa/rpi/controller/librpi_ipa_controller.a.p/rpi_ccm.cpp.o[K
[231/317] Compiling C++ object src/ipa/rpi/controller/librpi_ipa_controller.a.p/rpi_noise.cpp.o[K
[232/317] Compiling C++ object src/ipa/rpi/controller/librpi_ipa_controller.a.p/rpi_dpc.cpp.o[K
[232/317] Compiling C++ object src/ipa/rpi/controller/librpi_ipa_controller.a.p/rpi_saturation.cpp.o[K
[233/317] Compiling C++ object src/ipa/rpi/controller/librpi_ipa_controller.a.p/rpi_denoise.cpp.o[K
[233/317] Compiling C++ object src/ipa/rpi/controller/librpi_ipa_controller.a.p/rpi_sdn.cpp.o[K
[234/317] Compiling C++ object src/ipa/rpi/controller/librpi_ipa_controller.a.p/rpi_lux.cpp.o[K
[234/317] Compiling C++ object src/ipa/rpi/controller/librpi_ipa_controller.a.p/rpi_sharpen.cpp.o[K
[235/317] Compiling C++ object src/ipa/rpi/controller/librpi_ipa_controller.a.p/rpi_hdr.cpp.o[K
[235/317] Compiling C++ object src/ipa/rpi/controller/librpi_ipa_controller.a.p/rpi_sync.cpp.o[K
[236/317] Compiling C++ object src/ipa/rpi/controller/librpi_ipa_controller.a.p/rpi_noise.cpp.o[K
[236/317] Compiling C++ object src/ipa/rpi/controller/librpi_ipa_controller.a.p/rpi_tonemap.cpp.o[K
[237/317] Compiling C++ object src/ipa/rpi/controller/librpi_ipa_controller.a.p/rpi_saturation.cpp.o[K
[237/317] Compiling C++ object src/ipa/rpi/pisp/ipa_rpi_pisp.so.p/pisp.cpp.o[K
[238/317] Compiling C++ object src/ipa/rpi/common/librpi_ipa_common.a.p/ipa_base.cpp.o[K
[238/317] Linking static target src/ipa/rpi/common/librpi_ipa_common.a[K
[239/317] Linking static target src/ipa/rpi/common/librpi_ipa_common.a[K
[239/317] Compiling C++ object src/ipa/rpi/vc4/ipa_rpi_vc4.so.p/vc4.cpp.o[K
[240/317] Compiling C++ object src/ipa/rpi/controller/librpi_ipa_controller.a.p/rpi_sdn.cpp.o[K
[240/317] Compiling C++ object src/ipa/simple/ipa_soft_simple.so.p/ipa_context.cpp.o[K
[241/317] Compiling C++ object src/ipa/rpi/controller/librpi_ipa_controller.a.p/rpi_sharpen.cpp.o[K
[241/317] Compiling C++ object src/ipa/simple/ipa_soft_simple.so.p/soft_simple.cpp.o[K
[242/317] Compiling C++ object src/ipa/rpi/controller/librpi_ipa_controller.a.p/rpi_tonemap.cpp.o[K
[242/317] Compiling C++ object src/ipa/simple/ipa_soft_simple.so.p/algorithms_awb.cpp.o[K
[243/317] Compiling C++ object src/ipa/rpi/controller/librpi_ipa_controller.a.p/rpi_sync.cpp.o[K
[243/317] Linking static target src/ipa/rpi/controller/librpi_ipa_controller.a[K
[244/317] Linking static target src/ipa/rpi/controller/librpi_ipa_controller.a[K
[244/317] Compiling C++ object src/ipa/simple/ipa_soft_simple.so.p/algorithms_agc.cpp.o[K
[245/317] Compiling C++ object src/ipa/simple/ipa_soft_simple.so.p/ipa_context.cpp.o[K
[245/317] Compiling C++ object src/ipa/simple/ipa_soft_simple.so.p/algorithms_blc.cpp.o[K
[246/317] Compiling C++ object src/ipa/rpi/vc4/ipa_rpi_vc4.so.p/vc4.cpp.o[K
[246/317] Linking target src/ipa/rpi/vc4/ipa_rpi_vc4.so[K
[247/317] Linking target src/ipa/rpi/vc4/ipa_rpi_vc4.so[K
[247/317] Generating src/ipa/rpi/vc4/ipa_rpi_vc4.so.sign with a custom command[K
[248/317] Generating src/ipa/rpi/vc4/ipa_rpi_vc4.so.sign with a custom command[K
[248/317] Compiling C++ object src/ipa/simple/ipa_soft_simple.so.p/algorithms_ccm.cpp.o[K
[249/317] Compiling C++ object src/ipa/simple/ipa_soft_simple.so.p/algorithms_agc.cpp.o[K
[249/317] Compiling C++ object src/ipa/simple/ipa_soft_simple.so.p/algorithms_lut.cpp.o[K
[250/317] Compiling C++ object src/ipa/rpi/pisp/ipa_rpi_pisp.so.p/pisp.cpp.o[K
[250/317] Linking target src/ipa/rpi/pisp/ipa_rpi_pisp.so[K
[251/317] Compiling C++ object src/ipa/simple/ipa_soft_simple.so.p/algorithms_awb.cpp.o[K
[251/317] Compiling C++ object src/apps/common/libapps.a.p/image.cpp.o[K
[252/317] Linking target src/ipa/rpi/pisp/ipa_rpi_pisp.so[K
[252/317] Generating src/ipa/rpi/pisp/ipa_rpi_pisp.so.sign with a custom command[K
[253/317] Generating src/ipa/rpi/pisp/ipa_rpi_pisp.so.sign with a custom command[K
[253/317] Compiling C++ object src/apps/common/libapps.a.p/options.cpp.o[K
[254/317] Compiling C++ object src/ipa/simple/ipa_soft_simple.so.p/algorithms_blc.cpp.o[K
[254/317] Compiling C++ object src/apps/common/libapps.a.p/ppm_writer.cpp.o[K
[255/317] Compiling C++ object src/apps/common/libapps.a.p/ppm_writer.cpp.o[K
[255/317] Compiling C++ object src/apps/common/libapps.a.p/stream_options.cpp.o[K
[256/317] Compiling C++ object src/ipa/simple/ipa_soft_simple.so.p/algorithms_ccm.cpp.o[K
[256/317] Compiling C++ object src/apps/common/libapps.a.p/event_loop.cpp.o[K
[257/317] Compiling C++ object src/apps/common/libapps.a.p/image.cpp.o[K
[257/317] Compiling C++ object src/apps/common/libapps.a.p/dng_writer.cpp.o[K
[258/317] Compiling C++ object src/ipa/simple/ipa_soft_simple.so.p/soft_simple.cpp.o[K
[258/317] Compiling C++ object src/apps/lc-compliance/lc-compliance.p/environment.cpp.o[K
[259/317] Compiling C++ object src/ipa/simple/ipa_soft_simple.so.p/algorithms_lut.cpp.o[K
[259/317] Linking target src/ipa/simple/ipa_soft_simple.so[K
[260/317] Linking target src/ipa/simple/ipa_soft_simple.so[K
[260/317] Generating src/ipa/simple/ipa_soft_simple.so.sign with a custom command[K
[261/317] Generating src/ipa/simple/ipa_soft_simple.so.sign with a custom command[K
[261/317] Compiling C++ object src/apps/lc-compliance/lc-compliance.p/helpers_capture.cpp.o[K
[262/317] Compiling C++ object src/apps/common/libapps.a.p/dng_writer.cpp.o[K
[262/317] Compiling C++ object src/apps/lc-compliance/lc-compliance.p/main.cpp.o[K
[263/317] Compiling C++ object src/apps/lc-compliance/lc-compliance.p/environment.cpp.o[K
[263/317] Compiling C++ object src/apps/lc-compliance/lc-compliance.p/test_base.cpp.o[K
[264/317] Compiling C++ object src/apps/common/libapps.a.p/event_loop.cpp.o[K
[264/317] Compiling C++ object src/apps/lc-compliance/lc-compliance.p/tests_capture_test.cpp.o[K
[265/317] Compiling C++ object src/apps/common/libapps.a.p/stream_options.cpp.o[K
[265/317] Compiling C++ object src/apps/cam/cam.p/camera_session.cpp.o[K
[266/317] Compiling C++ object src/apps/lc-compliance/lc-compliance.p/helpers_capture.cpp.o[K
[266/317] Compiling C++ object src/apps/cam/cam.p/capture_script.cpp.o[K
[267/317] Compiling C++ object src/apps/common/libapps.a.p/options.cpp.o[K
[267/317] Linking static target src/apps/common/libapps.a[K
[268/317] Linking static target src/apps/common/libapps.a[K
[268/317] Compiling C++ object src/apps/cam/cam.p/file_sink.cpp.o[K
[269/317] Compiling C++ object src/apps/lc-compliance/lc-compliance.p/test_base.cpp.o[K
[269/317] Compiling C++ object src/apps/cam/cam.p/frame_sink.cpp.o[K
[270/317] Compiling C++ object src/apps/cam/cam.p/frame_sink.cpp.o[K
[270/317] Compiling C++ object src/apps/cam/cam.p/main.cpp.o[K
[271/317] Compiling C++ object src/apps/cam/cam.p/capture_script.cpp.o[K
[271/317] Compiling C++ object src/apps/cam/cam.p/drm.cpp.o[K
[272/317] Compiling C++ object src/apps/lc-compliance/lc-compliance.p/main.cpp.o[K
[272/317] Compiling C++ object src/apps/cam/cam.p/kms_sink.cpp.o[K
[273/317] Compiling C++ object src/apps/cam/cam.p/file_sink.cpp.o[K
[273/317] Compiling C++ object src/apps/cam/cam.p/sdl_sink.cpp.o[K
[274/317] Compiling C++ object src/apps/cam/cam.p/kms_sink.cpp.o[K
[274/317] Compiling C++ object src/apps/cam/cam.p/sdl_texture.cpp.o[K
[275/317] Compiling C++ object src/apps/cam/cam.p/sdl_sink.cpp.o[K
[275/317] Compiling C++ object src/apps/cam/cam.p/sdl_texture_1plane.cpp.o[K
[276/317] Compiling C++ object src/apps/cam/cam.p/main.cpp.o[K
[276/317] Compiling C++ object src/apps/cam/cam.p/sdl_texture_yuv.cpp.o[K
[277/317] Compiling C++ object src/apps/cam/cam.p/camera_session.cpp.o[K
[277/317] Compiling C++ object src/apps/cam/cam.p/sdl_texture_mjpg.cpp.o[K
[278/317] Compiling C++ object src/apps/cam/cam.p/sdl_texture.cpp.o[K
[278/317] Compiling C++ object src/apps/ipa-verify/ipa_verify.p/main.cpp.o[K
[279/317] Compiling C++ object src/apps/lc-compliance/lc-compliance.p/tests_capture_test.cpp.o[K
[279/317] Linking target src/apps/lc-compliance/lc-compliance[K
[280/317] Linking target src/apps/lc-compliance/lc-compliance[K
[280/317] Generating src/gstreamer/gstlibcamera-controls.cpp with a custom command (wrapped by meson to set env)[K
[281/317] Generating src/gstreamer/gstlibcamera-controls.cpp with a custom command (wrapped by meson to set env)[K
[281/317] Compiling C++ object src/gstreamer/libgstlibcamera.so.p/meson-generated_.._gstlibcamera-controls.cpp.o[K
[282/317] Compiling C++ object src/apps/cam/cam.p/sdl_texture_yuv.cpp.o[K
[282/317] Compiling C++ object src/gstreamer/libgstlibcamera.so.p/gstlibcamera-utils.cpp.o[K
[283/317] Compiling C++ object src/apps/cam/cam.p/drm.cpp.o[K
[283/317] Compiling C++ object src/gstreamer/libgstlibcamera.so.p/gstlibcamera.cpp.o[K
[284/317] Compiling C++ object src/apps/cam/cam.p/sdl_texture_1plane.cpp.o[K
[284/317] Compiling C++ object src/gstreamer/libgstlibcamera.so.p/gstlibcameraallocator.cpp.o[K
[285/317] Compiling C++ object src/apps/cam/cam.p/sdl_texture_mjpg.cpp.o[K
[285/317] Linking target src/apps/cam/cam[K
[286/317] Compiling C++ object src/gstreamer/libgstlibcamera.so.p/gstlibcamera.cpp.o[K
[286/317] Compiling C++ object src/gstreamer/libgstlibcamera.so.p/gstlibcamerapad.cpp.o[K
[287/317] Linking target src/apps/cam/cam[K
[287/317] Compiling C++ object src/gstreamer/libgstlibcamera.so.p/gstlibcamerapool.cpp.o[K
[288/317] Compiling C++ object src/apps/ipa-verify/ipa_verify.p/main.cpp.o[K
[288/317] Linking target src/apps/ipa-verify/ipa_verify[K
[289/317] Linking target src/apps/ipa-verify/ipa_verify[K
[289/317] Compiling C++ object src/gstreamer/libgstlibcamera.so.p/gstlibcameraprovider.cpp.o[K
[290/317] Compiling C++ object src/gstreamer/libgstlibcamera.so.p/meson-generated_.._gstlibcamera-controls.cpp.o[K
[290/317] Compiling C++ object src/gstreamer/libgstlibcamera.so.p/gstlibcamerasrc.cpp.o[K
[291/317] Compiling C++ object src/gstreamer/libgstlibcamera.so.p/gstlibcameraprovider.cpp.o[K
[291/317] Generating src/py/libcamera/py_gen_controls with a custom command (wrapped by meson to set env)[K
[292/317] Compiling C++ object src/gstreamer/libgstlibcamera.so.p/gstlibcameraallocator.cpp.o[K
[292/317] Generating src/py/libcamera/py_gen_properties with a custom command (wrapped by meson to set env)[K
[293/317] Compiling C++ object src/gstreamer/libgstlibcamera.so.p/gstlibcamerapad.cpp.o[K
[293/317] Generating src/py/libcamera/py_gen_formats with a custom command[K
[294/317] Generating src/py/libcamera/py_gen_properties with a custom command (wrapped by meson to set env)[K
[294/317] Compiling C++ object src/py/libcamera/_libcamera.cpython-312-aarch64-linux-gnu.so.p/meson-generated_.._py_properties_generated.cpp.o[K
[295/317] Generating src/py/libcamera/py_gen_formats with a custom command[K
[295/317] Compiling C++ object src/py/libcamera/_libcamera.cpython-312-aarch64-linux-gnu.so.p/meson-generated_.._py_formats_generated.cpp.o[K
[296/317] Compiling C++ object src/gstreamer/libgstlibcamera.so.p/gstlibcamera-utils.cpp.o[K
[296/317] Compiling C++ object src/py/libcamera/_libcamera.cpython-312-aarch64-linux-gnu.so.p/py_camera_manager.cpp.o[K
[297/317] Compiling C++ object src/gstreamer/libgstlibcamera.so.p/gstlibcamerapool.cpp.o[K
[297/317] Compiling C++ object src/py/libcamera/_libcamera.cpython-312-aarch64-linux-gnu.so.p/py_color_space.cpp.o[K
[298/317] Generating src/py/libcamera/py_gen_controls with a custom command (wrapped by meson to set env)[K
[298/317] Compiling C++ object src/py/libcamera/_libcamera.cpython-312-aarch64-linux-gnu.so.p/meson-generated_.._py_controls_generated.cpp.o[K
[299/317] Compiling C++ object src/gstreamer/libgstlibcamera.so.p/gstlibcamerasrc.cpp.o[K
[299/317] Linking target src/gstreamer/libgstlibcamera.so[K
[300/317] Linking target src/gstreamer/libgstlibcamera.so[K
[300/317] Compiling C++ object src/py/libcamera/_libcamera.cpython-312-aarch64-linux-gnu.so.p/py_enums.cpp.o[K
[301/317] Compiling C++ object src/py/libcamera/_libcamera.cpython-312-aarch64-linux-gnu.so.p/py_camera_manager.cpp.o[K
[301/317] Compiling C++ object src/py/libcamera/_libcamera.cpython-312-aarch64-linux-gnu.so.p/py_geometry.cpp.o[K
[302/317] Compiling C++ object src/py/libcamera/_libcamera.cpython-312-aarch64-linux-gnu.so.p/meson-generated_.._py_formats_generated.cpp.o[K
[302/317] Compiling C++ object src/py/libcamera/_libcamera.cpython-312-aarch64-linux-gnu.so.p/py_helpers.cpp.o[K
[303/317] Compiling C++ object src/py/libcamera/_libcamera.cpython-312-aarch64-linux-gnu.so.p/py_color_space.cpp.o[K
[303/317] Compiling C++ object src/py/libcamera/_libcamera.cpython-312-aarch64-linux-gnu.so.p/py_main.cpp.o[K
[304/317] Compiling C++ object src/py/libcamera/_libcamera.cpython-312-aarch64-linux-gnu.so.p/meson-generated_.._py_properties_generated.cpp.o[K
[304/317] Compiling C++ object src/py/libcamera/_libcamera.cpython-312-aarch64-linux-gnu.so.p/py_transform.cpp.o[K
[305/317] Compiling C++ object src/py/libcamera/_libcamera.cpython-312-aarch64-linux-gnu.so.p/py_helpers.cpp.o[K
[305/317] Compiling C++ object src/v4l2/v4l2-compat.so.p/v4l2_camera.cpp.o[K
[306/317] Compiling C++ object src/py/libcamera/_libcamera.cpython-312-aarch64-linux-gnu.so.p/py_enums.cpp.o[K
[306/317] Compiling C++ object src/v4l2/v4l2-compat.so.p/v4l2_camera_file.cpp.o[K
[307/317] Compiling C++ object src/v4l2/v4l2-compat.so.p/v4l2_camera_file.cpp.o[K
[307/317] Compiling C++ object src/v4l2/v4l2-compat.so.p/v4l2_camera_proxy.cpp.o[K
[308/317] Compiling C++ object src/v4l2/v4l2-compat.so.p/v4l2_camera.cpp.o[K
[308/317] Compiling C++ object src/v4l2/v4l2-compat.so.p/v4l2_compat.cpp.o[K
[309/317] Compiling C++ object src/py/libcamera/_libcamera.cpython-312-aarch64-linux-gnu.so.p/py_transform.cpp.o[K
[309/317] Compiling C++ object src/v4l2/v4l2-compat.so.p/v4l2_compat_manager.cpp.o[K
[310/317] Compiling C++ object src/v4l2/v4l2-compat.so.p/v4l2_compat.cpp.o[K
[311/317] Compiling C++ object src/v4l2/v4l2-compat.so.p/v4l2_camera_proxy.cpp.o[K
[312/317] Compiling C++ object src/py/libcamera/_libcamera.cpython-312-aarch64-linux-gnu.so.p/meson-generated_.._py_controls_generated.cpp.o[K
[313/317] Compiling C++ object src/v4l2/v4l2-compat.so.p/v4l2_compat_manager.cpp.o[K
[313/317] Linking target src/v4l2/v4l2-compat.so[K
[314/317] Linking target src/v4l2/v4l2-compat.so[K
[315/317] Compiling C++ object src/py/libcamera/_libcamera.cpython-312-aarch64-linux-gnu.so.p/py_geometry.cpp.o[K
[316/317] Compiling C++ object src/py/libcamera/_libcamera.cpython-312-aarch64-linux-gnu.so.p/py_main.cpp.o[K
[316/317] Linking target src/py/libcamera/_libcamera.cpython-312-aarch64-linux-gnu.so[K
[317/317] Linking target src/py/libcamera/_libcamera.cpython-312-aarch64-linux-gnu.so[K
ninja: Entering directory `/home/pi/CaveBot-ros/build/libcamera'

[0/24] Generating src/libcamera/version.cpp with a custom command[K
[1/24] Generating src/libcamera/version.cpp with a custom command[K
Installing include/libcamera/ipa/core_ipa_interface.h to /home/pi/CaveBot-ros/install/libcamera/include/libcamera/libcamera/ipa
Installing include/libcamera/ipa/mali-c55_ipa_interface.h to /home/pi/CaveBot-ros/install/libcamera/include/libcamera/libcamera/ipa
Installing include/libcamera/ipa/rkisp1_ipa_interface.h to /home/pi/CaveBot-ros/install/libcamera/include/libcamera/libcamera/ipa
Installing include/libcamera/ipa/raspberrypi_ipa_interface.h to /home/pi/CaveBot-ros/install/libcamera/include/libcamera/libcamera/ipa
Installing include/libcamera/ipa/soft_ipa_interface.h to /home/pi/CaveBot-ros/install/libcamera/include/libcamera/libcamera/ipa
Installing include/libcamera/control_ids.h to /home/pi/CaveBot-ros/install/libcamera/include/libcamera/libcamera
Installing include/libcamera/property_ids.h to /home/pi/CaveBot-ros/install/libcamera/include/libcamera/libcamera
Installing include/libcamera/formats.h to /home/pi/CaveBot-ros/install/libcamera/include/libcamera/libcamera
Installing include/libcamera/libcamera.h to /home/pi/CaveBot-ros/install/libcamera/include/libcamera/libcamera
Installing src/libcamera/base/libcamera-base.so.0.5.2 to /home/pi/CaveBot-ros/install/libcamera/lib
Installing src/libcamera/libcamera.so.0.5.2 to /home/pi/CaveBot-ros/install/libcamera/lib
Installing src/libcamera/proxy/worker/mali-c55_ipa_proxy to /home/pi/CaveBot-ros/install/libcamera/libexec/libcamera
Installing src/libcamera/proxy/worker/rkisp1_ipa_proxy to /home/pi/CaveBot-ros/install/libcamera/libexec/libcamera
Installing src/libcamera/proxy/worker/raspberrypi_ipa_proxy to /home/pi/CaveBot-ros/install/libcamera/libexec/libcamera
Installing src/libcamera/proxy/worker/soft_ipa_proxy to /home/pi/CaveBot-ros/install/libcamera/libexec/libcamera
Installing src/ipa/mali-c55/ipa_mali_c55.so to /home/pi/CaveBot-ros/install/libcamera/lib/libcamera/ipa
Installing src/ipa/rkisp1/ipa_rkisp1.so to /home/pi/CaveBot-ros/install/libcamera/lib/libcamera/ipa
Installing src/ipa/rpi/pisp/ipa_rpi_pisp.so to /home/pi/CaveBot-ros/install/libcamera/lib/libcamera/ipa
Installing src/ipa/rpi/vc4/ipa_rpi_vc4.so to /home/pi/CaveBot-ros/install/libcamera/lib/libcamera/ipa
Installing src/ipa/simple/ipa_soft_simple.so to /home/pi/CaveBot-ros/install/libcamera/lib/libcamera/ipa
Installing src/apps/lc-compliance/lc-compliance to /home/pi/CaveBot-ros/install/libcamera/bin
Installing src/apps/cam/cam to /home/pi/CaveBot-ros/install/libcamera/bin
Installing src/gstreamer/libgstlibcamera.so to /home/pi/CaveBot-ros/install/libcamera/lib/gstreamer-1.0
Installing src/py/libcamera/_libcamera.cpython-312-aarch64-linux-gnu.so to /home/pi/CaveBot-ros/install/libcamera/lib/python3/dist-packages/libcamera
Installing src/v4l2/v4l2-compat.so to /home/pi/CaveBot-ros/install/libcamera/libexec/libcamera
Installing /home/pi/CaveBot-ros/src/libcamera/include/libcamera/base/bound_method.h to /home/pi/CaveBot-ros/install/libcamera/include/libcamera/libcamera/base
Installing /home/pi/CaveBot-ros/src/libcamera/include/libcamera/base/class.h to /home/pi/CaveBot-ros/install/libcamera/include/libcamera/libcamera/base
Installing /home/pi/CaveBot-ros/src/libcamera/include/libcamera/base/flags.h to /home/pi/CaveBot-ros/install/libcamera/include/libcamera/libcamera/base
Installing /home/pi/CaveBot-ros/src/libcamera/include/libcamera/base/object.h to /home/pi/CaveBot-ros/install/libcamera/include/libcamera/libcamera/base
Installing /home/pi/CaveBot-ros/src/libcamera/include/libcamera/base/shared_fd.h to /home/pi/CaveBot-ros/install/libcamera/include/libcamera/libcamera/base
Installing /home/pi/CaveBot-ros/src/libcamera/include/libcamera/base/signal.h to /home/pi/CaveBot-ros/install/libcamera/include/libcamera/libcamera/base
Installing /home/pi/CaveBot-ros/src/libcamera/include/libcamera/base/span.h to /home/pi/CaveBot-ros/install/libcamera/include/libcamera/libcamera/base
Installing /home/pi/CaveBot-ros/src/libcamera/include/libcamera/base/unique_fd.h to /home/pi/CaveBot-ros/install/libcamera/include/libcamera/libcamera/base
Installing /home/pi/CaveBot-ros/src/libcamera/include/libcamera/ipa/ipa_controls.h to /home/pi/CaveBot-ros/install/libcamera/include/libcamera/libcamera/ipa
Installing /home/pi/CaveBot-ros/src/libcamera/include/libcamera/ipa/ipa_interface.h to /home/pi/CaveBot-ros/install/libcamera/include/libcamera/libcamera/ipa
Installing /home/pi/CaveBot-ros/src/libcamera/include/libcamera/ipa/ipa_module_info.h to /home/pi/CaveBot-ros/install/libcamera/include/libcamera/libcamera/ipa
Installing /home/pi/CaveBot-ros/src/libcamera/include/libcamera/camera.h to /home/pi/CaveBot-ros/install/libcamera/include/libcamera/libcamera
Installing /home/pi/CaveBot-ros/src/libcamera/include/libcamera/camera_manager.h to /home/pi/CaveBot-ros/install/libcamera/include/libcamera/libcamera
Installing /home/pi/CaveBot-ros/src/libcamera/include/libcamera/color_space.h to /home/pi/CaveBot-ros/install/libcamera/include/libcamera/libcamera
Installing /home/pi/CaveBot-ros/src/libcamera/include/libcamera/controls.h to /home/pi/CaveBot-ros/install/libcamera/include/libcamera/libcamera
Installing /home/pi/CaveBot-ros/src/libcamera/include/libcamera/fence.h to /home/pi/CaveBot-ros/install/libcamera/include/libcamera/libcamera
Installing /home/pi/CaveBot-ros/src/libcamera/include/libcamera/framebuffer.h to /home/pi/CaveBot-ros/install/libcamera/include/libcamera/libcamera
Installing /home/pi/CaveBot-ros/src/libcamera/include/libcamera/framebuffer_allocator.h to /home/pi/CaveBot-ros/install/libcamera/include/libcamera/libcamera
Installing /home/pi/CaveBot-ros/src/libcamera/include/libcamera/geometry.h to /home/pi/CaveBot-ros/install/libcamera/include/libcamera/libcamera
Installing /home/pi/CaveBot-ros/src/libcamera/include/libcamera/logging.h to /home/pi/CaveBot-ros/install/libcamera/include/libcamera/libcamera
Installing /home/pi/CaveBot-ros/src/libcamera/include/libcamera/orientation.h to /home/pi/CaveBot-ros/install/libcamera/include/libcamera/libcamera
Installing /home/pi/CaveBot-ros/src/libcamera/include/libcamera/pixel_format.h to /home/pi/CaveBot-ros/install/libcamera/include/libcamera/libcamera
Installing /home/pi/CaveBot-ros/src/libcamera/include/libcamera/request.h to /home/pi/CaveBot-ros/install/libcamera/include/libcamera/libcamera
Installing /home/pi/CaveBot-ros/src/libcamera/include/libcamera/stream.h to /home/pi/CaveBot-ros/install/libcamera/include/libcamera/libcamera
Installing /home/pi/CaveBot-ros/src/libcamera/include/libcamera/transform.h to /home/pi/CaveBot-ros/install/libcamera/include/libcamera/libcamera
Installing /home/pi/CaveBot-ros/build/libcamera/include/libcamera/version.h to /home/pi/CaveBot-ros/install/libcamera/include/libcamera/libcamera
Installing /home/pi/CaveBot-ros/build/libcamera/meson-private/libcamera-base.pc to /home/pi/CaveBot-ros/install/libcamera/lib/pkgconfig
Installing /home/pi/CaveBot-ros/src/libcamera/src/libcamera/pipeline/rpi/pisp/data/example.yaml to /home/pi/CaveBot-ros/install/libcamera/share/libcamera/pipeline/rpi/pisp
Installing /home/pi/CaveBot-ros/src/libcamera/src/libcamera/pipeline/rpi/vc4/data/example.yaml to /home/pi/CaveBot-ros/install/libcamera/share/libcamera/pipeline/rpi/vc4
Installing /home/pi/CaveBot-ros/src/libcamera/src/libcamera/pipeline/rpi/vc4/data/rpi_apps.yaml to /home/pi/CaveBot-ros/install/libcamera/share/libcamera/pipeline/rpi/vc4
Installing /home/pi/CaveBot-ros/build/libcamera/meson-private/libcamera.pc to /home/pi/CaveBot-ros/install/libcamera/lib/pkgconfig
Installing /home/pi/CaveBot-ros/src/libcamera/src/ipa/mali-c55/data/imx415.yaml to /home/pi/CaveBot-ros/install/libcamera/share/libcamera/ipa/mali-c55
Installing /home/pi/CaveBot-ros/src/libcamera/src/ipa/mali-c55/data/uncalibrated.yaml to /home/pi/CaveBot-ros/install/libcamera/share/libcamera/ipa/mali-c55
Installing /home/pi/CaveBot-ros/src/libcamera/src/ipa/rkisp1/data/imx219.yaml to /home/pi/CaveBot-ros/install/libcamera/share/libcamera/ipa/rkisp1
Installing /home/pi/CaveBot-ros/src/libcamera/src/ipa/rkisp1/data/imx258.yaml to /home/pi/CaveBot-ros/install/libcamera/share/libcamera/ipa/rkisp1
Installing /home/pi/CaveBot-ros/src/libcamera/src/ipa/rkisp1/data/ov2685.yaml to /home/pi/CaveBot-ros/install/libcamera/share/libcamera/ipa/rkisp1
Installing /home/pi/CaveBot-ros/src/libcamera/src/ipa/rkisp1/data/ov4689.yaml to /home/pi/CaveBot-ros/install/libcamera/share/libcamera/ipa/rkisp1
Installing /home/pi/CaveBot-ros/src/libcamera/src/ipa/rkisp1/data/ov5640.yaml to /home/pi/CaveBot-ros/install/libcamera/share/libcamera/ipa/rkisp1
Installing /home/pi/CaveBot-ros/src/libcamera/src/ipa/rkisp1/data/ov5695.yaml to /home/pi/CaveBot-ros/install/libcamera/share/libcamera/ipa/rkisp1
Installing /home/pi/CaveBot-ros/src/libcamera/src/ipa/rkisp1/data/ov8858.yaml to /home/pi/CaveBot-ros/install/libcamera/share/libcamera/ipa/rkisp1
Installing /home/pi/CaveBot-ros/src/libcamera/src/ipa/rkisp1/data/uncalibrated.yaml to /home/pi/CaveBot-ros/install/libcamera/share/libcamera/ipa/rkisp1
Installing /home/pi/CaveBot-ros/src/libcamera/src/ipa/rpi/pisp/data/imx219.json to /home/pi/CaveBot-ros/install/libcamera/share/libcamera/ipa/rpi/pisp
Installing /home/pi/CaveBot-ros/src/libcamera/src/ipa/rpi/pisp/data/imx219_noir.json to /home/pi/CaveBot-ros/install/libcamera/share/libcamera/ipa/rpi/pisp
Installing /home/pi/CaveBot-ros/src/libcamera/src/ipa/rpi/pisp/data/imx283.json to /home/pi/CaveBot-ros/install/libcamera/share/libcamera/ipa/rpi/pisp
Installing /home/pi/CaveBot-ros/src/libcamera/src/ipa/rpi/pisp/data/imx290.json to /home/pi/CaveBot-ros/install/libcamera/share/libcamera/ipa/rpi/pisp
Installing /home/pi/CaveBot-ros/src/libcamera/src/ipa/rpi/pisp/data/imx296.json to /home/pi/CaveBot-ros/install/libcamera/share/libcamera/ipa/rpi/pisp
Installing /home/pi/CaveBot-ros/src/libcamera/src/ipa/rpi/pisp/data/imx296_mono.json to /home/pi/CaveBot-ros/install/libcamera/share/libcamera/ipa/rpi/pisp
Installing /home/pi/CaveBot-ros/src/libcamera/src/ipa/rpi/pisp/data/imx335.json to /home/pi/CaveBot-ros/install/libcamera/share/libcamera/ipa/rpi/pisp
Installing /home/pi/CaveBot-ros/src/libcamera/src/ipa/rpi/pisp/data/imx378.json to /home/pi/CaveBot-ros/install/libcamera/share/libcamera/ipa/rpi/pisp
Installing /home/pi/CaveBot-ros/src/libcamera/src/ipa/rpi/pisp/data/imx415.json to /home/pi/CaveBot-ros/install/libcamera/share/libcamera/ipa/rpi/pisp
Installing /home/pi/CaveBot-ros/src/libcamera/src/ipa/rpi/pisp/data/imx415_b0569.json to /home/pi/CaveBot-ros/install/libcamera/share/libcamera/ipa/rpi/pisp
Installing /home/pi/CaveBot-ros/src/libcamera/src/ipa/rpi/pisp/data/imx462.json to /home/pi/CaveBot-ros/install/libcamera/share/libcamera/ipa/rpi/pisp
Installing /home/pi/CaveBot-ros/src/libcamera/src/ipa/rpi/pisp/data/imx477.json to /home/pi/CaveBot-ros/install/libcamera/share/libcamera/ipa/rpi/pisp
Installing /home/pi/CaveBot-ros/src/libcamera/src/ipa/rpi/pisp/data/imx477_noir.json to /home/pi/CaveBot-ros/install/libcamera/share/libcamera/ipa/rpi/pisp
Installing /home/pi/CaveBot-ros/src/libcamera/src/ipa/rpi/pisp/data/imx477_scientific.json to /home/pi/CaveBot-ros/install/libcamera/share/libcamera/ipa/rpi/pisp
Installing /home/pi/CaveBot-ros/src/libcamera/src/ipa/rpi/pisp/data/imx500.json to /home/pi/CaveBot-ros/install/libcamera/share/libcamera/ipa/rpi/pisp
Installing /home/pi/CaveBot-ros/src/libcamera/src/ipa/rpi/pisp/data/imx519.json to /home/pi/CaveBot-ros/install/libcamera/share/libcamera/ipa/rpi/pisp
Installing /home/pi/CaveBot-ros/src/libcamera/src/ipa/rpi/pisp/data/imx708.json to /home/pi/CaveBot-ros/install/libcamera/share/libcamera/ipa/rpi/pisp
Installing /home/pi/CaveBot-ros/src/libcamera/src/ipa/rpi/pisp/data/imx708_noir.json to /home/pi/CaveBot-ros/install/libcamera/share/libcamera/ipa/rpi/pisp
Installing /home/pi/CaveBot-ros/src/libcamera/src/ipa/rpi/pisp/data/imx708_wide.json to /home/pi/CaveBot-ros/install/libcamera/share/libcamera/ipa/rpi/pisp
Installing /home/pi/CaveBot-ros/src/libcamera/src/ipa/rpi/pisp/data/imx708_wide_noir.json to /home/pi/CaveBot-ros/install/libcamera/share/libcamera/ipa/rpi/pisp
Installing /home/pi/CaveBot-ros/src/libcamera/src/ipa/rpi/pisp/data/ov5647.json to /home/pi/CaveBot-ros/install/libcamera/share/libcamera/ipa/rpi/pisp
Installing /home/pi/CaveBot-ros/src/libcamera/src/ipa/rpi/pisp/data/ov5647_noir.json to /home/pi/CaveBot-ros/install/libcamera/share/libcamera/ipa/rpi/pisp
Installing /home/pi/CaveBot-ros/src/libcamera/src/ipa/rpi/pisp/data/ov64a40.json to /home/pi/CaveBot-ros/install/libcamera/share/libcamera/ipa/rpi/pisp
Installing /home/pi/CaveBot-ros/src/libcamera/src/ipa/rpi/pisp/data/ov9281_mono.json to /home/pi/CaveBot-ros/install/libcamera/share/libcamera/ipa/rpi/pisp
Installing /home/pi/CaveBot-ros/src/libcamera/src/ipa/rpi/pisp/data/se327m12.json to /home/pi/CaveBot-ros/install/libcamera/share/libcamera/ipa/rpi/pisp
Installing /home/pi/CaveBot-ros/src/libcamera/src/ipa/rpi/pisp/data/uncalibrated.json to /home/pi/CaveBot-ros/install/libcamera/share/libcamera/ipa/rpi/pisp
Installing /home/pi/CaveBot-ros/src/libcamera/src/ipa/rpi/pisp/data/vd56g3.json to /home/pi/CaveBot-ros/install/libcamera/share/libcamera/ipa/rpi/pisp
Installing /home/pi/CaveBot-ros/src/libcamera/src/ipa/rpi/pisp/data/vd56g3_mono.json to /home/pi/CaveBot-ros/install/libcamera/share/libcamera/ipa/rpi/pisp
Installing /home/pi/CaveBot-ros/src/libcamera/src/ipa/rpi/vc4/data/imx219.json to /home/pi/CaveBot-ros/install/libcamera/share/libcamera/ipa/rpi/vc4
Installing /home/pi/CaveBot-ros/src/libcamera/src/ipa/rpi/vc4/data/imx219_noir.json to /home/pi/CaveBot-ros/install/libcamera/share/libcamera/ipa/rpi/vc4
Installing /home/pi/CaveBot-ros/src/libcamera/src/ipa/rpi/vc4/data/imx283.json to /home/pi/CaveBot-ros/install/libcamera/share/libcamera/ipa/rpi/vc4
Installing /home/pi/CaveBot-ros/src/libcamera/src/ipa/rpi/vc4/data/imx290.json to /home/pi/CaveBot-ros/install/libcamera/share/libcamera/ipa/rpi/vc4
Installing /home/pi/CaveBot-ros/src/libcamera/src/ipa/rpi/vc4/data/imx296.json to /home/pi/CaveBot-ros/install/libcamera/share/libcamera/ipa/rpi/vc4
Installing /home/pi/CaveBot-ros/src/libcamera/src/ipa/rpi/vc4/data/imx296_mono.json to /home/pi/CaveBot-ros/install/libcamera/share/libcamera/ipa/rpi/vc4
Installing /home/pi/CaveBot-ros/src/libcamera/src/ipa/rpi/vc4/data/imx327.json to /home/pi/CaveBot-ros/install/libcamera/share/libcamera/ipa/rpi/vc4
Installing /home/pi/CaveBot-ros/src/libcamera/src/ipa/rpi/vc4/data/imx335.json to /home/pi/CaveBot-ros/install/libcamera/share/libcamera/ipa/rpi/vc4
Installing /home/pi/CaveBot-ros/src/libcamera/src/ipa/rpi/vc4/data/imx378.json to /home/pi/CaveBot-ros/install/libcamera/share/libcamera/ipa/rpi/vc4
Installing /home/pi/CaveBot-ros/src/libcamera/src/ipa/rpi/vc4/data/imx415.json to /home/pi/CaveBot-ros/install/libcamera/share/libcamera/ipa/rpi/vc4
Installing /home/pi/CaveBot-ros/src/libcamera/src/ipa/rpi/vc4/data/imx415_b0569.json to /home/pi/CaveBot-ros/install/libcamera/share/libcamera/ipa/rpi/vc4
Installing /home/pi/CaveBot-ros/src/libcamera/src/ipa/rpi/vc4/data/imx462.json to /home/pi/CaveBot-ros/install/libcamera/share/libcamera/ipa/rpi/vc4
Installing /home/pi/CaveBot-ros/src/libcamera/src/ipa/rpi/vc4/data/imx477.json to /home/pi/CaveBot-ros/install/libcamera/share/libcamera/ipa/rpi/vc4
Installing /home/pi/CaveBot-ros/src/libcamera/src/ipa/rpi/vc4/data/imx477_noir.json to /home/pi/CaveBot-ros/install/libcamera/share/libcamera/ipa/rpi/vc4
Installing /home/pi/CaveBot-ros/src/libcamera/src/ipa/rpi/vc4/data/imx477_scientific.json to /home/pi/CaveBot-ros/install/libcamera/share/libcamera/ipa/rpi/vc4
Installing /home/pi/CaveBot-ros/src/libcamera/src/ipa/rpi/vc4/data/imx500.json to /home/pi/CaveBot-ros/install/libcamera/share/libcamera/ipa/rpi/vc4
Installing /home/pi/CaveBot-ros/src/libcamera/src/ipa/rpi/vc4/data/imx519.json to /home/pi/CaveBot-ros/install/libcamera/share/libcamera/ipa/rpi/vc4
Installing /home/pi/CaveBot-ros/src/libcamera/src/ipa/rpi/vc4/data/imx708.json to /home/pi/CaveBot-ros/install/libcamera/share/libcamera/ipa/rpi/vc4
Installing /home/pi/CaveBot-ros/src/libcamera/src/ipa/rpi/vc4/data/imx708_noir.json to /home/pi/CaveBot-ros/install/libcamera/share/libcamera/ipa/rpi/vc4
Installing /home/pi/CaveBot-ros/src/libcamera/src/ipa/rpi/vc4/data/imx708_wide.json to /home/pi/CaveBot-ros/install/libcamera/share/libcamera/ipa/rpi/vc4
Installing /home/pi/CaveBot-ros/src/libcamera/src/ipa/rpi/vc4/data/imx708_wide_noir.json to /home/pi/CaveBot-ros/install/libcamera/share/libcamera/ipa/rpi/vc4
Installing /home/pi/CaveBot-ros/src/libcamera/src/ipa/rpi/vc4/data/ov5647.json to /home/pi/CaveBot-ros/install/libcamera/share/libcamera/ipa/rpi/vc4
Installing /home/pi/CaveBot-ros/src/libcamera/src/ipa/rpi/vc4/data/ov5647_noir.json to /home/pi/CaveBot-ros/install/libcamera/share/libcamera/ipa/rpi/vc4
Installing /home/pi/CaveBot-ros/src/libcamera/src/ipa/rpi/vc4/data/ov64a40.json to /home/pi/CaveBot-ros/install/libcamera/share/libcamera/ipa/rpi/vc4
Installing /home/pi/CaveBot-ros/src/libcamera/src/ipa/rpi/vc4/data/ov7251_mono.json to /home/pi/CaveBot-ros/install/libcamera/share/libcamera/ipa/rpi/vc4
Installing /home/pi/CaveBot-ros/src/libcamera/src/ipa/rpi/vc4/data/ov9281_mono.json to /home/pi/CaveBot-ros/install/libcamera/share/libcamera/ipa/rpi/vc4
Installing /home/pi/CaveBot-ros/src/libcamera/src/ipa/rpi/vc4/data/se327m12.json to /home/pi/CaveBot-ros/install/libcamera/share/libcamera/ipa/rpi/vc4
Installing /home/pi/CaveBot-ros/src/libcamera/src/ipa/rpi/vc4/data/uncalibrated.json to /home/pi/CaveBot-ros/install/libcamera/share/libcamera/ipa/rpi/vc4
Installing /home/pi/CaveBot-ros/src/libcamera/src/ipa/rpi/vc4/data/vd56g3.json to /home/pi/CaveBot-ros/install/libcamera/share/libcamera/ipa/rpi/vc4
Installing /home/pi/CaveBot-ros/src/libcamera/src/ipa/rpi/vc4/data/vd56g3_mono.json to /home/pi/CaveBot-ros/install/libcamera/share/libcamera/ipa/rpi/vc4
Installing /home/pi/CaveBot-ros/src/libcamera/src/ipa/simple/data/uncalibrated.yaml to /home/pi/CaveBot-ros/install/libcamera/share/libcamera/ipa/simple
Installing /home/pi/CaveBot-ros/src/libcamera/src/py/libcamera/__init__.py to /home/pi/CaveBot-ros/install/libcamera/lib/python3/dist-packages/libcamera
Installing /home/pi/CaveBot-ros/build/libcamera/src/v4l2/libcamerify to /home/pi/CaveBot-ros/install/libcamera/bin
Installing symlink pointing to libcamera-base.so.0.5.2 to /home/pi/CaveBot-ros/install/libcamera/lib/libcamera-base.so.0.5
Installing symlink pointing to libcamera-base.so.0.5 to /home/pi/CaveBot-ros/install/libcamera/lib/libcamera-base.so
Installing symlink pointing to libcamera.so.0.5.2 to /home/pi/CaveBot-ros/install/libcamera/lib/libcamera.so.0.5
Installing symlink pointing to libcamera.so.0.5 to /home/pi/CaveBot-ros/install/libcamera/lib/libcamera.so
Running custom install script '/home/pi/CaveBot-ros/src/libcamera/src/ipa/ipa-sign-install.sh /home/pi/CaveBot-ros/build/libcamera/src/ipa-priv-key.pem lib/libcamera/ipa/ipa_mali_c55.so lib/libcamera/ipa/ipa_rkisp1.so lib/libcamera/ipa/ipa_rpi_pisp.so lib/libcamera/ipa/ipa_rpi_vc4.so lib/libcamera/ipa/ipa_soft_simple.so'
Regenerating IPA modules signatures
Running custom install script '/usr/bin/python3 /home/pi/CaveBot-ros/build/libcamera/meson-private/pycompile.py python-3.12-installed.json 0'
Compiling '/home/pi/CaveBot-ros/install/libcamera/lib/python3/dist-packages/libcamera/__init__.py'...
