[0.038s] Invoking command in '/home/pi/CaveBot-ros/build/libcamera': DEBUGINFOD_URLS=https://debuginfod.ubuntu.com /usr/bin/meson setup --libdir=lib --prefix=/home/pi/CaveBot-ros/install/libcamera --buildtype=release /home/pi/CaveBot-ros/build/libcamera /home/pi/CaveBot-ros/src/libcamera
[0.379s] [1mThe Meson build system[0m
[0.379s] Version: 1.3.2
[0.380s] Source dir: [1m/home/pi/CaveBot-ros/src/libcamera[0m
[0.380s] Build dir: [1m/home/pi/CaveBot-ros/build/libcamera[0m
[0.380s] Build type: [1mnative build[0m
[0.414s] Project name: [1mlibcamera[0m
[0.418s] Project version: [1m0.5.2[0m
[0.913s] C compiler for the host machine: [1mcc[0m (gcc 13.3.0 "cc (Ubuntu 13.3.0-6ubuntu2~24.04) 13.3.0")
[0.913s] C linker for the host machine: [1mcc[0m ld.bfd 2.42
[1.376s] C++ compiler for the host machine: [1mc++[0m (gcc 13.3.0 "c++ (Ubuntu 13.3.0-6ubuntu2~24.04) 13.3.0")
[1.376s] C++ linker for the host machine: [1mc++[0m ld.bfd 2.42
[1.660s] Host machine cpu family: [1maarch64[0m
[1.660s] Host machine cpu: [1maarch64[0m
[1.887s] Header "[1munistd.h[0m" has symbol "[1mclose_range[0m" : [1;32mYES[0m 
[1.953s] Header "[1mfcntl.h[0m" has symbol "[1mF_ADD_SEALS[0m" : [1;32mYES[0m 
[1.990s] Header "[1munistd.h[0m" has symbol "[1missetugid[0m" : [1;31mNO[0m 
[2.034s] Header "[1mlocale.h[0m" has symbol "[1mlocale_t[0m" : [1;32mYES[0m 
[2.087s] Header "[1msys/mman.h[0m" has symbol "[1mmemfd_create[0m" : [1;32mYES[0m 
[2.206s] Header "[1mstdlib.h[0m" has symbol "[1msecure_getenv[0m" : [1;32mYES[0m 
[2.230s] Compiler for C supports arguments -Wno-c99-designator: [1;31mNO[0m 
[2.280s] Found pkg-config: [1;32mYES[0m [1m(/usr/bin/pkg-config)[0m [1;34m1.8.1[0m
[2.579s] Run-time dependency [1mlttng-ust[0m found: [1;32mYES[0m [36m2.13.7[0m
[2.597s] Program [1m./parser.py[0m found: [1;32mYES[0m (/home/pi/CaveBot-ros/src/libcamera/utils/codegen/ipc/./parser.py)
[2.600s] Program [1m./generate.py[0m found: [1;32mYES[0m (/home/pi/CaveBot-ros/src/libcamera/utils/codegen/ipc/./generate.py)
[2.600s] Program [1m./extract-docs.py[0m found: [1;32mYES[0m (/home/pi/CaveBot-ros/src/libcamera/utils/codegen/ipc/./extract-docs.py)
[2.731s] Configuring [1mversion.h[0m using configuration
[2.739s] Program [1mopenssl[0m found: [1;32mYES[0m (/usr/bin/openssl)
[3.111s] Found CMake: [1m/usr/bin/cmake[0m (3.28.3)
[4.459s] Run-time dependency [1mlibyuv[0m found: [1;31mNO[0m (tried pkgconfig and cmake)
[4.523s] Has header "[1mlibyuv.h[0m" : [1;31mNO[0m 
[4.635s] Library [1matomic[0m found: [1;32mYES[0m
[4.643s] Run-time dependency [1mthreads[0m found: [1;32mYES[0m
[4.678s] Run-time dependency [1mlibdw[0m found: [1;32mYES[0m [36m0.190[0m
[4.686s] Run-time dependency [1mlibunwind[0m found: [1;32mYES[0m [36m1.6.2[0m
[4.746s] Header "[1mexecinfo.h[0m" has symbol "[1mbacktrace[0m" : [1;32mYES[0m 
[4.862s] Library [1mrt[0m found: [1;32mYES[0m
[4.874s] Run-time dependency [1mlibpisp[0m found: [1;32mYES[0m [36m1.2.1[0m
[5.022s] Run-time dependency [1mdl[0m found: [1;32mYES[0m
[5.035s] Run-time dependency [1mlibudev[0m found: [1;32mYES[0m [36m255[0m
[5.049s] Run-time dependency [1myaml-0.1[0m found: [1;32mYES[0m [36m0.2.5[0m
[5.065s] Run-time dependency [1mgnutls[0m found: [1;32mYES[0m [36m3.8.3[0m
[5.101s] Dependency [1mlibexif[0m skipped: feature [1mandroid[0m disabled
[5.102s] Dependency [1mlibjpeg[0m skipped: feature [1mandroid[0m disabled
[5.247s] Run-time dependency [1mlibevent_pthreads[0m found: [1;32mYES[0m [36m2.1.12-stable[0m
[5.259s] Run-time dependency [1mlibtiff-4[0m found: [1;32mYES[0m [36m4.5.1[0m
[5.299s] Run-time dependency [1mGTest[0m found: [1;32mYES[0m [36m1.14.0[0m
[5.333s] Run-time dependency [1mlibdrm[0m found: [1;32mYES[0m [36m2.4.122[0m
[5.345s] Run-time dependency [1mlibjpeg[0m found: [1;32mYES[0m [36m2.1.5[0m
[5.369s] Run-time dependency [1msdl2[0m found: [1;32mYES[0m [36m2.30.0[0m
[5.408s] Run-time dependency [1mqt6[0m (modules: Core, Gui, OpenGL, OpenGLWidgets, Widgets) found: [1;31mNO[0m (tried pkgconfig)
[5.446s] Run-time dependency [1mglib-2.0[0m found: [1;32mYES[0m [36m2.80.0[0m
[5.461s] Run-time dependency [1mgstreamer-video-1.0[0m found: [1;32mYES[0m [36m1.24.2[0m
[5.487s] Run-time dependency [1mgstreamer-allocators-1.0[0m found: [1;32mYES[0m [36m1.24.2[0m
[5.571s] Program python3 found: [1;32mYES[0m (/usr/bin/python3)
[5.583s] Run-time dependency [1mpybind11[0m found: [1;32mYES[0m [36m2.11.1[0m
[5.615s] Run-time dependency [1mpython[0m found: [1;32mYES[0m [36m3.12[0m
[5.635s] Configuring [1mlibcamerify[0m using configuration
[5.654s] Program [1mdoxygen[0m found: [1;31mNO[0m
[5.654s] Program [1mdot[0m found: [1;32mYES[0m (/usr/bin/dot)
[5.656s] Program [1msphinx-build-3 sphinx-build[0m found: [1;31mNO[0m
[5.684s] Configuring [1mconfig.h[0m using configuration
[6.092s] Build targets in project: [1m78[0m
[6.092s] 
[6.092s] libcamera [36m0.5.2[0m
[6.092s] 
[6.092s]   [1mVersions[0m
[6.095s]     Sources                  : 0.5.2+99-bfd68f78
[6.095s] 
[6.095s]   [1mPaths[0m
[6.095s]     LIBCAMERA_DATA_DIR       : "/home/pi/CaveBot-ros/install/libcamera/share/libcamera"
[6.096s]     LIBCAMERA_SYSCONF_DIR    : "/home/pi/CaveBot-ros/install/libcamera/etc/libcamera"
[6.096s]     IPA_PROXY_DIR            : "/home/pi/CaveBot-ros/install/libcamera/libexec/libcamera"
[6.097s]     IPA_CONFIG_DIR           : "/home/pi/CaveBot-ros/install/libcamera/etc/libcamera/ipa:/home/pi/CaveBot-ros/install/libcamera/share/libcamera/ipa"
[6.098s]     IPA_MODULE_DIR           : "/home/pi/CaveBot-ros/install/libcamera/lib/libcamera/ipa"
[6.098s] 
[6.098s]   [1mConfiguration[0m
[6.098s]     SoftISP support          : true
[6.098s]     IPA modules signed with  : gnutls
[6.098s]     Enabled pipelines        : imx8-isi
[6.098s]                                mali-c55
[6.098s]                                rkisp1
[6.098s]                                rpi/pisp
[6.099s]                                rpi/vc4
[6.099s]                                simple
[6.099s]                                uvcvideo
[6.099s]     Enabled IPA modules      : mali-c55
[6.099s]                                rkisp1
[6.099s]                                rpi/pisp
[6.099s]                                rpi/vc4
[6.099s]                                simple
[6.099s]     Controls files           : control_ids_core.yaml
[6.099s]                                control_ids_debug.yaml
[6.100s]                                control_ids_draft.yaml
[6.100s]                                control_ids_rpi.yaml
[6.100s]     Properties files         : property_ids_draft.yaml
[6.100s]                                property_ids_core.yaml
[6.100s]     Hotplug support          : [1;32mYES[0m
[6.100s]     Tracing support          : [1;32mYES[0m
[6.100s]     Android support          : [1;31mNO[0m
[6.100s]     GStreamer support        : [1;32mYES[0m
[6.101s]     Python bindings          : [1;32mYES[0m
[6.101s]     V4L2 emulation support   : [1;32mYES[0m
[6.101s]     cam application          : [1;32mYES[0m
[6.101s]     qcam application         : [1;31mNO[0m
[6.101s]     lc-compliance application: [1;32mYES[0m
[6.101s]     Unit tests               : [1;31mNO[0m
[6.101s] 
[6.101s]   [1mUser defined options[0m
[6.102s]     buildtype                : release
[6.102s]     libdir                   : lib
[6.102s]     prefix                   : /home/pi/CaveBot-ros/install/libcamera
[6.102s] 
[6.152s] Found ninja-1.11.1 at /usr/bin/ninja
[6.672s] Invoked command in '/home/pi/CaveBot-ros/build/libcamera' returned '0': DEBUGINFOD_URLS=https://debuginfod.ubuntu.com /usr/bin/meson setup --libdir=lib --prefix=/home/pi/CaveBot-ros/install/libcamera --buildtype=release /home/pi/CaveBot-ros/build/libcamera /home/pi/CaveBot-ros/src/libcamera
[6.673s] Invoking command in '/home/pi/CaveBot-ros/build/libcamera': DEBUGINFOD_URLS=https://debuginfod.ubuntu.com /usr/bin/meson compile
[7.050s] [1;32mINFO:[0m autodetecting backend as ninja
[7.056s] [1;32mINFO:[0m calculating backend command to run: /usr/bin/ninja
[7.071s] 
[7.074s] [0/317] Generating utils/codegen/ipc/mojom_templates with a custom command (wrapped by meson to set env)[K
[7.074s] [0/317] Compiling C object utils/ipu3/ipu3-pack.p/ipu3-pack.c.o[K
[7.075s] [0/317] Compiling C object utils/ipu3/ipu3-unpack.p/ipu3-unpack.c.o[K
[7.077s] [0/317] Generating include/libcamera/internal/tp_header with a custom command[K
[7.078s] [0/317] Generating include/libcamera/ipa/core_mojom_module with a custom command (wrapped by meson to set env)[K
[7.450s] [0/317] Generating include/libcamera/control_ids_rpi.yaml_h with a custom command (wrapped by meson to set env)[K
[7.450s] [1/317] Generating include/libcamera/internal/tp_header with a custom command[K
[7.526s] [1/317] Generating include/libcamera/property_ids_core.yaml_h with a custom command (wrapped by meson to set env)[K
[7.526s] [2/317] Generating include/libcamera/ipa/core_mojom_module with a custom command (wrapped by meson to set env)[K
[7.667s] [2/317] Generating include/libcamera/ipa/mali-c55_mojom_module with a custom command (wrapped by meson to set env)[K
[7.667s] [3/317] Compiling C object utils/ipu3/ipu3-pack.p/ipu3-pack.c.o[K
[7.735s] [3/317] Linking target utils/ipu3/ipu3-pack[K
[7.740s] [4/317] Compiling C object utils/ipu3/ipu3-unpack.p/ipu3-unpack.c.o[K
[7.755s] [4/317] Linking target utils/ipu3/ipu3-unpack[K
[7.756s] [5/317] Generating include/libcamera/control_ids_rpi.yaml_h with a custom command (wrapped by meson to set env)[K
[7.821s] [5/317] Generating include/libcamera/ipa/rkisp1_mojom_module with a custom command (wrapped by meson to set env)[K
[7.822s] [6/317] Linking target utils/ipu3/ipu3-pack[K
[7.839s] [6/317] Generating include/libcamera/ipa/raspberrypi_mojom_module with a custom command (wrapped by meson to set env)[K
[7.839s] [7/317] Linking target utils/ipu3/ipu3-unpack[K
[8.025s] [7/317] Generating include/libcamera/ipa/soft_mojom_module with a custom command (wrapped by meson to set env)[K
[8.026s] [8/317] Generating include/libcamera/ipa/mali-c55_mojom_module with a custom command (wrapped by meson to set env)[K
[8.114s] [8/317] Generating include/libcamera/formats_h with a custom command[K
[8.115s] [9/317] Generating include/libcamera/ipa/rkisp1_mojom_module with a custom command (wrapped by meson to set env)[K
[8.251s] [9/317] Generating src/ipa-priv-key with a custom command[K
[8.251s] [10/317] Generating include/libcamera/property_ids_core.yaml_h with a custom command (wrapped by meson to set env)[K
[8.575s] [10/317] Compiling C++ object src/libcamera/base/libcamera-base.so.0.5.2.p/bound_method.cpp.o[K
[8.575s] [11/317] Generating src/ipa-priv-key with a custom command[K
[8.580s] .+...+.......+...........+.+...........+.......+...........+......+++++++++++++++++++++++++++++++++++++++++++++++++++++++++++++++++*......+++++++++++++++++++++++++++++++++++++++++++++++++++++++++++++++++*.....+............+.........+...+...+.......+...........+.+...+...+..+..............................+++++++++++++++++++++++++++++++++++++++++++++++++++++++++++++++++
[8.580s] ..........+...+...............+++++++++++++++++++++++++++++++++++++++++++++++++++++++++++++++++*.............+.+......+++++++++++++++++++++++++++++++++++++++++++++++++++++++++++++++++*...+...+...+..+.......+..+.+.....+++++++++++++++++++++++++++++++++++++++++++++++++++++++++++++++++
[8.580s] 
[8.585s] [11/317] Compiling C++ object src/libcamera/base/libcamera-base.so.0.5.2.p/class.cpp.o[K
[8.585s] [12/317] Generating include/libcamera/ipa/raspberrypi_mojom_module with a custom command (wrapped by meson to set env)[K
[8.585s] [12/317] Compiling C++ object src/libcamera/base/libcamera-base.so.0.5.2.p/flags.cpp.o[K
[8.585s] [13/317] Generating include/libcamera/formats_h with a custom command[K
[8.660s] [13/317] Generating include/libcamera/gen-header with a custom command[K
[8.661s] [14/317] Generating include/libcamera/gen-header with a custom command[K
[8.688s] [14/317] Compiling C++ object src/libcamera/base/libcamera-base.so.0.5.2.p/object.cpp.o[K
[8.688s] [15/317] Generating include/libcamera/ipa/soft_mojom_module with a custom command (wrapped by meson to set env)[K
[8.693s] [15/317] Compiling C++ object src/libcamera/base/libcamera-base.so.0.5.2.p/shared_fd.cpp.o[K
[8.693s] [16/317] Generating utils/codegen/ipc/mojom_templates with a custom command (wrapped by meson to set env)[K
[8.740s] [16/317] Generating include/libcamera/ipa/core_ipa_interface_h with a custom command (wrapped by meson to set env)[K
[8.740s] [17/317] Compiling C++ object src/libcamera/base/libcamera-base.so.0.5.2.p/flags.cpp.o[K
[9.124s] [17/317] Generating include/libcamera/ipa/core_ipa_serializer_h with a custom command (wrapped by meson to set env)[K
[9.125s] [18/317] Generating include/libcamera/ipa/core_ipa_interface_h with a custom command (wrapped by meson to set env)[K
[9.563s] [18/317] Generating include/libcamera/ipa/mali-c55_ipa_interface_h with a custom command (wrapped by meson to set env)[K
[9.575s] [19/317] Compiling C++ object src/libcamera/base/libcamera-base.so.0.5.2.p/class.cpp.o[K
[9.620s] [19/317] Generating include/libcamera/ipa/mali-c55_ipa_serializer_h with a custom command (wrapped by meson to set env)[K
[9.625s] [20/317] Generating include/libcamera/ipa/mali-c55_ipa_interface_h with a custom command (wrapped by meson to set env)[K
[9.635s] [20/317] Generating include/libcamera/ipa/mali-c55_proxy_h with a custom command (wrapped by meson to set env)[K
[9.639s] [21/317] Generating include/libcamera/ipa/core_ipa_serializer_h with a custom command (wrapped by meson to set env)[K
[10.031s] [21/317] Generating include/libcamera/ipa/rkisp1_ipa_interface_h with a custom command (wrapped by meson to set env)[K
[10.032s] [22/317] Generating include/libcamera/ipa/mali-c55_ipa_serializer_h with a custom command (wrapped by meson to set env)[K
[10.485s] [22/317] Generating include/libcamera/ipa/rkisp1_ipa_serializer_h with a custom command (wrapped by meson to set env)[K
[10.486s] [23/317] Generating include/libcamera/ipa/rkisp1_ipa_serializer_h with a custom command (wrapped by meson to set env)[K
[10.853s] [23/317] Generating include/libcamera/ipa/rkisp1_proxy_h with a custom command (wrapped by meson to set env)[K
[10.854s] [24/317] Generating include/libcamera/ipa/rkisp1_ipa_interface_h with a custom command (wrapped by meson to set env)[K
[10.938s] [24/317] Generating include/libcamera/ipa/raspberrypi_ipa_interface_h with a custom command (wrapped by meson to set env)[K
[10.938s] [25/317] Generating include/libcamera/ipa/mali-c55_proxy_h with a custom command (wrapped by meson to set env)[K
[10.961s] [25/317] Generating include/libcamera/ipa/raspberrypi_ipa_serializer_h with a custom command (wrapped by meson to set env)[K
[10.963s] [26/317] Generating include/libcamera/ipa/rkisp1_proxy_h with a custom command (wrapped by meson to set env)[K
[11.799s] [26/317] Generating include/libcamera/ipa/raspberrypi_proxy_h with a custom command (wrapped by meson to set env)[K
[11.799s] [27/317] Generating include/libcamera/ipa/raspberrypi_ipa_interface_h with a custom command (wrapped by meson to set env)[K
[12.277s] [27/317] Generating include/libcamera/ipa/soft_ipa_interface_h with a custom command (wrapped by meson to set env)[K
[12.277s] [28/317] Generating include/libcamera/ipa/soft_ipa_interface_h with a custom command (wrapped by meson to set env)[K
[12.306s] [28/317] Generating include/libcamera/ipa/soft_ipa_serializer_h with a custom command (wrapped by meson to set env)[K
[12.306s] [29/317] Generating include/libcamera/ipa/raspberrypi_ipa_serializer_h with a custom command (wrapped by meson to set env)[K
[12.419s] [29/317] Generating include/libcamera/ipa/soft_proxy_h with a custom command (wrapped by meson to set env)[K
[12.421s] [30/317] Generating include/libcamera/ipa/raspberrypi_proxy_h with a custom command (wrapped by meson to set env)[K
[12.744s] [30/317] Compiling C++ object src/libcamera/base/libcamera-base.so.0.5.2.p/signal.cpp.o[K
[12.744s] [31/317] Generating include/libcamera/ipa/soft_proxy_h with a custom command (wrapped by meson to set env)[K
[13.027s] [31/317] Compiling C++ object src/libcamera/base/libcamera-base.so.0.5.2.p/unique_fd.cpp.o[K
[13.029s] [32/317] Generating include/libcamera/ipa/soft_ipa_serializer_h with a custom command (wrapped by meson to set env)[K
[13.478s] [32/317] Compiling C++ object src/libcamera/base/libcamera-base.so.0.5.2.p/backtrace.cpp.o[K
[13.480s] [33/317] Compiling C++ object src/libcamera/base/libcamera-base.so.0.5.2.p/object.cpp.o[K
[13.636s] [33/317] Compiling C++ object src/libcamera/base/libcamera-base.so.0.5.2.p/event_dispatcher.cpp.o[K
[13.636s] [34/317] Compiling C++ object src/libcamera/base/libcamera-base.so.0.5.2.p/shared_fd.cpp.o[K
[13.746s] [34/317] Compiling C++ object src/libcamera/base/libcamera-base.so.0.5.2.p/event_dispatcher_poll.cpp.o[K
[13.746s] [35/317] Compiling C++ object src/libcamera/base/libcamera-base.so.0.5.2.p/bound_method.cpp.o[K
[14.557s] [35/317] Compiling C++ object src/libcamera/base/libcamera-base.so.0.5.2.p/event_notifier.cpp.o[K
[14.557s] [36/317] Compiling C++ object src/libcamera/base/libcamera-base.so.0.5.2.p/event_dispatcher.cpp.o[K
[15.543s] [36/317] Compiling C++ object src/libcamera/base/libcamera-base.so.0.5.2.p/file.cpp.o[K
[15.543s] [37/317] Compiling C++ object src/libcamera/base/libcamera-base.so.0.5.2.p/signal.cpp.o[K
[15.969s] [37/317] Compiling C++ object src/libcamera/base/libcamera-base.so.0.5.2.p/log.cpp.o[K
[15.969s] [38/317] Compiling C++ object src/libcamera/base/libcamera-base.so.0.5.2.p/unique_fd.cpp.o[K
[17.284s] [38/317] Compiling C++ object src/libcamera/base/libcamera-base.so.0.5.2.p/memfd.cpp.o[K
[17.286s] [39/317] Compiling C++ object src/libcamera/base/libcamera-base.so.0.5.2.p/backtrace.cpp.o[K
[18.425s] [39/317] Compiling C++ object src/libcamera/base/libcamera-base.so.0.5.2.p/message.cpp.o[K
[18.426s] [40/317] Compiling C++ object src/libcamera/base/libcamera-base.so.0.5.2.p/memfd.cpp.o[K
[18.507s] [40/317] Compiling C++ object src/libcamera/base/libcamera-base.so.0.5.2.p/mutex.cpp.o[K
[18.507s] [41/317] Compiling C++ object src/libcamera/base/libcamera-base.so.0.5.2.p/event_notifier.cpp.o[K
[18.975s] [41/317] Compiling C++ object src/libcamera/base/libcamera-base.so.0.5.2.p/semaphore.cpp.o[K
[18.975s] [42/317] Compiling C++ object src/libcamera/base/libcamera-base.so.0.5.2.p/mutex.cpp.o[K
[19.257s] [42/317] Compiling C++ object src/libcamera/base/libcamera-base.so.0.5.2.p/thread.cpp.o[K
[19.258s] [43/317] Compiling C++ object src/libcamera/base/libcamera-base.so.0.5.2.p/file.cpp.o[K
[19.509s] [43/317] Compiling C++ object src/libcamera/base/libcamera-base.so.0.5.2.p/timer.cpp.o[K
[19.515s] [44/317] Compiling C++ object src/libcamera/base/libcamera-base.so.0.5.2.p/semaphore.cpp.o[K
[20.283s] [44/317] Compiling C++ object src/libcamera/base/libcamera-base.so.0.5.2.p/utils.cpp.o[K
[20.283s] [45/317] Compiling C++ object src/libcamera/base/libcamera-base.so.0.5.2.p/event_dispatcher_poll.cpp.o[K
[20.747s] [45/317] Generating src/libcamera/proxy/mali-c55_proxy_cpp with a custom command (wrapped by meson to set env)[K
[20.748s] [46/317] Generating src/libcamera/proxy/mali-c55_proxy_cpp with a custom command (wrapped by meson to set env)[K
[21.222s] [46/317] Generating src/libcamera/proxy/rkisp1_proxy_cpp with a custom command (wrapped by meson to set env)[K
[21.227s] [47/317] Generating src/libcamera/proxy/rkisp1_proxy_cpp with a custom command (wrapped by meson to set env)[K
[22.078s] [47/317] Generating src/libcamera/proxy/raspberrypi_proxy_cpp with a custom command (wrapped by meson to set env)[K
[22.081s] [48/317] Compiling C++ object src/libcamera/base/libcamera-base.so.0.5.2.p/message.cpp.o[K
[22.309s] [48/317] Generating src/libcamera/proxy/soft_proxy_cpp with a custom command (wrapped by meson to set env)[K
[22.310s] [49/317] Generating src/libcamera/proxy/raspberrypi_proxy_cpp with a custom command (wrapped by meson to set env)[K
[23.156s] [49/317] Generating src/libcamera/controls_ids_cpp with a custom command (wrapped by meson to set env)[K
[23.156s] [50/317] Generating src/libcamera/proxy/soft_proxy_cpp with a custom command (wrapped by meson to set env)[K
[23.453s] [50/317] Generating src/libcamera/properties_ids_cpp with a custom command (wrapped by meson to set env)[K
[23.453s] [51/317] Generating src/libcamera/controls_ids_cpp with a custom command (wrapped by meson to set env)[K
[23.972s] [51/317] Generating src/libcamera/version.cpp with a custom command[K
[23.972s] [52/317] Generating src/libcamera/properties_ids_cpp with a custom command (wrapped by meson to set env)[K
[24.183s] [52/317] Generating src/libcamera/ipa_pub_key_cpp with a custom command[K
[24.184s] [53/317] Compiling C++ object src/libcamera/base/libcamera-base.so.0.5.2.p/log.cpp.o[K
[24.209s] [53/317] Compiling C++ object src/libcamera/libcamera.so.0.5.2.p/meson-generated_.._control_ids.cpp.o[K
[24.209s] [54/317] Compiling C++ object src/libcamera/base/libcamera-base.so.0.5.2.p/utils.cpp.o[K
[24.312s] [54/317] Compiling C++ object src/libcamera/libcamera.so.0.5.2.p/meson-generated_.._property_ids.cpp.o[K
[24.313s] [55/317] Generating src/libcamera/ipa_pub_key_cpp with a custom command[K
[24.313s] writing RSA key
[24.314s] 
[24.432s] [55/317] Compiling C++ object src/libcamera/libcamera.so.0.5.2.p/meson-generated_.._proxy_mali-c55_ipa_proxy.cpp.o[K
[24.433s] [56/317] Generating src/libcamera/version.cpp with a custom command[K
[24.725s] [56/317] Compiling C++ object src/libcamera/libcamera.so.0.5.2.p/meson-generated_.._version.cpp.o[K
[24.727s] [57/317] Compiling C++ object src/libcamera/base/libcamera-base.so.0.5.2.p/timer.cpp.o[K
[25.009s] [57/317] Compiling C++ object src/libcamera/libcamera.so.0.5.2.p/meson-generated_.._proxy_rkisp1_ipa_proxy.cpp.o[K
[25.010s] [58/317] Compiling C++ object src/libcamera/base/libcamera-base.so.0.5.2.p/thread.cpp.o[K
[25.840s] [58/317] Linking target src/libcamera/base/libcamera-base.so.0.5.2[K
[25.840s] [59/317] Linking target src/libcamera/base/libcamera-base.so.0.5.2[K
[26.538s] [59/317] Generating symbol file src/libcamera/base/libcamera-base.so.0.5.2.p/libcamera-base.so.0.5.2.symbols[K
[26.538s] [60/317] Generating symbol file src/libcamera/base/libcamera-base.so.0.5.2.p/libcamera-base.so.0.5.2.symbols[K
[27.532s] [60/317] Compiling C++ object src/libcamera/libcamera.so.0.5.2.p/meson-generated_.._proxy_raspberrypi_ipa_proxy.cpp.o[K
[27.533s] [61/317] Compiling C++ object src/libcamera/libcamera.so.0.5.2.p/meson-generated_.._version.cpp.o[K
[31.252s] [61/317] Compiling C++ object src/libcamera/libcamera.so.0.5.2.p/meson-generated_.._proxy_soft_ipa_proxy.cpp.o[K
[31.253s] [62/317] Compiling C++ object src/libcamera/libcamera.so.0.5.2.p/meson-generated_.._property_ids.cpp.o[K
[31.549s] [62/317] Compiling C++ object src/libcamera/libcamera.so.0.5.2.p/meson-generated_.._ipa_pub_key.cpp.o[K
[31.550s] [63/317] Compiling C++ object src/libcamera/libcamera.so.0.5.2.p/meson-generated_.._control_ids.cpp.o[K
[36.146s] [63/317] Compiling C++ object src/libcamera/libcamera.so.0.5.2.p/camera.cpp.o[K
[36.152s] [64/317] Compiling C++ object src/libcamera/libcamera.so.0.5.2.p/meson-generated_.._ipa_pub_key.cpp.o[K
[39.189s] [64/317] Compiling C++ object src/libcamera/libcamera.so.0.5.2.p/camera_manager.cpp.o[K
[39.190s] [65/317] Compiling C++ object src/libcamera/libcamera.so.0.5.2.p/camera_manager.cpp.o[K
[39.905s] [65/317] Compiling C++ object src/libcamera/libcamera.so.0.5.2.p/color_space.cpp.o[K
[39.905s] [66/317] Compiling C++ object src/libcamera/libcamera.so.0.5.2.p/meson-generated_.._proxy_soft_ipa_proxy.cpp.o[K
[43.257s] [66/317] Compiling C++ object src/libcamera/libcamera.so.0.5.2.p/controls.cpp.o[K
[43.258s] [67/317] Compiling C++ object src/libcamera/libcamera.so.0.5.2.p/camera.cpp.o[K
[43.968s] [67/317] Compiling C++ object src/libcamera/libcamera.so.0.5.2.p/fence.cpp.o[K
[43.968s] [68/317] Compiling C++ object src/libcamera/libcamera.so.0.5.2.p/meson-generated_.._proxy_mali-c55_ipa_proxy.cpp.o[K
[44.277s] [68/317] Compiling C++ object src/libcamera/libcamera.so.0.5.2.p/framebuffer.cpp.o[K
[44.278s] [69/317] Compiling C++ object src/libcamera/libcamera.so.0.5.2.p/fence.cpp.o[K
[44.619s] [69/317] Compiling C++ object src/libcamera/libcamera.so.0.5.2.p/framebuffer_allocator.cpp.o[K
[44.619s] [70/317] Compiling C++ object src/libcamera/libcamera.so.0.5.2.p/meson-generated_.._proxy_raspberrypi_ipa_proxy.cpp.o[K
[44.974s] [70/317] Compiling C++ object src/libcamera/libcamera.so.0.5.2.p/geometry.cpp.o[K
[44.974s] [71/317] Compiling C++ object src/libcamera/libcamera.so.0.5.2.p/meson-generated_.._proxy_rkisp1_ipa_proxy.cpp.o[K
[47.000s] [71/317] Compiling C++ object src/libcamera/libcamera.so.0.5.2.p/orientation.cpp.o[K
[47.001s] [72/317] Compiling C++ object src/libcamera/libcamera.so.0.5.2.p/controls.cpp.o[K
[47.057s] [72/317] Compiling C++ object src/libcamera/libcamera.so.0.5.2.p/pixel_format.cpp.o[K
[47.057s] [73/317] Compiling C++ object src/libcamera/libcamera.so.0.5.2.p/orientation.cpp.o[K
[47.681s] [73/317] Compiling C++ object src/libcamera/libcamera.so.0.5.2.p/request.cpp.o[K
[47.681s] [74/317] Compiling C++ object src/libcamera/libcamera.so.0.5.2.p/color_space.cpp.o[K
[48.762s] [74/317] Compiling C++ object src/libcamera/libcamera.so.0.5.2.p/stream.cpp.o[K
[48.763s] [75/317] Compiling C++ object src/libcamera/libcamera.so.0.5.2.p/framebuffer_allocator.cpp.o[K
[49.116s] [75/317] Compiling C++ object src/libcamera/libcamera.so.0.5.2.p/transform.cpp.o[K
[49.120s] [76/317] Compiling C++ object src/libcamera/libcamera.so.0.5.2.p/framebuffer.cpp.o[K
[49.419s] [76/317] Compiling C++ object src/libcamera/libcamera.so.0.5.2.p/bayer_format.cpp.o[K
[49.419s] [77/317] Compiling C++ object src/libcamera/libcamera.so.0.5.2.p/pixel_format.cpp.o[K
[49.782s] [77/317] Compiling C++ object src/libcamera/libcamera.so.0.5.2.p/byte_stream_buffer.cpp.o[K
[49.783s] [78/317] Compiling C++ object src/libcamera/libcamera.so.0.5.2.p/geometry.cpp.o[K
[50.976s] [78/317] Compiling C++ object src/libcamera/libcamera.so.0.5.2.p/camera_controls.cpp.o[K
[50.982s] [79/317] Compiling C++ object src/libcamera/libcamera.so.0.5.2.p/transform.cpp.o[K
[52.332s] [79/317] Compiling C++ object src/libcamera/libcamera.so.0.5.2.p/camera_lens.cpp.o[K
[52.332s] [80/317] Compiling C++ object src/libcamera/libcamera.so.0.5.2.p/bayer_format.cpp.o[K
[53.539s] [80/317] Compiling C++ object src/libcamera/libcamera.so.0.5.2.p/clock_recovery.cpp.o[K
[53.540s] [81/317] Compiling C++ object src/libcamera/libcamera.so.0.5.2.p/camera_controls.cpp.o[K
[53.596s] [81/317] Compiling C++ object src/libcamera/libcamera.so.0.5.2.p/control_serializer.cpp.o[K
[53.597s] [82/317] Compiling C++ object src/libcamera/libcamera.so.0.5.2.p/byte_stream_buffer.cpp.o[K
[54.202s] [82/317] Compiling C++ object src/libcamera/libcamera.so.0.5.2.p/control_validator.cpp.o[K
[54.203s] [83/317] Compiling C++ object src/libcamera/libcamera.so.0.5.2.p/stream.cpp.o[K
[54.231s] [83/317] Compiling C++ object src/libcamera/libcamera.so.0.5.2.p/converter.cpp.o[K
[54.232s] [84/317] Compiling C++ object src/libcamera/libcamera.so.0.5.2.p/control_validator.cpp.o[K
[55.079s] [84/317] Compiling C++ object src/libcamera/libcamera.so.0.5.2.p/debug_controls.cpp.o[K
[55.081s] [85/317] Compiling C++ object src/libcamera/libcamera.so.0.5.2.p/request.cpp.o[K
[55.738s] [85/317] Compiling C++ object src/libcamera/libcamera.so.0.5.2.p/delayed_controls.cpp.o[K
[55.745s] [86/317] Compiling C++ object src/libcamera/libcamera.so.0.5.2.p/camera_lens.cpp.o[K
[56.425s] [86/317] Compiling C++ object src/libcamera/libcamera.so.0.5.2.p/device_enumerator.cpp.o[K
[56.426s] [87/317] Compiling C++ object src/libcamera/libcamera.so.0.5.2.p/clock_recovery.cpp.o[K
[58.475s] [87/317] Compiling C++ object src/libcamera/libcamera.so.0.5.2.p/device_enumerator_sysfs.cpp.o[K
[58.475s] [88/317] Compiling C++ object src/libcamera/libcamera.so.0.5.2.p/device_enumerator.cpp.o[K
[58.480s] [88/317] Compiling C++ object src/libcamera/libcamera.so.0.5.2.p/dma_buf_allocator.cpp.o[K
[58.481s] [89/317] Compiling C++ object src/libcamera/libcamera.so.0.5.2.p/debug_controls.cpp.o[K
[60.280s] [89/317] Compiling C++ object src/libcamera/libcamera.so.0.5.2.p/formats.cpp.o[K
[60.280s] [90/317] Compiling C++ object src/libcamera/libcamera.so.0.5.2.p/converter.cpp.o[K
[60.446s] [90/317] Compiling C++ object src/libcamera/libcamera.so.0.5.2.p/ipa_controls.cpp.o[K
[60.446s] [91/317] Compiling C++ object src/libcamera/libcamera.so.0.5.2.p/ipa_controls.cpp.o[K
[61.939s] [91/317] Compiling C++ object src/libcamera/libcamera.so.0.5.2.p/ipa_data_serializer.cpp.o[K
[61.939s] [92/317] Compiling C++ object src/libcamera/libcamera.so.0.5.2.p/device_enumerator_sysfs.cpp.o[K
[61.995s] [92/317] Compiling C++ object src/libcamera/libcamera.so.0.5.2.p/ipa_interface.cpp.o[K
[61.997s] [93/317] Compiling C++ object src/libcamera/libcamera.so.0.5.2.p/ipa_interface.cpp.o[K
[62.117s] [93/317] Compiling C++ object src/libcamera/libcamera.so.0.5.2.p/ipa_manager.cpp.o[K
[62.117s] [94/317] Compiling C++ object src/libcamera/libcamera.so.0.5.2.p/delayed_controls.cpp.o[K
[63.308s] [94/317] Compiling C++ object src/libcamera/libcamera.so.0.5.2.p/ipa_module.cpp.o[K
[63.308s] [95/317] Compiling C++ object src/libcamera/libcamera.so.0.5.2.p/formats.cpp.o[K
[64.914s] [95/317] Compiling C++ object src/libcamera/libcamera.so.0.5.2.p/ipa_proxy.cpp.o[K
[64.915s] [96/317] Compiling C++ object src/libcamera/libcamera.so.0.5.2.p/dma_buf_allocator.cpp.o[K
[65.810s] [96/317] Compiling C++ object src/libcamera/libcamera.so.0.5.2.p/ipc_pipe.cpp.o[K
[65.810s] [97/317] Compiling C++ object src/libcamera/libcamera.so.0.5.2.p/control_serializer.cpp.o[K
[67.137s] [97/317] Compiling C++ object src/libcamera/libcamera.so.0.5.2.p/ipc_pipe_unixsocket.cpp.o[K
[67.137s] [98/317] Compiling C++ object src/libcamera/libcamera.so.0.5.2.p/ipc_pipe.cpp.o[K
[67.815s] [98/317] Compiling C++ object src/libcamera/libcamera.so.0.5.2.p/ipc_unixsocket.cpp.o[K
[67.816s] [99/317] Compiling C++ object src/libcamera/libcamera.so.0.5.2.p/ipa_module.cpp.o[K
[68.753s] [99/317] Compiling C++ object src/libcamera/libcamera.so.0.5.2.p/mapped_framebuffer.cpp.o[K
[68.755s] [100/317] Compiling C++ object src/libcamera/libcamera.so.0.5.2.p/ipa_data_serializer.cpp.o[K
[70.077s] [100/317] Compiling C++ object src/libcamera/libcamera.so.0.5.2.p/matrix.cpp.o[K
[70.082s] [101/317] Compiling C++ object src/libcamera/libcamera.so.0.5.2.p/mapped_framebuffer.cpp.o[K
[70.216s] [101/317] Compiling C++ object src/libcamera/libcamera.so.0.5.2.p/media_device.cpp.o[K
[70.216s] [102/317] Compiling C++ object src/libcamera/libcamera.so.0.5.2.p/ipa_proxy.cpp.o[K
[70.656s] [102/317] Compiling C++ object src/libcamera/libcamera.so.0.5.2.p/media_object.cpp.o[K
[70.657s] [103/317] Compiling C++ object src/libcamera/libcamera.so.0.5.2.p/ipa_manager.cpp.o[K
[72.728s] [103/317] Compiling C++ object src/libcamera/libcamera.so.0.5.2.p/media_pipeline.cpp.o[K
[72.728s] [104/317] Compiling C++ object src/libcamera/libcamera.so.0.5.2.p/ipc_unixsocket.cpp.o[K
[73.173s] [104/317] Compiling C++ object src/libcamera/libcamera.so.0.5.2.p/pipeline_handler.cpp.o[K
[73.173s] [105/317] Compiling C++ object src/libcamera/libcamera.so.0.5.2.p/matrix.cpp.o[K
[73.256s] [105/317] Compiling C++ object src/libcamera/libcamera.so.0.5.2.p/process.cpp.o[K
[73.256s] [106/317] Compiling C++ object src/libcamera/libcamera.so.0.5.2.p/ipc_pipe_unixsocket.cpp.o[K
[74.137s] [106/317] Compiling C++ object src/libcamera/libcamera.so.0.5.2.p/pub_key.cpp.o[K
[74.137s] [107/317] Compiling C++ object src/libcamera/libcamera.so.0.5.2.p/media_device.cpp.o[K
[75.090s] [107/317] Compiling C++ object src/libcamera/libcamera.so.0.5.2.p/shared_mem_object.cpp.o[K
[75.090s] [108/317] Compiling C++ object src/libcamera/libcamera.so.0.5.2.p/pub_key.cpp.o[K
[75.143s] [108/317] Compiling C++ object src/libcamera/libcamera.so.0.5.2.p/source_paths.cpp.o[K
[75.144s] [109/317] Compiling C++ object src/libcamera/libcamera.so.0.5.2.p/shared_mem_object.cpp.o[K
[75.233s] [109/317] Compiling C++ object src/libcamera/libcamera.so.0.5.2.p/sysfs.cpp.o[K
[75.234s] [110/317] Compiling C++ object src/libcamera/libcamera.so.0.5.2.p/media_object.cpp.o[K
[77.281s] [110/317] Compiling C++ object src/libcamera/libcamera.so.0.5.2.p/v4l2_device.cpp.o[K
[77.282s] [111/317] Compiling C++ object src/libcamera/libcamera.so.0.5.2.p/sysfs.cpp.o[K
[78.911s] [111/317] Compiling C++ object src/libcamera/libcamera.so.0.5.2.p/v4l2_pixelformat.cpp.o[K
[78.911s] [112/317] Compiling C++ object src/libcamera/libcamera.so.0.5.2.p/source_paths.cpp.o[K
[79.862s] [112/317] Compiling C++ object src/libcamera/libcamera.so.0.5.2.p/v4l2_subdevice.cpp.o[K
[79.862s] [113/317] Compiling C++ object src/libcamera/libcamera.so.0.5.2.p/v4l2_pixelformat.cpp.o[K
[80.392s] [113/317] Compiling C++ object src/libcamera/libcamera.so.0.5.2.p/v4l2_videodevice.cpp.o[K
[80.392s] [114/317] Compiling C++ object src/libcamera/libcamera.so.0.5.2.p/process.cpp.o[K
[80.923s] [114/317] Compiling C++ object src/libcamera/libcamera.so.0.5.2.p/vector.cpp.o[K
[80.923s] [115/317] Compiling C++ object src/libcamera/libcamera.so.0.5.2.p/pipeline_handler.cpp.o[K
[82.004s] [115/317] Compiling C++ object src/libcamera/libcamera.so.0.5.2.p/yaml_parser.cpp.o[K
[82.007s] [116/317] Compiling C++ object src/libcamera/libcamera.so.0.5.2.p/media_pipeline.cpp.o[K
[85.339s] [116/317] Compiling C++ object src/libcamera/libcamera.so.0.5.2.p/converter_converter_v4l2_m2m.cpp.o[K
[85.339s] [117/317] Compiling C++ object src/libcamera/libcamera.so.0.5.2.p/vector.cpp.o[K
[88.644s] [117/317] Compiling C++ object src/libcamera/libcamera.so.0.5.2.p/pipeline_imx8-isi_imx8-isi.cpp.o[K
[88.645s] [118/317] Compiling C++ object src/libcamera/libcamera.so.0.5.2.p/converter_converter_v4l2_m2m.cpp.o[K
[90.902s] [118/317] Compiling C++ object src/libcamera/libcamera.so.0.5.2.p/pipeline_mali-c55_mali-c55.cpp.o[K
[90.903s] [119/317] Compiling C++ object src/libcamera/libcamera.so.0.5.2.p/yaml_parser.cpp.o[K
[91.750s] [119/317] Compiling C++ object src/libcamera/libcamera.so.0.5.2.p/pipeline_rkisp1_rkisp1.cpp.o[K
[91.750s] [120/317] Compiling C++ object src/libcamera/libcamera.so.0.5.2.p/v4l2_device.cpp.o[K
[92.803s] [120/317] Compiling C++ object src/libcamera/libcamera.so.0.5.2.p/pipeline_rkisp1_rkisp1_path.cpp.o[K
[92.804s] [121/317] Compiling C++ object src/libcamera/libcamera.so.0.5.2.p/v4l2_videodevice.cpp.o[K
[97.908s] [121/317] Compiling C++ object src/libcamera/libcamera.so.0.5.2.p/pipeline_rpi_common_delayed_controls.cpp.o[K
[97.909s] [122/317] Compiling C++ object src/libcamera/libcamera.so.0.5.2.p/pipeline_rpi_common_delayed_controls.cpp.o[K
[99.800s] [122/317] Compiling C++ object src/libcamera/libcamera.so.0.5.2.p/pipeline_rpi_common_pipeline_base.cpp.o[K
[99.802s] [123/317] Compiling C++ object src/libcamera/libcamera.so.0.5.2.p/pipeline_imx8-isi_imx8-isi.cpp.o[K
[101.202s] [123/317] Compiling C++ object src/libcamera/libcamera.so.0.5.2.p/pipeline_rpi_common_rpi_stream.cpp.o[K
[101.202s] [124/317] Compiling C++ object src/libcamera/libcamera.so.0.5.2.p/pipeline_rkisp1_rkisp1_path.cpp.o[K
[106.457s] [124/317] Compiling C++ object src/libcamera/libcamera.so.0.5.2.p/pipeline_rpi_pisp_pisp.cpp.o[K
[106.459s] [125/317] Compiling C++ object src/libcamera/libcamera.so.0.5.2.p/v4l2_subdevice.cpp.o[K
[107.407s] [125/317] Compiling C++ object src/libcamera/libcamera.so.0.5.2.p/pipeline_rpi_vc4_vc4.cpp.o[K
[107.408s] [126/317] Compiling C++ object src/libcamera/libcamera.so.0.5.2.p/pipeline_mali-c55_mali-c55.cpp.o[K
[107.867s] [126/317] Compiling C++ object src/libcamera/libcamera.so.0.5.2.p/pipeline_simple_simple.cpp.o[K
[107.868s] [127/317] Compiling C++ object src/libcamera/libcamera.so.0.5.2.p/pipeline_rpi_common_rpi_stream.cpp.o[K
[112.445s] [127/317] Compiling C++ object src/libcamera/libcamera.so.0.5.2.p/pipeline_uvcvideo_uvcvideo.cpp.o[K
[112.445s] [128/317] Compiling C++ object src/libcamera/libcamera.so.0.5.2.p/pipeline_rpi_common_pipeline_base.cpp.o[K
[115.095s] [128/317] Compiling C++ object src/libcamera/libcamera.so.0.5.2.p/sensor_camera_sensor.cpp.o[K
[115.101s] [129/317] Compiling C++ object src/libcamera/libcamera.so.0.5.2.p/pipeline_rkisp1_rkisp1.cpp.o[K
[116.669s] [129/317] Compiling C++ object src/libcamera/libcamera.so.0.5.2.p/sensor_camera_sensor_legacy.cpp.o[K
[116.669s] [130/317] Compiling C++ object src/libcamera/libcamera.so.0.5.2.p/sensor_camera_sensor.cpp.o[K
[123.282s] [130/317] Compiling C++ object src/libcamera/libcamera.so.0.5.2.p/sensor_camera_sensor_properties.cpp.o[K
[123.283s] [131/317] Compiling C++ object src/libcamera/libcamera.so.0.5.2.p/pipeline_uvcvideo_uvcvideo.cpp.o[K
[123.739s] [131/317] Compiling C++ object src/libcamera/libcamera.so.0.5.2.p/sensor_camera_sensor_raw.cpp.o[K
[123.739s] [132/317] Compiling C++ object src/libcamera/libcamera.so.0.5.2.p/sensor_camera_sensor_properties.cpp.o[K
[127.310s] [132/317] Compiling C++ object src/libcamera/libcamera.so.0.5.2.p/software_isp_debayer.cpp.o[K
[127.311s] [133/317] Compiling C++ object src/libcamera/libcamera.so.0.5.2.p/pipeline_simple_simple.cpp.o[K
[127.321s] [133/317] Compiling C++ object src/libcamera/libcamera.so.0.5.2.p/software_isp_debayer_cpu.cpp.o[K
[127.325s] [134/317] Compiling C++ object src/libcamera/libcamera.so.0.5.2.p/software_isp_debayer.cpp.o[K
[127.887s] [134/317] Compiling C++ object src/libcamera/libcamera.so.0.5.2.p/software_isp_software_isp.cpp.o[K
[127.888s] [135/317] Compiling C++ object src/libcamera/libcamera.so.0.5.2.p/pipeline_rpi_pisp_pisp.cpp.o[K
[128.125s] [135/317] Compiling C++ object src/libcamera/libcamera.so.0.5.2.p/software_isp_swstats_cpu.cpp.o[K
[128.125s] [136/317] Compiling C++ object src/libcamera/libcamera.so.0.5.2.p/sensor_camera_sensor_legacy.cpp.o[K
[131.934s] [136/317] Compiling C++ object src/libcamera/libcamera.so.0.5.2.p/tracepoints.cpp.o[K
[131.935s] [137/317] Compiling C++ object src/libcamera/libcamera.so.0.5.2.p/pipeline_rpi_vc4_vc4.cpp.o[K
[132.714s] [137/317] Compiling C++ object src/libcamera/libcamera.so.0.5.2.p/device_enumerator_udev.cpp.o[K
[132.714s] [138/317] Compiling C++ object src/libcamera/libcamera.so.0.5.2.p/tracepoints.cpp.o[K
[132.719s] [138/317] Generating src/libcamera/proxy/worker/mali-c55_proxy_worker with a custom command (wrapped by meson to set env)[K
[132.720s] [139/317] Compiling C++ object src/libcamera/libcamera.so.0.5.2.p/software_isp_swstats_cpu.cpp.o[K
[133.144s] [139/317] Generating src/libcamera/proxy/worker/rkisp1_proxy_worker with a custom command (wrapped by meson to set env)[K
[133.144s] [140/317] Generating src/libcamera/proxy/worker/mali-c55_proxy_worker with a custom command (wrapped by meson to set env)[K
[134.026s] [140/317] Compiling C++ object src/libcamera/proxy/worker/mali-c55_ipa_proxy.p/meson-generated_.._mali-c55_ipa_proxy_worker.cpp.o[K
[134.026s] [141/317] Generating src/libcamera/proxy/worker/rkisp1_proxy_worker with a custom command (wrapped by meson to set env)[K
[135.372s] [141/317] Compiling C++ object src/libcamera/proxy/worker/rkisp1_ipa_proxy.p/meson-generated_.._rkisp1_ipa_proxy_worker.cpp.o[K
[135.372s] [142/317] Compiling C++ object src/libcamera/libcamera.so.0.5.2.p/sensor_camera_sensor_raw.cpp.o[K
[135.679s] [142/317] Generating src/libcamera/proxy/worker/raspberrypi_proxy_worker with a custom command (wrapped by meson to set env)[K
[135.680s] [143/317] Compiling C++ object src/libcamera/libcamera.so.0.5.2.p/software_isp_debayer_cpu.cpp.o[K
[136.609s] [143/317] Generating src/libcamera/proxy/worker/soft_proxy_worker with a custom command (wrapped by meson to set env)[K
[136.609s] [144/317] Generating src/libcamera/proxy/worker/raspberrypi_proxy_worker with a custom command (wrapped by meson to set env)[K
[136.814s] [144/317] Compiling C++ object src/libcamera/proxy/worker/raspberrypi_ipa_proxy.p/meson-generated_.._raspberrypi_ipa_proxy_worker.cpp.o[K
[136.815s] [145/317] Generating src/libcamera/proxy/worker/soft_proxy_worker with a custom command (wrapped by meson to set env)[K
[138.549s] [145/317] Compiling C++ object src/libcamera/proxy/worker/soft_ipa_proxy.p/meson-generated_.._soft_ipa_proxy_worker.cpp.o[K
[138.549s] [146/317] Compiling C++ object src/libcamera/libcamera.so.0.5.2.p/device_enumerator_udev.cpp.o[K
[140.230s] [146/317] Compiling C++ object src/ipa/libipa/libipa.a.p/agc_mean_luminance.cpp.o[K
[140.230s] [147/317] Compiling C++ object src/libcamera/libcamera.so.0.5.2.p/software_isp_software_isp.cpp.o[K
[141.701s] [147/317] Linking target src/libcamera/libcamera.so.0.5.2[K
[141.701s] [148/317] Linking target src/libcamera/libcamera.so.0.5.2[K
[142.441s] [148/317] Generating symbol file src/libcamera/libcamera.so.0.5.2.p/libcamera.so.0.5.2.symbols[K
[142.442s] [149/317] Generating symbol file src/libcamera/libcamera.so.0.5.2.p/libcamera.so.0.5.2.symbols[K
[143.430s] [149/317] Compiling C++ object src/ipa/libipa/libipa.a.p/algorithm.cpp.o[K
[143.430s] [150/317] Compiling C++ object src/ipa/libipa/libipa.a.p/agc_mean_luminance.cpp.o[K
[144.915s] [150/317] Compiling C++ object src/ipa/libipa/libipa.a.p/awb_bayes.cpp.o[K
[144.915s] [151/317] Compiling C++ object src/ipa/libipa/libipa.a.p/algorithm.cpp.o[K
[150.235s] [151/317] Compiling C++ object src/ipa/libipa/libipa.a.p/awb_grey.cpp.o[K
[150.239s] [152/317] Compiling C++ object src/libcamera/proxy/worker/mali-c55_ipa_proxy.p/meson-generated_.._mali-c55_ipa_proxy_worker.cpp.o[K
[150.322s] [152/317] Linking target src/libcamera/proxy/worker/mali-c55_ipa_proxy[K
[150.323s] [153/317] Compiling C++ object src/ipa/libipa/libipa.a.p/awb_bayes.cpp.o[K
[150.444s] [153/317] Compiling C++ object src/ipa/libipa/libipa.a.p/awb.cpp.o[K
[150.445s] [154/317] Compiling C++ object src/libcamera/proxy/worker/rkisp1_ipa_proxy.p/meson-generated_.._rkisp1_ipa_proxy_worker.cpp.o[K
[151.181s] [154/317] Linking target src/libcamera/proxy/worker/rkisp1_ipa_proxy[K
[151.182s] [155/317] Linking target src/libcamera/proxy/worker/mali-c55_ipa_proxy[K
[151.485s] [155/317] Compiling C++ object src/ipa/libipa/libipa.a.p/camera_sensor_helper.cpp.o[K
[151.485s] [156/317] Linking target src/libcamera/proxy/worker/rkisp1_ipa_proxy[K
[151.966s] [156/317] Compiling C++ object src/ipa/libipa/libipa.a.p/colours.cpp.o[K
[151.967s] [157/317] Compiling C++ object src/libcamera/proxy/worker/raspberrypi_ipa_proxy.p/meson-generated_.._raspberrypi_ipa_proxy_worker.cpp.o[K
[152.235s] [157/317] Linking target src/libcamera/proxy/worker/raspberrypi_ipa_proxy[K
[152.235s] [158/317] Compiling C++ object src/libcamera/proxy/worker/soft_ipa_proxy.p/meson-generated_.._soft_ipa_proxy_worker.cpp.o[K
[152.753s] [158/317] Linking target src/libcamera/proxy/worker/soft_ipa_proxy[K
[152.755s] [159/317] Linking target src/libcamera/proxy/worker/soft_ipa_proxy[K
[153.135s] [159/317] Compiling C++ object src/ipa/libipa/libipa.a.p/exposure_mode_helper.cpp.o[K
[153.136s] [160/317] Compiling C++ object src/ipa/libipa/libipa.a.p/awb_grey.cpp.o[K
[153.276s] [160/317] Compiling C++ object src/ipa/libipa/libipa.a.p/fc_queue.cpp.o[K
[153.277s] [161/317] Linking target src/libcamera/proxy/worker/raspberrypi_ipa_proxy[K
[153.672s] [161/317] Compiling C++ object src/ipa/libipa/libipa.a.p/fixedpoint.cpp.o[K
[153.673s] [162/317] Compiling C++ object src/ipa/libipa/libipa.a.p/fixedpoint.cpp.o[K
[154.746s] [162/317] Compiling C++ object src/ipa/libipa/libipa.a.p/histogram.cpp.o[K
[154.751s] [163/317] Compiling C++ object src/ipa/libipa/libipa.a.p/awb.cpp.o[K
[156.664s] [163/317] Compiling C++ object src/ipa/libipa/libipa.a.p/interpolator.cpp.o[K
[156.664s] [164/317] Compiling C++ object src/ipa/libipa/libipa.a.p/fc_queue.cpp.o[K
[157.574s] [164/317] Compiling C++ object src/ipa/libipa/libipa.a.p/lsc_polynomial.cpp.o[K
[157.576s] [165/317] Compiling C++ object src/ipa/libipa/libipa.a.p/exposure_mode_helper.cpp.o[K
[158.228s] [165/317] Compiling C++ object src/ipa/libipa/libipa.a.p/lux.cpp.o[K
[158.228s] [166/317] Compiling C++ object src/ipa/libipa/libipa.a.p/camera_sensor_helper.cpp.o[K
[158.242s] [166/317] Compiling C++ object src/ipa/libipa/libipa.a.p/module.cpp.o[K
[158.242s] [167/317] Compiling C++ object src/ipa/libipa/libipa.a.p/colours.cpp.o[K
[158.580s] [167/317] Compiling C++ object src/ipa/libipa/libipa.a.p/pwl.cpp.o[K
[158.580s] [168/317] Compiling C++ object src/ipa/libipa/libipa.a.p/histogram.cpp.o[K
[160.230s] [168/317] Compiling C++ object src/ipa/mali-c55/ipa_mali_c55.so.p/ipa_context.cpp.o[K
[160.233s] [169/317] Compiling C++ object src/ipa/libipa/libipa.a.p/interpolator.cpp.o[K
[160.233s] [169/317] Compiling C++ object src/ipa/mali-c55/ipa_mali_c55.so.p/mali-c55.cpp.o[K
[160.237s] [170/317] Compiling C++ object src/ipa/libipa/libipa.a.p/module.cpp.o[K
[161.647s] [170/317] Compiling C++ object src/ipa/mali-c55/ipa_mali_c55.so.p/algorithms_agc.cpp.o[K
[161.649s] [171/317] Compiling C++ object src/ipa/libipa/libipa.a.p/lsc_polynomial.cpp.o[K
[162.096s] [171/317] Compiling C++ object src/ipa/mali-c55/ipa_mali_c55.so.p/algorithms_awb.cpp.o[K
[162.097s] [172/317] Compiling C++ object src/ipa/libipa/libipa.a.p/lux.cpp.o[K
[163.310s] [172/317] Compiling C++ object src/ipa/mali-c55/ipa_mali_c55.so.p/algorithms_blc.cpp.o[K
[163.311s] [173/317] Compiling C++ object src/ipa/mali-c55/ipa_mali_c55.so.p/ipa_context.cpp.o[K
[163.688s] [173/317] Compiling C++ object src/ipa/mali-c55/ipa_mali_c55.so.p/algorithms_lsc.cpp.o[K
[163.689s] [174/317] Compiling C++ object src/ipa/libipa/libipa.a.p/pwl.cpp.o[K
[163.743s] [174/317] Linking static target src/ipa/libipa/libipa.a[K
[163.743s] [175/317] Linking static target src/ipa/libipa/libipa.a[K
[165.498s] [175/317] Compiling C++ object src/ipa/rkisp1/ipa_rkisp1.so.p/ipa_context.cpp.o[K
[165.499s] [176/317] Compiling C++ object src/ipa/mali-c55/ipa_mali_c55.so.p/algorithms_blc.cpp.o[K
[166.684s] [176/317] Compiling C++ object src/ipa/rkisp1/ipa_rkisp1.so.p/params.cpp.o[K
[166.685s] [177/317] Compiling C++ object src/ipa/mali-c55/ipa_mali_c55.so.p/algorithms_awb.cpp.o[K
[167.240s] [177/317] Compiling C++ object src/ipa/rkisp1/ipa_rkisp1.so.p/rkisp1.cpp.o[K
[167.240s] [178/317] Compiling C++ object src/ipa/mali-c55/ipa_mali_c55.so.p/algorithms_agc.cpp.o[K
[168.081s] [178/317] Compiling C++ object src/ipa/rkisp1/ipa_rkisp1.so.p/algorithms_agc.cpp.o[K
[168.081s] [179/317] Compiling C++ object src/ipa/mali-c55/ipa_mali_c55.so.p/algorithms_lsc.cpp.o[K
[169.264s] [179/317] Compiling C++ object src/ipa/rkisp1/ipa_rkisp1.so.p/algorithms_awb.cpp.o[K
[169.265s] [180/317] Compiling C++ object src/ipa/rkisp1/ipa_rkisp1.so.p/params.cpp.o[K
[169.733s] [180/317] Compiling C++ object src/ipa/rkisp1/ipa_rkisp1.so.p/algorithms_blc.cpp.o[K
[169.733s] [181/317] Compiling C++ object src/ipa/rkisp1/ipa_rkisp1.so.p/ipa_context.cpp.o[K
[172.167s] [181/317] Compiling C++ object src/ipa/rkisp1/ipa_rkisp1.so.p/algorithms_ccm.cpp.o[K
[172.170s] [182/317] Compiling C++ object src/ipa/rkisp1/ipa_rkisp1.so.p/algorithms_blc.cpp.o[K
[172.288s] [182/317] Compiling C++ object src/ipa/rkisp1/ipa_rkisp1.so.p/algorithms_cproc.cpp.o[K
[172.288s] [183/317] Compiling C++ object src/ipa/mali-c55/ipa_mali_c55.so.p/mali-c55.cpp.o[K
[172.535s] [183/317] Linking target src/ipa/mali-c55/ipa_mali_c55.so[K
[172.535s] [184/317] Linking target src/ipa/mali-c55/ipa_mali_c55.so[K
[172.560s] [184/317] Generating src/ipa/mali-c55/ipa_mali_c55.so.sign with a custom command[K
[172.560s] [185/317] Generating src/ipa/mali-c55/ipa_mali_c55.so.sign with a custom command[K
[176.453s] [185/317] Compiling C++ object src/ipa/rkisp1/ipa_rkisp1.so.p/algorithms_dpcc.cpp.o[K
[176.453s] [186/317] Compiling C++ object src/ipa/rkisp1/ipa_rkisp1.so.p/algorithms_dpcc.cpp.o[K
[178.277s] [186/317] Compiling C++ object src/ipa/rkisp1/ipa_rkisp1.so.p/algorithms_dpf.cpp.o[K
[178.278s] [187/317] Compiling C++ object src/ipa/rkisp1/ipa_rkisp1.so.p/algorithms_cproc.cpp.o[K
[178.954s] [187/317] Compiling C++ object src/ipa/rkisp1/ipa_rkisp1.so.p/algorithms_filter.cpp.o[K
[178.955s] [188/317] Compiling C++ object src/ipa/rkisp1/ipa_rkisp1.so.p/algorithms_ccm.cpp.o[K
[179.118s] [188/317] Compiling C++ object src/ipa/rkisp1/ipa_rkisp1.so.p/algorithms_goc.cpp.o[K
[179.120s] [189/317] Compiling C++ object src/ipa/rkisp1/ipa_rkisp1.so.p/algorithms_awb.cpp.o[K
[180.462s] [189/317] Compiling C++ object src/ipa/rkisp1/ipa_rkisp1.so.p/algorithms_gsl.cpp.o[K
[180.462s] [190/317] Compiling C++ object src/ipa/rkisp1/ipa_rkisp1.so.p/rkisp1.cpp.o[K
[180.842s] [190/317] Compiling C++ object src/ipa/rkisp1/ipa_rkisp1.so.p/algorithms_lsc.cpp.o[K
[180.842s] [191/317] Compiling C++ object src/ipa/rkisp1/ipa_rkisp1.so.p/algorithms_agc.cpp.o[K
[182.681s] [191/317] Compiling C++ object src/ipa/rkisp1/ipa_rkisp1.so.p/algorithms_lux.cpp.o[K
[182.684s] [192/317] Compiling C++ object src/ipa/rkisp1/ipa_rkisp1.so.p/algorithms_gsl.cpp.o[K
[184.095s] [192/317] Compiling C++ object src/ipa/rpi/cam_helper/librpi_ipa_cam_helper.a.p/cam_helper.cpp.o[K
[184.095s] [193/317] Compiling C++ object src/ipa/rkisp1/ipa_rkisp1.so.p/algorithms_dpf.cpp.o[K
[184.194s] [193/317] Compiling C++ object src/ipa/rpi/cam_helper/librpi_ipa_cam_helper.a.p/cam_helper_ov5647.cpp.o[K
[184.194s] [194/317] Compiling C++ object src/ipa/rkisp1/ipa_rkisp1.so.p/algorithms_filter.cpp.o[K
[184.211s] [194/317] Compiling C++ object src/ipa/rpi/cam_helper/librpi_ipa_cam_helper.a.p/cam_helper_imx219.cpp.o[K
[184.211s] [195/317] Compiling C++ object src/ipa/rkisp1/ipa_rkisp1.so.p/algorithms_lux.cpp.o[K
[187.042s] [195/317] Compiling C++ object src/ipa/rpi/cam_helper/librpi_ipa_cam_helper.a.p/cam_helper_imx283.cpp.o[K
[187.043s] [196/317] Compiling C++ object src/ipa/rkisp1/ipa_rkisp1.so.p/algorithms_goc.cpp.o[K
[188.255s] [196/317] Compiling C++ object src/ipa/rpi/cam_helper/librpi_ipa_cam_helper.a.p/cam_helper_imx290.cpp.o[K
[188.256s] [197/317] Compiling C++ object src/ipa/rpi/cam_helper/librpi_ipa_cam_helper.a.p/cam_helper_ov5647.cpp.o[K
[188.325s] [197/317] Compiling C++ object src/ipa/rpi/cam_helper/librpi_ipa_cam_helper.a.p/cam_helper_imx296.cpp.o[K
[188.326s] [198/317] Compiling C++ object src/ipa/rkisp1/ipa_rkisp1.so.p/algorithms_lsc.cpp.o[K
[189.271s] [198/317] Linking target src/ipa/rkisp1/ipa_rkisp1.so[K
[189.273s] [199/317] Compiling C++ object src/ipa/rpi/cam_helper/librpi_ipa_cam_helper.a.p/cam_helper_imx219.cpp.o[K
[189.323s] [199/317] Compiling C++ object src/ipa/rpi/cam_helper/librpi_ipa_cam_helper.a.p/cam_helper_imx415.cpp.o[K
[189.324s] [200/317] Linking target src/ipa/rkisp1/ipa_rkisp1.so[K
[189.367s] [200/317] Generating src/ipa/rkisp1/ipa_rkisp1.so.sign with a custom command[K
[189.368s] [201/317] Generating src/ipa/rkisp1/ipa_rkisp1.so.sign with a custom command[K
[189.882s] [201/317] Compiling C++ object src/ipa/rpi/cam_helper/librpi_ipa_cam_helper.a.p/cam_helper_imx477.cpp.o[K
[189.887s] [202/317] Compiling C++ object src/ipa/rpi/cam_helper/librpi_ipa_cam_helper.a.p/cam_helper.cpp.o[K
[189.967s] [202/317] Compiling C++ object src/ipa/rpi/cam_helper/librpi_ipa_cam_helper.a.p/cam_helper_imx500.cpp.o[K
[189.970s] [203/317] Compiling C++ object src/ipa/rpi/cam_helper/librpi_ipa_cam_helper.a.p/cam_helper_imx283.cpp.o[K
[193.032s] [203/317] Compiling C++ object src/ipa/rpi/cam_helper/librpi_ipa_cam_helper.a.p/cam_helper_imx519.cpp.o[K
[193.032s] [204/317] Compiling C++ object src/ipa/rpi/cam_helper/librpi_ipa_cam_helper.a.p/cam_helper_imx290.cpp.o[K
[194.804s] [204/317] Compiling C++ object src/ipa/rpi/cam_helper/librpi_ipa_cam_helper.a.p/cam_helper_imx708.cpp.o[K
[194.805s] [205/317] Compiling C++ object src/ipa/rpi/cam_helper/librpi_ipa_cam_helper.a.p/cam_helper_imx519.cpp.o[K
[195.062s] [205/317] Compiling C++ object src/ipa/rpi/cam_helper/librpi_ipa_cam_helper.a.p/cam_helper_ov64a40.cpp.o[K
[195.063s] [206/317] Compiling C++ object src/ipa/rpi/cam_helper/librpi_ipa_cam_helper.a.p/cam_helper_imx296.cpp.o[K
[195.836s] [206/317] Compiling C++ object src/ipa/rpi/cam_helper/librpi_ipa_cam_helper.a.p/cam_helper_ov7251.cpp.o[K
[195.837s] [207/317] Compiling C++ object src/ipa/rpi/cam_helper/librpi_ipa_cam_helper.a.p/cam_helper_imx415.cpp.o[K
[197.908s] [207/317] Compiling C++ object src/ipa/rpi/cam_helper/librpi_ipa_cam_helper.a.p/cam_helper_ov9281.cpp.o[K
[197.908s] [208/317] Compiling C++ object src/ipa/rpi/cam_helper/librpi_ipa_cam_helper.a.p/cam_helper_imx708.cpp.o[K
[197.928s] [208/317] Compiling C++ object src/ipa/rpi/cam_helper/librpi_ipa_cam_helper.a.p/cam_helper_vd56g3.cpp.o[K
[197.928s] [209/317] Compiling C++ object src/ipa/rpi/cam_helper/librpi_ipa_cam_helper.a.p/cam_helper_imx477.cpp.o[K
[199.799s] [209/317] Compiling C++ object src/ipa/rpi/cam_helper/librpi_ipa_cam_helper.a.p/md_parser_smia.cpp.o[K
[199.803s] [210/317] Compiling C++ object src/ipa/rpi/cam_helper/librpi_ipa_cam_helper.a.p/cam_helper_ov7251.cpp.o[K
[199.916s] [210/317] Compiling C++ object src/ipa/rpi/cam_helper/librpi_ipa_cam_helper.a.p/imx500_tensor_parser_imx500_tensor_parser.cpp.o[K
[199.916s] [211/317] Compiling C++ object src/ipa/rpi/cam_helper/librpi_ipa_cam_helper.a.p/cam_helper_imx500.cpp.o[K
[200.760s] [211/317] Compiling C++ object src/ipa/rpi/common/librpi_ipa_common.a.p/ipa_base.cpp.o[K
[200.764s] [212/317] Compiling C++ object src/ipa/rpi/cam_helper/librpi_ipa_cam_helper.a.p/cam_helper_ov64a40.cpp.o[K
[201.042s] [212/317] Compiling C++ object src/ipa/rpi/controller/librpi_ipa_controller.a.p/algorithm.cpp.o[K
[201.042s] [213/317] Compiling C++ object src/ipa/rpi/cam_helper/librpi_ipa_cam_helper.a.p/cam_helper_vd56g3.cpp.o[K
[201.821s] [213/317] Compiling C++ object src/ipa/rpi/controller/librpi_ipa_controller.a.p/controller.cpp.o[K
[201.824s] [214/317] Compiling C++ object src/ipa/rpi/cam_helper/librpi_ipa_cam_helper.a.p/cam_helper_ov9281.cpp.o[K
[203.325s] [214/317] Compiling C++ object src/ipa/rpi/controller/librpi_ipa_controller.a.p/device_status.cpp.o[K
[203.331s] [215/317] Compiling C++ object src/ipa/rpi/controller/librpi_ipa_controller.a.p/device_status.cpp.o[K
[204.020s] [215/317] Compiling C++ object src/ipa/rpi/controller/librpi_ipa_controller.a.p/histogram.cpp.o[K
[204.020s] [216/317] Compiling C++ object src/ipa/rpi/cam_helper/librpi_ipa_cam_helper.a.p/md_parser_smia.cpp.o[K
[204.873s] [216/317] Compiling C++ object src/ipa/rpi/controller/librpi_ipa_controller.a.p/rpi_af.cpp.o[K
[204.874s] [217/317] Compiling C++ object src/ipa/rpi/controller/librpi_ipa_controller.a.p/histogram.cpp.o[K
[206.655s] [217/317] Compiling C++ object src/ipa/rpi/controller/librpi_ipa_controller.a.p/rpi_agc.cpp.o[K
[206.658s] [218/317] Compiling C++ object src/ipa/rpi/controller/librpi_ipa_controller.a.p/algorithm.cpp.o[K
[206.845s] [218/317] Compiling C++ object src/ipa/rpi/controller/librpi_ipa_controller.a.p/rpi_agc_channel.cpp.o[K
[206.849s] [219/317] Compiling C++ object src/ipa/rpi/controller/librpi_ipa_controller.a.p/controller.cpp.o[K
[209.268s] [219/317] Compiling C++ object src/ipa/rpi/controller/librpi_ipa_controller.a.p/rpi_alsc.cpp.o[K
[209.268s] [220/317] Compiling C++ object src/ipa/rpi/cam_helper/librpi_ipa_cam_helper.a.p/imx500_tensor_parser_imx500_tensor_parser.cpp.o[K
[209.290s] [220/317] Linking static target src/ipa/rpi/cam_helper/librpi_ipa_cam_helper.a[K
[209.290s] [221/317] Linking static target src/ipa/rpi/cam_helper/librpi_ipa_cam_helper.a[K
[214.701s] [221/317] Compiling C++ object src/ipa/rpi/controller/librpi_ipa_controller.a.p/rpi_awb.cpp.o[K
[214.701s] [222/317] Compiling C++ object src/ipa/rpi/controller/librpi_ipa_controller.a.p/rpi_af.cpp.o[K
[214.980s] [222/317] Compiling C++ object src/ipa/rpi/controller/librpi_ipa_controller.a.p/rpi_black_level.cpp.o[K
[214.980s] [223/317] Compiling C++ object src/ipa/rpi/controller/librpi_ipa_controller.a.p/rpi_agc.cpp.o[K
[217.782s] [223/317] Compiling C++ object src/ipa/rpi/controller/librpi_ipa_controller.a.p/rpi_cac.cpp.o[K
[217.783s] [224/317] Compiling C++ object src/ipa/rpi/controller/librpi_ipa_controller.a.p/rpi_black_level.cpp.o[K
[218.851s] [224/317] Compiling C++ object src/ipa/rpi/controller/librpi_ipa_controller.a.p/rpi_ccm.cpp.o[K
[218.852s] [225/317] Compiling C++ object src/ipa/rpi/controller/librpi_ipa_controller.a.p/rpi_alsc.cpp.o[K
[219.829s] [225/317] Compiling C++ object src/ipa/rpi/controller/librpi_ipa_controller.a.p/rpi_contrast.cpp.o[K
[219.830s] [226/317] Compiling C++ object src/ipa/rpi/controller/librpi_ipa_controller.a.p/rpi_awb.cpp.o[K
[220.598s] [226/317] Compiling C++ object src/ipa/rpi/controller/librpi_ipa_controller.a.p/rpi_denoise.cpp.o[K
[220.599s] [227/317] Compiling C++ object src/ipa/rpi/controller/librpi_ipa_controller.a.p/rpi_cac.cpp.o[K
[221.146s] [227/317] Compiling C++ object src/ipa/rpi/controller/librpi_ipa_controller.a.p/rpi_dpc.cpp.o[K
[221.152s] [228/317] Compiling C++ object src/ipa/rpi/controller/librpi_ipa_controller.a.p/rpi_agc_channel.cpp.o[K
[223.085s] [228/317] Compiling C++ object src/ipa/rpi/controller/librpi_ipa_controller.a.p/rpi_geq.cpp.o[K
[223.085s] [229/317] Compiling C++ object src/ipa/rpi/controller/librpi_ipa_controller.a.p/rpi_contrast.cpp.o[K
[224.649s] [229/317] Compiling C++ object src/ipa/rpi/controller/librpi_ipa_controller.a.p/rpi_hdr.cpp.o[K
[224.650s] [230/317] Compiling C++ object src/ipa/rpi/controller/librpi_ipa_controller.a.p/rpi_geq.cpp.o[K
[225.762s] [230/317] Compiling C++ object src/ipa/rpi/controller/librpi_ipa_controller.a.p/rpi_lux.cpp.o[K
[225.769s] [231/317] Compiling C++ object src/ipa/rpi/controller/librpi_ipa_controller.a.p/rpi_ccm.cpp.o[K
[226.362s] [231/317] Compiling C++ object src/ipa/rpi/controller/librpi_ipa_controller.a.p/rpi_noise.cpp.o[K
[226.363s] [232/317] Compiling C++ object src/ipa/rpi/controller/librpi_ipa_controller.a.p/rpi_dpc.cpp.o[K
[228.944s] [232/317] Compiling C++ object src/ipa/rpi/controller/librpi_ipa_controller.a.p/rpi_saturation.cpp.o[K
[228.945s] [233/317] Compiling C++ object src/ipa/rpi/controller/librpi_ipa_controller.a.p/rpi_denoise.cpp.o[K
[230.791s] [233/317] Compiling C++ object src/ipa/rpi/controller/librpi_ipa_controller.a.p/rpi_sdn.cpp.o[K
[230.791s] [234/317] Compiling C++ object src/ipa/rpi/controller/librpi_ipa_controller.a.p/rpi_lux.cpp.o[K
[231.184s] [234/317] Compiling C++ object src/ipa/rpi/controller/librpi_ipa_controller.a.p/rpi_sharpen.cpp.o[K
[231.192s] [235/317] Compiling C++ object src/ipa/rpi/controller/librpi_ipa_controller.a.p/rpi_hdr.cpp.o[K
[231.773s] [235/317] Compiling C++ object src/ipa/rpi/controller/librpi_ipa_controller.a.p/rpi_sync.cpp.o[K
[231.774s] [236/317] Compiling C++ object src/ipa/rpi/controller/librpi_ipa_controller.a.p/rpi_noise.cpp.o[K
[231.861s] [236/317] Compiling C++ object src/ipa/rpi/controller/librpi_ipa_controller.a.p/rpi_tonemap.cpp.o[K
[231.862s] [237/317] Compiling C++ object src/ipa/rpi/controller/librpi_ipa_controller.a.p/rpi_saturation.cpp.o[K
[234.764s] [237/317] Compiling C++ object src/ipa/rpi/pisp/ipa_rpi_pisp.so.p/pisp.cpp.o[K
[234.766s] [238/317] Compiling C++ object src/ipa/rpi/common/librpi_ipa_common.a.p/ipa_base.cpp.o[K
[234.779s] [238/317] Linking static target src/ipa/rpi/common/librpi_ipa_common.a[K
[234.779s] [239/317] Linking static target src/ipa/rpi/common/librpi_ipa_common.a[K
[235.238s] [239/317] Compiling C++ object src/ipa/rpi/vc4/ipa_rpi_vc4.so.p/vc4.cpp.o[K
[235.239s] [240/317] Compiling C++ object src/ipa/rpi/controller/librpi_ipa_controller.a.p/rpi_sdn.cpp.o[K
[237.409s] [240/317] Compiling C++ object src/ipa/simple/ipa_soft_simple.so.p/ipa_context.cpp.o[K
[237.410s] [241/317] Compiling C++ object src/ipa/rpi/controller/librpi_ipa_controller.a.p/rpi_sharpen.cpp.o[K
[238.651s] [241/317] Compiling C++ object src/ipa/simple/ipa_soft_simple.so.p/soft_simple.cpp.o[K
[238.655s] [242/317] Compiling C++ object src/ipa/rpi/controller/librpi_ipa_controller.a.p/rpi_tonemap.cpp.o[K
[238.766s] [242/317] Compiling C++ object src/ipa/simple/ipa_soft_simple.so.p/algorithms_awb.cpp.o[K
[238.767s] [243/317] Compiling C++ object src/ipa/rpi/controller/librpi_ipa_controller.a.p/rpi_sync.cpp.o[K
[238.833s] [243/317] Linking static target src/ipa/rpi/controller/librpi_ipa_controller.a[K
[238.833s] [244/317] Linking static target src/ipa/rpi/controller/librpi_ipa_controller.a[K
[240.654s] [244/317] Compiling C++ object src/ipa/simple/ipa_soft_simple.so.p/algorithms_agc.cpp.o[K
[240.655s] [245/317] Compiling C++ object src/ipa/simple/ipa_soft_simple.so.p/ipa_context.cpp.o[K
[240.756s] [245/317] Compiling C++ object src/ipa/simple/ipa_soft_simple.so.p/algorithms_blc.cpp.o[K
[240.756s] [246/317] Compiling C++ object src/ipa/rpi/vc4/ipa_rpi_vc4.so.p/vc4.cpp.o[K
[241.735s] [246/317] Linking target src/ipa/rpi/vc4/ipa_rpi_vc4.so[K
[241.736s] [247/317] Linking target src/ipa/rpi/vc4/ipa_rpi_vc4.so[K
[241.755s] [247/317] Generating src/ipa/rpi/vc4/ipa_rpi_vc4.so.sign with a custom command[K
[241.757s] [248/317] Generating src/ipa/rpi/vc4/ipa_rpi_vc4.so.sign with a custom command[K
[243.113s] [248/317] Compiling C++ object src/ipa/simple/ipa_soft_simple.so.p/algorithms_ccm.cpp.o[K
[243.114s] [249/317] Compiling C++ object src/ipa/simple/ipa_soft_simple.so.p/algorithms_agc.cpp.o[K
[243.446s] [249/317] Compiling C++ object src/ipa/simple/ipa_soft_simple.so.p/algorithms_lut.cpp.o[K
[243.447s] [250/317] Compiling C++ object src/ipa/rpi/pisp/ipa_rpi_pisp.so.p/pisp.cpp.o[K
[243.531s] [250/317] Linking target src/ipa/rpi/pisp/ipa_rpi_pisp.so[K
[243.531s] [251/317] Compiling C++ object src/ipa/simple/ipa_soft_simple.so.p/algorithms_awb.cpp.o[K
[244.294s] [251/317] Compiling C++ object src/apps/common/libapps.a.p/image.cpp.o[K
[244.294s] [252/317] Linking target src/ipa/rpi/pisp/ipa_rpi_pisp.so[K
[244.346s] [252/317] Generating src/ipa/rpi/pisp/ipa_rpi_pisp.so.sign with a custom command[K
[244.347s] [253/317] Generating src/ipa/rpi/pisp/ipa_rpi_pisp.so.sign with a custom command[K
[246.192s] [253/317] Compiling C++ object src/apps/common/libapps.a.p/options.cpp.o[K
[246.197s] [254/317] Compiling C++ object src/ipa/simple/ipa_soft_simple.so.p/algorithms_blc.cpp.o[K
[247.827s] [254/317] Compiling C++ object src/apps/common/libapps.a.p/ppm_writer.cpp.o[K
[247.827s] [255/317] Compiling C++ object src/apps/common/libapps.a.p/ppm_writer.cpp.o[K
[248.314s] [255/317] Compiling C++ object src/apps/common/libapps.a.p/stream_options.cpp.o[K
[248.314s] [256/317] Compiling C++ object src/ipa/simple/ipa_soft_simple.so.p/algorithms_ccm.cpp.o[K
[248.556s] [256/317] Compiling C++ object src/apps/common/libapps.a.p/event_loop.cpp.o[K
[248.557s] [257/317] Compiling C++ object src/apps/common/libapps.a.p/image.cpp.o[K
[250.217s] [257/317] Compiling C++ object src/apps/common/libapps.a.p/dng_writer.cpp.o[K
[250.218s] [258/317] Compiling C++ object src/ipa/simple/ipa_soft_simple.so.p/soft_simple.cpp.o[K
[250.224s] [258/317] Compiling C++ object src/apps/lc-compliance/lc-compliance.p/environment.cpp.o[K
[250.227s] [259/317] Compiling C++ object src/ipa/simple/ipa_soft_simple.so.p/algorithms_lut.cpp.o[K
[250.900s] [259/317] Linking target src/ipa/simple/ipa_soft_simple.so[K
[250.901s] [260/317] Linking target src/ipa/simple/ipa_soft_simple.so[K
[250.921s] [260/317] Generating src/ipa/simple/ipa_soft_simple.so.sign with a custom command[K
[250.922s] [261/317] Generating src/ipa/simple/ipa_soft_simple.so.sign with a custom command[K
[253.012s] [261/317] Compiling C++ object src/apps/lc-compliance/lc-compliance.p/helpers_capture.cpp.o[K
[253.012s] [262/317] Compiling C++ object src/apps/common/libapps.a.p/dng_writer.cpp.o[K
[253.498s] [262/317] Compiling C++ object src/apps/lc-compliance/lc-compliance.p/main.cpp.o[K
[253.498s] [263/317] Compiling C++ object src/apps/lc-compliance/lc-compliance.p/environment.cpp.o[K
[253.779s] [263/317] Compiling C++ object src/apps/lc-compliance/lc-compliance.p/test_base.cpp.o[K
[253.797s] [264/317] Compiling C++ object src/apps/common/libapps.a.p/event_loop.cpp.o[K
[255.677s] [264/317] Compiling C++ object src/apps/lc-compliance/lc-compliance.p/tests_capture_test.cpp.o[K
[255.677s] [265/317] Compiling C++ object src/apps/common/libapps.a.p/stream_options.cpp.o[K
[258.335s] [265/317] Compiling C++ object src/apps/cam/cam.p/camera_session.cpp.o[K
[258.335s] [266/317] Compiling C++ object src/apps/lc-compliance/lc-compliance.p/helpers_capture.cpp.o[K
[260.561s] [266/317] Compiling C++ object src/apps/cam/cam.p/capture_script.cpp.o[K
[260.561s] [267/317] Compiling C++ object src/apps/common/libapps.a.p/options.cpp.o[K
[260.611s] [267/317] Linking static target src/apps/common/libapps.a[K
[260.611s] [268/317] Linking static target src/apps/common/libapps.a[K
[262.266s] [268/317] Compiling C++ object src/apps/cam/cam.p/file_sink.cpp.o[K
[262.267s] [269/317] Compiling C++ object src/apps/lc-compliance/lc-compliance.p/test_base.cpp.o[K
[264.078s] [269/317] Compiling C++ object src/apps/cam/cam.p/frame_sink.cpp.o[K
[264.078s] [270/317] Compiling C++ object src/apps/cam/cam.p/frame_sink.cpp.o[K
[264.168s] [270/317] Compiling C++ object src/apps/cam/cam.p/main.cpp.o[K
[264.169s] [271/317] Compiling C++ object src/apps/cam/cam.p/capture_script.cpp.o[K
[264.377s] [271/317] Compiling C++ object src/apps/cam/cam.p/drm.cpp.o[K
[264.377s] [272/317] Compiling C++ object src/apps/lc-compliance/lc-compliance.p/main.cpp.o[K
[267.046s] [272/317] Compiling C++ object src/apps/cam/cam.p/kms_sink.cpp.o[K
[267.046s] [273/317] Compiling C++ object src/apps/cam/cam.p/file_sink.cpp.o[K
[268.958s] [273/317] Compiling C++ object src/apps/cam/cam.p/sdl_sink.cpp.o[K
[268.958s] [274/317] Compiling C++ object src/apps/cam/cam.p/kms_sink.cpp.o[K
[272.523s] [274/317] Compiling C++ object src/apps/cam/cam.p/sdl_texture.cpp.o[K
[272.527s] [275/317] Compiling C++ object src/apps/cam/cam.p/sdl_sink.cpp.o[K
[272.701s] [275/317] Compiling C++ object src/apps/cam/cam.p/sdl_texture_1plane.cpp.o[K
[272.706s] [276/317] Compiling C++ object src/apps/cam/cam.p/main.cpp.o[K
[273.150s] [276/317] Compiling C++ object src/apps/cam/cam.p/sdl_texture_yuv.cpp.o[K
[273.152s] [277/317] Compiling C++ object src/apps/cam/cam.p/camera_session.cpp.o[K
[273.435s] [277/317] Compiling C++ object src/apps/cam/cam.p/sdl_texture_mjpg.cpp.o[K
[273.438s] [278/317] Compiling C++ object src/apps/cam/cam.p/sdl_texture.cpp.o[K
[274.679s] [278/317] Compiling C++ object src/apps/ipa-verify/ipa_verify.p/main.cpp.o[K
[274.679s] [279/317] Compiling C++ object src/apps/lc-compliance/lc-compliance.p/tests_capture_test.cpp.o[K
[275.846s] [279/317] Linking target src/apps/lc-compliance/lc-compliance[K
[275.846s] [280/317] Linking target src/apps/lc-compliance/lc-compliance[K
[277.009s] [280/317] Generating src/gstreamer/gstlibcamera-controls.cpp with a custom command (wrapped by meson to set env)[K
[277.009s] [281/317] Generating src/gstreamer/gstlibcamera-controls.cpp with a custom command (wrapped by meson to set env)[K
[277.121s] [281/317] Compiling C++ object src/gstreamer/libgstlibcamera.so.p/meson-generated_.._gstlibcamera-controls.cpp.o[K
[277.121s] [282/317] Compiling C++ object src/apps/cam/cam.p/sdl_texture_yuv.cpp.o[K
[277.209s] [282/317] Compiling C++ object src/gstreamer/libgstlibcamera.so.p/gstlibcamera-utils.cpp.o[K
[277.210s] [283/317] Compiling C++ object src/apps/cam/cam.p/drm.cpp.o[K
[277.282s] [283/317] Compiling C++ object src/gstreamer/libgstlibcamera.so.p/gstlibcamera.cpp.o[K
[277.286s] [284/317] Compiling C++ object src/apps/cam/cam.p/sdl_texture_1plane.cpp.o[K
[277.353s] [284/317] Compiling C++ object src/gstreamer/libgstlibcamera.so.p/gstlibcameraallocator.cpp.o[K
[277.353s] [285/317] Compiling C++ object src/apps/cam/cam.p/sdl_texture_mjpg.cpp.o[K
[278.103s] [285/317] Linking target src/apps/cam/cam[K
[278.103s] [286/317] Compiling C++ object src/gstreamer/libgstlibcamera.so.p/gstlibcamera.cpp.o[K
[278.314s] [286/317] Compiling C++ object src/gstreamer/libgstlibcamera.so.p/gstlibcamerapad.cpp.o[K
[278.315s] [287/317] Linking target src/apps/cam/cam[K
[278.918s] [287/317] Compiling C++ object src/gstreamer/libgstlibcamera.so.p/gstlibcamerapool.cpp.o[K
[278.921s] [288/317] Compiling C++ object src/apps/ipa-verify/ipa_verify.p/main.cpp.o[K
[279.600s] [288/317] Linking target src/apps/ipa-verify/ipa_verify[K
[279.600s] [289/317] Linking target src/apps/ipa-verify/ipa_verify[K
[281.668s] [289/317] Compiling C++ object src/gstreamer/libgstlibcamera.so.p/gstlibcameraprovider.cpp.o[K
[281.669s] [290/317] Compiling C++ object src/gstreamer/libgstlibcamera.so.p/meson-generated_.._gstlibcamera-controls.cpp.o[K
[283.393s] [290/317] Compiling C++ object src/gstreamer/libgstlibcamera.so.p/gstlibcamerasrc.cpp.o[K
[283.394s] [291/317] Compiling C++ object src/gstreamer/libgstlibcamera.so.p/gstlibcameraprovider.cpp.o[K
[283.876s] [291/317] Generating src/py/libcamera/py_gen_controls with a custom command (wrapped by meson to set env)[K
[283.876s] [292/317] Compiling C++ object src/gstreamer/libgstlibcamera.so.p/gstlibcameraallocator.cpp.o[K
[283.893s] [292/317] Generating src/py/libcamera/py_gen_properties with a custom command (wrapped by meson to set env)[K
[283.894s] [293/317] Compiling C++ object src/gstreamer/libgstlibcamera.so.p/gstlibcamerapad.cpp.o[K
[284.137s] [293/317] Generating src/py/libcamera/py_gen_formats with a custom command[K
[284.138s] [294/317] Generating src/py/libcamera/py_gen_properties with a custom command (wrapped by meson to set env)[K
[284.178s] [294/317] Compiling C++ object src/py/libcamera/_libcamera.cpython-312-aarch64-linux-gnu.so.p/meson-generated_.._py_properties_generated.cpp.o[K
[284.178s] [295/317] Generating src/py/libcamera/py_gen_formats with a custom command[K
[284.470s] [295/317] Compiling C++ object src/py/libcamera/_libcamera.cpython-312-aarch64-linux-gnu.so.p/meson-generated_.._py_formats_generated.cpp.o[K
[284.471s] [296/317] Compiling C++ object src/gstreamer/libgstlibcamera.so.p/gstlibcamera-utils.cpp.o[K
[284.575s] [296/317] Compiling C++ object src/py/libcamera/_libcamera.cpython-312-aarch64-linux-gnu.so.p/py_camera_manager.cpp.o[K
[284.575s] [297/317] Compiling C++ object src/gstreamer/libgstlibcamera.so.p/gstlibcamerapool.cpp.o[K
[284.591s] [297/317] Compiling C++ object src/py/libcamera/_libcamera.cpython-312-aarch64-linux-gnu.so.p/py_color_space.cpp.o[K
[284.597s] [298/317] Generating src/py/libcamera/py_gen_controls with a custom command (wrapped by meson to set env)[K
[293.811s] [298/317] Compiling C++ object src/py/libcamera/_libcamera.cpython-312-aarch64-linux-gnu.so.p/meson-generated_.._py_controls_generated.cpp.o[K
[293.815s] [299/317] Compiling C++ object src/gstreamer/libgstlibcamera.so.p/gstlibcamerasrc.cpp.o[K
[294.608s] [299/317] Linking target src/gstreamer/libgstlibcamera.so[K
[294.611s] [300/317] Linking target src/gstreamer/libgstlibcamera.so[K
[306.693s] [300/317] Compiling C++ object src/py/libcamera/_libcamera.cpython-312-aarch64-linux-gnu.so.p/py_enums.cpp.o[K
[306.693s] [301/317] Compiling C++ object src/py/libcamera/_libcamera.cpython-312-aarch64-linux-gnu.so.p/py_camera_manager.cpp.o[K
[313.338s] [301/317] Compiling C++ object src/py/libcamera/_libcamera.cpython-312-aarch64-linux-gnu.so.p/py_geometry.cpp.o[K
[313.338s] [302/317] Compiling C++ object src/py/libcamera/_libcamera.cpython-312-aarch64-linux-gnu.so.p/meson-generated_.._py_formats_generated.cpp.o[K
[327.751s] [302/317] Compiling C++ object src/py/libcamera/_libcamera.cpython-312-aarch64-linux-gnu.so.p/py_helpers.cpp.o[K
[327.760s] [303/317] Compiling C++ object src/py/libcamera/_libcamera.cpython-312-aarch64-linux-gnu.so.p/py_color_space.cpp.o[K
[328.990s] [303/317] Compiling C++ object src/py/libcamera/_libcamera.cpython-312-aarch64-linux-gnu.so.p/py_main.cpp.o[K
[328.991s] [304/317] Compiling C++ object src/py/libcamera/_libcamera.cpython-312-aarch64-linux-gnu.so.p/meson-generated_.._py_properties_generated.cpp.o[K
[338.386s] [304/317] Compiling C++ object src/py/libcamera/_libcamera.cpython-312-aarch64-linux-gnu.so.p/py_transform.cpp.o[K
[338.387s] [305/317] Compiling C++ object src/py/libcamera/_libcamera.cpython-312-aarch64-linux-gnu.so.p/py_helpers.cpp.o[K
[342.342s] [305/317] Compiling C++ object src/v4l2/v4l2-compat.so.p/v4l2_camera.cpp.o[K
[342.343s] [306/317] Compiling C++ object src/py/libcamera/_libcamera.cpython-312-aarch64-linux-gnu.so.p/py_enums.cpp.o[K
[346.502s] [306/317] Compiling C++ object src/v4l2/v4l2-compat.so.p/v4l2_camera_file.cpp.o[K
[346.502s] [307/317] Compiling C++ object src/v4l2/v4l2-compat.so.p/v4l2_camera_file.cpp.o[K
[346.971s] [307/317] Compiling C++ object src/v4l2/v4l2-compat.so.p/v4l2_camera_proxy.cpp.o[K
[346.972s] [308/317] Compiling C++ object src/v4l2/v4l2-compat.so.p/v4l2_camera.cpp.o[K
[350.868s] [308/317] Compiling C++ object src/v4l2/v4l2-compat.so.p/v4l2_compat.cpp.o[K
[350.870s] [309/317] Compiling C++ object src/py/libcamera/_libcamera.cpython-312-aarch64-linux-gnu.so.p/py_transform.cpp.o[K
[351.169s] [309/317] Compiling C++ object src/v4l2/v4l2-compat.so.p/v4l2_compat_manager.cpp.o[K
[354.798s] [310/317] Compiling C++ object src/v4l2/v4l2-compat.so.p/v4l2_compat.cpp.o[K
[355.146s] [311/317] Compiling C++ object src/v4l2/v4l2-compat.so.p/v4l2_camera_proxy.cpp.o[K
[356.610s] [312/317] Compiling C++ object src/py/libcamera/_libcamera.cpython-312-aarch64-linux-gnu.so.p/meson-generated_.._py_controls_generated.cpp.o[K
[356.612s] [313/317] Compiling C++ object src/v4l2/v4l2-compat.so.p/v4l2_compat_manager.cpp.o[K
[356.865s] [313/317] Linking target src/v4l2/v4l2-compat.so[K
[357.153s] [314/317] Linking target src/v4l2/v4l2-compat.so[K
[374.634s] [315/317] Compiling C++ object src/py/libcamera/_libcamera.cpython-312-aarch64-linux-gnu.so.p/py_geometry.cpp.o[K
[374.635s] [316/317] Compiling C++ object src/py/libcamera/_libcamera.cpython-312-aarch64-linux-gnu.so.p/py_main.cpp.o[K
[374.975s] [316/317] Linking target src/py/libcamera/_libcamera.cpython-312-aarch64-linux-gnu.so[K
[374.976s] [317/317] Linking target src/py/libcamera/_libcamera.cpython-312-aarch64-linux-gnu.so[K
[375.127s] Invoked command in '/home/pi/CaveBot-ros/build/libcamera' returned '0': DEBUGINFOD_URLS=https://debuginfod.ubuntu.com /usr/bin/meson compile
[375.130s] Invoking command in '/home/pi/CaveBot-ros/build/libcamera': DEBUGINFOD_URLS=https://debuginfod.ubuntu.com /usr/bin/meson install
[375.522s] ninja: Entering directory `/home/pi/CaveBot-ros/build/libcamera'
[375.547s] 
[375.780s] [0/24] Generating src/libcamera/version.cpp with a custom command[K
[375.780s] [1/24] Generating src/libcamera/version.cpp with a custom command[K
[375.781s] Installing include/libcamera/ipa/core_ipa_interface.h to /home/pi/CaveBot-ros/install/libcamera/include/libcamera/libcamera/ipa
[375.783s] Installing include/libcamera/ipa/mali-c55_ipa_interface.h to /home/pi/CaveBot-ros/install/libcamera/include/libcamera/libcamera/ipa
[375.784s] Installing include/libcamera/ipa/rkisp1_ipa_interface.h to /home/pi/CaveBot-ros/install/libcamera/include/libcamera/libcamera/ipa
[375.786s] Installing include/libcamera/ipa/raspberrypi_ipa_interface.h to /home/pi/CaveBot-ros/install/libcamera/include/libcamera/libcamera/ipa
[375.786s] Installing include/libcamera/ipa/soft_ipa_interface.h to /home/pi/CaveBot-ros/install/libcamera/include/libcamera/libcamera/ipa
[375.787s] Installing include/libcamera/control_ids.h to /home/pi/CaveBot-ros/install/libcamera/include/libcamera/libcamera
[375.787s] Installing include/libcamera/property_ids.h to /home/pi/CaveBot-ros/install/libcamera/include/libcamera/libcamera
[375.787s] Installing include/libcamera/formats.h to /home/pi/CaveBot-ros/install/libcamera/include/libcamera/libcamera
[375.792s] Installing include/libcamera/libcamera.h to /home/pi/CaveBot-ros/install/libcamera/include/libcamera/libcamera
[375.794s] Installing src/libcamera/base/libcamera-base.so.0.5.2 to /home/pi/CaveBot-ros/install/libcamera/lib
[375.796s] Installing src/libcamera/libcamera.so.0.5.2 to /home/pi/CaveBot-ros/install/libcamera/lib
[375.800s] Installing src/libcamera/proxy/worker/mali-c55_ipa_proxy to /home/pi/CaveBot-ros/install/libcamera/libexec/libcamera
[375.801s] Installing src/libcamera/proxy/worker/rkisp1_ipa_proxy to /home/pi/CaveBot-ros/install/libcamera/libexec/libcamera
[375.802s] Installing src/libcamera/proxy/worker/raspberrypi_ipa_proxy to /home/pi/CaveBot-ros/install/libcamera/libexec/libcamera
[375.803s] Installing src/libcamera/proxy/worker/soft_ipa_proxy to /home/pi/CaveBot-ros/install/libcamera/libexec/libcamera
[375.805s] Installing src/ipa/mali-c55/ipa_mali_c55.so to /home/pi/CaveBot-ros/install/libcamera/lib/libcamera/ipa
[375.807s] Installing src/ipa/rkisp1/ipa_rkisp1.so to /home/pi/CaveBot-ros/install/libcamera/lib/libcamera/ipa
[375.814s] Installing src/ipa/rpi/pisp/ipa_rpi_pisp.so to /home/pi/CaveBot-ros/install/libcamera/lib/libcamera/ipa
[375.814s] Installing src/ipa/rpi/vc4/ipa_rpi_vc4.so to /home/pi/CaveBot-ros/install/libcamera/lib/libcamera/ipa
[375.815s] Installing src/ipa/simple/ipa_soft_simple.so to /home/pi/CaveBot-ros/install/libcamera/lib/libcamera/ipa
[375.817s] Installing src/apps/lc-compliance/lc-compliance to /home/pi/CaveBot-ros/install/libcamera/bin
[375.821s] Installing src/apps/cam/cam to /home/pi/CaveBot-ros/install/libcamera/bin
[375.827s] Installing src/gstreamer/libgstlibcamera.so to /home/pi/CaveBot-ros/install/libcamera/lib/gstreamer-1.0
[375.833s] Installing src/py/libcamera/_libcamera.cpython-312-aarch64-linux-gnu.so to /home/pi/CaveBot-ros/install/libcamera/lib/python3/dist-packages/libcamera
[375.835s] Installing src/v4l2/v4l2-compat.so to /home/pi/CaveBot-ros/install/libcamera/libexec/libcamera
[375.836s] Installing /home/pi/CaveBot-ros/src/libcamera/include/libcamera/base/bound_method.h to /home/pi/CaveBot-ros/install/libcamera/include/libcamera/libcamera/base
[375.837s] Installing /home/pi/CaveBot-ros/src/libcamera/include/libcamera/base/class.h to /home/pi/CaveBot-ros/install/libcamera/include/libcamera/libcamera/base
[375.838s] Installing /home/pi/CaveBot-ros/src/libcamera/include/libcamera/base/flags.h to /home/pi/CaveBot-ros/install/libcamera/include/libcamera/libcamera/base
[375.838s] Installing /home/pi/CaveBot-ros/src/libcamera/include/libcamera/base/object.h to /home/pi/CaveBot-ros/install/libcamera/include/libcamera/libcamera/base
[375.839s] Installing /home/pi/CaveBot-ros/src/libcamera/include/libcamera/base/shared_fd.h to /home/pi/CaveBot-ros/install/libcamera/include/libcamera/libcamera/base
[375.839s] Installing /home/pi/CaveBot-ros/src/libcamera/include/libcamera/base/signal.h to /home/pi/CaveBot-ros/install/libcamera/include/libcamera/libcamera/base
[375.840s] Installing /home/pi/CaveBot-ros/src/libcamera/include/libcamera/base/span.h to /home/pi/CaveBot-ros/install/libcamera/include/libcamera/libcamera/base
[375.841s] Installing /home/pi/CaveBot-ros/src/libcamera/include/libcamera/base/unique_fd.h to /home/pi/CaveBot-ros/install/libcamera/include/libcamera/libcamera/base
[375.841s] Installing /home/pi/CaveBot-ros/src/libcamera/include/libcamera/ipa/ipa_controls.h to /home/pi/CaveBot-ros/install/libcamera/include/libcamera/libcamera/ipa
[375.842s] Installing /home/pi/CaveBot-ros/src/libcamera/include/libcamera/ipa/ipa_interface.h to /home/pi/CaveBot-ros/install/libcamera/include/libcamera/libcamera/ipa
[375.842s] Installing /home/pi/CaveBot-ros/src/libcamera/include/libcamera/ipa/ipa_module_info.h to /home/pi/CaveBot-ros/install/libcamera/include/libcamera/libcamera/ipa
[375.843s] Installing /home/pi/CaveBot-ros/src/libcamera/include/libcamera/camera.h to /home/pi/CaveBot-ros/install/libcamera/include/libcamera/libcamera
[375.843s] Installing /home/pi/CaveBot-ros/src/libcamera/include/libcamera/camera_manager.h to /home/pi/CaveBot-ros/install/libcamera/include/libcamera/libcamera
[375.844s] Installing /home/pi/CaveBot-ros/src/libcamera/include/libcamera/color_space.h to /home/pi/CaveBot-ros/install/libcamera/include/libcamera/libcamera
[375.844s] Installing /home/pi/CaveBot-ros/src/libcamera/include/libcamera/controls.h to /home/pi/CaveBot-ros/install/libcamera/include/libcamera/libcamera
[375.844s] Installing /home/pi/CaveBot-ros/src/libcamera/include/libcamera/fence.h to /home/pi/CaveBot-ros/install/libcamera/include/libcamera/libcamera
[375.845s] Installing /home/pi/CaveBot-ros/src/libcamera/include/libcamera/framebuffer.h to /home/pi/CaveBot-ros/install/libcamera/include/libcamera/libcamera
[375.847s] Installing /home/pi/CaveBot-ros/src/libcamera/include/libcamera/framebuffer_allocator.h to /home/pi/CaveBot-ros/install/libcamera/include/libcamera/libcamera
[375.847s] Installing /home/pi/CaveBot-ros/src/libcamera/include/libcamera/geometry.h to /home/pi/CaveBot-ros/install/libcamera/include/libcamera/libcamera
[375.848s] Installing /home/pi/CaveBot-ros/src/libcamera/include/libcamera/logging.h to /home/pi/CaveBot-ros/install/libcamera/include/libcamera/libcamera
[375.848s] Installing /home/pi/CaveBot-ros/src/libcamera/include/libcamera/orientation.h to /home/pi/CaveBot-ros/install/libcamera/include/libcamera/libcamera
[375.849s] Installing /home/pi/CaveBot-ros/src/libcamera/include/libcamera/pixel_format.h to /home/pi/CaveBot-ros/install/libcamera/include/libcamera/libcamera
[375.849s] Installing /home/pi/CaveBot-ros/src/libcamera/include/libcamera/request.h to /home/pi/CaveBot-ros/install/libcamera/include/libcamera/libcamera
[375.850s] Installing /home/pi/CaveBot-ros/src/libcamera/include/libcamera/stream.h to /home/pi/CaveBot-ros/install/libcamera/include/libcamera/libcamera
[375.850s] Installing /home/pi/CaveBot-ros/src/libcamera/include/libcamera/transform.h to /home/pi/CaveBot-ros/install/libcamera/include/libcamera/libcamera
[375.851s] Installing /home/pi/CaveBot-ros/build/libcamera/include/libcamera/version.h to /home/pi/CaveBot-ros/install/libcamera/include/libcamera/libcamera
[375.852s] Installing /home/pi/CaveBot-ros/build/libcamera/meson-private/libcamera-base.pc to /home/pi/CaveBot-ros/install/libcamera/lib/pkgconfig
[375.852s] Installing /home/pi/CaveBot-ros/src/libcamera/src/libcamera/pipeline/rpi/pisp/data/example.yaml to /home/pi/CaveBot-ros/install/libcamera/share/libcamera/pipeline/rpi/pisp
[375.853s] Installing /home/pi/CaveBot-ros/src/libcamera/src/libcamera/pipeline/rpi/vc4/data/example.yaml to /home/pi/CaveBot-ros/install/libcamera/share/libcamera/pipeline/rpi/vc4
[375.854s] Installing /home/pi/CaveBot-ros/src/libcamera/src/libcamera/pipeline/rpi/vc4/data/rpi_apps.yaml to /home/pi/CaveBot-ros/install/libcamera/share/libcamera/pipeline/rpi/vc4
[375.854s] Installing /home/pi/CaveBot-ros/build/libcamera/meson-private/libcamera.pc to /home/pi/CaveBot-ros/install/libcamera/lib/pkgconfig
[375.855s] Installing /home/pi/CaveBot-ros/src/libcamera/src/ipa/mali-c55/data/imx415.yaml to /home/pi/CaveBot-ros/install/libcamera/share/libcamera/ipa/mali-c55
[375.856s] Installing /home/pi/CaveBot-ros/src/libcamera/src/ipa/mali-c55/data/uncalibrated.yaml to /home/pi/CaveBot-ros/install/libcamera/share/libcamera/ipa/mali-c55
[375.857s] Installing /home/pi/CaveBot-ros/src/libcamera/src/ipa/rkisp1/data/imx219.yaml to /home/pi/CaveBot-ros/install/libcamera/share/libcamera/ipa/rkisp1
[375.857s] Installing /home/pi/CaveBot-ros/src/libcamera/src/ipa/rkisp1/data/imx258.yaml to /home/pi/CaveBot-ros/install/libcamera/share/libcamera/ipa/rkisp1
[375.858s] Installing /home/pi/CaveBot-ros/src/libcamera/src/ipa/rkisp1/data/ov2685.yaml to /home/pi/CaveBot-ros/install/libcamera/share/libcamera/ipa/rkisp1
[375.858s] Installing /home/pi/CaveBot-ros/src/libcamera/src/ipa/rkisp1/data/ov4689.yaml to /home/pi/CaveBot-ros/install/libcamera/share/libcamera/ipa/rkisp1
[375.859s] Installing /home/pi/CaveBot-ros/src/libcamera/src/ipa/rkisp1/data/ov5640.yaml to /home/pi/CaveBot-ros/install/libcamera/share/libcamera/ipa/rkisp1
[375.860s] Installing /home/pi/CaveBot-ros/src/libcamera/src/ipa/rkisp1/data/ov5695.yaml to /home/pi/CaveBot-ros/install/libcamera/share/libcamera/ipa/rkisp1
[375.860s] Installing /home/pi/CaveBot-ros/src/libcamera/src/ipa/rkisp1/data/ov8858.yaml to /home/pi/CaveBot-ros/install/libcamera/share/libcamera/ipa/rkisp1
[375.861s] Installing /home/pi/CaveBot-ros/src/libcamera/src/ipa/rkisp1/data/uncalibrated.yaml to /home/pi/CaveBot-ros/install/libcamera/share/libcamera/ipa/rkisp1
[375.862s] Installing /home/pi/CaveBot-ros/src/libcamera/src/ipa/rpi/pisp/data/imx219.json to /home/pi/CaveBot-ros/install/libcamera/share/libcamera/ipa/rpi/pisp
[375.863s] Installing /home/pi/CaveBot-ros/src/libcamera/src/ipa/rpi/pisp/data/imx219_noir.json to /home/pi/CaveBot-ros/install/libcamera/share/libcamera/ipa/rpi/pisp
[375.863s] Installing /home/pi/CaveBot-ros/src/libcamera/src/ipa/rpi/pisp/data/imx283.json to /home/pi/CaveBot-ros/install/libcamera/share/libcamera/ipa/rpi/pisp
[375.864s] Installing /home/pi/CaveBot-ros/src/libcamera/src/ipa/rpi/pisp/data/imx290.json to /home/pi/CaveBot-ros/install/libcamera/share/libcamera/ipa/rpi/pisp
[375.866s] Installing /home/pi/CaveBot-ros/src/libcamera/src/ipa/rpi/pisp/data/imx296.json to /home/pi/CaveBot-ros/install/libcamera/share/libcamera/ipa/rpi/pisp
[375.867s] Installing /home/pi/CaveBot-ros/src/libcamera/src/ipa/rpi/pisp/data/imx296_mono.json to /home/pi/CaveBot-ros/install/libcamera/share/libcamera/ipa/rpi/pisp
[375.869s] Installing /home/pi/CaveBot-ros/src/libcamera/src/ipa/rpi/pisp/data/imx335.json to /home/pi/CaveBot-ros/install/libcamera/share/libcamera/ipa/rpi/pisp
[375.872s] Installing /home/pi/CaveBot-ros/src/libcamera/src/ipa/rpi/pisp/data/imx378.json to /home/pi/CaveBot-ros/install/libcamera/share/libcamera/ipa/rpi/pisp
[375.873s] Installing /home/pi/CaveBot-ros/src/libcamera/src/ipa/rpi/pisp/data/imx415.json to /home/pi/CaveBot-ros/install/libcamera/share/libcamera/ipa/rpi/pisp
[375.874s] Installing /home/pi/CaveBot-ros/src/libcamera/src/ipa/rpi/pisp/data/imx415_b0569.json to /home/pi/CaveBot-ros/install/libcamera/share/libcamera/ipa/rpi/pisp
[375.874s] Installing /home/pi/CaveBot-ros/src/libcamera/src/ipa/rpi/pisp/data/imx462.json to /home/pi/CaveBot-ros/install/libcamera/share/libcamera/ipa/rpi/pisp
[375.875s] Installing /home/pi/CaveBot-ros/src/libcamera/src/ipa/rpi/pisp/data/imx477.json to /home/pi/CaveBot-ros/install/libcamera/share/libcamera/ipa/rpi/pisp
[375.875s] Installing /home/pi/CaveBot-ros/src/libcamera/src/ipa/rpi/pisp/data/imx477_noir.json to /home/pi/CaveBot-ros/install/libcamera/share/libcamera/ipa/rpi/pisp
[375.882s] Installing /home/pi/CaveBot-ros/src/libcamera/src/ipa/rpi/pisp/data/imx477_scientific.json to /home/pi/CaveBot-ros/install/libcamera/share/libcamera/ipa/rpi/pisp
[375.882s] Installing /home/pi/CaveBot-ros/src/libcamera/src/ipa/rpi/pisp/data/imx500.json to /home/pi/CaveBot-ros/install/libcamera/share/libcamera/ipa/rpi/pisp
[375.884s] Installing /home/pi/CaveBot-ros/src/libcamera/src/ipa/rpi/pisp/data/imx519.json to /home/pi/CaveBot-ros/install/libcamera/share/libcamera/ipa/rpi/pisp
[375.888s] Installing /home/pi/CaveBot-ros/src/libcamera/src/ipa/rpi/pisp/data/imx708.json to /home/pi/CaveBot-ros/install/libcamera/share/libcamera/ipa/rpi/pisp
[375.888s] Installing /home/pi/CaveBot-ros/src/libcamera/src/ipa/rpi/pisp/data/imx708_noir.json to /home/pi/CaveBot-ros/install/libcamera/share/libcamera/ipa/rpi/pisp
[375.888s] Installing /home/pi/CaveBot-ros/src/libcamera/src/ipa/rpi/pisp/data/imx708_wide.json to /home/pi/CaveBot-ros/install/libcamera/share/libcamera/ipa/rpi/pisp
[375.889s] Installing /home/pi/CaveBot-ros/src/libcamera/src/ipa/rpi/pisp/data/imx708_wide_noir.json to /home/pi/CaveBot-ros/install/libcamera/share/libcamera/ipa/rpi/pisp
[375.892s] Installing /home/pi/CaveBot-ros/src/libcamera/src/ipa/rpi/pisp/data/ov5647.json to /home/pi/CaveBot-ros/install/libcamera/share/libcamera/ipa/rpi/pisp
[375.895s] Installing /home/pi/CaveBot-ros/src/libcamera/src/ipa/rpi/pisp/data/ov5647_noir.json to /home/pi/CaveBot-ros/install/libcamera/share/libcamera/ipa/rpi/pisp
[375.895s] Installing /home/pi/CaveBot-ros/src/libcamera/src/ipa/rpi/pisp/data/ov64a40.json to /home/pi/CaveBot-ros/install/libcamera/share/libcamera/ipa/rpi/pisp
[375.896s] Installing /home/pi/CaveBot-ros/src/libcamera/src/ipa/rpi/pisp/data/ov9281_mono.json to /home/pi/CaveBot-ros/install/libcamera/share/libcamera/ipa/rpi/pisp
[375.897s] Installing /home/pi/CaveBot-ros/src/libcamera/src/ipa/rpi/pisp/data/se327m12.json to /home/pi/CaveBot-ros/install/libcamera/share/libcamera/ipa/rpi/pisp
[375.899s] Installing /home/pi/CaveBot-ros/src/libcamera/src/ipa/rpi/pisp/data/uncalibrated.json to /home/pi/CaveBot-ros/install/libcamera/share/libcamera/ipa/rpi/pisp
[375.900s] Installing /home/pi/CaveBot-ros/src/libcamera/src/ipa/rpi/pisp/data/vd56g3.json to /home/pi/CaveBot-ros/install/libcamera/share/libcamera/ipa/rpi/pisp
[375.900s] Installing /home/pi/CaveBot-ros/src/libcamera/src/ipa/rpi/pisp/data/vd56g3_mono.json to /home/pi/CaveBot-ros/install/libcamera/share/libcamera/ipa/rpi/pisp
[375.901s] Installing /home/pi/CaveBot-ros/src/libcamera/src/ipa/rpi/vc4/data/imx219.json to /home/pi/CaveBot-ros/install/libcamera/share/libcamera/ipa/rpi/vc4
[375.901s] Installing /home/pi/CaveBot-ros/src/libcamera/src/ipa/rpi/vc4/data/imx219_noir.json to /home/pi/CaveBot-ros/install/libcamera/share/libcamera/ipa/rpi/vc4
[375.902s] Installing /home/pi/CaveBot-ros/src/libcamera/src/ipa/rpi/vc4/data/imx283.json to /home/pi/CaveBot-ros/install/libcamera/share/libcamera/ipa/rpi/vc4
[375.903s] Installing /home/pi/CaveBot-ros/src/libcamera/src/ipa/rpi/vc4/data/imx290.json to /home/pi/CaveBot-ros/install/libcamera/share/libcamera/ipa/rpi/vc4
[375.903s] Installing /home/pi/CaveBot-ros/src/libcamera/src/ipa/rpi/vc4/data/imx296.json to /home/pi/CaveBot-ros/install/libcamera/share/libcamera/ipa/rpi/vc4
[375.904s] Installing /home/pi/CaveBot-ros/src/libcamera/src/ipa/rpi/vc4/data/imx296_mono.json to /home/pi/CaveBot-ros/install/libcamera/share/libcamera/ipa/rpi/vc4
[375.905s] Installing /home/pi/CaveBot-ros/src/libcamera/src/ipa/rpi/vc4/data/imx327.json to /home/pi/CaveBot-ros/install/libcamera/share/libcamera/ipa/rpi/vc4
[375.905s] Installing /home/pi/CaveBot-ros/src/libcamera/src/ipa/rpi/vc4/data/imx335.json to /home/pi/CaveBot-ros/install/libcamera/share/libcamera/ipa/rpi/vc4
[375.905s] Installing /home/pi/CaveBot-ros/src/libcamera/src/ipa/rpi/vc4/data/imx378.json to /home/pi/CaveBot-ros/install/libcamera/share/libcamera/ipa/rpi/vc4
[375.906s] Installing /home/pi/CaveBot-ros/src/libcamera/src/ipa/rpi/vc4/data/imx415.json to /home/pi/CaveBot-ros/install/libcamera/share/libcamera/ipa/rpi/vc4
[375.906s] Installing /home/pi/CaveBot-ros/src/libcamera/src/ipa/rpi/vc4/data/imx415_b0569.json to /home/pi/CaveBot-ros/install/libcamera/share/libcamera/ipa/rpi/vc4
[375.906s] Installing /home/pi/CaveBot-ros/src/libcamera/src/ipa/rpi/vc4/data/imx462.json to /home/pi/CaveBot-ros/install/libcamera/share/libcamera/ipa/rpi/vc4
[375.906s] Installing /home/pi/CaveBot-ros/src/libcamera/src/ipa/rpi/vc4/data/imx477.json to /home/pi/CaveBot-ros/install/libcamera/share/libcamera/ipa/rpi/vc4
[375.907s] Installing /home/pi/CaveBot-ros/src/libcamera/src/ipa/rpi/vc4/data/imx477_noir.json to /home/pi/CaveBot-ros/install/libcamera/share/libcamera/ipa/rpi/vc4
[375.907s] Installing /home/pi/CaveBot-ros/src/libcamera/src/ipa/rpi/vc4/data/imx477_scientific.json to /home/pi/CaveBot-ros/install/libcamera/share/libcamera/ipa/rpi/vc4
[375.907s] Installing /home/pi/CaveBot-ros/src/libcamera/src/ipa/rpi/vc4/data/imx500.json to /home/pi/CaveBot-ros/install/libcamera/share/libcamera/ipa/rpi/vc4
[375.907s] Installing /home/pi/CaveBot-ros/src/libcamera/src/ipa/rpi/vc4/data/imx519.json to /home/pi/CaveBot-ros/install/libcamera/share/libcamera/ipa/rpi/vc4
[375.908s] Installing /home/pi/CaveBot-ros/src/libcamera/src/ipa/rpi/vc4/data/imx708.json to /home/pi/CaveBot-ros/install/libcamera/share/libcamera/ipa/rpi/vc4
[375.909s] Installing /home/pi/CaveBot-ros/src/libcamera/src/ipa/rpi/vc4/data/imx708_noir.json to /home/pi/CaveBot-ros/install/libcamera/share/libcamera/ipa/rpi/vc4
[375.909s] Installing /home/pi/CaveBot-ros/src/libcamera/src/ipa/rpi/vc4/data/imx708_wide.json to /home/pi/CaveBot-ros/install/libcamera/share/libcamera/ipa/rpi/vc4
[375.909s] Installing /home/pi/CaveBot-ros/src/libcamera/src/ipa/rpi/vc4/data/imx708_wide_noir.json to /home/pi/CaveBot-ros/install/libcamera/share/libcamera/ipa/rpi/vc4
[375.910s] Installing /home/pi/CaveBot-ros/src/libcamera/src/ipa/rpi/vc4/data/ov5647.json to /home/pi/CaveBot-ros/install/libcamera/share/libcamera/ipa/rpi/vc4
[375.911s] Installing /home/pi/CaveBot-ros/src/libcamera/src/ipa/rpi/vc4/data/ov5647_noir.json to /home/pi/CaveBot-ros/install/libcamera/share/libcamera/ipa/rpi/vc4
[375.911s] Installing /home/pi/CaveBot-ros/src/libcamera/src/ipa/rpi/vc4/data/ov64a40.json to /home/pi/CaveBot-ros/install/libcamera/share/libcamera/ipa/rpi/vc4
[375.912s] Installing /home/pi/CaveBot-ros/src/libcamera/src/ipa/rpi/vc4/data/ov7251_mono.json to /home/pi/CaveBot-ros/install/libcamera/share/libcamera/ipa/rpi/vc4
[375.912s] Installing /home/pi/CaveBot-ros/src/libcamera/src/ipa/rpi/vc4/data/ov9281_mono.json to /home/pi/CaveBot-ros/install/libcamera/share/libcamera/ipa/rpi/vc4
[375.912s] Installing /home/pi/CaveBot-ros/src/libcamera/src/ipa/rpi/vc4/data/se327m12.json to /home/pi/CaveBot-ros/install/libcamera/share/libcamera/ipa/rpi/vc4
[375.912s] Installing /home/pi/CaveBot-ros/src/libcamera/src/ipa/rpi/vc4/data/uncalibrated.json to /home/pi/CaveBot-ros/install/libcamera/share/libcamera/ipa/rpi/vc4
[375.913s] Installing /home/pi/CaveBot-ros/src/libcamera/src/ipa/rpi/vc4/data/vd56g3.json to /home/pi/CaveBot-ros/install/libcamera/share/libcamera/ipa/rpi/vc4
[375.913s] Installing /home/pi/CaveBot-ros/src/libcamera/src/ipa/rpi/vc4/data/vd56g3_mono.json to /home/pi/CaveBot-ros/install/libcamera/share/libcamera/ipa/rpi/vc4
[375.913s] Installing /home/pi/CaveBot-ros/src/libcamera/src/ipa/simple/data/uncalibrated.yaml to /home/pi/CaveBot-ros/install/libcamera/share/libcamera/ipa/simple
[375.913s] Installing /home/pi/CaveBot-ros/src/libcamera/src/py/libcamera/__init__.py to /home/pi/CaveBot-ros/install/libcamera/lib/python3/dist-packages/libcamera
[375.914s] Installing /home/pi/CaveBot-ros/build/libcamera/src/v4l2/libcamerify to /home/pi/CaveBot-ros/install/libcamera/bin
[375.914s] Installing symlink pointing to libcamera-base.so.0.5.2 to /home/pi/CaveBot-ros/install/libcamera/lib/libcamera-base.so.0.5
[375.915s] Installing symlink pointing to libcamera-base.so.0.5 to /home/pi/CaveBot-ros/install/libcamera/lib/libcamera-base.so
[375.916s] Installing symlink pointing to libcamera.so.0.5.2 to /home/pi/CaveBot-ros/install/libcamera/lib/libcamera.so.0.5
[375.916s] Installing symlink pointing to libcamera.so.0.5 to /home/pi/CaveBot-ros/install/libcamera/lib/libcamera.so
[375.918s] Running custom install script '/home/pi/CaveBot-ros/src/libcamera/src/ipa/ipa-sign-install.sh /home/pi/CaveBot-ros/build/libcamera/src/ipa-priv-key.pem lib/libcamera/ipa/ipa_mali_c55.so lib/libcamera/ipa/ipa_rkisp1.so lib/libcamera/ipa/ipa_rpi_pisp.so lib/libcamera/ipa/ipa_rpi_vc4.so lib/libcamera/ipa/ipa_soft_simple.so'
[375.935s] Regenerating IPA modules signatures
[376.040s] Running custom install script '/usr/bin/python3 /home/pi/CaveBot-ros/build/libcamera/meson-private/pycompile.py python-3.12-installed.json 0'
[376.127s] Compiling '/home/pi/CaveBot-ros/install/libcamera/lib/python3/dist-packages/libcamera/__init__.py'...
[376.303s] Invoked command in '/home/pi/CaveBot-ros/build/libcamera' returned '0': DEBUGINFOD_URLS=https://debuginfod.ubuntu.com /usr/bin/meson install
