-- Found ament_cmake_auto: 2.5.4 (/opt/ros/jazzy/share/ament_cmake_auto/cmake)
-- Override CMake install command with custom implementation using symlinks instead of copying resources
-- Found rosidl_generator_c: 4.6.6 (/opt/ros/jazzy/share/rosidl_generator_c/cmake)
-- Found rosidl_generator_cpp: 4.6.6 (/opt/ros/jazzy/share/rosidl_generator_cpp/cmake)
-- Using all available rosidl_typesupport_c: rosidl_typesupport_fastrtps_c;rosidl_typesupport_introspection_c
-- Using all available rosidl_typesupport_cpp: rosidl_typesupport_fastrtps_cpp;rosidl_typesupport_introspection_cpp
-- Found rmw_implementation_cmake: 7.3.2 (/opt/ros/jazzy/share/rmw_implementation_cmake/cmake)
-- Found rmw_fastrtps_cpp: 8.4.3 (/opt/ros/jazzy/share/rmw_fastrtps_cpp/cmake)
-- Using RMW implementation 'rmw_fastrtps_cpp' as default
-- Found eigen3_cmake_module: 0.3.0 (/opt/ros/jazzy/share/eigen3_cmake_module/cmake)
-- Ensuring Eigen3 include directory is part of orocos-kdl CMake target
-- Found ament_lint_auto: 0.17.3 (/opt/ros/jazzy/share/ament_lint_auto/cmake)
-- Added test 'copyright' to check source files copyright and LICENSE
-- Added test 'cppcheck' to perform static code analysis on C / C++ code
-- Configured cppcheck include dirs: /home/pi/CaveBot-ros/src/image_pipeline/image_rotate/include
-- Configured cppcheck exclude dirs and/or files: 
-- Added test 'cpplint' to check C / C++ code against the Google style
-- Configured cpplint exclude dirs and/or files: 
-- Added test 'flake8' to check Python code syntax and style conventions
-- Configured 'flake8' exclude dirs and/or files: 
-- Added test 'lint_cmake' to check CMake code style
-- Added test 'pep257' to check Python code against some of the docstring style conventions in PEP 257
-- Added test 'uncrustify' to check C / C++ code style
-- Configured uncrustify additional arguments: 
-- Added test 'xmllint' to check XML markup files
-- Configuring done (2.2s)
-- Generating done (0.1s)
-- Build files have been written to: /home/pi/CaveBot-ros/build/image_rotate
[ 12%] Building CXX object CMakeFiles/image_rotate.dir/src/image_rotate_node.cpp.o
[ 25%] Linking CXX shared library libimage_rotate.so
[ 25%] Built target image_rotate
[ 50%] Built target image_flip_node
[ 62%] Building CXX object CMakeFiles/image_flip.dir/src/image_flip.cpp.o
[ 75%] Linking CXX shared library libimage_flip.so
[ 75%] Built target image_flip
[ 87%] Building CXX object CMakeFiles/image_rotate_bin.dir/src/image_rotate.cpp.o
[100%] Linking CXX executable image_rotate
[100%] Built target image_rotate_bin
-- Install configuration: ""
-- Execute custom install script
-- Symlinking: /home/pi/CaveBot-ros/install/image_rotate/lib/image_rotate/image_flip_node
-- Symlinking: /home/pi/CaveBot-ros/install/image_rotate/include/image_rotate/image_flip.hpp
-- Symlinking: /home/pi/CaveBot-ros/install/image_rotate/include/image_rotate/image_rotate_node.hpp
-- Symlinking: /home/pi/CaveBot-ros/install/image_rotate/include/image_rotate/visibility.h
-- Symlinking: /home/pi/CaveBot-ros/install/image_rotate/share/image_rotate/environment/library_path.sh
-- Symlinking: /home/pi/CaveBot-ros/install/image_rotate/share/image_rotate/environment/library_path.dsv
-- Symlinking: /home/pi/CaveBot-ros/install/image_rotate/lib/libimage_rotate.so
-- Symlinking: /home/pi/CaveBot-ros/install/image_rotate/lib/libimage_flip.so
-- Symlinking: /home/pi/CaveBot-ros/install/image_rotate/lib/image_rotate/image_rotate
-- Symlinking: /home/pi/CaveBot-ros/install/image_rotate/share/image_rotate/launch/image_flip.launch.py
-- Symlinking: /home/pi/CaveBot-ros/install/image_rotate/share/image_rotate/launch/image_rotate.launch.py
-- Symlinking: /home/pi/CaveBot-ros/install/image_rotate/share/ament_index/resource_index/package_run_dependencies/image_rotate
-- Symlinking: /home/pi/CaveBot-ros/install/image_rotate/share/ament_index/resource_index/parent_prefix_path/image_rotate
-- Symlinking: /home/pi/CaveBot-ros/install/image_rotate/share/image_rotate/environment/ament_prefix_path.sh
-- Symlinking: /home/pi/CaveBot-ros/install/image_rotate/share/image_rotate/environment/ament_prefix_path.dsv
-- Symlinking: /home/pi/CaveBot-ros/install/image_rotate/share/image_rotate/environment/path.sh
-- Symlinking: /home/pi/CaveBot-ros/install/image_rotate/share/image_rotate/environment/path.dsv
-- Symlinking: /home/pi/CaveBot-ros/install/image_rotate/share/image_rotate/local_setup.bash
-- Symlinking: /home/pi/CaveBot-ros/install/image_rotate/share/image_rotate/local_setup.sh
-- Symlinking: /home/pi/CaveBot-ros/install/image_rotate/share/image_rotate/local_setup.zsh
-- Symlinking: /home/pi/CaveBot-ros/install/image_rotate/share/image_rotate/local_setup.dsv
-- Symlinking: /home/pi/CaveBot-ros/install/image_rotate/share/image_rotate/package.dsv
-- Symlinking: /home/pi/CaveBot-ros/install/image_rotate/share/ament_index/resource_index/packages/image_rotate
-- Symlinking: /home/pi/CaveBot-ros/install/image_rotate/share/ament_index/resource_index/rclcpp_components/image_rotate
-- Symlinking: /home/pi/CaveBot-ros/install/image_rotate/share/image_rotate/cmake/ament_cmake_export_dependencies-extras.cmake
-- Symlinking: /home/pi/CaveBot-ros/install/image_rotate/share/image_rotate/cmake/ament_cmake_export_include_directories-extras.cmake
-- Symlinking: /home/pi/CaveBot-ros/install/image_rotate/share/image_rotate/cmake/ament_cmake_export_libraries-extras.cmake
-- Symlinking: /home/pi/CaveBot-ros/install/image_rotate/share/image_rotate/cmake/image_rotateConfig.cmake
-- Symlinking: /home/pi/CaveBot-ros/install/image_rotate/share/image_rotate/cmake/image_rotateConfig-version.cmake
-- Symlinking: /home/pi/CaveBot-ros/install/image_rotate/share/image_rotate/package.xml
