-- The C compiler identification is GNU 13.3.0
-- The CXX compiler identification is GNU 13.3.0
-- Detecting C compiler ABI info
-- Detecting C compiler ABI info - done
-- Check for working C compiler: /usr/bin/cc - skipped
-- Detecting C compile features
-- Detecting C compile features - done
-- Detecting CXX compiler ABI info
-- Detecting CXX compiler ABI info - done
-- Check for working CXX compiler: /usr/bin/c++ - skipped
-- Detecting CXX compile features
-- Detecting CXX compile features - done
-- Found ament_cmake_auto: 2.5.4 (/opt/ros/jazzy/share/ament_cmake_auto/cmake)
-- Found Python3: /usr/bin/python3 (found version "3.12.3") found components: Interpreter 
-- Override CMake install command with custom implementation using symlinks instead of copying resources
-- Found rosidl_generator_c: 4.6.6 (/opt/ros/jazzy/share/rosidl_generator_c/cmake)
-- Found rosidl_generator_cpp: 4.6.6 (/opt/ros/jazzy/share/rosidl_generator_cpp/cmake)
-- Using all available rosidl_typesupport_c: rosidl_typesupport_fastrtps_c;rosidl_typesupport_introspection_c
-- Using all available rosidl_typesupport_cpp: rosidl_typesupport_fastrtps_cpp;rosidl_typesupport_introspection_cpp
-- Found rmw_implementation_cmake: 7.3.2 (/opt/ros/jazzy/share/rmw_implementation_cmake/cmake)
-- Found rmw_fastrtps_cpp: 8.4.3 (/opt/ros/jazzy/share/rmw_fastrtps_cpp/cmake)
-- Found OpenSSL: /usr/lib/aarch64-linux-gnu/libcrypto.so (found version "3.0.13")  
-- Found FastRTPS: /opt/ros/jazzy/include (Required is at least version "2.13") 
-- Using RMW implementation 'rmw_fastrtps_cpp' as default
-- Found eigen3_cmake_module: 0.3.0 (/opt/ros/jazzy/share/eigen3_cmake_module/cmake)
-- Found Eigen3: TRUE (found version "3.4.0") 
-- Ensuring Eigen3 include directory is part of orocos-kdl CMake target
-- Found OpenCV: /usr (found version "4.6.0") found components: core imgproc 
-- Found ament_lint_auto: 0.17.3 (/opt/ros/jazzy/share/ament_lint_auto/cmake)
[0mIn this package, headers install destination is set to `include` by ament_auto_package. It is recommended to install `include/image_rotate` instead and will be the default behavior of ament_auto_package from ROS 2 Kilted Kaiju. On distributions before Kilted, ament_auto_package behaves the same way when you use USE_SCOPED_HEADER_INSTALL_DIR option.[0m
-- Added test 'copyright' to check source files copyright and LICENSE
-- Added test 'cppcheck' to perform static code analysis on C / C++ code
-- Configured cppcheck include dirs: /home/pi/CaveBot-ros/src/image_pipeline/image_rotate/include
-- Configured cppcheck exclude dirs and/or files: 
-- Added test 'cpplint' to check C / C++ code against the Google style
-- Configured cpplint exclude dirs and/or files: 
-- Added test 'flake8' to check Python code syntax and style conventions
-- Configured 'flake8' exclude dirs and/or files: 
-- Added test 'lint_cmake' to check CMake code style
-- Added test 'pep257' to check Python code against some of the docstring style conventions in PEP 257
-- Added test 'uncrustify' to check C / C++ code style
-- Configured uncrustify additional arguments: 
-- Added test 'xmllint' to check XML markup files
-- Configuring done (5.9s)
-- Generating done (0.2s)
-- Build files have been written to: /home/pi/CaveBot-ros/build/image_rotate
[ 12%] [32mBuilding CXX object CMakeFiles/image_rotate.dir/src/image_rotate_node.cpp.o[0m
[ 25%] [32mBuilding CXX object CMakeFiles/image_flip_node.dir/rclcpp_components/node_main_image_flip_node.cpp.o[0m
[ 37%] [32m[1mLinking CXX executable image_flip_node[0m
[ 37%] Built target image_flip_node
[01m[K/home/pi/CaveBot-ros/src/image_pipeline/image_rotate/src/image_rotate_node.cpp:[m[K In lambda function:
[01m[K/home/pi/CaveBot-ros/src/image_pipeline/image_rotate/src/image_rotate_node.cpp:316:16:[m[K [01;31m[Kerror: [m[Kno matching function for call to ‘[01m[Kimage_transport::TransportHints::TransportHints(image_rotate::ImageRotateNode&, const char [4])[m[K’
  316 |           "raw"[01;31m[K)[m[K;
      |                [01;31m[K^[m[K
In file included from [01m[K/opt/ros/jazzy/include/image_transport/image_transport/image_transport.hpp:43[m[K,
                 from [01m[K/home/pi/CaveBot-ros/src/image_pipeline/image_rotate/include/image_rotate/image_rotate_node.hpp:44[m[K,
                 from [01m[K/home/pi/CaveBot-ros/src/image_pipeline/image_rotate/src/image_rotate_node.cpp:42[m[K:
[01m[K/opt/ros/jazzy/include/image_transport/image_transport/transport_hints.hpp:61:3:[m[K [01;36m[Knote: [m[Kcandidate: ‘[01m[Kimage_transport::TransportHints::[01;32m[KTransportHints[m[K(const rclcpp::Node*, const std::string&, const std::string&)[m[K’
   61 |   [01;36m[KTransportHints[m[K(
      |   [01;36m[K^~~~~~~~~~~~~~[m[K
[01m[K/opt/ros/jazzy/include/image_transport/image_transport/transport_hints.hpp:62:26:[m[K [01;36m[Knote: [m[K  no known conversion for argument 1 from ‘[01m[Kimage_rotate::ImageRotateNode[m[K’ to ‘[01m[Kconst rclcpp::Node*[m[K’
   62 |     [01;36m[Kconst rclcpp::Node * node[m[K,
      |     [01;36m[K~~~~~~~~~~~~~~~~~~~~~^~~~[m[K
[01m[K/opt/ros/jazzy/include/image_transport/image_transport/transport_hints.hpp:45:7:[m[K [01;36m[Knote: [m[Kcandidate: ‘[01m[Kimage_transport::TransportHints::[01;32m[KTransportHints[m[K(const image_transport::TransportHints&)[m[K’
   45 | class [01;36m[KTransportHints[m[K
      |       [01;36m[K^~~~~~~~~~~~~~[m[K
[01m[K/opt/ros/jazzy/include/image_transport/image_transport/transport_hints.hpp:45:7:[m[K [01;36m[Knote: [m[K  candidate expects 1 argument, 2 provided
[01m[K/opt/ros/jazzy/include/image_transport/image_transport/transport_hints.hpp:45:7:[m[K [01;36m[Knote: [m[Kcandidate: ‘[01m[Kimage_transport::TransportHints::[01;32m[KTransportHints[m[K(image_transport::TransportHints&&)[m[K’
[01m[K/opt/ros/jazzy/include/image_transport/image_transport/transport_hints.hpp:45:7:[m[K [01;36m[Knote: [m[K  candidate expects 1 argument, 2 provided
[01m[K/home/pi/CaveBot-ros/src/image_pipeline/image_rotate/src/image_rotate_node.cpp:322:13:[m[K [01;31m[Kerror: [m[Kcannot convert ‘[01m[Kimage_rotate::ImageRotateNode[m[K’ to ‘[01m[Krclcpp::Node*[m[K’
  322 |             [01;31m[K*this[m[K,
      |             [01;31m[K^~~~~[m[K
      |             [01;31m[K|[m[K
      |             [01;31m[Kimage_rotate::ImageRotateNode[m[K
[01m[K/opt/ros/jazzy/include/image_transport/image_transport/image_transport.hpp:86:18:[m[K [01;36m[Knote: [m[K  initializing argument 1 of ‘[01m[Kimage_transport::CameraSubscriber image_transport::[01;32m[Kcreate_camera_subscription[m[K(rclcpp::Node*, const std::string&, const CameraSubscriber::Callback&, const std::string&, rmw_qos_profile_t)[m[K’
   86 |   [01;36m[Krclcpp::Node * node[m[K,
      |   [01;36m[K~~~~~~~~~~~~~~~^~~~[m[K
[01m[K/home/pi/CaveBot-ros/src/image_pipeline/image_rotate/src/image_rotate_node.cpp:333:13:[m[K [01;31m[Kerror: [m[Kcannot convert ‘[01m[Kimage_rotate::ImageRotateNode[m[K’ to ‘[01m[Krclcpp::Node*[m[K’
  333 |             [01;31m[K*this[m[K,
      |             [01;31m[K^~~~~[m[K
      |             [01;31m[K|[m[K
      |             [01;31m[Kimage_rotate::ImageRotateNode[m[K
[01m[K/opt/ros/jazzy/include/image_transport/image_transport/image_transport.hpp:64:18:[m[K [01;36m[Knote: [m[K  initializing argument 1 of ‘[01m[Kimage_transport::Subscriber image_transport::[01;32m[Kcreate_subscription[m[K(rclcpp::Node*, const std::string&, const Subscriber::Callback&, const std::string&, rmw_qos_profile_t, rclcpp::SubscriptionOptions)[m[K’
   64 |   [01;36m[Krclcpp::Node * node[m[K,
      |   [01;36m[K~~~~~~~~~~~~~~~^~~~[m[K
[01m[K/home/pi/CaveBot-ros/src/image_pipeline/image_rotate/src/image_rotate_node.cpp:[m[K In member function ‘[01m[Kvoid image_rotate::ImageRotateNode::[01;32m[KonInit[m[K()[m[K’:
[01m[K/home/pi/CaveBot-ros/src/image_pipeline/image_rotate/src/image_rotate_node.cpp:349:48:[m[K [01;31m[Kerror: [m[Kcannot convert ‘[01m[Kimage_rotate::ImageRotateNode[m[K’ to ‘[01m[Krclcpp::Node*[m[K’
  349 |   img_pub_ = image_transport::create_publisher([01;31m[K*this[m[K, topic, rclcpp::SystemDefaultsQoS(),
      |                                                [01;31m[K^~~~~[m[K
      |                                                [01;31m[K|[m[K
      |                                                [01;31m[Kimage_rotate::ImageRotateNode[m[K
[01m[K/opt/ros/jazzy/include/image_transport/image_transport/image_transport.hpp:54:18:[m[K [01;36m[Knote: [m[K  initializing argument 1 of ‘[01m[Kimage_transport::Publisher image_transport::[01;32m[Kcreate_publisher[m[K(rclcpp::Node*, const std::string&, rmw_qos_profile_t, rclcpp::PublisherOptions)[m[K’
   54 |   [01;36m[Krclcpp::Node * node[m[K,
      |   [01;36m[K~~~~~~~~~~~~~~~^~~~[m[K
gmake[2]: *** [CMakeFiles/image_rotate.dir/build.make:76: CMakeFiles/image_rotate.dir/src/image_rotate_node.cpp.o] Error 1
gmake[1]: *** [CMakeFiles/Makefile2:143: CMakeFiles/image_rotate.dir/all] Error 2
gmake: *** [Makefile:146: all] Error 2
