-- The C compiler identification is GNU 13.3.0
-- The CXX compiler identification is GNU 13.3.0
-- Detecting C compiler ABI info
-- Detecting C compiler ABI info - done
-- Check for working C compiler: /usr/bin/cc - skipped
-- Detecting C compile features
-- Detecting C compile features - done
-- Detecting CXX compiler ABI info
-- Detecting CXX compiler ABI info - done
-- Check for working CXX compiler: /usr/bin/c++ - skipped
-- Detecting CXX compile features
-- Detecting CXX compile features - done
-- Found ament_cmake: 2.5.4 (/opt/ros/jazzy/share/ament_cmake/cmake)
-- Found Python3: /usr/bin/python3 (found version "3.12.3") found components: Interpreter 
-- Override CMake install command with custom implementation using symlinks instead of copying resources
-- Found nav2_common: 1.3.10 (/home/pi/CaveBot-ros/install/nav2_common/share/nav2_common/cmake)
-- Found rclcpp: 28.1.12 (/opt/ros/jazzy/share/rclcpp/cmake)
-- Found rosidl_generator_c: 4.6.6 (/opt/ros/jazzy/share/rosidl_generator_c/cmake)
-- Found rosidl_generator_cpp: 4.6.6 (/opt/ros/jazzy/share/rosidl_generator_cpp/cmake)
-- Using all available rosidl_typesupport_c: rosidl_typesupport_fastrtps_c;rosidl_typesupport_introspection_c
-- Using all available rosidl_typesupport_cpp: rosidl_typesupport_fastrtps_cpp;rosidl_typesupport_introspection_cpp
-- Found rmw_implementation_cmake: 7.3.2 (/opt/ros/jazzy/share/rmw_implementation_cmake/cmake)
-- Found rmw_fastrtps_cpp: 8.4.3 (/opt/ros/jazzy/share/rmw_fastrtps_cpp/cmake)
-- Found OpenSSL: /usr/lib/aarch64-linux-gnu/libcrypto.so (found version "3.0.13")  
-- Found FastRTPS: /opt/ros/jazzy/include (Required is at least version "2.13") 
-- Using RMW implementation 'rmw_fastrtps_cpp' as default
-- Found rclcpp_components: 28.1.12 (/opt/ros/jazzy/share/rclcpp_components/cmake)
-- Found geometry_msgs: 5.3.6 (/opt/ros/jazzy/share/geometry_msgs/cmake)
-- Found nav2_util: 1.3.10 (/home/pi/CaveBot-ros/install/nav2_util/share/nav2_util/cmake)
-- Found eigen3_cmake_module: 0.3.0 (/opt/ros/jazzy/share/eigen3_cmake_module/cmake)
-- Found Eigen3: TRUE (found version "3.4.0") 
-- Ensuring Eigen3 include directory is part of orocos-kdl CMake target
-- Setting build type to Release as none was specified.
-- Found ament_lint_auto: 0.17.3 (/opt/ros/jazzy/share/ament_lint_auto/cmake)
-- Found gtest sources under '/opt/ros/jazzy/src/gtest_vendor': C++ tests using 'Google Test' will be built
-- Performing Test CMAKE_HAVE_LIBC_PTHREAD
-- Performing Test CMAKE_HAVE_LIBC_PTHREAD - Success
-- Found Threads: TRUE  
-- Added test 'cppcheck' to perform static code analysis on C / C++ code
-- Configured cppcheck include dirs: /home/pi/CaveBot-ros/src/navigation2/nav2_velocity_smoother/include
-- Configured cppcheck exclude dirs and/or files: 
-- Added test 'cpplint' to check C / C++ code against the Google style
-- Configured cpplint exclude dirs and/or files: 
-- Added test 'lint_cmake' to check CMake code style
-- Added test 'uncrustify' to check C / C++ code style
-- Configured uncrustify additional arguments: 
-- Added test 'xmllint' to check XML markup files
-- Configuring done (4.7s)
-- Generating done (0.1s)
-- Build files have been written to: /home/pi/CaveBot-ros/build/nav2_velocity_smoother
[ 10%] Building CXX object CMakeFiles/velocity_smoother_core.dir/src/velocity_smoother.cpp.o
[ 20%] Linking CXX shared library libvelocity_smoother_core.so
[ 20%] Built target velocity_smoother_core
[ 30%] Building CXX object gtest/CMakeFiles/gtest.dir/src/gtest-all.cc.o
[ 40%] Linking CXX static library libgtest.a
[ 40%] Built target gtest
[ 50%] Building CXX object CMakeFiles/velocity_smoother.dir/src/main.cpp.o
[ 60%] Linking CXX executable velocity_smoother
[ 60%] Built target velocity_smoother
[ 70%] Building CXX object gtest/CMakeFiles/gtest_main.dir/src/gtest_main.cc.o
[ 80%] Linking CXX static library libgtest_main.a
[ 80%] Built target gtest_main
[ 90%] Building CXX object test/CMakeFiles/velocity_smoother_tests.dir/test_velocity_smoother.cpp.o
[100%] Linking CXX executable velocity_smoother_tests
[100%] Built target velocity_smoother_tests
-- Install configuration: "Release"
-- Execute custom install script
-- Symlinking: /home/pi/CaveBot-ros/install/nav2_velocity_smoother/lib/libvelocity_smoother_core.so
-- Symlinking: /home/pi/CaveBot-ros/install/nav2_velocity_smoother/lib/nav2_velocity_smoother/velocity_smoother
-- Symlinking: /home/pi/CaveBot-ros/install/nav2_velocity_smoother/include//nav2_velocity_smoother/velocity_smoother.hpp
-- Symlinking: /home/pi/CaveBot-ros/install/nav2_velocity_smoother/share/nav2_velocity_smoother/environment/library_path.sh
-- Symlinking: /home/pi/CaveBot-ros/install/nav2_velocity_smoother/share/nav2_velocity_smoother/environment/library_path.dsv
-- Symlinking: /home/pi/CaveBot-ros/install/nav2_velocity_smoother/share/ament_index/resource_index/package_run_dependencies/nav2_velocity_smoother
-- Symlinking: /home/pi/CaveBot-ros/install/nav2_velocity_smoother/share/ament_index/resource_index/parent_prefix_path/nav2_velocity_smoother
-- Symlinking: /home/pi/CaveBot-ros/install/nav2_velocity_smoother/share/nav2_velocity_smoother/environment/ament_prefix_path.sh
-- Symlinking: /home/pi/CaveBot-ros/install/nav2_velocity_smoother/share/nav2_velocity_smoother/environment/ament_prefix_path.dsv
-- Symlinking: /home/pi/CaveBot-ros/install/nav2_velocity_smoother/share/nav2_velocity_smoother/environment/path.sh
-- Symlinking: /home/pi/CaveBot-ros/install/nav2_velocity_smoother/share/nav2_velocity_smoother/environment/path.dsv
-- Symlinking: /home/pi/CaveBot-ros/install/nav2_velocity_smoother/share/nav2_velocity_smoother/local_setup.bash
-- Symlinking: /home/pi/CaveBot-ros/install/nav2_velocity_smoother/share/nav2_velocity_smoother/local_setup.sh
-- Symlinking: /home/pi/CaveBot-ros/install/nav2_velocity_smoother/share/nav2_velocity_smoother/local_setup.zsh
-- Symlinking: /home/pi/CaveBot-ros/install/nav2_velocity_smoother/share/nav2_velocity_smoother/local_setup.dsv
-- Symlinking: /home/pi/CaveBot-ros/install/nav2_velocity_smoother/share/nav2_velocity_smoother/package.dsv
-- Symlinking: /home/pi/CaveBot-ros/install/nav2_velocity_smoother/share/ament_index/resource_index/packages/nav2_velocity_smoother
-- Symlinking: /home/pi/CaveBot-ros/install/nav2_velocity_smoother/share/ament_index/resource_index/rclcpp_components/nav2_velocity_smoother
-- Symlinking: /home/pi/CaveBot-ros/install/nav2_velocity_smoother/share/nav2_velocity_smoother/cmake/ament_cmake_export_include_directories-extras.cmake
-- Symlinking: /home/pi/CaveBot-ros/install/nav2_velocity_smoother/share/nav2_velocity_smoother/cmake/ament_cmake_export_libraries-extras.cmake
-- Symlinking: /home/pi/CaveBot-ros/install/nav2_velocity_smoother/share/nav2_velocity_smoother/cmake/ament_cmake_export_dependencies-extras.cmake
-- Symlinking: /home/pi/CaveBot-ros/install/nav2_velocity_smoother/share/nav2_velocity_smoother/cmake/nav2_velocity_smootherConfig.cmake
-- Symlinking: /home/pi/CaveBot-ros/install/nav2_velocity_smoother/share/nav2_velocity_smoother/cmake/nav2_velocity_smootherConfig-version.cmake
-- Symlinking: /home/pi/CaveBot-ros/install/nav2_velocity_smoother/share/nav2_velocity_smoother/package.xml
