[0.637s] DEBUG:colcon:Command line arguments: ['/usr/bin/colcon', 'build', '--event-handlers=console_direct+']
[0.638s] DEBUG:colcon:Parsed command line arguments: Namespace(log_base=None, log_level=None, verb_name='build', build_base='build', install_base='install', merge_install=False, symlink_install=False, test_result_base=None, continue_on_error=False, executor='parallel', parallel_workers=4, event_handlers=['console_direct+'], ignore_user_meta=False, metas=['./colcon.meta'], base_paths=['.'], packages_ignore=None, packages_ignore_regex=None, paths=None, packages_up_to=None, packages_up_to_regex=None, packages_above=None, packages_above_and_dependencies=None, packages_above_depth=None, packages_select_by_dep=None, packages_skip_by_dep=None, packages_skip_up_to=None, packages_select_build_failed=False, packages_skip_build_finished=False, packages_select_test_failures=False, packages_skip_test_passed=False, packages_select=None, packages_skip=None, packages_select_regex=None, packages_skip_regex=None, packages_start=None, packages_end=None, allow_overriding=[], cmake_args=None, cmake_target=None, cmake_target_skip_unavailable=False, cmake_clean_cache=False, cmake_clean_first=False, cmake_force_configure=False, meson_args=[], ament_cmake_args=None, catkin_cmake_args=None, catkin_skip_building_tests=False, verb_parser=<colcon_defaults.argument_parser.defaults.DefaultArgumentsDecorator object at 0xffffac87d310>, verb_extension=<colcon_core.verb.build.BuildVerb object at 0xffffacb8b110>, main=<bound method BuildVerb.main of <colcon_core.verb.build.BuildVerb object at 0xffffacb8b110>>)
[0.703s] Level 1:colcon.colcon_core.package_discovery:discover_packages(colcon_meta) check parameters
[0.703s] Level 1:colcon.colcon_core.package_discovery:discover_packages(recursive) check parameters
[0.704s] Level 1:colcon.colcon_core.package_discovery:discover_packages(ignore) check parameters
[0.704s] Level 1:colcon.colcon_core.package_discovery:discover_packages(path) check parameters
[0.704s] Level 1:colcon.colcon_core.package_discovery:discover_packages(colcon_meta) discover
[0.704s] Level 1:colcon.colcon_core.package_discovery:discover_packages(recursive) discover
[0.704s] INFO:colcon.colcon_core.package_discovery:Crawling recursively for packages in '/home/pi/CaveBot-ros'
[0.704s] Level 1:colcon.colcon_core.package_identification:_identify(.) by extensions ['ignore', 'ignore_ament_install']
[0.704s] Level 1:colcon.colcon_core.package_identification:_identify(.) by extension 'ignore'
[0.704s] Level 1:colcon.colcon_core.package_identification:_identify(.) by extension 'ignore_ament_install'
[0.704s] Level 1:colcon.colcon_core.package_identification:_identify(.) by extensions ['colcon_pkg']
[0.704s] Level 1:colcon.colcon_core.package_identification:_identify(.) by extension 'colcon_pkg'
[0.704s] Level 1:colcon.colcon_core.package_identification:_identify(.) by extensions ['colcon_meta']
[0.704s] Level 1:colcon.colcon_core.package_identification:_identify(.) by extension 'colcon_meta'
[0.704s] Level 1:colcon.colcon_core.package_identification:_identify(.) by extensions ['ros']
[0.704s] Level 1:colcon.colcon_core.package_identification:_identify(.) by extension 'ros'
[0.772s] Level 1:colcon.colcon_core.package_identification:_identify(.) by extensions ['cmake', 'meson', 'python']
[0.772s] Level 1:colcon.colcon_core.package_identification:_identify(.) by extension 'cmake'
[0.772s] Level 1:colcon.colcon_core.package_identification:_identify(.) by extension 'meson'
[0.774s] Level 1:colcon.colcon_core.package_identification:_identify(.) by extension 'python'
[0.774s] Level 1:colcon.colcon_core.package_identification:_identify(.) by extensions ['python_setup_py']
[0.775s] Level 1:colcon.colcon_core.package_identification:_identify(.) by extension 'python_setup_py'
[0.775s] Level 1:colcon.colcon_core.package_identification:_identify(build) by extensions ['ignore', 'ignore_ament_install']
[0.775s] Level 1:colcon.colcon_core.package_identification:_identify(build) by extension 'ignore'
[0.775s] Level 1:colcon.colcon_core.package_identification:_identify(build) ignored
[0.775s] Level 1:colcon.colcon_core.package_identification:_identify(install) by extensions ['ignore', 'ignore_ament_install']
[0.775s] Level 1:colcon.colcon_core.package_identification:_identify(install) by extension 'ignore'
[0.775s] Level 1:colcon.colcon_core.package_identification:_identify(install) ignored
[0.775s] Level 1:colcon.colcon_core.package_identification:_identify(log) by extensions ['ignore', 'ignore_ament_install']
[0.775s] Level 1:colcon.colcon_core.package_identification:_identify(log) by extension 'ignore'
[0.775s] Level 1:colcon.colcon_core.package_identification:_identify(log) ignored
[0.776s] Level 1:colcon.colcon_core.package_identification:_identify(src) by extensions ['ignore', 'ignore_ament_install']
[0.776s] Level 1:colcon.colcon_core.package_identification:_identify(src) by extension 'ignore'
[0.776s] Level 1:colcon.colcon_core.package_identification:_identify(src) by extension 'ignore_ament_install'
[0.776s] Level 1:colcon.colcon_core.package_identification:_identify(src) by extensions ['colcon_pkg']
[0.776s] Level 1:colcon.colcon_core.package_identification:_identify(src) by extension 'colcon_pkg'
[0.776s] Level 1:colcon.colcon_core.package_identification:_identify(src) by extensions ['colcon_meta']
[0.776s] Level 1:colcon.colcon_core.package_identification:_identify(src) by extension 'colcon_meta'
[0.776s] Level 1:colcon.colcon_core.package_identification:_identify(src) by extensions ['ros']
[0.776s] Level 1:colcon.colcon_core.package_identification:_identify(src) by extension 'ros'
[0.776s] Level 1:colcon.colcon_core.package_identification:_identify(src) by extensions ['cmake', 'meson', 'python']
[0.776s] Level 1:colcon.colcon_core.package_identification:_identify(src) by extension 'cmake'
[0.776s] Level 1:colcon.colcon_core.package_identification:_identify(src) by extension 'meson'
[0.777s] Level 1:colcon.colcon_core.package_identification:_identify(src) by extension 'python'
[0.778s] Level 1:colcon.colcon_core.package_identification:_identify(src) by extensions ['python_setup_py']
[0.778s] Level 1:colcon.colcon_core.package_identification:_identify(src) by extension 'python_setup_py'
[0.778s] Level 1:colcon.colcon_core.package_identification:_identify(src/camera_ros) by extensions ['ignore', 'ignore_ament_install']
[0.778s] Level 1:colcon.colcon_core.package_identification:_identify(src/camera_ros) by extension 'ignore'
[0.778s] Level 1:colcon.colcon_core.package_identification:_identify(src/camera_ros) by extension 'ignore_ament_install'
[0.778s] Level 1:colcon.colcon_core.package_identification:_identify(src/camera_ros) by extensions ['colcon_pkg']
[0.778s] Level 1:colcon.colcon_core.package_identification:_identify(src/camera_ros) by extension 'colcon_pkg'
[0.778s] Level 1:colcon.colcon_core.package_identification:_identify(src/camera_ros) by extensions ['colcon_meta']
[0.778s] Level 1:colcon.colcon_core.package_identification:_identify(src/camera_ros) by extension 'colcon_meta'
[0.778s] Level 1:colcon.colcon_core.package_identification:_identify(src/camera_ros) by extensions ['ros']
[0.778s] Level 1:colcon.colcon_core.package_identification:_identify(src/camera_ros) by extension 'ros'
[0.785s] DEBUG:colcon.colcon_core.package_identification:Package 'src/camera_ros' with type 'ros.ament_cmake' and name 'camera_ros'
[0.785s] Level 1:colcon.colcon_core.package_identification:_identify(src/libcamera) by extensions ['ignore', 'ignore_ament_install']
[0.786s] Level 1:colcon.colcon_core.package_identification:_identify(src/libcamera) by extension 'ignore'
[0.786s] Level 1:colcon.colcon_core.package_identification:_identify(src/libcamera) by extension 'ignore_ament_install'
[0.786s] Level 1:colcon.colcon_core.package_identification:_identify(src/libcamera) by extensions ['colcon_pkg']
[0.786s] Level 1:colcon.colcon_core.package_identification:_identify(src/libcamera) by extension 'colcon_pkg'
[0.786s] Level 1:colcon.colcon_core.package_identification:_identify(src/libcamera) by extensions ['colcon_meta']
[0.786s] Level 1:colcon.colcon_core.package_identification:_identify(src/libcamera) by extension 'colcon_meta'
[0.786s] Level 1:colcon.colcon_core.package_identification:_identify(src/libcamera) by extensions ['ros']
[0.786s] Level 1:colcon.colcon_core.package_identification:_identify(src/libcamera) by extension 'ros'
[0.786s] Level 1:colcon.colcon_core.package_identification:_identify(src/libcamera) by extensions ['cmake', 'meson', 'python']
[0.786s] Level 1:colcon.colcon_core.package_identification:_identify(src/libcamera) by extension 'cmake'
[0.786s] Level 1:colcon.colcon_core.package_identification:_identify(src/libcamera) by extension 'meson'
[0.996s] INFO:colcon.colcon_meson.identification:'libcamera' dependencies: {'gstreamer-1.0', 'gstreamer-video-1.0', 'dl', 'libexif', 'libdw', 'libunwind', 'pybind11', 'libudev', 'SDL2', 'libjpeg', 'threads', 'gtest', 'qt6', 'glib-2.0', 'gstreamer-app-1.0', 'libtiff-4', 'gstreamer-allocators-1.0', 'lttng-ust', 'yaml-0.1', 'libevent_pthreads', 'libcros_camera', 'libdrm', 'gnutls'}
[0.997s] Level 1:colcon.colcon_core.package_identification:_identify(src/libcamera) by extension 'python'
[0.997s] DEBUG:colcon.colcon_core.package_identification:Package 'src/libcamera' with type 'meson' and name 'libcamera'
[0.997s] Level 1:colcon.colcon_core.package_discovery:discover_packages(recursive) using defaults
[0.997s] Level 1:colcon.colcon_core.package_discovery:discover_packages(ignore) discover
[0.997s] Level 1:colcon.colcon_core.package_discovery:discover_packages(ignore) using defaults
[0.997s] Level 1:colcon.colcon_core.package_discovery:discover_packages(path) discover
[0.997s] Level 1:colcon.colcon_core.package_discovery:discover_packages(path) using defaults
[1.033s] Level 1:colcon.colcon_core.package_discovery:discover_packages(prefix_path) check parameters
[1.033s] Level 1:colcon.colcon_core.package_discovery:discover_packages(prefix_path) discover
[1.040s] DEBUG:colcon.colcon_installed_package_information.package_discovery:Found 302 installed packages in /opt/ros/jazzy
[1.041s] Level 1:colcon.colcon_core.package_discovery:discover_packages(prefix_path) using defaults
[1.118s] Level 5:colcon.colcon_core.verb:set package 'libcamera' build argument 'cmake_args' from command line to 'None'
[1.118s] Level 5:colcon.colcon_core.verb:set package 'libcamera' build argument 'cmake_target' from command line to 'None'
[1.118s] Level 5:colcon.colcon_core.verb:set package 'libcamera' build argument 'cmake_target_skip_unavailable' from command line to 'False'
[1.118s] Level 5:colcon.colcon_core.verb:set package 'libcamera' build argument 'cmake_clean_cache' from command line to 'False'
[1.118s] Level 5:colcon.colcon_core.verb:set package 'libcamera' build argument 'cmake_clean_first' from command line to 'False'
[1.118s] Level 5:colcon.colcon_core.verb:set package 'libcamera' build argument 'cmake_force_configure' from command line to 'False'
[1.118s] Level 5:colcon.colcon_core.verb:set package 'libcamera' build argument 'meson_args' from command line to '[]'
[1.118s] Level 5:colcon.colcon_core.verb:set package 'libcamera' build argument 'ament_cmake_args' from command line to 'None'
[1.118s] Level 5:colcon.colcon_core.verb:set package 'libcamera' build argument 'catkin_cmake_args' from command line to 'None'
[1.118s] Level 5:colcon.colcon_core.verb:set package 'libcamera' build argument 'catkin_skip_building_tests' from command line to 'False'
[1.118s] DEBUG:colcon.colcon_core.verb:Building package 'libcamera' with the following arguments: {'ament_cmake_args': None, 'build_base': '/home/pi/CaveBot-ros/build/libcamera', 'catkin_cmake_args': None, 'catkin_skip_building_tests': False, 'cmake_args': None, 'cmake_clean_cache': False, 'cmake_clean_first': False, 'cmake_force_configure': False, 'cmake_target': None, 'cmake_target_skip_unavailable': False, 'install_base': '/home/pi/CaveBot-ros/install/libcamera', 'merge_install': False, 'meson_args': [], 'path': '/home/pi/CaveBot-ros/src/libcamera', 'symlink_install': False, 'test_result_base': None}
[1.131s] Level 5:colcon.colcon_core.verb:set package 'camera_ros' build argument 'cmake_args' from command line to 'None'
[1.131s] Level 5:colcon.colcon_core.verb:set package 'camera_ros' build argument 'cmake_target' from command line to 'None'
[1.131s] Level 5:colcon.colcon_core.verb:set package 'camera_ros' build argument 'cmake_target_skip_unavailable' from command line to 'False'
[1.131s] Level 5:colcon.colcon_core.verb:set package 'camera_ros' build argument 'cmake_clean_cache' from command line to 'False'
[1.131s] Level 5:colcon.colcon_core.verb:set package 'camera_ros' build argument 'cmake_clean_first' from command line to 'False'
[1.131s] Level 5:colcon.colcon_core.verb:set package 'camera_ros' build argument 'cmake_force_configure' from command line to 'False'
[1.131s] Level 5:colcon.colcon_core.verb:set package 'camera_ros' build argument 'meson_args' from command line to '[]'
[1.131s] Level 5:colcon.colcon_core.verb:set package 'camera_ros' build argument 'ament_cmake_args' from command line to 'None'
[1.131s] Level 5:colcon.colcon_core.verb:set package 'camera_ros' build argument 'catkin_cmake_args' from command line to 'None'
[1.131s] Level 5:colcon.colcon_core.verb:set package 'camera_ros' build argument 'catkin_skip_building_tests' from command line to 'False'
[1.131s] DEBUG:colcon.colcon_core.verb:Building package 'camera_ros' with the following arguments: {'ament_cmake_args': None, 'build_base': '/home/pi/CaveBot-ros/build/camera_ros', 'catkin_cmake_args': None, 'catkin_skip_building_tests': False, 'cmake_args': None, 'cmake_clean_cache': False, 'cmake_clean_first': False, 'cmake_force_configure': False, 'cmake_target': None, 'cmake_target_skip_unavailable': False, 'install_base': '/home/pi/CaveBot-ros/install/camera_ros', 'merge_install': False, 'meson_args': [], 'path': '/home/pi/CaveBot-ros/src/camera_ros', 'symlink_install': False, 'test_result_base': None}
[1.131s] INFO:colcon.colcon_core.executor:Executing jobs using 'parallel' executor
[1.133s] DEBUG:colcon.colcon_parallel_executor.executor.parallel:run_until_complete
[1.153s] INFO:colcon.colcon_core.plugin_system:Skipping extension 'colcon_core.shell.bat': Not used on non-Windows systems
[1.154s] INFO:colcon.colcon_core.shell:Skip shell extension 'powershell' for command environment: Not usable outside of PowerShell
[1.154s] DEBUG:colcon.colcon_core.shell:Skip shell extension 'dsv' for command environment
[1.173s] DEBUG:colcon.colcon_core.event_handler.log_command:Invoking command in '/home/pi/CaveBot-ros/build/libcamera': DEBUGINFOD_URLS=https://debuginfod.ubuntu.com /usr/bin/meson setup --libdir=lib --prefix=/home/pi/CaveBot-ros/install/libcamera --buildtype=release /home/pi/CaveBot-ros/build/libcamera /home/pi/CaveBot-ros/src/libcamera
[7.808s] DEBUG:colcon.colcon_core.event_handler.log_command:Invoked command in '/home/pi/CaveBot-ros/build/libcamera' returned '0': DEBUGINFOD_URLS=https://debuginfod.ubuntu.com /usr/bin/meson setup --libdir=lib --prefix=/home/pi/CaveBot-ros/install/libcamera --buildtype=release /home/pi/CaveBot-ros/build/libcamera /home/pi/CaveBot-ros/src/libcamera
[7.809s] DEBUG:colcon.colcon_core.event_handler.log_command:Invoking command in '/home/pi/CaveBot-ros/build/libcamera': DEBUGINFOD_URLS=https://debuginfod.ubuntu.com /usr/bin/meson compile
[376.263s] DEBUG:colcon.colcon_core.event_handler.log_command:Invoked command in '/home/pi/CaveBot-ros/build/libcamera' returned '0': DEBUGINFOD_URLS=https://debuginfod.ubuntu.com /usr/bin/meson compile
[376.266s] DEBUG:colcon.colcon_core.event_handler.log_command:Invoking command in '/home/pi/CaveBot-ros/build/libcamera': DEBUGINFOD_URLS=https://debuginfod.ubuntu.com /usr/bin/meson install
[377.438s] Level 1:colcon.colcon_core.environment:create_environment_scripts_only(libcamera)
[377.439s] DEBUG:colcon.colcon_core.event_handler.log_command:Invoked command in '/home/pi/CaveBot-ros/build/libcamera' returned '0': DEBUGINFOD_URLS=https://debuginfod.ubuntu.com /usr/bin/meson install
[377.450s] Level 1:colcon.colcon_core.environment:checking '/home/pi/CaveBot-ros/install/libcamera' for CMake module files
[377.451s] Level 1:colcon.colcon_core.environment:checking '/home/pi/CaveBot-ros/install/libcamera' for CMake config files
[377.452s] Level 1:colcon.colcon_core.environment:checking '/home/pi/CaveBot-ros/install/libcamera/lib'
[377.453s] Level 1:colcon.colcon_core.shell:create_environment_hook('libcamera', 'ld_library_path_lib')
[377.453s] INFO:colcon.colcon_core.shell:Creating environment hook '/home/pi/CaveBot-ros/install/libcamera/share/libcamera/hook/ld_library_path_lib.ps1'
[377.455s] INFO:colcon.colcon_core.shell:Creating environment descriptor '/home/pi/CaveBot-ros/install/libcamera/share/libcamera/hook/ld_library_path_lib.dsv'
[377.456s] INFO:colcon.colcon_core.shell:Creating environment hook '/home/pi/CaveBot-ros/install/libcamera/share/libcamera/hook/ld_library_path_lib.sh'
[377.457s] Level 1:colcon.colcon_core.environment:checking '/home/pi/CaveBot-ros/install/libcamera/libexec'
[377.457s] Level 1:colcon.colcon_core.environment:checking '/home/pi/CaveBot-ros/install/libcamera/bin'
[377.457s] Level 1:colcon.colcon_core.shell:create_environment_hook('libcamera', 'path')
[377.458s] INFO:colcon.colcon_core.shell:Creating environment hook '/home/pi/CaveBot-ros/install/libcamera/share/libcamera/hook/path.ps1'
[377.458s] INFO:colcon.colcon_core.shell:Creating environment descriptor '/home/pi/CaveBot-ros/install/libcamera/share/libcamera/hook/path.dsv'
[377.459s] INFO:colcon.colcon_core.shell:Creating environment hook '/home/pi/CaveBot-ros/install/libcamera/share/libcamera/hook/path.sh'
[377.459s] Level 1:colcon.colcon_core.environment:checking '/home/pi/CaveBot-ros/install/libcamera/lib/pkgconfig/libcamera.pc'
[377.459s] Level 1:colcon.colcon_core.shell:create_environment_hook('libcamera', 'pkg_config')
[377.459s] INFO:colcon.colcon_core.shell:Creating environment hook '/home/pi/CaveBot-ros/install/libcamera/share/libcamera/hook/pkg_config.ps1'
[377.460s] INFO:colcon.colcon_core.shell:Creating environment descriptor '/home/pi/CaveBot-ros/install/libcamera/share/libcamera/hook/pkg_config.dsv'
[377.460s] INFO:colcon.colcon_core.shell:Creating environment hook '/home/pi/CaveBot-ros/install/libcamera/share/libcamera/hook/pkg_config.sh'
[377.461s] Level 1:colcon.colcon_core.environment:checking '/home/pi/CaveBot-ros/install/libcamera/lib/python3.12/site-packages'
[377.462s] Level 1:colcon.colcon_core.environment:checking '/home/pi/CaveBot-ros/install/libcamera/bin'
[377.462s] Level 1:colcon.colcon_core.shell:create_environment_hook('libcamera', 'pythonscriptspath')
[377.462s] INFO:colcon.colcon_core.shell:Creating environment hook '/home/pi/CaveBot-ros/install/libcamera/share/libcamera/hook/pythonscriptspath.ps1'
[377.463s] INFO:colcon.colcon_core.shell:Creating environment descriptor '/home/pi/CaveBot-ros/install/libcamera/share/libcamera/hook/pythonscriptspath.dsv'
[377.463s] INFO:colcon.colcon_core.shell:Creating environment hook '/home/pi/CaveBot-ros/install/libcamera/share/libcamera/hook/pythonscriptspath.sh'
[377.464s] INFO:colcon.colcon_core.shell:Creating package script '/home/pi/CaveBot-ros/install/libcamera/share/libcamera/package.ps1'
[377.465s] INFO:colcon.colcon_core.shell:Creating package descriptor '/home/pi/CaveBot-ros/install/libcamera/share/libcamera/package.dsv'
[377.466s] INFO:colcon.colcon_core.shell:Creating package script '/home/pi/CaveBot-ros/install/libcamera/share/libcamera/package.sh'
[377.467s] INFO:colcon.colcon_core.shell:Creating package script '/home/pi/CaveBot-ros/install/libcamera/share/libcamera/package.bash'
[377.469s] INFO:colcon.colcon_core.shell:Creating package script '/home/pi/CaveBot-ros/install/libcamera/share/libcamera/package.zsh'
[377.470s] Level 1:colcon.colcon_core.environment:create_file_with_runtime_dependencies(/home/pi/CaveBot-ros/install/libcamera/share/colcon-core/packages/libcamera)
[377.471s] INFO:colcon.colcon_ros.task.ament_cmake.build:Building ROS package in '/home/pi/CaveBot-ros/src/camera_ros' with build type 'ament_cmake'
[377.471s] INFO:colcon.colcon_cmake.task.cmake.build:Building CMake package in '/home/pi/CaveBot-ros/src/camera_ros'
[377.471s] INFO:colcon.colcon_core.shell:Skip shell extension 'powershell' for command environment: Not usable outside of PowerShell
[377.471s] DEBUG:colcon.colcon_core.shell:Skip shell extension 'dsv' for command environment
[377.491s] DEBUG:colcon.colcon_core.event_handler.log_command:Invoking command in '/home/pi/CaveBot-ros/build/camera_ros': CMAKE_PREFIX_PATH=${CMAKE_PREFIX_PATH}:/opt/ros/jazzy DEBUGINFOD_URLS=https://debuginfod.ubuntu.com LD_LIBRARY_PATH=/home/pi/CaveBot-ros/install/libcamera/lib:${LD_LIBRARY_PATH} PATH=/home/pi/CaveBot-ros/install/libcamera/bin:${PATH} PKG_CONFIG_PATH=/home/pi/CaveBot-ros/install/libcamera/lib/pkgconfig /usr/bin/cmake /home/pi/CaveBot-ros/src/camera_ros -DCMAKE_INSTALL_PREFIX=/home/pi/CaveBot-ros/install/camera_ros
[381.071s] DEBUG:colcon.colcon_core.event_handler.log_command:Invoked command in '/home/pi/CaveBot-ros/build/camera_ros' returned '0': CMAKE_PREFIX_PATH=${CMAKE_PREFIX_PATH}:/opt/ros/jazzy DEBUGINFOD_URLS=https://debuginfod.ubuntu.com LD_LIBRARY_PATH=/home/pi/CaveBot-ros/install/libcamera/lib:${LD_LIBRARY_PATH} PATH=/home/pi/CaveBot-ros/install/libcamera/bin:${PATH} PKG_CONFIG_PATH=/home/pi/CaveBot-ros/install/libcamera/lib/pkgconfig /usr/bin/cmake /home/pi/CaveBot-ros/src/camera_ros -DCMAKE_INSTALL_PREFIX=/home/pi/CaveBot-ros/install/camera_ros
[381.074s] DEBUG:colcon.colcon_core.event_handler.log_command:Invoking command in '/home/pi/CaveBot-ros/build/camera_ros': CMAKE_PREFIX_PATH=${CMAKE_PREFIX_PATH}:/opt/ros/jazzy DEBUGINFOD_URLS=https://debuginfod.ubuntu.com LD_LIBRARY_PATH=/home/pi/CaveBot-ros/install/libcamera/lib:${LD_LIBRARY_PATH} PATH=/home/pi/CaveBot-ros/install/libcamera/bin:${PATH} PKG_CONFIG_PATH=/home/pi/CaveBot-ros/install/libcamera/lib/pkgconfig /usr/bin/cmake --build /home/pi/CaveBot-ros/build/camera_ros -- -j4 -l4
[435.219s] DEBUG:colcon.colcon_core.event_handler.log_command:Invoked command in '/home/pi/CaveBot-ros/build/camera_ros' returned '0': CMAKE_PREFIX_PATH=${CMAKE_PREFIX_PATH}:/opt/ros/jazzy DEBUGINFOD_URLS=https://debuginfod.ubuntu.com LD_LIBRARY_PATH=/home/pi/CaveBot-ros/install/libcamera/lib:${LD_LIBRARY_PATH} PATH=/home/pi/CaveBot-ros/install/libcamera/bin:${PATH} PKG_CONFIG_PATH=/home/pi/CaveBot-ros/install/libcamera/lib/pkgconfig /usr/bin/cmake --build /home/pi/CaveBot-ros/build/camera_ros -- -j4 -l4
[435.245s] DEBUG:colcon.colcon_core.event_handler.log_command:Invoking command in '/home/pi/CaveBot-ros/build/camera_ros': CMAKE_PREFIX_PATH=${CMAKE_PREFIX_PATH}:/opt/ros/jazzy DEBUGINFOD_URLS=https://debuginfod.ubuntu.com LD_LIBRARY_PATH=/home/pi/CaveBot-ros/install/libcamera/lib:${LD_LIBRARY_PATH} PATH=/home/pi/CaveBot-ros/install/libcamera/bin:${PATH} PKG_CONFIG_PATH=/home/pi/CaveBot-ros/install/libcamera/lib/pkgconfig /usr/bin/cmake --install /home/pi/CaveBot-ros/build/camera_ros
[435.305s] Level 1:colcon.colcon_core.environment:create_environment_scripts_only(camera_ros)
[435.306s] DEBUG:colcon.colcon_core.event_handler.log_command:Invoked command in '/home/pi/CaveBot-ros/build/camera_ros' returned '0': CMAKE_PREFIX_PATH=${CMAKE_PREFIX_PATH}:/opt/ros/jazzy DEBUGINFOD_URLS=https://debuginfod.ubuntu.com LD_LIBRARY_PATH=/home/pi/CaveBot-ros/install/libcamera/lib:${LD_LIBRARY_PATH} PATH=/home/pi/CaveBot-ros/install/libcamera/bin:${PATH} PKG_CONFIG_PATH=/home/pi/CaveBot-ros/install/libcamera/lib/pkgconfig /usr/bin/cmake --install /home/pi/CaveBot-ros/build/camera_ros
[435.306s] Level 1:colcon.colcon_core.environment:checking '/home/pi/CaveBot-ros/install/camera_ros' for CMake module files
[435.308s] Level 1:colcon.colcon_core.environment:checking '/home/pi/CaveBot-ros/install/camera_ros' for CMake config files
[435.308s] Level 1:colcon.colcon_core.shell:create_environment_hook('camera_ros', 'cmake_prefix_path')
[435.309s] INFO:colcon.colcon_core.shell:Creating environment hook '/home/pi/CaveBot-ros/install/camera_ros/share/camera_ros/hook/cmake_prefix_path.ps1'
[435.311s] INFO:colcon.colcon_core.shell:Creating environment descriptor '/home/pi/CaveBot-ros/install/camera_ros/share/camera_ros/hook/cmake_prefix_path.dsv'
[435.311s] INFO:colcon.colcon_core.shell:Creating environment hook '/home/pi/CaveBot-ros/install/camera_ros/share/camera_ros/hook/cmake_prefix_path.sh'
[435.313s] Level 1:colcon.colcon_core.environment:checking '/home/pi/CaveBot-ros/install/camera_ros/lib'
[435.313s] Level 1:colcon.colcon_core.shell:create_environment_hook('camera_ros', 'ld_library_path_lib')
[435.314s] INFO:colcon.colcon_core.shell:Creating environment hook '/home/pi/CaveBot-ros/install/camera_ros/share/camera_ros/hook/ld_library_path_lib.ps1'
[435.314s] INFO:colcon.colcon_core.shell:Creating environment descriptor '/home/pi/CaveBot-ros/install/camera_ros/share/camera_ros/hook/ld_library_path_lib.dsv'
[435.315s] INFO:colcon.colcon_core.shell:Creating environment hook '/home/pi/CaveBot-ros/install/camera_ros/share/camera_ros/hook/ld_library_path_lib.sh'
[435.315s] Level 1:colcon.colcon_core.environment:checking '/home/pi/CaveBot-ros/install/camera_ros/bin'
[435.315s] Level 1:colcon.colcon_core.environment:checking '/home/pi/CaveBot-ros/install/camera_ros/lib/pkgconfig/camera_ros.pc'
[435.316s] Level 1:colcon.colcon_core.environment:checking '/home/pi/CaveBot-ros/install/camera_ros/lib/python3.12/site-packages'
[435.316s] Level 1:colcon.colcon_core.environment:checking '/home/pi/CaveBot-ros/install/camera_ros/bin'
[435.317s] INFO:colcon.colcon_core.shell:Creating package script '/home/pi/CaveBot-ros/install/camera_ros/share/camera_ros/package.ps1'
[435.318s] INFO:colcon.colcon_core.shell:Creating package descriptor '/home/pi/CaveBot-ros/install/camera_ros/share/camera_ros/package.dsv'
[435.318s] INFO:colcon.colcon_core.shell:Creating package script '/home/pi/CaveBot-ros/install/camera_ros/share/camera_ros/package.sh'
[435.319s] INFO:colcon.colcon_core.shell:Creating package script '/home/pi/CaveBot-ros/install/camera_ros/share/camera_ros/package.bash'
[435.320s] INFO:colcon.colcon_core.shell:Creating package script '/home/pi/CaveBot-ros/install/camera_ros/share/camera_ros/package.zsh'
[435.320s] Level 1:colcon.colcon_core.environment:create_file_with_runtime_dependencies(/home/pi/CaveBot-ros/install/camera_ros/share/colcon-core/packages/camera_ros)
[435.321s] Level 1:colcon.colcon_core.environment:create_environment_scripts_only(camera_ros)
[435.322s] Level 1:colcon.colcon_core.environment:checking '/home/pi/CaveBot-ros/install/camera_ros' for CMake module files
[435.323s] Level 1:colcon.colcon_core.environment:checking '/home/pi/CaveBot-ros/install/camera_ros' for CMake config files
[435.323s] Level 1:colcon.colcon_core.shell:create_environment_hook('camera_ros', 'cmake_prefix_path')
[435.323s] INFO:colcon.colcon_core.shell:Creating environment hook '/home/pi/CaveBot-ros/install/camera_ros/share/camera_ros/hook/cmake_prefix_path.ps1'
[435.324s] INFO:colcon.colcon_core.shell:Creating environment descriptor '/home/pi/CaveBot-ros/install/camera_ros/share/camera_ros/hook/cmake_prefix_path.dsv'
[435.325s] INFO:colcon.colcon_core.shell:Creating environment hook '/home/pi/CaveBot-ros/install/camera_ros/share/camera_ros/hook/cmake_prefix_path.sh'
[435.327s] Level 1:colcon.colcon_core.environment:checking '/home/pi/CaveBot-ros/install/camera_ros/lib'
[435.327s] Level 1:colcon.colcon_core.shell:create_environment_hook('camera_ros', 'ld_library_path_lib')
[435.328s] INFO:colcon.colcon_core.shell:Creating environment hook '/home/pi/CaveBot-ros/install/camera_ros/share/camera_ros/hook/ld_library_path_lib.ps1'
[435.330s] INFO:colcon.colcon_core.shell:Creating environment descriptor '/home/pi/CaveBot-ros/install/camera_ros/share/camera_ros/hook/ld_library_path_lib.dsv'
[435.335s] INFO:colcon.colcon_core.shell:Creating environment hook '/home/pi/CaveBot-ros/install/camera_ros/share/camera_ros/hook/ld_library_path_lib.sh'
[435.336s] Level 1:colcon.colcon_core.environment:checking '/home/pi/CaveBot-ros/install/camera_ros/bin'
[435.336s] Level 1:colcon.colcon_core.environment:checking '/home/pi/CaveBot-ros/install/camera_ros/lib/pkgconfig/camera_ros.pc'
[435.336s] Level 1:colcon.colcon_core.environment:checking '/home/pi/CaveBot-ros/install/camera_ros/lib/python3.12/site-packages'
[435.341s] Level 1:colcon.colcon_core.environment:checking '/home/pi/CaveBot-ros/install/camera_ros/bin'
[435.341s] INFO:colcon.colcon_core.shell:Creating package script '/home/pi/CaveBot-ros/install/camera_ros/share/camera_ros/package.ps1'
[435.342s] INFO:colcon.colcon_core.shell:Creating package descriptor '/home/pi/CaveBot-ros/install/camera_ros/share/camera_ros/package.dsv'
[435.346s] INFO:colcon.colcon_core.shell:Creating package script '/home/pi/CaveBot-ros/install/camera_ros/share/camera_ros/package.sh'
[435.349s] INFO:colcon.colcon_core.shell:Creating package script '/home/pi/CaveBot-ros/install/camera_ros/share/camera_ros/package.bash'
[435.350s] INFO:colcon.colcon_core.shell:Creating package script '/home/pi/CaveBot-ros/install/camera_ros/share/camera_ros/package.zsh'
[435.351s] Level 1:colcon.colcon_core.environment:create_file_with_runtime_dependencies(/home/pi/CaveBot-ros/install/camera_ros/share/colcon-core/packages/camera_ros)
[435.353s] DEBUG:colcon.colcon_parallel_executor.executor.parallel:closing loop
[435.354s] DEBUG:colcon.colcon_parallel_executor.executor.parallel:loop closed
[435.354s] DEBUG:colcon.colcon_parallel_executor.executor.parallel:run_until_complete finished with '0'
[435.354s] DEBUG:colcon.colcon_core.event_reactor:joining thread
[435.376s] INFO:colcon.colcon_core.plugin_system:Skipping extension 'colcon_notification.desktop_notification.terminal_notifier': Not used on non-Darwin systems
[435.377s] INFO:colcon.colcon_core.plugin_system:Skipping extension 'colcon_notification.desktop_notification.win32': Not used on non-Windows systems
[435.377s] INFO:colcon.colcon_notification.desktop_notification:Sending desktop notification using 'notify2'
[435.416s] DEBUG:colcon.colcon_core.event_reactor:joined thread
[435.417s] INFO:colcon.colcon_core.shell:Creating prefix script '/home/pi/CaveBot-ros/install/local_setup.ps1'
[435.419s] INFO:colcon.colcon_core.shell:Creating prefix util module '/home/pi/CaveBot-ros/install/_local_setup_util_ps1.py'
[435.423s] INFO:colcon.colcon_core.shell:Creating prefix chain script '/home/pi/CaveBot-ros/install/setup.ps1'
[435.426s] INFO:colcon.colcon_core.shell:Creating prefix script '/home/pi/CaveBot-ros/install/local_setup.sh'
[435.431s] INFO:colcon.colcon_core.shell:Creating prefix util module '/home/pi/CaveBot-ros/install/_local_setup_util_sh.py'
[435.432s] INFO:colcon.colcon_core.shell:Creating prefix chain script '/home/pi/CaveBot-ros/install/setup.sh'
[435.433s] INFO:colcon.colcon_core.shell:Creating prefix script '/home/pi/CaveBot-ros/install/local_setup.bash'
[435.437s] INFO:colcon.colcon_core.shell:Creating prefix chain script '/home/pi/CaveBot-ros/install/setup.bash'
[435.442s] INFO:colcon.colcon_core.shell:Creating prefix script '/home/pi/CaveBot-ros/install/local_setup.zsh'
[435.443s] INFO:colcon.colcon_core.shell:Creating prefix chain script '/home/pi/CaveBot-ros/install/setup.zsh'
