running egg_info
writing ../../build/dualcam_launch/dualcam_launch.egg-info/PKG-INFO
writing dependency_links to ../../build/dualcam_launch/dualcam_launch.egg-info/dependency_links.txt
writing entry points to ../../build/dualcam_launch/dualcam_launch.egg-info/entry_points.txt
writing requirements to ../../build/dualcam_launch/dualcam_launch.egg-info/requires.txt
writing top-level names to ../../build/dualcam_launch/dualcam_launch.egg-info/top_level.txt
reading manifest file '../../build/dualcam_launch/dualcam_launch.egg-info/SOURCES.txt'
writing manifest file '../../build/dualcam_launch/dualcam_launch.egg-info/SOURCES.txt'
running build
running build_py
copying dualcam_launch/disparity_to_depth.py -> /home/pi/CaveBot-ros/build/dualcam_launch/build/lib/dualcam_launch
running install
running install_lib
copying /home/pi/CaveBot-ros/build/dualcam_launch/build/lib/dualcam_launch/disparity_to_depth.py -> /home/pi/CaveBot-ros/install/dualcam_launch/lib/python3.12/site-packages/dualcam_launch
byte-compiling /home/pi/CaveBot-ros/install/dualcam_launch/lib/python3.12/site-packages/dualcam_launch/disparity_to_depth.py to disparity_to_depth.cpython-312.pyc
running install_data
copying package.xml -> /home/pi/CaveBot-ros/install/dualcam_launch/share/dualcam_launch
copying launch/stereo_pipeline_viz.launch.py -> /home/pi/CaveBot-ros/install/dualcam_launch/share/dualcam_launch/launch
copying launch/stereo_pipeline.launch.py -> /home/pi/CaveBot-ros/install/dualcam_launch/share/dualcam_launch/launch
running install_egg_info
removing '/home/pi/CaveBot-ros/install/dualcam_launch/lib/python3.12/site-packages/dualcam_launch-0.0.1-py3.12.egg-info' (and everything under it)
Copying ../../build/dualcam_launch/dualcam_launch.egg-info to /home/pi/CaveBot-ros/install/dualcam_launch/lib/python3.12/site-packages/dualcam_launch-0.0.1-py3.12.egg-info
running install_scripts
Installing disparity_to_depth script to /home/pi/CaveBot-ros/install/dualcam_launch/lib/dualcam_launch
writing list of installed files to '/home/pi/CaveBot-ros/build/dualcam_launch/install.log'
