[0.102s] Invoking command in '/home/pi/CaveBot-ros/build/dwb_critics': AMENT_PREFIX_PATH=/home/pi/CaveBot-ros/install/dwb_core:/home/pi/CaveBot-ros/install/nav2_core:/home/pi/CaveBot-ros/install/costmap_queue:/home/pi/CaveBot-ros/install/nav2_costmap_2d:/home/pi/CaveBot-ros/install/nav_2d_utils:/home/pi/CaveBot-ros/install/nav2_map_server:/home/pi/CaveBot-ros/install/nav2_lifecycle_manager:/home/pi/CaveBot-ros/install/nav2_behavior_tree:/home/pi/CaveBot-ros/install/nav2_util:/home/pi/CaveBot-ros/install/nav2_voxel_grid:/home/pi/CaveBot-ros/install/nav2_msgs:/home/pi/CaveBot-ros/install/dwb_msgs:/home/pi/CaveBot-ros/install/nav_2d_msgs:/home/pi/CaveBot-ros/install/nav2_common:${AMENT_PREFIX_PATH} CMAKE_PREFIX_PATH=/home/pi/CaveBot-ros/install/dwb_core:/home/pi/CaveBot-ros/install/nav2_core:/home/pi/CaveBot-ros/install/costmap_queue:/home/pi/CaveBot-ros/install/nav2_costmap_2d:/home/pi/CaveBot-ros/install/nav_2d_utils:/home/pi/CaveBot-ros/install/nav2_map_server:/home/pi/CaveBot-ros/install/nav2_lifecycle_manager:/home/pi/CaveBot-ros/install/nav2_behavior_tree:/home/pi/CaveBot-ros/install/nav2_util:/home/pi/CaveBot-ros/install/nav2_voxel_grid:/home/pi/CaveBot-ros/install/nav2_msgs:/home/pi/CaveBot-ros/install/dwb_msgs:/home/pi/CaveBot-ros/install/nav_2d_msgs:/home/pi/CaveBot-ros/install/nav2_common:/opt/ros/jazzy/opt/gz_math_vendor:/opt/ros/jazzy/opt/gz_utils_vendor:/opt/ros/jazzy/opt/gz_cmake_vendor:/opt/ros/jazzy DEBUGINFOD_URLS=https://debuginfod.ubuntu.com LD_LIBRARY_PATH=/home/pi/CaveBot-ros/install/dwb_core/lib:/home/pi/CaveBot-ros/install/costmap_queue/lib:/home/pi/CaveBot-ros/install/nav2_costmap_2d/lib:/home/pi/CaveBot-ros/install/nav_2d_utils/lib:/home/pi/CaveBot-ros/install/nav2_map_server/lib:/home/pi/CaveBot-ros/install/nav2_lifecycle_manager/lib:/home/pi/CaveBot-ros/install/nav2_behavior_tree/lib:/home/pi/CaveBot-ros/install/nav2_util/lib:/home/pi/CaveBot-ros/install/nav2_voxel_grid/lib:/home/pi/CaveBot-ros/install/nav2_msgs/lib:/home/pi/CaveBot-ros/install/dwb_msgs/lib:/home/pi/CaveBot-ros/install/nav_2d_msgs/lib:${LD_LIBRARY_PATH} PYTHONPATH=/home/pi/CaveBot-ros/install/nav2_msgs/lib/python3.12/site-packages:/home/pi/CaveBot-ros/install/dwb_msgs/lib/python3.12/site-packages:/home/pi/CaveBot-ros/install/nav_2d_msgs/lib/python3.12/site-packages:/home/pi/CaveBot-ros/install/nav2_common/lib/python3.12/site-packages:${PYTHONPATH} /usr/bin/cmake /home/pi/CaveBot-ros/src/navigation2/nav2_dwb_controller/dwb_critics -DAMENT_CMAKE_SYMLINK_INSTALL=1 -DCMAKE_INSTALL_PREFIX=/home/pi/CaveBot-ros/install/dwb_critics
[0.296s] -- The C compiler identification is GNU 13.3.0
[0.489s] -- The CXX compiler identification is GNU 13.3.0
[0.533s] -- Detecting C compiler ABI info
[0.840s] -- Detecting C compiler ABI info - done
[0.877s] -- Check for working C compiler: /usr/bin/cc - skipped
[0.879s] -- Detecting C compile features
[0.881s] -- Detecting C compile features - done
[0.912s] -- Detecting CXX compiler ABI info
[1.282s] -- Detecting CXX compiler ABI info - done
[1.322s] -- Check for working CXX compiler: /usr/bin/c++ - skipped
[1.323s] -- Detecting CXX compile features
[1.325s] -- Detecting CXX compile features - done
[1.335s] -- Found ament_cmake: 2.5.4 (/opt/ros/jazzy/share/ament_cmake/cmake)
[1.828s] -- Found Python3: /usr/bin/python3 (found version "3.12.3") found components: Interpreter 
[2.103s] -- Override CMake install command with custom implementation using symlinks instead of copying resources
[2.224s] -- Found nav2_common: 1.3.10 (/home/pi/CaveBot-ros/install/nav2_common/share/nav2_common/cmake)
[2.229s] -- Found angles: 1.16.1 (/opt/ros/jazzy/share/angles/cmake)
[2.234s] -- Found nav2_costmap_2d: 1.3.10 (/home/pi/CaveBot-ros/install/nav2_costmap_2d/share/nav2_costmap_2d/cmake)
[2.411s] -- Found rosidl_generator_c: 4.6.6 (/opt/ros/jazzy/share/rosidl_generator_c/cmake)
[2.461s] -- Found rosidl_generator_cpp: 4.6.6 (/opt/ros/jazzy/share/rosidl_generator_cpp/cmake)
[2.511s] -- Using all available rosidl_typesupport_c: rosidl_typesupport_fastrtps_c;rosidl_typesupport_introspection_c
[2.567s] -- Using all available rosidl_typesupport_cpp: rosidl_typesupport_fastrtps_cpp;rosidl_typesupport_introspection_cpp
[3.237s] -- Found rmw_implementation_cmake: 7.3.2 (/opt/ros/jazzy/share/rmw_implementation_cmake/cmake)
[3.245s] -- Found rmw_fastrtps_cpp: 8.4.3 (/opt/ros/jazzy/share/rmw_fastrtps_cpp/cmake)
[3.525s] -- Found OpenSSL: /usr/lib/aarch64-linux-gnu/libcrypto.so (found version "3.0.13")  
[3.575s] -- Found FastRTPS: /opt/ros/jazzy/include (Required is at least version "2.13") 
[3.632s] -- Using RMW implementation 'rmw_fastrtps_cpp' as default
[4.420s] -- Found eigen3_cmake_module: 0.3.0 (/opt/ros/jazzy/share/eigen3_cmake_module/cmake)
[4.424s] -- Found Eigen3: TRUE (found version "3.4.0") 
[4.427s] -- Ensuring Eigen3 include directory is part of orocos-kdl CMake target
[4.848s] -- Found costmap_queue: 1.3.10 (/home/pi/CaveBot-ros/install/costmap_queue/share/costmap_queue/cmake)
[4.854s] -- Found dwb_core: 1.3.10 (/home/pi/CaveBot-ros/install/dwb_core/share/dwb_core/cmake)
[5.198s] -- Setting build type to Release as none was specified.
[5.434s] -- Found ament_lint_auto: 0.17.3 (/opt/ros/jazzy/share/ament_lint_auto/cmake)
[5.795s] -- Found gtest sources under '/opt/ros/jazzy/src/gtest_vendor': C++ tests using 'Google Test' will be built
[5.801s] -- Performing Test CMAKE_HAVE_LIBC_PTHREAD
[6.111s] -- Performing Test CMAKE_HAVE_LIBC_PTHREAD - Success
[6.117s] -- Found Threads: TRUE  
[6.188s] -- Added test 'cppcheck' to perform static code analysis on C / C++ code
[6.188s] -- Configured cppcheck include dirs: /home/pi/CaveBot-ros/src/navigation2/nav2_dwb_controller/dwb_critics/include
[6.188s] -- Configured cppcheck exclude dirs and/or files: 
[6.195s] -- Added test 'cpplint' to check C / C++ code against the Google style
[6.196s] -- Configured cpplint exclude dirs and/or files: 
[6.205s] -- Added test 'lint_cmake' to check CMake code style
[6.212s] -- Added test 'uncrustify' to check C / C++ code style
[6.212s] -- Configured uncrustify additional arguments: 
[6.214s] -- Added test 'xmllint' to check XML markup files
[6.234s] -- Configuring done (6.1s)
[7.100s] -- Generating done (0.8s)
[7.179s] -- Build files have been written to: /home/pi/CaveBot-ros/build/dwb_critics
[7.239s] Invoked command in '/home/pi/CaveBot-ros/build/dwb_critics' returned '0': AMENT_PREFIX_PATH=/home/pi/CaveBot-ros/install/dwb_core:/home/pi/CaveBot-ros/install/nav2_core:/home/pi/CaveBot-ros/install/costmap_queue:/home/pi/CaveBot-ros/install/nav2_costmap_2d:/home/pi/CaveBot-ros/install/nav_2d_utils:/home/pi/CaveBot-ros/install/nav2_map_server:/home/pi/CaveBot-ros/install/nav2_lifecycle_manager:/home/pi/CaveBot-ros/install/nav2_behavior_tree:/home/pi/CaveBot-ros/install/nav2_util:/home/pi/CaveBot-ros/install/nav2_voxel_grid:/home/pi/CaveBot-ros/install/nav2_msgs:/home/pi/CaveBot-ros/install/dwb_msgs:/home/pi/CaveBot-ros/install/nav_2d_msgs:/home/pi/CaveBot-ros/install/nav2_common:${AMENT_PREFIX_PATH} CMAKE_PREFIX_PATH=/home/pi/CaveBot-ros/install/dwb_core:/home/pi/CaveBot-ros/install/nav2_core:/home/pi/CaveBot-ros/install/costmap_queue:/home/pi/CaveBot-ros/install/nav2_costmap_2d:/home/pi/CaveBot-ros/install/nav_2d_utils:/home/pi/CaveBot-ros/install/nav2_map_server:/home/pi/CaveBot-ros/install/nav2_lifecycle_manager:/home/pi/CaveBot-ros/install/nav2_behavior_tree:/home/pi/CaveBot-ros/install/nav2_util:/home/pi/CaveBot-ros/install/nav2_voxel_grid:/home/pi/CaveBot-ros/install/nav2_msgs:/home/pi/CaveBot-ros/install/dwb_msgs:/home/pi/CaveBot-ros/install/nav_2d_msgs:/home/pi/CaveBot-ros/install/nav2_common:/opt/ros/jazzy/opt/gz_math_vendor:/opt/ros/jazzy/opt/gz_utils_vendor:/opt/ros/jazzy/opt/gz_cmake_vendor:/opt/ros/jazzy DEBUGINFOD_URLS=https://debuginfod.ubuntu.com LD_LIBRARY_PATH=/home/pi/CaveBot-ros/install/dwb_core/lib:/home/pi/CaveBot-ros/install/costmap_queue/lib:/home/pi/CaveBot-ros/install/nav2_costmap_2d/lib:/home/pi/CaveBot-ros/install/nav_2d_utils/lib:/home/pi/CaveBot-ros/install/nav2_map_server/lib:/home/pi/CaveBot-ros/install/nav2_lifecycle_manager/lib:/home/pi/CaveBot-ros/install/nav2_behavior_tree/lib:/home/pi/CaveBot-ros/install/nav2_util/lib:/home/pi/CaveBot-ros/install/nav2_voxel_grid/lib:/home/pi/CaveBot-ros/install/nav2_msgs/lib:/home/pi/CaveBot-ros/install/dwb_msgs/lib:/home/pi/CaveBot-ros/install/nav_2d_msgs/lib:${LD_LIBRARY_PATH} PYTHONPATH=/home/pi/CaveBot-ros/install/nav2_msgs/lib/python3.12/site-packages:/home/pi/CaveBot-ros/install/dwb_msgs/lib/python3.12/site-packages:/home/pi/CaveBot-ros/install/nav_2d_msgs/lib/python3.12/site-packages:/home/pi/CaveBot-ros/install/nav2_common/lib/python3.12/site-packages:${PYTHONPATH} /usr/bin/cmake /home/pi/CaveBot-ros/src/navigation2/nav2_dwb_controller/dwb_critics -DAMENT_CMAKE_SYMLINK_INSTALL=1 -DCMAKE_INSTALL_PREFIX=/home/pi/CaveBot-ros/install/dwb_critics
[7.240s] Invoking command in '/home/pi/CaveBot-ros/build/dwb_critics': AMENT_PREFIX_PATH=/home/pi/CaveBot-ros/install/dwb_core:/home/pi/CaveBot-ros/install/nav2_core:/home/pi/CaveBot-ros/install/costmap_queue:/home/pi/CaveBot-ros/install/nav2_costmap_2d:/home/pi/CaveBot-ros/install/nav_2d_utils:/home/pi/CaveBot-ros/install/nav2_map_server:/home/pi/CaveBot-ros/install/nav2_lifecycle_manager:/home/pi/CaveBot-ros/install/nav2_behavior_tree:/home/pi/CaveBot-ros/install/nav2_util:/home/pi/CaveBot-ros/install/nav2_voxel_grid:/home/pi/CaveBot-ros/install/nav2_msgs:/home/pi/CaveBot-ros/install/dwb_msgs:/home/pi/CaveBot-ros/install/nav_2d_msgs:/home/pi/CaveBot-ros/install/nav2_common:${AMENT_PREFIX_PATH} CMAKE_PREFIX_PATH=/home/pi/CaveBot-ros/install/dwb_core:/home/pi/CaveBot-ros/install/nav2_core:/home/pi/CaveBot-ros/install/costmap_queue:/home/pi/CaveBot-ros/install/nav2_costmap_2d:/home/pi/CaveBot-ros/install/nav_2d_utils:/home/pi/CaveBot-ros/install/nav2_map_server:/home/pi/CaveBot-ros/install/nav2_lifecycle_manager:/home/pi/CaveBot-ros/install/nav2_behavior_tree:/home/pi/CaveBot-ros/install/nav2_util:/home/pi/CaveBot-ros/install/nav2_voxel_grid:/home/pi/CaveBot-ros/install/nav2_msgs:/home/pi/CaveBot-ros/install/dwb_msgs:/home/pi/CaveBot-ros/install/nav_2d_msgs:/home/pi/CaveBot-ros/install/nav2_common:/opt/ros/jazzy/opt/gz_math_vendor:/opt/ros/jazzy/opt/gz_utils_vendor:/opt/ros/jazzy/opt/gz_cmake_vendor:/opt/ros/jazzy DEBUGINFOD_URLS=https://debuginfod.ubuntu.com LD_LIBRARY_PATH=/home/pi/CaveBot-ros/install/dwb_core/lib:/home/pi/CaveBot-ros/install/costmap_queue/lib:/home/pi/CaveBot-ros/install/nav2_costmap_2d/lib:/home/pi/CaveBot-ros/install/nav_2d_utils/lib:/home/pi/CaveBot-ros/install/nav2_map_server/lib:/home/pi/CaveBot-ros/install/nav2_lifecycle_manager/lib:/home/pi/CaveBot-ros/install/nav2_behavior_tree/lib:/home/pi/CaveBot-ros/install/nav2_util/lib:/home/pi/CaveBot-ros/install/nav2_voxel_grid/lib:/home/pi/CaveBot-ros/install/nav2_msgs/lib:/home/pi/CaveBot-ros/install/dwb_msgs/lib:/home/pi/CaveBot-ros/install/nav_2d_msgs/lib:${LD_LIBRARY_PATH} PYTHONPATH=/home/pi/CaveBot-ros/install/nav2_msgs/lib/python3.12/site-packages:/home/pi/CaveBot-ros/install/dwb_msgs/lib/python3.12/site-packages:/home/pi/CaveBot-ros/install/nav_2d_msgs/lib/python3.12/site-packages:/home/pi/CaveBot-ros/install/nav2_common/lib/python3.12/site-packages:${PYTHONPATH} /usr/bin/cmake --build /home/pi/CaveBot-ros/build/dwb_critics -- -j4 -l4
[7.418s] [  3%] Building CXX object CMakeFiles/dwb_critics.dir/src/alignment_util.cpp.o
[9.308s] [  7%] Building CXX object CMakeFiles/dwb_critics.dir/src/map_grid.cpp.o
[26.448s] [ 11%] Building CXX object CMakeFiles/dwb_critics.dir/src/goal_dist.cpp.o
[42.314s] [ 14%] Building CXX object CMakeFiles/dwb_critics.dir/src/path_dist.cpp.o
[59.245s] [ 18%] Building CXX object CMakeFiles/dwb_critics.dir/src/goal_align.cpp.o
[74.642s] [ 22%] Building CXX object CMakeFiles/dwb_critics.dir/src/path_align.cpp.o
[90.806s] [ 25%] Building CXX object CMakeFiles/dwb_critics.dir/src/base_obstacle.cpp.o
[107.122s] [ 29%] Building CXX object CMakeFiles/dwb_critics.dir/src/obstacle_footprint.cpp.o
[125.082s] [ 33%] Building CXX object CMakeFiles/dwb_critics.dir/src/oscillation.cpp.o
[141.912s] [ 37%] Building CXX object CMakeFiles/dwb_critics.dir/src/prefer_forward.cpp.o
[158.856s] [ 40%] Building CXX object CMakeFiles/dwb_critics.dir/src/rotate_to_goal.cpp.o
[174.591s] [ 44%] Building CXX object CMakeFiles/dwb_critics.dir/src/twirling.cpp.o
[192.354s] [ 48%] Linking CXX shared library libdwb_critics.so
[194.226s] [ 48%] Built target dwb_critics
[194.297s] [ 51%] Building CXX object gtest/CMakeFiles/gtest.dir/src/gtest-all.cc.o
[220.825s] [ 55%] Linking CXX static library libgtest.a
[220.980s] [ 55%] Built target gtest
[221.050s] [ 59%] Building CXX object gtest/CMakeFiles/gtest_main.dir/src/gtest_main.cc.o
[223.787s] [ 62%] Linking CXX static library libgtest_main.a
[223.900s] [ 62%] Built target gtest_main
[223.981s] [ 66%] Building CXX object test/CMakeFiles/prefer_forward_tests.dir/prefer_forward_test.cpp.o
[244.348s] [ 70%] Linking CXX executable prefer_forward_tests
[246.246s] [ 70%] Built target prefer_forward_tests
[246.321s] [ 74%] Building CXX object test/CMakeFiles/alignment_util_tests.dir/alignment_util_test.cpp.o
[256.202s] [ 77%] Linking CXX executable alignment_util_tests
[257.609s] [ 77%] Built target alignment_util_tests
[257.701s] [ 81%] Building CXX object test/CMakeFiles/twirling_tests.dir/twirling_test.cpp.o
[275.280s] [ 85%] Linking CXX executable twirling_tests
[277.034s] [ 85%] Built target twirling_tests
[277.107s] [ 88%] Building CXX object test/CMakeFiles/obstacle_footprint_tests.dir/obstacle_footprint_test.cpp.o
[297.203s] [ 92%] Linking CXX executable obstacle_footprint_tests
[299.001s] [ 92%] Built target obstacle_footprint_tests
[299.063s] [ 96%] Building CXX object test/CMakeFiles/base_obstacle_tests.dir/base_obstacle_test.cpp.o
[317.931s] [100%] Linking CXX executable base_obstacle_tests
[319.758s] [100%] Built target base_obstacle_tests
[319.803s] Invoked command in '/home/pi/CaveBot-ros/build/dwb_critics' returned '0': AMENT_PREFIX_PATH=/home/pi/CaveBot-ros/install/dwb_core:/home/pi/CaveBot-ros/install/nav2_core:/home/pi/CaveBot-ros/install/costmap_queue:/home/pi/CaveBot-ros/install/nav2_costmap_2d:/home/pi/CaveBot-ros/install/nav_2d_utils:/home/pi/CaveBot-ros/install/nav2_map_server:/home/pi/CaveBot-ros/install/nav2_lifecycle_manager:/home/pi/CaveBot-ros/install/nav2_behavior_tree:/home/pi/CaveBot-ros/install/nav2_util:/home/pi/CaveBot-ros/install/nav2_voxel_grid:/home/pi/CaveBot-ros/install/nav2_msgs:/home/pi/CaveBot-ros/install/dwb_msgs:/home/pi/CaveBot-ros/install/nav_2d_msgs:/home/pi/CaveBot-ros/install/nav2_common:${AMENT_PREFIX_PATH} CMAKE_PREFIX_PATH=/home/pi/CaveBot-ros/install/dwb_core:/home/pi/CaveBot-ros/install/nav2_core:/home/pi/CaveBot-ros/install/costmap_queue:/home/pi/CaveBot-ros/install/nav2_costmap_2d:/home/pi/CaveBot-ros/install/nav_2d_utils:/home/pi/CaveBot-ros/install/nav2_map_server:/home/pi/CaveBot-ros/install/nav2_lifecycle_manager:/home/pi/CaveBot-ros/install/nav2_behavior_tree:/home/pi/CaveBot-ros/install/nav2_util:/home/pi/CaveBot-ros/install/nav2_voxel_grid:/home/pi/CaveBot-ros/install/nav2_msgs:/home/pi/CaveBot-ros/install/dwb_msgs:/home/pi/CaveBot-ros/install/nav_2d_msgs:/home/pi/CaveBot-ros/install/nav2_common:/opt/ros/jazzy/opt/gz_math_vendor:/opt/ros/jazzy/opt/gz_utils_vendor:/opt/ros/jazzy/opt/gz_cmake_vendor:/opt/ros/jazzy DEBUGINFOD_URLS=https://debuginfod.ubuntu.com LD_LIBRARY_PATH=/home/pi/CaveBot-ros/install/dwb_core/lib:/home/pi/CaveBot-ros/install/costmap_queue/lib:/home/pi/CaveBot-ros/install/nav2_costmap_2d/lib:/home/pi/CaveBot-ros/install/nav_2d_utils/lib:/home/pi/CaveBot-ros/install/nav2_map_server/lib:/home/pi/CaveBot-ros/install/nav2_lifecycle_manager/lib:/home/pi/CaveBot-ros/install/nav2_behavior_tree/lib:/home/pi/CaveBot-ros/install/nav2_util/lib:/home/pi/CaveBot-ros/install/nav2_voxel_grid/lib:/home/pi/CaveBot-ros/install/nav2_msgs/lib:/home/pi/CaveBot-ros/install/dwb_msgs/lib:/home/pi/CaveBot-ros/install/nav_2d_msgs/lib:${LD_LIBRARY_PATH} PYTHONPATH=/home/pi/CaveBot-ros/install/nav2_msgs/lib/python3.12/site-packages:/home/pi/CaveBot-ros/install/dwb_msgs/lib/python3.12/site-packages:/home/pi/CaveBot-ros/install/nav_2d_msgs/lib/python3.12/site-packages:/home/pi/CaveBot-ros/install/nav2_common/lib/python3.12/site-packages:${PYTHONPATH} /usr/bin/cmake --build /home/pi/CaveBot-ros/build/dwb_critics -- -j4 -l4
[319.806s] Invoking command in '/home/pi/CaveBot-ros/build/dwb_critics': AMENT_PREFIX_PATH=/home/pi/CaveBot-ros/install/dwb_core:/home/pi/CaveBot-ros/install/nav2_core:/home/pi/CaveBot-ros/install/costmap_queue:/home/pi/CaveBot-ros/install/nav2_costmap_2d:/home/pi/CaveBot-ros/install/nav_2d_utils:/home/pi/CaveBot-ros/install/nav2_map_server:/home/pi/CaveBot-ros/install/nav2_lifecycle_manager:/home/pi/CaveBot-ros/install/nav2_behavior_tree:/home/pi/CaveBot-ros/install/nav2_util:/home/pi/CaveBot-ros/install/nav2_voxel_grid:/home/pi/CaveBot-ros/install/nav2_msgs:/home/pi/CaveBot-ros/install/dwb_msgs:/home/pi/CaveBot-ros/install/nav_2d_msgs:/home/pi/CaveBot-ros/install/nav2_common:${AMENT_PREFIX_PATH} CMAKE_PREFIX_PATH=/home/pi/CaveBot-ros/install/dwb_core:/home/pi/CaveBot-ros/install/nav2_core:/home/pi/CaveBot-ros/install/costmap_queue:/home/pi/CaveBot-ros/install/nav2_costmap_2d:/home/pi/CaveBot-ros/install/nav_2d_utils:/home/pi/CaveBot-ros/install/nav2_map_server:/home/pi/CaveBot-ros/install/nav2_lifecycle_manager:/home/pi/CaveBot-ros/install/nav2_behavior_tree:/home/pi/CaveBot-ros/install/nav2_util:/home/pi/CaveBot-ros/install/nav2_voxel_grid:/home/pi/CaveBot-ros/install/nav2_msgs:/home/pi/CaveBot-ros/install/dwb_msgs:/home/pi/CaveBot-ros/install/nav_2d_msgs:/home/pi/CaveBot-ros/install/nav2_common:/opt/ros/jazzy/opt/gz_math_vendor:/opt/ros/jazzy/opt/gz_utils_vendor:/opt/ros/jazzy/opt/gz_cmake_vendor:/opt/ros/jazzy DEBUGINFOD_URLS=https://debuginfod.ubuntu.com LD_LIBRARY_PATH=/home/pi/CaveBot-ros/install/dwb_core/lib:/home/pi/CaveBot-ros/install/costmap_queue/lib:/home/pi/CaveBot-ros/install/nav2_costmap_2d/lib:/home/pi/CaveBot-ros/install/nav_2d_utils/lib:/home/pi/CaveBot-ros/install/nav2_map_server/lib:/home/pi/CaveBot-ros/install/nav2_lifecycle_manager/lib:/home/pi/CaveBot-ros/install/nav2_behavior_tree/lib:/home/pi/CaveBot-ros/install/nav2_util/lib:/home/pi/CaveBot-ros/install/nav2_voxel_grid/lib:/home/pi/CaveBot-ros/install/nav2_msgs/lib:/home/pi/CaveBot-ros/install/dwb_msgs/lib:/home/pi/CaveBot-ros/install/nav_2d_msgs/lib:${LD_LIBRARY_PATH} PYTHONPATH=/home/pi/CaveBot-ros/install/nav2_msgs/lib/python3.12/site-packages:/home/pi/CaveBot-ros/install/dwb_msgs/lib/python3.12/site-packages:/home/pi/CaveBot-ros/install/nav_2d_msgs/lib/python3.12/site-packages:/home/pi/CaveBot-ros/install/nav2_common/lib/python3.12/site-packages:${PYTHONPATH} /usr/bin/cmake --install /home/pi/CaveBot-ros/build/dwb_critics
[319.837s] -- Install configuration: "Release"
[319.841s] -- Execute custom install script
[319.842s] -- Symlinking: /home/pi/CaveBot-ros/install/dwb_critics/lib/libdwb_critics.so
[319.877s] -- Symlinking: /home/pi/CaveBot-ros/install/dwb_critics/include//dwb_critics/alignment_util.hpp
[319.907s] -- Symlinking: /home/pi/CaveBot-ros/install/dwb_critics/include//dwb_critics/base_obstacle.hpp
[319.934s] -- Symlinking: /home/pi/CaveBot-ros/install/dwb_critics/include//dwb_critics/goal_align.hpp
[319.966s] -- Symlinking: /home/pi/CaveBot-ros/install/dwb_critics/include//dwb_critics/goal_dist.hpp
[319.994s] -- Symlinking: /home/pi/CaveBot-ros/install/dwb_critics/include//dwb_critics/line_iterator.hpp
[320.028s] -- Symlinking: /home/pi/CaveBot-ros/install/dwb_critics/include//dwb_critics/map_grid.hpp
[320.064s] -- Symlinking: /home/pi/CaveBot-ros/install/dwb_critics/include//dwb_critics/obstacle_footprint.hpp
[320.094s] -- Symlinking: /home/pi/CaveBot-ros/install/dwb_critics/include//dwb_critics/oscillation.hpp
[320.129s] -- Symlinking: /home/pi/CaveBot-ros/install/dwb_critics/include//dwb_critics/path_align.hpp
[320.163s] -- Symlinking: /home/pi/CaveBot-ros/install/dwb_critics/include//dwb_critics/path_dist.hpp
[320.199s] -- Symlinking: /home/pi/CaveBot-ros/install/dwb_critics/include//dwb_critics/prefer_forward.hpp
[320.233s] -- Symlinking: /home/pi/CaveBot-ros/install/dwb_critics/include//dwb_critics/rotate_to_goal.hpp
[320.268s] -- Symlinking: /home/pi/CaveBot-ros/install/dwb_critics/include//dwb_critics/twirling.hpp
[320.304s] -- Symlinking: /home/pi/CaveBot-ros/install/dwb_critics/share/dwb_critics/default_critics.xml
[320.336s] -- Symlinking: /home/pi/CaveBot-ros/install/dwb_critics/share/dwb_critics/environment/library_path.sh
[320.363s] -- Symlinking: /home/pi/CaveBot-ros/install/dwb_critics/share/dwb_critics/environment/library_path.dsv
[320.390s] -- Up-to-date symlink: /home/pi/CaveBot-ros/install/dwb_critics/share/dwb_critics//default_critics.xml
[320.390s] -- Symlinking: /home/pi/CaveBot-ros/install/dwb_critics/share/ament_index/resource_index/package_run_dependencies/dwb_critics
[320.422s] -- Symlinking: /home/pi/CaveBot-ros/install/dwb_critics/share/ament_index/resource_index/parent_prefix_path/dwb_critics
[320.457s] -- Symlinking: /home/pi/CaveBot-ros/install/dwb_critics/share/dwb_critics/environment/ament_prefix_path.sh
[320.491s] -- Symlinking: /home/pi/CaveBot-ros/install/dwb_critics/share/dwb_critics/environment/ament_prefix_path.dsv
[320.531s] -- Symlinking: /home/pi/CaveBot-ros/install/dwb_critics/share/dwb_critics/environment/path.sh
[320.567s] -- Symlinking: /home/pi/CaveBot-ros/install/dwb_critics/share/dwb_critics/environment/path.dsv
[320.608s] -- Symlinking: /home/pi/CaveBot-ros/install/dwb_critics/share/dwb_critics/local_setup.bash
[320.652s] -- Symlinking: /home/pi/CaveBot-ros/install/dwb_critics/share/dwb_critics/local_setup.sh
[320.693s] -- Symlinking: /home/pi/CaveBot-ros/install/dwb_critics/share/dwb_critics/local_setup.zsh
[320.734s] -- Symlinking: /home/pi/CaveBot-ros/install/dwb_critics/share/dwb_critics/local_setup.dsv
[320.766s] -- Symlinking: /home/pi/CaveBot-ros/install/dwb_critics/share/dwb_critics/package.dsv
[320.806s] -- Symlinking: /home/pi/CaveBot-ros/install/dwb_critics/share/ament_index/resource_index/packages/dwb_critics
[320.848s] -- Symlinking: /home/pi/CaveBot-ros/install/dwb_critics/share/ament_index/resource_index/dwb_core__pluginlib__plugin/dwb_critics
[320.891s] -- Symlinking: /home/pi/CaveBot-ros/install/dwb_critics/share/dwb_critics/cmake/ament_cmake_export_include_directories-extras.cmake
[320.934s] -- Symlinking: /home/pi/CaveBot-ros/install/dwb_critics/share/dwb_critics/cmake/ament_cmake_export_libraries-extras.cmake
[320.977s] -- Symlinking: /home/pi/CaveBot-ros/install/dwb_critics/share/dwb_critics/cmake/ament_cmake_export_dependencies-extras.cmake
[321.022s] -- Symlinking: /home/pi/CaveBot-ros/install/dwb_critics/share/dwb_critics/cmake/dwb_criticsConfig.cmake
[321.070s] -- Symlinking: /home/pi/CaveBot-ros/install/dwb_critics/share/dwb_critics/cmake/dwb_criticsConfig-version.cmake
[321.107s] -- Symlinking: /home/pi/CaveBot-ros/install/dwb_critics/share/dwb_critics/package.xml
[321.160s] Invoked command in '/home/pi/CaveBot-ros/build/dwb_critics' returned '0': AMENT_PREFIX_PATH=/home/pi/CaveBot-ros/install/dwb_core:/home/pi/CaveBot-ros/install/nav2_core:/home/pi/CaveBot-ros/install/costmap_queue:/home/pi/CaveBot-ros/install/nav2_costmap_2d:/home/pi/CaveBot-ros/install/nav_2d_utils:/home/pi/CaveBot-ros/install/nav2_map_server:/home/pi/CaveBot-ros/install/nav2_lifecycle_manager:/home/pi/CaveBot-ros/install/nav2_behavior_tree:/home/pi/CaveBot-ros/install/nav2_util:/home/pi/CaveBot-ros/install/nav2_voxel_grid:/home/pi/CaveBot-ros/install/nav2_msgs:/home/pi/CaveBot-ros/install/dwb_msgs:/home/pi/CaveBot-ros/install/nav_2d_msgs:/home/pi/CaveBot-ros/install/nav2_common:${AMENT_PREFIX_PATH} CMAKE_PREFIX_PATH=/home/pi/CaveBot-ros/install/dwb_core:/home/pi/CaveBot-ros/install/nav2_core:/home/pi/CaveBot-ros/install/costmap_queue:/home/pi/CaveBot-ros/install/nav2_costmap_2d:/home/pi/CaveBot-ros/install/nav_2d_utils:/home/pi/CaveBot-ros/install/nav2_map_server:/home/pi/CaveBot-ros/install/nav2_lifecycle_manager:/home/pi/CaveBot-ros/install/nav2_behavior_tree:/home/pi/CaveBot-ros/install/nav2_util:/home/pi/CaveBot-ros/install/nav2_voxel_grid:/home/pi/CaveBot-ros/install/nav2_msgs:/home/pi/CaveBot-ros/install/dwb_msgs:/home/pi/CaveBot-ros/install/nav_2d_msgs:/home/pi/CaveBot-ros/install/nav2_common:/opt/ros/jazzy/opt/gz_math_vendor:/opt/ros/jazzy/opt/gz_utils_vendor:/opt/ros/jazzy/opt/gz_cmake_vendor:/opt/ros/jazzy DEBUGINFOD_URLS=https://debuginfod.ubuntu.com LD_LIBRARY_PATH=/home/pi/CaveBot-ros/install/dwb_core/lib:/home/pi/CaveBot-ros/install/costmap_queue/lib:/home/pi/CaveBot-ros/install/nav2_costmap_2d/lib:/home/pi/CaveBot-ros/install/nav_2d_utils/lib:/home/pi/CaveBot-ros/install/nav2_map_server/lib:/home/pi/CaveBot-ros/install/nav2_lifecycle_manager/lib:/home/pi/CaveBot-ros/install/nav2_behavior_tree/lib:/home/pi/CaveBot-ros/install/nav2_util/lib:/home/pi/CaveBot-ros/install/nav2_voxel_grid/lib:/home/pi/CaveBot-ros/install/nav2_msgs/lib:/home/pi/CaveBot-ros/install/dwb_msgs/lib:/home/pi/CaveBot-ros/install/nav_2d_msgs/lib:${LD_LIBRARY_PATH} PYTHONPATH=/home/pi/CaveBot-ros/install/nav2_msgs/lib/python3.12/site-packages:/home/pi/CaveBot-ros/install/dwb_msgs/lib/python3.12/site-packages:/home/pi/CaveBot-ros/install/nav_2d_msgs/lib/python3.12/site-packages:/home/pi/CaveBot-ros/install/nav2_common/lib/python3.12/site-packages:${PYTHONPATH} /usr/bin/cmake --install /home/pi/CaveBot-ros/build/dwb_critics
