-- The C compiler identification is GNU 13.3.0
-- The CXX compiler identification is GNU 13.3.0
-- Detecting C compiler ABI info
-- Detecting C compiler ABI info - done
-- Check for working C compiler: /usr/bin/cc - skipped
-- Detecting C compile features
-- Detecting C compile features - done
-- Detecting CXX compiler ABI info
-- Detecting CXX compiler ABI info - done
-- Check for working CXX compiler: /usr/bin/c++ - skipped
-- Detecting CXX compile features
-- Detecting CXX compile features - done
-- Found ament_cmake: 2.5.4 (/opt/ros/jazzy/share/ament_cmake/cmake)
-- Found Python3: /usr/bin/python3 (found version "3.12.3") found components: Interpreter 
-- Override CMake install command with custom implementation using symlinks instead of copying resources
-- Found nav2_common: 1.3.10 (/home/pi/CaveBot-ros/install/nav2_common/share/nav2_common/cmake)
-- Found rclcpp: 28.1.12 (/opt/ros/jazzy/share/rclcpp/cmake)
-- Found rosidl_generator_c: 4.6.6 (/opt/ros/jazzy/share/rosidl_generator_c/cmake)
-- Found rosidl_generator_cpp: 4.6.6 (/opt/ros/jazzy/share/rosidl_generator_cpp/cmake)
-- Using all available rosidl_typesupport_c: rosidl_typesupport_fastrtps_c;rosidl_typesupport_introspection_c
-- Using all available rosidl_typesupport_cpp: rosidl_typesupport_fastrtps_cpp;rosidl_typesupport_introspection_cpp
-- Found rmw_implementation_cmake: 7.3.2 (/opt/ros/jazzy/share/rmw_implementation_cmake/cmake)
-- Found rmw_fastrtps_cpp: 8.4.3 (/opt/ros/jazzy/share/rmw_fastrtps_cpp/cmake)
-- Found OpenSSL: /usr/lib/aarch64-linux-gnu/libcrypto.so (found version "3.0.13")  
-- Found FastRTPS: /opt/ros/jazzy/include (Required is at least version "2.13") 
-- Using RMW implementation 'rmw_fastrtps_cpp' as default
-- Found rclcpp_action: 28.1.12 (/opt/ros/jazzy/share/rclcpp_action/cmake)
-- Found rclcpp_lifecycle: 28.1.12 (/opt/ros/jazzy/share/rclcpp_lifecycle/cmake)
-- Found std_msgs: 5.3.6 (/opt/ros/jazzy/share/std_msgs/cmake)
-- Found visualization_msgs: 5.3.6 (/opt/ros/jazzy/share/visualization_msgs/cmake)
-- Found nav2_util: 1.3.10 (/home/pi/CaveBot-ros/install/nav2_util/share/nav2_util/cmake)
-- Found eigen3_cmake_module: 0.3.0 (/opt/ros/jazzy/share/eigen3_cmake_module/cmake)
-- Found Eigen3: TRUE (found version "3.4.0") 
-- Ensuring Eigen3 include directory is part of orocos-kdl CMake target
-- Found nav2_core: 1.3.10 (/home/pi/CaveBot-ros/install/nav2_core/share/nav2_core/cmake)
-- Found Boost: /usr/lib/aarch64-linux-gnu/cmake/Boost-1.83.0/BoostConfig.cmake (found version "1.83.0") found components: serialization filesystem system 
-- Found ompl: /opt/ros/jazzy/include/ompl-1.7;/usr/include;/usr/include/eigen3  
-- Found ament_lint_auto: 0.17.3 (/opt/ros/jazzy/share/ament_lint_auto/cmake)
-- Found gtest sources under '/opt/ros/jazzy/src/gtest_vendor': C++ tests using 'Google Test' will be built
-- Found Threads: TRUE  
-- Added test 'copyright' to check source files copyright and LICENSE
-- Added test 'cppcheck' to perform static code analysis on C / C++ code
-- Configured cppcheck include dirs: /home/pi/CaveBot-ros/src/navigation2/nav2_smac_planner/include
-- Configured cppcheck exclude dirs and/or files: include/nav2_smac_planner/thirdparty/robin_hood.h
-- Added test 'cpplint' to check C / C++ code against the Google style
-- Configured cpplint exclude dirs and/or files: include/nav2_smac_planner/thirdparty/robin_hood.h
-- Added test 'flake8' to check Python code syntax and style conventions
-- Configured 'flake8' exclude dirs and/or files: include/nav2_smac_planner/thirdparty/robin_hood.h
-- Added test 'lint_cmake' to check CMake code style
-- Added test 'pep257' to check Python code against some of the docstring style conventions in PEP 257
-- Added test 'uncrustify' to check C / C++ code style
-- Configured uncrustify additional arguments: 
-- Added test 'xmllint' to check XML markup files
-- Configuring done (6.9s)
-- Generating done (2.1s)
-- Build files have been written to: /home/pi/CaveBot-ros/build/nav2_smac_planner
[  1%] Building CXX object CMakeFiles/nav2_smac_planner.dir/src/smac_planner_hybrid.cpp.o
[  3%] Building CXX object CMakeFiles/nav2_smac_planner.dir/src/a_star.cpp.o
[  4%] Building CXX object CMakeFiles/nav2_smac_planner.dir/src/collision_checker.cpp.o
[  6%] Building CXX object CMakeFiles/nav2_smac_planner.dir/src/smoother.cpp.o
[  8%] Building CXX object CMakeFiles/nav2_smac_planner.dir/src/analytic_expansion.cpp.o
[  9%] Building CXX object CMakeFiles/nav2_smac_planner.dir/src/node_hybrid.cpp.o
[ 11%] Building CXX object CMakeFiles/nav2_smac_planner.dir/src/node_lattice.cpp.o
[ 13%] Building CXX object CMakeFiles/nav2_smac_planner.dir/src/costmap_downsampler.cpp.o
[ 14%] Building CXX object CMakeFiles/nav2_smac_planner.dir/src/node_2d.cpp.o
[ 16%] Building CXX object CMakeFiles/nav2_smac_planner.dir/src/node_basic.cpp.o
[ 18%] Linking CXX shared library libnav2_smac_planner.so
[ 18%] Built target nav2_smac_planner
[ 19%] Building CXX object gtest/CMakeFiles/gtest_main.dir/src/gtest_main.cc.o
[ 21%] Linking CXX static library libgtest_main.a
[ 21%] Built target gtest_main
[ 22%] Building CXX object gtest/CMakeFiles/gtest.dir/src/gtest-all.cc.o
[ 24%] Linking CXX static library libgtest.a
[ 24%] Built target gtest
[ 26%] Building CXX object CMakeFiles/nav2_smac_planner_lattice.dir/src/smac_planner_lattice.cpp.o
[ 27%] Building CXX object CMakeFiles/nav2_smac_planner_lattice.dir/src/a_star.cpp.o
[ 29%] Building CXX object CMakeFiles/nav2_smac_planner_lattice.dir/src/smoother.cpp.o
[ 31%] Building CXX object CMakeFiles/nav2_smac_planner_lattice.dir/src/collision_checker.cpp.o
[ 32%] Building CXX object CMakeFiles/nav2_smac_planner_lattice.dir/src/analytic_expansion.cpp.o
[ 34%] Building CXX object CMakeFiles/nav2_smac_planner_lattice.dir/src/node_hybrid.cpp.o
[ 36%] Building CXX object CMakeFiles/nav2_smac_planner_lattice.dir/src/node_lattice.cpp.o
[ 37%] Building CXX object CMakeFiles/nav2_smac_planner_lattice.dir/src/costmap_downsampler.cpp.o
[ 39%] Building CXX object CMakeFiles/nav2_smac_planner_lattice.dir/src/node_2d.cpp.o
[ 40%] Building CXX object CMakeFiles/nav2_smac_planner_lattice.dir/src/node_basic.cpp.o
[ 42%] Linking CXX shared library libnav2_smac_planner_lattice.so
[ 42%] Built target nav2_smac_planner_lattice
[ 44%] Building CXX object test/CMakeFiles/test_costmap_downsampler.dir/test_costmap_downsampler.cpp.o
[ 45%] Linking CXX executable test_costmap_downsampler
[ 45%] Built target test_costmap_downsampler
[ 47%] Building CXX object test/CMakeFiles/test_node2d.dir/test_node2d.cpp.o
[ 49%] Linking CXX executable test_node2d
[ 49%] Built target test_node2d
[ 50%] Building CXX object test/CMakeFiles/test_nodehybrid.dir/test_nodehybrid.cpp.o
[ 52%] Linking CXX executable test_nodehybrid
[ 52%] Built target test_nodehybrid
[ 54%] Building CXX object test/CMakeFiles/test_nodebasic.dir/test_nodebasic.cpp.o
[ 55%] Linking CXX executable test_nodebasic
[ 55%] Built target test_nodebasic
[ 57%] Building CXX object test/CMakeFiles/test_collision_checker.dir/test_collision_checker.cpp.o
[ 59%] Linking CXX executable test_collision_checker
[ 59%] Built target test_collision_checker
[ 60%] Building CXX object test/CMakeFiles/test_a_star.dir/test_a_star.cpp.o
[ 62%] Linking CXX executable test_a_star
[ 62%] Built target test_a_star
[ 63%] Building CXX object test/CMakeFiles/test_smac_hybrid.dir/test_smac_hybrid.cpp.o
[ 65%] Linking CXX executable test_smac_hybrid
[ 65%] Built target test_smac_hybrid
[ 67%] Building CXX object test/CMakeFiles/test_smac_lattice.dir/test_smac_lattice.cpp.o
[ 68%] Linking CXX executable test_smac_lattice
[ 68%] Built target test_smac_lattice
[ 70%] Building CXX object test/CMakeFiles/test_lattice_node.dir/test_nodelattice.cpp.o
[ 72%] Linking CXX executable test_lattice_node
[ 72%] Built target test_lattice_node
[ 73%] Building CXX object test/CMakeFiles/test_utils.dir/test_utils.cpp.o
[ 75%] Linking CXX executable test_utils
[ 75%] Built target test_utils
[ 77%] Building CXX object CMakeFiles/nav2_smac_planner_2d.dir/src/smac_planner_2d.cpp.o
[ 78%] Building CXX object CMakeFiles/nav2_smac_planner_2d.dir/src/collision_checker.cpp.o
[ 80%] Building CXX object CMakeFiles/nav2_smac_planner_2d.dir/src/analytic_expansion.cpp.o
[ 81%] Building CXX object CMakeFiles/nav2_smac_planner_2d.dir/src/node_hybrid.cpp.o
[ 83%] Building CXX object CMakeFiles/nav2_smac_planner_2d.dir/src/node_lattice.cpp.o
[ 85%] Building CXX object CMakeFiles/nav2_smac_planner_2d.dir/src/costmap_downsampler.cpp.o
[ 86%] Building CXX object CMakeFiles/nav2_smac_planner_2d.dir/src/node_2d.cpp.o
[ 88%] Building CXX object CMakeFiles/nav2_smac_planner_2d.dir/src/node_basic.cpp.o
[ 90%] Building CXX object CMakeFiles/nav2_smac_planner_2d.dir/src/smoother.cpp.o
[ 91%] Building CXX object CMakeFiles/nav2_smac_planner_2d.dir/src/a_star.cpp.o
[ 93%] Linking CXX shared library libnav2_smac_planner_2d.so
[ 93%] Built target nav2_smac_planner_2d
[ 95%] Building CXX object test/CMakeFiles/test_smac_2d.dir/test_smac_2d.cpp.o
[ 96%] Linking CXX executable test_smac_2d
[ 96%] Built target test_smac_2d
[ 98%] Building CXX object test/CMakeFiles/test_smoother.dir/test_smoother.cpp.o
[100%] Linking CXX executable test_smoother
[100%] Built target test_smoother
-- Install configuration: "Release"
-- Execute custom install script
-- Symlinking: /home/pi/CaveBot-ros/install/nav2_smac_planner/share/nav2_smac_planner//smac_plugin_hybrid.xml
-- Symlinking: /home/pi/CaveBot-ros/install/nav2_smac_planner/share/nav2_smac_planner//smac_plugin_2d.xml
-- Symlinking: /home/pi/CaveBot-ros/install/nav2_smac_planner/share/nav2_smac_planner//smac_plugin_lattice.xml
-- Symlinking: /home/pi/CaveBot-ros/install/nav2_smac_planner/lib/libnav2_smac_planner.so
-- Symlinking: /home/pi/CaveBot-ros/install/nav2_smac_planner/lib/libnav2_smac_planner_2d.so
-- Symlinking: /home/pi/CaveBot-ros/install/nav2_smac_planner/lib/libnav2_smac_planner_lattice.so
-- Symlinking: /home/pi/CaveBot-ros/install/nav2_smac_planner/include//nav2_smac_planner/a_star.hpp
-- Symlinking: /home/pi/CaveBot-ros/install/nav2_smac_planner/include//nav2_smac_planner/analytic_expansion.hpp
-- Symlinking: /home/pi/CaveBot-ros/install/nav2_smac_planner/include//nav2_smac_planner/collision_checker.hpp
-- Symlinking: /home/pi/CaveBot-ros/install/nav2_smac_planner/include//nav2_smac_planner/constants.hpp
-- Symlinking: /home/pi/CaveBot-ros/install/nav2_smac_planner/include//nav2_smac_planner/costmap_downsampler.hpp
-- Symlinking: /home/pi/CaveBot-ros/install/nav2_smac_planner/include//nav2_smac_planner/node_2d.hpp
-- Symlinking: /home/pi/CaveBot-ros/install/nav2_smac_planner/include//nav2_smac_planner/node_basic.hpp
-- Symlinking: /home/pi/CaveBot-ros/install/nav2_smac_planner/include//nav2_smac_planner/node_hybrid.hpp
-- Symlinking: /home/pi/CaveBot-ros/install/nav2_smac_planner/include//nav2_smac_planner/node_lattice.hpp
-- Symlinking: /home/pi/CaveBot-ros/install/nav2_smac_planner/include//nav2_smac_planner/smac_planner_2d.hpp
-- Symlinking: /home/pi/CaveBot-ros/install/nav2_smac_planner/include//nav2_smac_planner/smac_planner_hybrid.hpp
-- Symlinking: /home/pi/CaveBot-ros/install/nav2_smac_planner/include//nav2_smac_planner/smac_planner_lattice.hpp
-- Symlinking: /home/pi/CaveBot-ros/install/nav2_smac_planner/include//nav2_smac_planner/smoother.hpp
-- Symlinking: /home/pi/CaveBot-ros/install/nav2_smac_planner/include//nav2_smac_planner/thirdparty/robin_hood.h
-- Symlinking: /home/pi/CaveBot-ros/install/nav2_smac_planner/include//nav2_smac_planner/types.hpp
-- Symlinking: /home/pi/CaveBot-ros/install/nav2_smac_planner/include//nav2_smac_planner/utils.hpp
-- Symlinking: /home/pi/CaveBot-ros/install/nav2_smac_planner/share/nav2_smac_planner/sample_primitives/5cm_resolution/0.5m_turning_radius/ackermann/output.json
-- Symlinking: /home/pi/CaveBot-ros/install/nav2_smac_planner/share/nav2_smac_planner/sample_primitives/5cm_resolution/0.5m_turning_radius/all_trajectories.png
-- Symlinking: /home/pi/CaveBot-ros/install/nav2_smac_planner/share/nav2_smac_planner/sample_primitives/5cm_resolution/0.5m_turning_radius/diff/output.json
-- Symlinking: /home/pi/CaveBot-ros/install/nav2_smac_planner/share/nav2_smac_planner/sample_primitives/5cm_resolution/0.5m_turning_radius/omni/output.json
-- Symlinking: /home/pi/CaveBot-ros/install/nav2_smac_planner/share/nav2_smac_planner/sample_primitives/5cm_resolution/1m_turning_radius/ackermann/output.json
-- Symlinking: /home/pi/CaveBot-ros/install/nav2_smac_planner/share/nav2_smac_planner/sample_primitives/5cm_resolution/1m_turning_radius/all_trajectories.png
-- Symlinking: /home/pi/CaveBot-ros/install/nav2_smac_planner/share/nav2_smac_planner/sample_primitives/5cm_resolution/1m_turning_radius/diff/output.json
-- Symlinking: /home/pi/CaveBot-ros/install/nav2_smac_planner/share/nav2_smac_planner/sample_primitives/5cm_resolution/1m_turning_radius/omni/output.json
-- Symlinking: /home/pi/CaveBot-ros/install/nav2_smac_planner/share/nav2_smac_planner/environment/library_path.sh
-- Symlinking: /home/pi/CaveBot-ros/install/nav2_smac_planner/share/nav2_smac_planner/environment/library_path.dsv
-- Symlinking: /home/pi/CaveBot-ros/install/nav2_smac_planner/share/ament_index/resource_index/package_run_dependencies/nav2_smac_planner
-- Symlinking: /home/pi/CaveBot-ros/install/nav2_smac_planner/share/ament_index/resource_index/parent_prefix_path/nav2_smac_planner
-- Symlinking: /home/pi/CaveBot-ros/install/nav2_smac_planner/share/nav2_smac_planner/environment/ament_prefix_path.sh
-- Symlinking: /home/pi/CaveBot-ros/install/nav2_smac_planner/share/nav2_smac_planner/environment/ament_prefix_path.dsv
-- Symlinking: /home/pi/CaveBot-ros/install/nav2_smac_planner/share/nav2_smac_planner/environment/path.sh
-- Symlinking: /home/pi/CaveBot-ros/install/nav2_smac_planner/share/nav2_smac_planner/environment/path.dsv
-- Symlinking: /home/pi/CaveBot-ros/install/nav2_smac_planner/share/nav2_smac_planner/local_setup.bash
-- Symlinking: /home/pi/CaveBot-ros/install/nav2_smac_planner/share/nav2_smac_planner/local_setup.sh
-- Symlinking: /home/pi/CaveBot-ros/install/nav2_smac_planner/share/nav2_smac_planner/local_setup.zsh
-- Symlinking: /home/pi/CaveBot-ros/install/nav2_smac_planner/share/nav2_smac_planner/local_setup.dsv
-- Symlinking: /home/pi/CaveBot-ros/install/nav2_smac_planner/share/nav2_smac_planner/package.dsv
-- Symlinking: /home/pi/CaveBot-ros/install/nav2_smac_planner/share/ament_index/resource_index/packages/nav2_smac_planner
-- Symlinking: /home/pi/CaveBot-ros/install/nav2_smac_planner/share/ament_index/resource_index/nav2_core__pluginlib__plugin/nav2_smac_planner
-- Symlinking: /home/pi/CaveBot-ros/install/nav2_smac_planner/share/nav2_smac_planner/cmake/ament_cmake_export_include_directories-extras.cmake
-- Symlinking: /home/pi/CaveBot-ros/install/nav2_smac_planner/share/nav2_smac_planner/cmake/ament_cmake_export_libraries-extras.cmake
-- Symlinking: /home/pi/CaveBot-ros/install/nav2_smac_planner/share/nav2_smac_planner/cmake/ament_cmake_export_dependencies-extras.cmake
-- Symlinking: /home/pi/CaveBot-ros/install/nav2_smac_planner/share/nav2_smac_planner/cmake/nav2_smac_plannerConfig.cmake
-- Symlinking: /home/pi/CaveBot-ros/install/nav2_smac_planner/share/nav2_smac_planner/cmake/nav2_smac_plannerConfig-version.cmake
-- Symlinking: /home/pi/CaveBot-ros/install/nav2_smac_planner/share/nav2_smac_planner/package.xml
