[0mIn this package, headers install destination is set to `include` by ament_auto_package. It is recommended to install `include/image_publisher` instead and will be the default behavior of ament_auto_package from ROS 2 Kilted Kaiju. On distributions before Kilted, ament_auto_package behaves the same way when you use USE_SCOPED_HEADER_INSTALL_DIR option.[0m
[01m[K/home/pi/CaveBot-ros/src/image_pipeline/image_publisher/src/image_publisher.cpp:[m[K In constructor ‘[01m[Kimage_publisher::ImagePublisher::[01;32m[KImagePublisher[m[K(const rclcpp::NodeOptions&, const std::string&)[m[K’:
[01m[K/home/pi/CaveBot-ros/src/image_pipeline/image_publisher/src/image_publisher.cpp:69:51:[m[K [01;31m[Kerror: [m[Kcannot convert ‘[01m[Kimage_publisher::ImagePublisher[m[K’ to ‘[01m[Krclcpp::Node*[m[K’
   69 |   pub_ = image_transport::create_camera_publisher([01;31m[K*this[m[K, topic_name, rclcpp::SystemDefaultsQoS(),
      |                                                   [01;31m[K^~~~~[m[K
      |                                                   [01;31m[K|[m[K
      |                                                   [01;31m[Kimage_publisher::ImagePublisher[m[K
In file included from [01m[K/home/pi/CaveBot-ros/src/image_pipeline/image_publisher/include/image_publisher/image_publisher.hpp:38[m[K,
                 from [01m[K/home/pi/CaveBot-ros/src/image_pipeline/image_publisher/src/image_publisher.cpp:48[m[K:
[01m[K/opt/ros/jazzy/include/image_transport/image_transport/image_transport.hpp:76:18:[m[K [01;36m[Knote: [m[K  initializing argument 1 of ‘[01m[Kimage_transport::CameraPublisher image_transport::[01;32m[Kcreate_camera_publisher[m[K(rclcpp::Node*, const std::string&, rmw_qos_profile_t, rclcpp::PublisherOptions)[m[K’
   76 |   [01;36m[Krclcpp::Node * node[m[K,
      |   [01;36m[K~~~~~~~~~~~~~~~^~~~[m[K
[01m[K/home/pi/CaveBot-ros/src/image_pipeline/image_publisher/src/image_publisher.cpp:[m[K In member function ‘[01m[Kvoid image_publisher::ImagePublisher::[01;32m[KreconfigureCallback[m[K()[m[K’:
[01m[K/home/pi/CaveBot-ros/src/image_pipeline/image_publisher/src/image_publisher.cpp:147:7:[m[K [01;31m[Kerror: [m[Kno matching function for call to ‘[01m[Kcamera_info_manager::CameraInfoManager::CameraInfoManager(rclcpp::node_interfaces::NodeBaseInterface::SharedPtr, rclcpp::node_interfaces::NodeServicesInterface::SharedPtr, rclcpp::node_interfaces::NodeLoggingInterface::SharedPtr, const char [7], const char [1], rclcpp::SystemDefaultsQoS, const char [1])[m[K’
  147 |     ""[01;31m[K)[m[K;
      |       [01;31m[K^[m[K
In file included from [01m[K/home/pi/CaveBot-ros/src/image_pipeline/image_publisher/src/image_publisher.cpp:47[m[K:
[01m[K/opt/ros/jazzy/include/camera_info_manager/camera_info_manager/camera_info_manager.hpp:198:3:[m[K [01;36m[Knote: [m[Kcandidate: ‘[01m[Kcamera_info_manager::CameraInfoManager::[01;32m[KCameraInfoManager[m[K(rclcpp::node_interfaces::NodeBaseInterface::SharedPtr, rclcpp::node_interfaces::NodeServicesInterface::SharedPtr, rclcpp::node_interfaces::NodeLoggingInterface::SharedPtr, const std::string&, const std::string&, rmw_qos_profile_t)[m[K’
  198 |   [01;36m[KCameraInfoManager[m[K(
      |   [01;36m[K^~~~~~~~~~~~~~~~~[m[K
[01m[K/opt/ros/jazzy/include/camera_info_manager/camera_info_manager/camera_info_manager.hpp:198:3:[m[K [01;36m[Knote: [m[K  candidate expects 6 arguments, 7 provided
[01m[K/opt/ros/jazzy/include/camera_info_manager/camera_info_manager/camera_info_manager.hpp:192:3:[m[K [01;36m[Knote: [m[Kcandidate: ‘[01m[Kcamera_info_manager::CameraInfoManager::[01;32m[KCameraInfoManager[m[K(rclcpp_lifecycle::LifecycleNode*, const std::string&, const std::string&)[m[K’
  192 |   [01;36m[KCameraInfoManager[m[K(
      |   [01;36m[K^~~~~~~~~~~~~~~~~[m[K
[01m[K/opt/ros/jazzy/include/camera_info_manager/camera_info_manager/camera_info_manager.hpp:192:3:[m[K [01;36m[Knote: [m[K  candidate expects 3 arguments, 7 provided
[01m[K/opt/ros/jazzy/include/camera_info_manager/camera_info_manager/camera_info_manager.hpp:186:3:[m[K [01;36m[Knote: [m[Kcandidate: ‘[01m[Kcamera_info_manager::CameraInfoManager::[01;32m[KCameraInfoManager[m[K(rclcpp::Node*, const std::string&, const std::string&)[m[K’
  186 |   [01;36m[KCameraInfoManager[m[K(
      |   [01;36m[K^~~~~~~~~~~~~~~~~[m[K
[01m[K/opt/ros/jazzy/include/camera_info_manager/camera_info_manager/camera_info_manager.hpp:186:3:[m[K [01;36m[Knote: [m[K  candidate expects 3 arguments, 7 provided
gmake[2]: *** [CMakeFiles/image_publisher.dir/build.make:76: CMakeFiles/image_publisher.dir/src/image_publisher.cpp.o] Error 1
gmake[1]: *** [CMakeFiles/Makefile2:139: CMakeFiles/image_publisher.dir/all] Error 2
gmake: *** [Makefile:146: all] Error 2
