[0.081s] Invoking command in '/home/pi/CaveBot-ros/build/opennav_docking_bt': AMENT_PREFIX_PATH=/home/pi/CaveBot-ros/install/nav2_core:/home/pi/CaveBot-ros/install/nav2_costmap_2d:/home/pi/CaveBot-ros/install/nav2_map_server:/home/pi/CaveBot-ros/install/nav2_lifecycle_manager:/home/pi/CaveBot-ros/install/nav2_behavior_tree:/home/pi/CaveBot-ros/install/nav2_util:/home/pi/CaveBot-ros/install/nav2_voxel_grid:/home/pi/CaveBot-ros/install/nav2_msgs:/home/pi/CaveBot-ros/install/nav2_common:${AMENT_PREFIX_PATH} CMAKE_PREFIX_PATH=/home/pi/CaveBot-ros/install/nav2_core:/home/pi/CaveBot-ros/install/nav2_costmap_2d:/home/pi/CaveBot-ros/install/nav2_map_server:/home/pi/CaveBot-ros/install/nav2_lifecycle_manager:/home/pi/CaveBot-ros/install/nav2_behavior_tree:/home/pi/CaveBot-ros/install/nav2_util:/home/pi/CaveBot-ros/install/nav2_voxel_grid:/home/pi/CaveBot-ros/install/nav2_msgs:/home/pi/CaveBot-ros/install/nav2_common:/opt/ros/jazzy/opt/gz_math_vendor:/opt/ros/jazzy/opt/gz_utils_vendor:/opt/ros/jazzy/opt/gz_cmake_vendor:/opt/ros/jazzy DEBUGINFOD_URLS=https://debuginfod.ubuntu.com LD_LIBRARY_PATH=/home/pi/CaveBot-ros/install/nav2_costmap_2d/lib:/home/pi/CaveBot-ros/install/nav2_map_server/lib:/home/pi/CaveBot-ros/install/nav2_lifecycle_manager/lib:/home/pi/CaveBot-ros/install/nav2_behavior_tree/lib:/home/pi/CaveBot-ros/install/nav2_util/lib:/home/pi/CaveBot-ros/install/nav2_voxel_grid/lib:/home/pi/CaveBot-ros/install/nav2_msgs/lib:${LD_LIBRARY_PATH} PYTHONPATH=/home/pi/CaveBot-ros/install/nav2_msgs/lib/python3.12/site-packages:/home/pi/CaveBot-ros/install/nav2_common/lib/python3.12/site-packages:${PYTHONPATH} /usr/bin/cmake /home/pi/CaveBot-ros/src/navigation2/nav2_docking/opennav_docking_bt -DAMENT_CMAKE_SYMLINK_INSTALL=1 -DCMAKE_INSTALL_PREFIX=/home/pi/CaveBot-ros/install/opennav_docking_bt
[0.297s] -- The C compiler identification is GNU 13.3.0
[0.506s] -- The CXX compiler identification is GNU 13.3.0
[0.570s] -- Detecting C compiler ABI info
[0.852s] -- Detecting C compiler ABI info - done
[0.882s] -- Check for working C compiler: /usr/bin/cc - skipped
[0.886s] -- Detecting C compile features
[0.887s] -- Detecting C compile features - done
[0.921s] -- Detecting CXX compiler ABI info
[1.212s] -- Detecting CXX compiler ABI info - done
[1.230s] -- Check for working CXX compiler: /usr/bin/c++ - skipped
[1.231s] -- Detecting CXX compile features
[1.233s] -- Detecting CXX compile features - done
[1.241s] -- Found ament_cmake: 2.5.4 (/opt/ros/jazzy/share/ament_cmake/cmake)
[1.638s] -- Found Python3: /usr/bin/python3 (found version "3.12.3") found components: Interpreter 
[1.861s] -- Override CMake install command with custom implementation using symlinks instead of copying resources
[1.965s] -- Found rclcpp: 28.1.12 (/opt/ros/jazzy/share/rclcpp/cmake)
[2.086s] -- Found rosidl_generator_c: 4.6.6 (/opt/ros/jazzy/share/rosidl_generator_c/cmake)
[2.123s] -- Found rosidl_generator_cpp: 4.6.6 (/opt/ros/jazzy/share/rosidl_generator_cpp/cmake)
[2.160s] -- Using all available rosidl_typesupport_c: rosidl_typesupport_fastrtps_c;rosidl_typesupport_introspection_c
[2.204s] -- Using all available rosidl_typesupport_cpp: rosidl_typesupport_fastrtps_cpp;rosidl_typesupport_introspection_cpp
[2.421s] -- Found rmw_implementation_cmake: 7.3.2 (/opt/ros/jazzy/share/rmw_implementation_cmake/cmake)
[2.426s] -- Found rmw_fastrtps_cpp: 8.4.3 (/opt/ros/jazzy/share/rmw_fastrtps_cpp/cmake)
[2.654s] -- Found OpenSSL: /usr/lib/aarch64-linux-gnu/libcrypto.so (found version "3.0.13")  
[2.695s] -- Found FastRTPS: /opt/ros/jazzy/include (Required is at least version "2.13") 
[2.762s] -- Using RMW implementation 'rmw_fastrtps_cpp' as default
[2.963s] -- Found rclcpp_action: 28.1.12 (/opt/ros/jazzy/share/rclcpp_action/cmake)
[3.081s] -- Found std_msgs: 5.3.6 (/opt/ros/jazzy/share/std_msgs/cmake)
[3.126s] -- Found nav2_util: 1.3.10 (/home/pi/CaveBot-ros/install/nav2_util/share/nav2_util/cmake)
[3.694s] -- Found eigen3_cmake_module: 0.3.0 (/opt/ros/jazzy/share/eigen3_cmake_module/cmake)
[3.698s] -- Found Eigen3: TRUE (found version "3.4.0") 
[3.699s] -- Ensuring Eigen3 include directory is part of orocos-kdl CMake target
[3.899s] -- Found nav2_core: 1.3.10 (/home/pi/CaveBot-ros/install/nav2_core/share/nav2_core/cmake)
[4.625s] -- Found ament_lint_auto: 0.17.3 (/opt/ros/jazzy/share/ament_lint_auto/cmake)
[4.638s] -- Found ament_cmake_gtest: 2.5.4 (/opt/ros/jazzy/share/ament_cmake_gtest/cmake)
[4.971s] -- Found gtest sources under '/opt/ros/jazzy/src/gtest_vendor': C++ tests using 'Google Test' will be built
[4.980s] -- Performing Test CMAKE_HAVE_LIBC_PTHREAD
[5.278s] -- Performing Test CMAKE_HAVE_LIBC_PTHREAD - Success
[5.287s] -- Found Threads: TRUE  
[5.636s] -- Added test 'copyright' to check source files copyright and LICENSE
[5.642s] -- Added test 'cppcheck' to perform static code analysis on C / C++ code
[5.646s] -- Configured cppcheck include dirs: /home/pi/CaveBot-ros/src/navigation2/nav2_docking/opennav_docking_bt/include
[5.646s] -- Configured cppcheck exclude dirs and/or files: 
[5.653s] -- Added test 'cpplint' to check C / C++ code against the Google style
[5.654s] -- Configured cpplint exclude dirs and/or files: 
[5.659s] -- Added test 'lint_cmake' to check CMake code style
[5.663s] -- Added test 'uncrustify' to check C / C++ code style
[5.664s] -- Configured uncrustify additional arguments: 
[5.669s] -- Added test 'xmllint' to check XML markup files
[5.687s] -- Configuring done (5.6s)
[6.250s] -- Generating done (0.5s)
[6.309s] -- Build files have been written to: /home/pi/CaveBot-ros/build/opennav_docking_bt
[6.365s] Invoked command in '/home/pi/CaveBot-ros/build/opennav_docking_bt' returned '0': AMENT_PREFIX_PATH=/home/pi/CaveBot-ros/install/nav2_core:/home/pi/CaveBot-ros/install/nav2_costmap_2d:/home/pi/CaveBot-ros/install/nav2_map_server:/home/pi/CaveBot-ros/install/nav2_lifecycle_manager:/home/pi/CaveBot-ros/install/nav2_behavior_tree:/home/pi/CaveBot-ros/install/nav2_util:/home/pi/CaveBot-ros/install/nav2_voxel_grid:/home/pi/CaveBot-ros/install/nav2_msgs:/home/pi/CaveBot-ros/install/nav2_common:${AMENT_PREFIX_PATH} CMAKE_PREFIX_PATH=/home/pi/CaveBot-ros/install/nav2_core:/home/pi/CaveBot-ros/install/nav2_costmap_2d:/home/pi/CaveBot-ros/install/nav2_map_server:/home/pi/CaveBot-ros/install/nav2_lifecycle_manager:/home/pi/CaveBot-ros/install/nav2_behavior_tree:/home/pi/CaveBot-ros/install/nav2_util:/home/pi/CaveBot-ros/install/nav2_voxel_grid:/home/pi/CaveBot-ros/install/nav2_msgs:/home/pi/CaveBot-ros/install/nav2_common:/opt/ros/jazzy/opt/gz_math_vendor:/opt/ros/jazzy/opt/gz_utils_vendor:/opt/ros/jazzy/opt/gz_cmake_vendor:/opt/ros/jazzy DEBUGINFOD_URLS=https://debuginfod.ubuntu.com LD_LIBRARY_PATH=/home/pi/CaveBot-ros/install/nav2_costmap_2d/lib:/home/pi/CaveBot-ros/install/nav2_map_server/lib:/home/pi/CaveBot-ros/install/nav2_lifecycle_manager/lib:/home/pi/CaveBot-ros/install/nav2_behavior_tree/lib:/home/pi/CaveBot-ros/install/nav2_util/lib:/home/pi/CaveBot-ros/install/nav2_voxel_grid/lib:/home/pi/CaveBot-ros/install/nav2_msgs/lib:${LD_LIBRARY_PATH} PYTHONPATH=/home/pi/CaveBot-ros/install/nav2_msgs/lib/python3.12/site-packages:/home/pi/CaveBot-ros/install/nav2_common/lib/python3.12/site-packages:${PYTHONPATH} /usr/bin/cmake /home/pi/CaveBot-ros/src/navigation2/nav2_docking/opennav_docking_bt -DAMENT_CMAKE_SYMLINK_INSTALL=1 -DCMAKE_INSTALL_PREFIX=/home/pi/CaveBot-ros/install/opennav_docking_bt
[6.367s] Invoking command in '/home/pi/CaveBot-ros/build/opennav_docking_bt': AMENT_PREFIX_PATH=/home/pi/CaveBot-ros/install/nav2_core:/home/pi/CaveBot-ros/install/nav2_costmap_2d:/home/pi/CaveBot-ros/install/nav2_map_server:/home/pi/CaveBot-ros/install/nav2_lifecycle_manager:/home/pi/CaveBot-ros/install/nav2_behavior_tree:/home/pi/CaveBot-ros/install/nav2_util:/home/pi/CaveBot-ros/install/nav2_voxel_grid:/home/pi/CaveBot-ros/install/nav2_msgs:/home/pi/CaveBot-ros/install/nav2_common:${AMENT_PREFIX_PATH} CMAKE_PREFIX_PATH=/home/pi/CaveBot-ros/install/nav2_core:/home/pi/CaveBot-ros/install/nav2_costmap_2d:/home/pi/CaveBot-ros/install/nav2_map_server:/home/pi/CaveBot-ros/install/nav2_lifecycle_manager:/home/pi/CaveBot-ros/install/nav2_behavior_tree:/home/pi/CaveBot-ros/install/nav2_util:/home/pi/CaveBot-ros/install/nav2_voxel_grid:/home/pi/CaveBot-ros/install/nav2_msgs:/home/pi/CaveBot-ros/install/nav2_common:/opt/ros/jazzy/opt/gz_math_vendor:/opt/ros/jazzy/opt/gz_utils_vendor:/opt/ros/jazzy/opt/gz_cmake_vendor:/opt/ros/jazzy DEBUGINFOD_URLS=https://debuginfod.ubuntu.com LD_LIBRARY_PATH=/home/pi/CaveBot-ros/install/nav2_costmap_2d/lib:/home/pi/CaveBot-ros/install/nav2_map_server/lib:/home/pi/CaveBot-ros/install/nav2_lifecycle_manager/lib:/home/pi/CaveBot-ros/install/nav2_behavior_tree/lib:/home/pi/CaveBot-ros/install/nav2_util/lib:/home/pi/CaveBot-ros/install/nav2_voxel_grid/lib:/home/pi/CaveBot-ros/install/nav2_msgs/lib:${LD_LIBRARY_PATH} PYTHONPATH=/home/pi/CaveBot-ros/install/nav2_msgs/lib/python3.12/site-packages:/home/pi/CaveBot-ros/install/nav2_common/lib/python3.12/site-packages:${PYTHONPATH} /usr/bin/cmake --build /home/pi/CaveBot-ros/build/opennav_docking_bt -- -j4 -l4
[6.530s] [  8%] Building CXX object CMakeFiles/opennav_dock_action_bt_node.dir/src/dock_robot.cpp.o
[26.193s] [ 16%] Linking CXX shared library libopennav_dock_action_bt_node.so
[28.296s] [ 16%] Built target opennav_dock_action_bt_node
[28.361s] [ 25%] Building CXX object gtest/CMakeFiles/gtest.dir/src/gtest-all.cc.o
[40.485s] [ 33%] Linking CXX static library libgtest.a
[40.760s] [ 33%] Built target gtest
[40.824s] [ 41%] Building CXX object gtest/CMakeFiles/gtest_main.dir/src/gtest_main.cc.o
[43.093s] [ 50%] Linking CXX static library libgtest_main.a
[43.201s] [ 50%] Built target gtest_main
[43.295s] [ 58%] Building CXX object CMakeFiles/opennav_undock_action_bt_node.dir/src/undock_robot.cpp.o
[63.493s] [ 66%] Linking CXX shared library libopennav_undock_action_bt_node.so
[65.590s] [ 66%] Built target opennav_undock_action_bt_node
[65.670s] [ 75%] Building CXX object test/CMakeFiles/test_dock_robot.dir/test_dock_robot.cpp.o
[86.789s] [ 83%] Linking CXX executable test_dock_robot
[90.938s] [ 83%] Built target test_dock_robot
[91.034s] [ 91%] Building CXX object test/CMakeFiles/test_undock_robot.dir/test_undock_robot.cpp.o
[110.707s] [100%] Linking CXX executable test_undock_robot
[114.017s] [100%] Built target test_undock_robot
[114.055s] Invoked command in '/home/pi/CaveBot-ros/build/opennav_docking_bt' returned '0': AMENT_PREFIX_PATH=/home/pi/CaveBot-ros/install/nav2_core:/home/pi/CaveBot-ros/install/nav2_costmap_2d:/home/pi/CaveBot-ros/install/nav2_map_server:/home/pi/CaveBot-ros/install/nav2_lifecycle_manager:/home/pi/CaveBot-ros/install/nav2_behavior_tree:/home/pi/CaveBot-ros/install/nav2_util:/home/pi/CaveBot-ros/install/nav2_voxel_grid:/home/pi/CaveBot-ros/install/nav2_msgs:/home/pi/CaveBot-ros/install/nav2_common:${AMENT_PREFIX_PATH} CMAKE_PREFIX_PATH=/home/pi/CaveBot-ros/install/nav2_core:/home/pi/CaveBot-ros/install/nav2_costmap_2d:/home/pi/CaveBot-ros/install/nav2_map_server:/home/pi/CaveBot-ros/install/nav2_lifecycle_manager:/home/pi/CaveBot-ros/install/nav2_behavior_tree:/home/pi/CaveBot-ros/install/nav2_util:/home/pi/CaveBot-ros/install/nav2_voxel_grid:/home/pi/CaveBot-ros/install/nav2_msgs:/home/pi/CaveBot-ros/install/nav2_common:/opt/ros/jazzy/opt/gz_math_vendor:/opt/ros/jazzy/opt/gz_utils_vendor:/opt/ros/jazzy/opt/gz_cmake_vendor:/opt/ros/jazzy DEBUGINFOD_URLS=https://debuginfod.ubuntu.com LD_LIBRARY_PATH=/home/pi/CaveBot-ros/install/nav2_costmap_2d/lib:/home/pi/CaveBot-ros/install/nav2_map_server/lib:/home/pi/CaveBot-ros/install/nav2_lifecycle_manager/lib:/home/pi/CaveBot-ros/install/nav2_behavior_tree/lib:/home/pi/CaveBot-ros/install/nav2_util/lib:/home/pi/CaveBot-ros/install/nav2_voxel_grid/lib:/home/pi/CaveBot-ros/install/nav2_msgs/lib:${LD_LIBRARY_PATH} PYTHONPATH=/home/pi/CaveBot-ros/install/nav2_msgs/lib/python3.12/site-packages:/home/pi/CaveBot-ros/install/nav2_common/lib/python3.12/site-packages:${PYTHONPATH} /usr/bin/cmake --build /home/pi/CaveBot-ros/build/opennav_docking_bt -- -j4 -l4
[114.058s] Invoking command in '/home/pi/CaveBot-ros/build/opennav_docking_bt': AMENT_PREFIX_PATH=/home/pi/CaveBot-ros/install/nav2_core:/home/pi/CaveBot-ros/install/nav2_costmap_2d:/home/pi/CaveBot-ros/install/nav2_map_server:/home/pi/CaveBot-ros/install/nav2_lifecycle_manager:/home/pi/CaveBot-ros/install/nav2_behavior_tree:/home/pi/CaveBot-ros/install/nav2_util:/home/pi/CaveBot-ros/install/nav2_voxel_grid:/home/pi/CaveBot-ros/install/nav2_msgs:/home/pi/CaveBot-ros/install/nav2_common:${AMENT_PREFIX_PATH} CMAKE_PREFIX_PATH=/home/pi/CaveBot-ros/install/nav2_core:/home/pi/CaveBot-ros/install/nav2_costmap_2d:/home/pi/CaveBot-ros/install/nav2_map_server:/home/pi/CaveBot-ros/install/nav2_lifecycle_manager:/home/pi/CaveBot-ros/install/nav2_behavior_tree:/home/pi/CaveBot-ros/install/nav2_util:/home/pi/CaveBot-ros/install/nav2_voxel_grid:/home/pi/CaveBot-ros/install/nav2_msgs:/home/pi/CaveBot-ros/install/nav2_common:/opt/ros/jazzy/opt/gz_math_vendor:/opt/ros/jazzy/opt/gz_utils_vendor:/opt/ros/jazzy/opt/gz_cmake_vendor:/opt/ros/jazzy DEBUGINFOD_URLS=https://debuginfod.ubuntu.com LD_LIBRARY_PATH=/home/pi/CaveBot-ros/install/nav2_costmap_2d/lib:/home/pi/CaveBot-ros/install/nav2_map_server/lib:/home/pi/CaveBot-ros/install/nav2_lifecycle_manager/lib:/home/pi/CaveBot-ros/install/nav2_behavior_tree/lib:/home/pi/CaveBot-ros/install/nav2_util/lib:/home/pi/CaveBot-ros/install/nav2_voxel_grid/lib:/home/pi/CaveBot-ros/install/nav2_msgs/lib:${LD_LIBRARY_PATH} PYTHONPATH=/home/pi/CaveBot-ros/install/nav2_msgs/lib/python3.12/site-packages:/home/pi/CaveBot-ros/install/nav2_common/lib/python3.12/site-packages:${PYTHONPATH} /usr/bin/cmake --install /home/pi/CaveBot-ros/build/opennav_docking_bt
[114.083s] -- Install configuration: ""
[114.083s] -- Execute custom install script
[114.087s] -- Symlinking: /home/pi/CaveBot-ros/install/opennav_docking_bt/lib/libopennav_dock_action_bt_node.so
[114.113s] -- Symlinking: /home/pi/CaveBot-ros/install/opennav_docking_bt/lib/libopennav_undock_action_bt_node.so
[114.144s] -- Symlinking: /home/pi/CaveBot-ros/install/opennav_docking_bt/include//opennav_docking_bt/dock_robot.hpp
[114.180s] -- Symlinking: /home/pi/CaveBot-ros/install/opennav_docking_bt/include//opennav_docking_bt/undock_robot.hpp
[114.216s] -- Symlinking: /home/pi/CaveBot-ros/install/opennav_docking_bt/share/opennav_docking_bt/behavior_trees/application_example.xml
[114.247s] -- Symlinking: /home/pi/CaveBot-ros/install/opennav_docking_bt/share/opennav_docking_bt/environment/library_path.sh
[114.273s] -- Symlinking: /home/pi/CaveBot-ros/install/opennav_docking_bt/share/opennav_docking_bt/environment/library_path.dsv
[114.301s] -- Symlinking: /home/pi/CaveBot-ros/install/opennav_docking_bt/share/ament_index/resource_index/package_run_dependencies/opennav_docking_bt
[114.328s] -- Symlinking: /home/pi/CaveBot-ros/install/opennav_docking_bt/share/ament_index/resource_index/parent_prefix_path/opennav_docking_bt
[114.363s] -- Symlinking: /home/pi/CaveBot-ros/install/opennav_docking_bt/share/opennav_docking_bt/environment/ament_prefix_path.sh
[114.396s] -- Symlinking: /home/pi/CaveBot-ros/install/opennav_docking_bt/share/opennav_docking_bt/environment/ament_prefix_path.dsv
[114.432s] -- Symlinking: /home/pi/CaveBot-ros/install/opennav_docking_bt/share/opennav_docking_bt/environment/path.sh
[114.466s] -- Symlinking: /home/pi/CaveBot-ros/install/opennav_docking_bt/share/opennav_docking_bt/environment/path.dsv
[114.500s] -- Symlinking: /home/pi/CaveBot-ros/install/opennav_docking_bt/share/opennav_docking_bt/local_setup.bash
[114.532s] -- Symlinking: /home/pi/CaveBot-ros/install/opennav_docking_bt/share/opennav_docking_bt/local_setup.sh
[114.561s] -- Symlinking: /home/pi/CaveBot-ros/install/opennav_docking_bt/share/opennav_docking_bt/local_setup.zsh
[114.586s] -- Symlinking: /home/pi/CaveBot-ros/install/opennav_docking_bt/share/opennav_docking_bt/local_setup.dsv
[114.616s] -- Symlinking: /home/pi/CaveBot-ros/install/opennav_docking_bt/share/opennav_docking_bt/package.dsv
[114.643s] -- Symlinking: /home/pi/CaveBot-ros/install/opennav_docking_bt/share/ament_index/resource_index/packages/opennav_docking_bt
[114.677s] -- Symlinking: /home/pi/CaveBot-ros/install/opennav_docking_bt/share/opennav_docking_bt/cmake/ament_cmake_export_include_directories-extras.cmake
[114.711s] -- Symlinking: /home/pi/CaveBot-ros/install/opennav_docking_bt/share/opennav_docking_bt/cmake/ament_cmake_export_libraries-extras.cmake
[114.743s] -- Symlinking: /home/pi/CaveBot-ros/install/opennav_docking_bt/share/opennav_docking_bt/cmake/ament_cmake_export_dependencies-extras.cmake
[114.770s] -- Symlinking: /home/pi/CaveBot-ros/install/opennav_docking_bt/share/opennav_docking_bt/cmake/opennav_docking_btConfig.cmake
[114.798s] -- Symlinking: /home/pi/CaveBot-ros/install/opennav_docking_bt/share/opennav_docking_bt/cmake/opennav_docking_btConfig-version.cmake
[114.827s] -- Symlinking: /home/pi/CaveBot-ros/install/opennav_docking_bt/share/opennav_docking_bt/package.xml
[114.861s] Invoked command in '/home/pi/CaveBot-ros/build/opennav_docking_bt' returned '0': AMENT_PREFIX_PATH=/home/pi/CaveBot-ros/install/nav2_core:/home/pi/CaveBot-ros/install/nav2_costmap_2d:/home/pi/CaveBot-ros/install/nav2_map_server:/home/pi/CaveBot-ros/install/nav2_lifecycle_manager:/home/pi/CaveBot-ros/install/nav2_behavior_tree:/home/pi/CaveBot-ros/install/nav2_util:/home/pi/CaveBot-ros/install/nav2_voxel_grid:/home/pi/CaveBot-ros/install/nav2_msgs:/home/pi/CaveBot-ros/install/nav2_common:${AMENT_PREFIX_PATH} CMAKE_PREFIX_PATH=/home/pi/CaveBot-ros/install/nav2_core:/home/pi/CaveBot-ros/install/nav2_costmap_2d:/home/pi/CaveBot-ros/install/nav2_map_server:/home/pi/CaveBot-ros/install/nav2_lifecycle_manager:/home/pi/CaveBot-ros/install/nav2_behavior_tree:/home/pi/CaveBot-ros/install/nav2_util:/home/pi/CaveBot-ros/install/nav2_voxel_grid:/home/pi/CaveBot-ros/install/nav2_msgs:/home/pi/CaveBot-ros/install/nav2_common:/opt/ros/jazzy/opt/gz_math_vendor:/opt/ros/jazzy/opt/gz_utils_vendor:/opt/ros/jazzy/opt/gz_cmake_vendor:/opt/ros/jazzy DEBUGINFOD_URLS=https://debuginfod.ubuntu.com LD_LIBRARY_PATH=/home/pi/CaveBot-ros/install/nav2_costmap_2d/lib:/home/pi/CaveBot-ros/install/nav2_map_server/lib:/home/pi/CaveBot-ros/install/nav2_lifecycle_manager/lib:/home/pi/CaveBot-ros/install/nav2_behavior_tree/lib:/home/pi/CaveBot-ros/install/nav2_util/lib:/home/pi/CaveBot-ros/install/nav2_voxel_grid/lib:/home/pi/CaveBot-ros/install/nav2_msgs/lib:${LD_LIBRARY_PATH} PYTHONPATH=/home/pi/CaveBot-ros/install/nav2_msgs/lib/python3.12/site-packages:/home/pi/CaveBot-ros/install/nav2_common/lib/python3.12/site-packages:${PYTHONPATH} /usr/bin/cmake --install /home/pi/CaveBot-ros/build/opennav_docking_bt
