running egg_info
creating ../../build/cave_depth/cave_depth.egg-info
writing ../../build/cave_depth/cave_depth.egg-info/PKG-INFO
writing dependency_links to ../../build/cave_depth/cave_depth.egg-info/dependency_links.txt
writing entry points to ../../build/cave_depth/cave_depth.egg-info/entry_points.txt
writing requirements to ../../build/cave_depth/cave_depth.egg-info/requires.txt
writing top-level names to ../../build/cave_depth/cave_depth.egg-info/top_level.txt
writing manifest file '../../build/cave_depth/cave_depth.egg-info/SOURCES.txt'
reading manifest file '../../build/cave_depth/cave_depth.egg-info/SOURCES.txt'
writing manifest file '../../build/cave_depth/cave_depth.egg-info/SOURCES.txt'
running build
running build_py
creating /home/pi/CaveBot-ros/build/cave_depth/build
creating /home/pi/CaveBot-ros/build/cave_depth/build/lib
creating /home/pi/CaveBot-ros/build/cave_depth/build/lib/cave_depth
copying cave_depth/hitnet_depth_node.py -> /home/pi/CaveBot-ros/build/cave_depth/build/lib/cave_depth
copying cave_depth/__init__.py -> /home/pi/CaveBot-ros/build/cave_depth/build/lib/cave_depth
running install
Requirement already satisfied: opencv-python in /home/pi/.local/lib/python3.12/site-packages (from -r /home/pi/CaveBot-ros/src/cave_depth/ONNX-HITNET-Stereo-Depth-estimation/requirements.txt (line 1)) (4.12.0.88)
Requirement already satisfied: imread-from-url in /home/pi/.local/lib/python3.12/site-packages (from -r /home/pi/CaveBot-ros/src/cave_depth/ONNX-HITNET-Stereo-Depth-estimation/requirements.txt (line 2)) (0.1.3)
Requirement already satisfied: onnx in /home/pi/.local/lib/python3.12/site-packages (from -r /home/pi/CaveBot-ros/src/cave_depth/ONNX-HITNET-Stereo-Depth-estimation/requirements.txt (line 3)) (1.19.1)
Requirement already satisfied: onnxruntime in /home/pi/.local/lib/python3.12/site-packages (from -r /home/pi/CaveBot-ros/src/cave_depth/ONNX-HITNET-Stereo-Depth-estimation/requirements.txt (line 4)) (1.23.2)
Collecting numpy<2.3.0,>=2 (from opencv-python->-r /home/pi/CaveBot-ros/src/cave_depth/ONNX-HITNET-Stereo-Depth-estimation/requirements.txt (line 1))
  Using cached numpy-2.2.6-cp312-cp312-manylinux_2_17_aarch64.manylinux2014_aarch64.whl.metadata (63 kB)
Requirement already satisfied: Pillow>=6.1.0 in /usr/lib/python3/dist-packages (from imread-from-url->-r /home/pi/CaveBot-ros/src/cave_depth/ONNX-HITNET-Stereo-Depth-estimation/requirements.txt (line 2)) (10.2.0)
Requirement already satisfied: fake-useragent>=0.1.11 in /home/pi/.local/lib/python3.12/site-packages (from imread-from-url->-r /home/pi/CaveBot-ros/src/cave_depth/ONNX-HITNET-Stereo-Depth-estimation/requirements.txt (line 2)) (2.2.0)
Requirement already satisfied: requests>=2.22.0 in /usr/lib/python3/dist-packages (from imread-from-url->-r /home/pi/CaveBot-ros/src/cave_depth/ONNX-HITNET-Stereo-Depth-estimation/requirements.txt (line 2)) (2.31.0)
Requirement already satisfied: protobuf>=4.25.1 in /home/pi/.local/lib/python3.12/site-packages (from onnx->-r /home/pi/CaveBot-ros/src/cave_depth/ONNX-HITNET-Stereo-Depth-estimation/requirements.txt (line 3)) (6.33.1)
Requirement already satisfied: typing_extensions>=4.7.1 in /usr/lib/python3/dist-packages (from onnx->-r /home/pi/CaveBot-ros/src/cave_depth/ONNX-HITNET-Stereo-Depth-estimation/requirements.txt (line 3)) (4.10.0)
Requirement already satisfied: ml_dtypes>=0.5.0 in /home/pi/.local/lib/python3.12/site-packages (from onnx->-r /home/pi/CaveBot-ros/src/cave_depth/ONNX-HITNET-Stereo-Depth-estimation/requirements.txt (line 3)) (0.5.4)
Requirement already satisfied: coloredlogs in /home/pi/.local/lib/python3.12/site-packages (from onnxruntime->-r /home/pi/CaveBot-ros/src/cave_depth/ONNX-HITNET-Stereo-Depth-estimation/requirements.txt (line 4)) (15.0.1)
Requirement already satisfied: flatbuffers in /home/pi/.local/lib/python3.12/site-packages (from onnxruntime->-r /home/pi/CaveBot-ros/src/cave_depth/ONNX-HITNET-Stereo-Depth-estimation/requirements.txt (line 4)) (25.9.23)
Requirement already satisfied: packaging in /usr/lib/python3/dist-packages (from onnxruntime->-r /home/pi/CaveBot-ros/src/cave_depth/ONNX-HITNET-Stereo-Depth-estimation/requirements.txt (line 4)) (24.0)
Requirement already satisfied: sympy in /usr/lib/python3/dist-packages (from onnxruntime->-r /home/pi/CaveBot-ros/src/cave_depth/ONNX-HITNET-Stereo-Depth-estimation/requirements.txt (line 4)) (1.12)
Requirement already satisfied: humanfriendly>=9.1 in /home/pi/.local/lib/python3.12/site-packages (from coloredlogs->onnxruntime->-r /home/pi/CaveBot-ros/src/cave_depth/ONNX-HITNET-Stereo-Depth-estimation/requirements.txt (line 4)) (10.0)
Using cached numpy-2.2.6-cp312-cp312-manylinux_2_17_aarch64.manylinux2014_aarch64.whl (14.0 MB)
Installing collected packages: numpy
  Attempting uninstall: numpy
    Found existing installation: numpy 1.26.4
    Not uninstalling numpy at /home/pi/.local/lib/python3.12/site-packages, outside environment /home/pi/CaveBot-ros/install/cave_depth
    Can't uninstall 'numpy'. No files were found to uninstall.
Successfully installed numpy-2.2.6
Obtaining file:///home/pi/CaveBot-ros/src/cave_depth/ONNX-HITNET-Stereo-Depth-estimation
